mode: set
hyperion-coordinator/embed/ui.go:20.49,24.16 2 0
hyperion-coordinator/embed/ui.go:24.16,26.3 1 0
hyperion-coordinator/embed/ui.go:27.2,27.31 1 0
hyperion-coordinator/embed/ui.go:31.19,35.2 2 0
hyperion-coordinator/internal/middleware/auth.go:16.46,24.17 5 0
hyperion-coordinator/internal/middleware/auth.go:24.17,27.31 2 0
hyperion-coordinator/internal/middleware/auth.go:27.31,31.4 3 0
hyperion-coordinator/internal/middleware/auth.go:34.2,38.21 3 0
hyperion-coordinator/internal/middleware/auth.go:38.21,41.3 2 0
hyperion-coordinator/internal/middleware/auth.go:44.2,44.30 1 0
hyperion-coordinator/internal/middleware/auth.go:44.30,46.23 2 0
hyperion-coordinator/internal/middleware/auth.go:46.23,52.4 3 0
hyperion-coordinator/internal/middleware/auth.go:55.3,56.46 2 0
hyperion-coordinator/internal/middleware/auth.go:56.46,62.4 3 0
hyperion-coordinator/internal/middleware/auth.go:64.3,67.84 2 0
hyperion-coordinator/internal/middleware/auth.go:67.84,69.59 1 0
hyperion-coordinator/internal/middleware/auth.go:69.59,71.5 1 0
hyperion-coordinator/internal/middleware/auth.go:72.4,72.33 1 0
hyperion-coordinator/internal/middleware/auth.go:75.3,75.17 1 0
hyperion-coordinator/internal/middleware/auth.go:75.17,82.4 4 0
hyperion-coordinator/internal/middleware/auth.go:84.3,84.19 1 0
hyperion-coordinator/internal/middleware/auth.go:84.19,90.4 3 0
hyperion-coordinator/internal/middleware/auth.go:93.3,94.10 2 0
hyperion-coordinator/internal/middleware/auth.go:94.10,100.4 3 0
hyperion-coordinator/internal/middleware/auth.go:104.3,107.46 2 0
hyperion-coordinator/internal/middleware/auth.go:107.46,109.4 1 0
hyperion-coordinator/internal/middleware/auth.go:109.9,109.54 1 0
hyperion-coordinator/internal/middleware/auth.go:109.54,111.4 1 0
hyperion-coordinator/internal/middleware/auth.go:111.9,111.50 1 0
hyperion-coordinator/internal/middleware/auth.go:111.50,113.4 1 0
hyperion-coordinator/internal/middleware/auth.go:113.9,113.77 1 0
hyperion-coordinator/internal/middleware/auth.go:113.77,114.45 1 0
hyperion-coordinator/internal/middleware/auth.go:114.45,116.5 1 0
hyperion-coordinator/internal/middleware/auth.go:120.3,120.49 1 0
hyperion-coordinator/internal/middleware/auth.go:120.49,122.4 1 0
hyperion-coordinator/internal/middleware/auth.go:122.9,122.57 1 0
hyperion-coordinator/internal/middleware/auth.go:122.57,124.4 1 0
hyperion-coordinator/internal/middleware/auth.go:124.9,124.77 1 0
hyperion-coordinator/internal/middleware/auth.go:124.77,125.52 1 0
hyperion-coordinator/internal/middleware/auth.go:125.52,127.5 1 0
hyperion-coordinator/internal/middleware/auth.go:131.3,131.19 1 0
hyperion-coordinator/internal/middleware/auth.go:131.19,137.4 3 0
hyperion-coordinator/internal/middleware/auth.go:139.3,139.22 1 0
hyperion-coordinator/internal/middleware/auth.go:139.22,144.4 2 0
hyperion-coordinator/internal/middleware/auth.go:147.3,157.11 5 0
hyperion-coordinator/cmd/coordinator/main.go:31.132,34.16 2 0
hyperion-coordinator/cmd/coordinator/main.go:34.16,39.3 2 0
hyperion-coordinator/cmd/coordinator/main.go:42.2,43.30 2 0
hyperion-coordinator/cmd/coordinator/main.go:43.30,46.3 1 0
hyperion-coordinator/cmd/coordinator/main.go:49.2,56.28 3 0
hyperion-coordinator/cmd/coordinator/main.go:56.28,58.3 1 0
hyperion-coordinator/cmd/coordinator/main.go:58.8,79.43 17 0
hyperion-coordinator/cmd/coordinator/main.go:79.43,81.4 1 0
hyperion-coordinator/cmd/coordinator/main.go:85.2,86.85 2 0
hyperion-coordinator/cmd/coordinator/main.go:86.85,88.3 1 0
hyperion-coordinator/cmd/coordinator/main.go:90.2,99.12 6 0
hyperion-coordinator/cmd/coordinator/main.go:102.13,110.16 4 0
hyperion-coordinator/cmd/coordinator/main.go:110.16,115.52 3 0
hyperion-coordinator/cmd/coordinator/main.go:115.52,117.4 1 0
hyperion-coordinator/cmd/coordinator/main.go:117.9,120.58 2 0
hyperion-coordinator/cmd/coordinator/main.go:120.58,122.5 1 0
hyperion-coordinator/cmd/coordinator/main.go:122.10,126.5 2 0
hyperion-coordinator/cmd/coordinator/main.go:131.2,132.16 2 0
hyperion-coordinator/cmd/coordinator/main.go:132.16,135.3 2 0
hyperion-coordinator/cmd/coordinator/main.go:136.2,143.20 4 0
hyperion-coordinator/cmd/coordinator/main.go:143.20,145.3 1 0
hyperion-coordinator/cmd/coordinator/main.go:147.2,148.25 2 0
hyperion-coordinator/cmd/coordinator/main.go:148.25,150.3 1 0
hyperion-coordinator/cmd/coordinator/main.go:152.2,161.16 6 0
hyperion-coordinator/cmd/coordinator/main.go:161.16,163.3 1 0
hyperion-coordinator/cmd/coordinator/main.go:164.2,164.15 1 0
hyperion-coordinator/cmd/coordinator/main.go:164.15,165.70 1 0
hyperion-coordinator/cmd/coordinator/main.go:165.70,167.4 1 0
hyperion-coordinator/cmd/coordinator/main.go:171.2,171.51 1 0
hyperion-coordinator/cmd/coordinator/main.go:171.51,173.3 1 0
hyperion-coordinator/cmd/coordinator/main.go:175.2,182.21 4 0
hyperion-coordinator/cmd/coordinator/main.go:182.21,184.3 1 0
hyperion-coordinator/cmd/coordinator/main.go:187.2,188.37 2 0
hyperion-coordinator/cmd/coordinator/main.go:188.37,190.3 1 0
hyperion-coordinator/cmd/coordinator/main.go:192.2,199.16 4 0
hyperion-coordinator/cmd/coordinator/main.go:199.16,201.3 1 0
hyperion-coordinator/cmd/coordinator/main.go:202.2,205.16 3 0
hyperion-coordinator/cmd/coordinator/main.go:205.16,207.3 1 0
hyperion-coordinator/cmd/coordinator/main.go:208.2,212.16 3 0
hyperion-coordinator/cmd/coordinator/main.go:212.16,214.3 1 0
hyperion-coordinator/cmd/coordinator/main.go:215.2,224.25 6 0
hyperion-coordinator/cmd/coordinator/main.go:224.25,226.3 1 0
hyperion-coordinator/cmd/coordinator/main.go:228.2,228.23 1 0
hyperion-coordinator/cmd/coordinator/main.go:229.16,233.22 2 0
hyperion-coordinator/cmd/coordinator/main.go:233.22,235.4 1 0
hyperion-coordinator/cmd/coordinator/main.go:236.3,237.24 2 0
hyperion-coordinator/cmd/coordinator/main.go:237.24,239.4 1 0
hyperion-coordinator/cmd/coordinator/main.go:241.3,243.17 3 0
hyperion-coordinator/cmd/coordinator/main.go:243.17,249.4 1 0
hyperion-coordinator/cmd/coordinator/main.go:250.3,254.73 1 0
hyperion-coordinator/cmd/coordinator/main.go:256.15,259.19 2 0
hyperion-coordinator/cmd/coordinator/main.go:259.19,261.4 1 0
hyperion-coordinator/cmd/coordinator/main.go:262.3,266.31 2 0
hyperion-coordinator/cmd/coordinator/main.go:268.16,271.22 2 0
hyperion-coordinator/cmd/coordinator/main.go:271.22,273.4 1 0
hyperion-coordinator/cmd/coordinator/main.go:274.3,277.32 2 0
hyperion-coordinator/cmd/coordinator/main.go:279.16,282.22 2 0
hyperion-coordinator/cmd/coordinator/main.go:282.22,284.4 1 0
hyperion-coordinator/cmd/coordinator/main.go:287.3,288.24 2 0
hyperion-coordinator/cmd/coordinator/main.go:288.24,293.4 2 0
hyperion-coordinator/cmd/coordinator/main.go:293.9,299.4 2 0
hyperion-coordinator/cmd/coordinator/main.go:301.10,303.38 1 0
hyperion-coordinator/cmd/coordinator/main.go:307.2,308.106 2 0
hyperion-coordinator/cmd/coordinator/main.go:308.106,310.3 1 0
hyperion-coordinator/cmd/coordinator/main.go:313.2,318.16 4 0
hyperion-coordinator/cmd/coordinator/main.go:318.16,320.3 1 0
hyperion-coordinator/cmd/coordinator/main.go:323.2,324.16 2 0
hyperion-coordinator/cmd/coordinator/main.go:324.16,326.3 1 0
hyperion-coordinator/cmd/coordinator/main.go:326.8,327.34 1 0
hyperion-coordinator/cmd/coordinator/main.go:327.34,328.33 1 0
hyperion-coordinator/cmd/coordinator/main.go:328.33,329.57 1 0
hyperion-coordinator/cmd/coordinator/main.go:329.57,333.6 1 0
hyperion-coordinator/cmd/coordinator/main.go:339.2,340.28 2 0
hyperion-coordinator/cmd/coordinator/main.go:340.28,342.42 2 0
hyperion-coordinator/cmd/coordinator/main.go:342.42,344.24 2 0
hyperion-coordinator/cmd/coordinator/main.go:344.24,345.13 1 0
hyperion-coordinator/cmd/coordinator/main.go:348.4,349.43 2 0
hyperion-coordinator/cmd/coordinator/main.go:349.43,350.13 1 0
hyperion-coordinator/cmd/coordinator/main.go:353.4,354.18 2 0
hyperion-coordinator/cmd/coordinator/main.go:354.18,356.13 2 0
hyperion-coordinator/cmd/coordinator/main.go:359.4,359.59 1 0
hyperion-coordinator/cmd/coordinator/main.go:359.59,361.5 1 0
hyperion-coordinator/cmd/coordinator/main.go:364.4,364.52 1 0
hyperion-coordinator/cmd/coordinator/main.go:364.52,365.44 1 0
hyperion-coordinator/cmd/coordinator/main.go:365.44,366.59 1 0
hyperion-coordinator/cmd/coordinator/main.go:366.59,368.7 1 0
hyperion-coordinator/cmd/coordinator/main.go:375.2,375.44 1 0
hyperion-coordinator/cmd/coordinator/main.go:375.44,377.3 1 0
hyperion-coordinator/cmd/coordinator/main.go:377.8,379.3 1 0
hyperion-coordinator/cmd/coordinator/main.go:382.2,387.17 4 0
hyperion-coordinator/cmd/coordinator/main.go:387.17,390.17 3 0
hyperion-coordinator/cmd/coordinator/main.go:390.17,393.4 2 0
hyperion-coordinator/cmd/coordinator/main.go:393.9,395.4 1 0
hyperion-coordinator/cmd/coordinator/main.go:396.8,398.3 1 0
hyperion-coordinator/cmd/coordinator/main.go:401.2,407.15 4 0
hyperion-coordinator/cmd/coordinator/main.go:408.14,411.21 2 0
hyperion-coordinator/cmd/coordinator/main.go:411.21,413.4 1 0
hyperion-coordinator/cmd/coordinator/main.go:414.3,417.13 3 0
hyperion-coordinator/cmd/coordinator/main.go:417.13,419.205 2 0
hyperion-coordinator/cmd/coordinator/main.go:419.205,421.5 1 0
hyperion-coordinator/cmd/coordinator/main.go:424.13,429.55 3 0
hyperion-coordinator/cmd/coordinator/main.go:429.55,431.4 1 0
hyperion-coordinator/cmd/coordinator/main.go:433.14,436.21 2 0
hyperion-coordinator/cmd/coordinator/main.go:436.21,438.4 1 0
hyperion-coordinator/cmd/coordinator/main.go:440.3,444.13 3 0
hyperion-coordinator/cmd/coordinator/main.go:444.13,446.205 2 0
hyperion-coordinator/cmd/coordinator/main.go:446.205,448.5 1 0
hyperion-coordinator/cmd/coordinator/main.go:452.3,453.13 2 0
hyperion-coordinator/cmd/coordinator/main.go:453.13,456.56 3 0
hyperion-coordinator/cmd/coordinator/main.go:456.56,458.5 1 0
hyperion-coordinator/cmd/coordinator/main.go:461.10,462.83 1 0
hyperion-coordinator/cmd/coordinator/main.go:466.2,471.41 4 0
hyperion-coordinator/cmd/coordinator/main.go:484.15,513.26 16 0
hyperion-coordinator/cmd/coordinator/main.go:513.26,514.17 1 0
hyperion-coordinator/cmd/coordinator/main.go:514.17,516.4 1 0
hyperion-coordinator/cmd/coordinator/main.go:519.2,534.15 14 0
hyperion-coordinator/cmd/coordinator/signals_unix.go:13.53,17.2 2 0
hyperion-coordinator/internal/api/rest_handler.go:234.19,245.2 1 0
hyperion-coordinator/internal/api/rest_handler.go:249.56,258.2 1 0
hyperion-coordinator/internal/api/rest_handler.go:260.63,273.29 2 0
hyperion-coordinator/internal/api/rest_handler.go:273.29,276.3 2 0
hyperion-coordinator/internal/api/rest_handler.go:278.2,278.41 1 0
hyperion-coordinator/internal/api/rest_handler.go:278.41,281.3 2 0
hyperion-coordinator/internal/api/rest_handler.go:283.2,283.43 1 0
hyperion-coordinator/internal/api/rest_handler.go:283.43,286.3 2 0
hyperion-coordinator/internal/api/rest_handler.go:288.2,288.12 1 0
hyperion-coordinator/internal/api/rest_handler.go:291.66,293.34 2 0
hyperion-coordinator/internal/api/rest_handler.go:293.34,295.3 1 0
hyperion-coordinator/internal/api/rest_handler.go:297.2,314.41 2 0
hyperion-coordinator/internal/api/rest_handler.go:314.41,317.3 2 0
hyperion-coordinator/internal/api/rest_handler.go:319.2,319.43 1 0
hyperion-coordinator/internal/api/rest_handler.go:319.43,322.3 2 0
hyperion-coordinator/internal/api/rest_handler.go:324.2,324.12 1 0
hyperion-coordinator/internal/api/rest_handler.go:331.58,333.47 2 0
hyperion-coordinator/internal/api/rest_handler.go:333.47,336.3 2 0
hyperion-coordinator/internal/api/rest_handler.go:338.2,339.16 2 0
hyperion-coordinator/internal/api/rest_handler.go:339.16,342.3 2 0
hyperion-coordinator/internal/api/rest_handler.go:344.2,346.4 1 0
hyperion-coordinator/internal/api/rest_handler.go:351.57,355.29 3 0
hyperion-coordinator/internal/api/rest_handler.go:355.29,357.3 1 0
hyperion-coordinator/internal/api/rest_handler.go:359.2,362.4 1 0
hyperion-coordinator/internal/api/rest_handler.go:367.55,371.16 3 0
hyperion-coordinator/internal/api/rest_handler.go:371.16,374.3 2 0
hyperion-coordinator/internal/api/rest_handler.go:376.2,376.62 1 0
hyperion-coordinator/internal/api/rest_handler.go:381.59,385.47 3 0
hyperion-coordinator/internal/api/rest_handler.go:385.47,388.3 2 0
hyperion-coordinator/internal/api/rest_handler.go:390.2,391.16 2 0
hyperion-coordinator/internal/api/rest_handler.go:391.16,394.3 2 0
hyperion-coordinator/internal/api/rest_handler.go:396.2,399.4 1 0
hyperion-coordinator/internal/api/rest_handler.go:404.58,406.47 2 0
hyperion-coordinator/internal/api/rest_handler.go:406.47,409.3 2 0
hyperion-coordinator/internal/api/rest_handler.go:411.2,421.16 2 0
hyperion-coordinator/internal/api/rest_handler.go:421.16,424.3 2 0
hyperion-coordinator/internal/api/rest_handler.go:426.2,428.4 1 0
hyperion-coordinator/internal/api/rest_handler.go:433.57,439.53 5 0
hyperion-coordinator/internal/api/rest_handler.go:439.53,440.66 1 0
hyperion-coordinator/internal/api/rest_handler.go:440.66,442.4 1 0
hyperion-coordinator/internal/api/rest_handler.go:445.2,445.50 1 0
hyperion-coordinator/internal/api/rest_handler.go:445.50,446.64 1 0
hyperion-coordinator/internal/api/rest_handler.go:446.64,448.18 2 0
hyperion-coordinator/internal/api/rest_handler.go:448.18,450.5 1 0
hyperion-coordinator/internal/api/rest_handler.go:454.2,458.32 3 0
hyperion-coordinator/internal/api/rest_handler.go:458.32,459.59 1 0
hyperion-coordinator/internal/api/rest_handler.go:459.59,460.12 1 0
hyperion-coordinator/internal/api/rest_handler.go:462.3,462.53 1 0
hyperion-coordinator/internal/api/rest_handler.go:462.53,463.12 1 0
hyperion-coordinator/internal/api/rest_handler.go:465.3,465.46 1 0
hyperion-coordinator/internal/api/rest_handler.go:468.2,472.25 3 0
hyperion-coordinator/internal/api/rest_handler.go:472.25,474.3 1 0
hyperion-coordinator/internal/api/rest_handler.go:475.2,475.27 1 0
hyperion-coordinator/internal/api/rest_handler.go:475.27,477.3 1 0
hyperion-coordinator/internal/api/rest_handler.go:479.2,483.38 3 0
hyperion-coordinator/internal/api/rest_handler.go:483.38,485.3 1 0
hyperion-coordinator/internal/api/rest_handler.go:487.2,493.4 1 0
hyperion-coordinator/internal/api/rest_handler.go:498.55,502.16 3 0
hyperion-coordinator/internal/api/rest_handler.go:502.16,505.3 2 0
hyperion-coordinator/internal/api/rest_handler.go:507.2,509.4 1 0
hyperion-coordinator/internal/api/rest_handler.go:514.59,519.47 4 0
hyperion-coordinator/internal/api/rest_handler.go:519.47,522.3 2 0
hyperion-coordinator/internal/api/rest_handler.go:524.2,525.16 2 0
hyperion-coordinator/internal/api/rest_handler.go:525.16,528.3 2 0
hyperion-coordinator/internal/api/rest_handler.go:530.2,533.4 1 0
hyperion-coordinator/internal/api/rest_handler.go:540.52,542.47 2 0
hyperion-coordinator/internal/api/rest_handler.go:542.47,545.3 2 0
hyperion-coordinator/internal/api/rest_handler.go:548.2,549.16 2 0
hyperion-coordinator/internal/api/rest_handler.go:549.16,552.3 2 0
hyperion-coordinator/internal/api/rest_handler.go:555.2,556.16 2 0
hyperion-coordinator/internal/api/rest_handler.go:556.16,559.3 2 0
hyperion-coordinator/internal/api/rest_handler.go:560.2,560.21 1 0
hyperion-coordinator/internal/api/rest_handler.go:560.21,567.3 2 0
hyperion-coordinator/internal/api/rest_handler.go:570.2,571.16 2 0
hyperion-coordinator/internal/api/rest_handler.go:571.16,574.3 2 0
hyperion-coordinator/internal/api/rest_handler.go:577.2,577.26 1 0
hyperion-coordinator/internal/api/rest_handler.go:577.26,578.57 1 0
hyperion-coordinator/internal/api/rest_handler.go:578.57,580.4 1 0
hyperion-coordinator/internal/api/rest_handler.go:580.9,582.4 1 0
hyperion-coordinator/internal/api/rest_handler.go:585.2,593.4 2 0
hyperion-coordinator/internal/api/rest_handler.go:598.55,603.33 3 0
hyperion-coordinator/internal/api/rest_handler.go:603.33,606.3 2 0
hyperion-coordinator/internal/api/rest_handler.go:609.2,610.16 2 0
hyperion-coordinator/internal/api/rest_handler.go:610.16,613.3 2 0
hyperion-coordinator/internal/api/rest_handler.go:616.2,616.20 1 0
hyperion-coordinator/internal/api/rest_handler.go:616.20,622.17 2 0
hyperion-coordinator/internal/api/rest_handler.go:622.17,624.4 1 0
hyperion-coordinator/internal/api/rest_handler.go:628.2,628.26 1 0
hyperion-coordinator/internal/api/rest_handler.go:628.26,629.65 1 0
hyperion-coordinator/internal/api/rest_handler.go:629.65,631.4 1 0
hyperion-coordinator/internal/api/rest_handler.go:631.9,633.4 1 0
hyperion-coordinator/internal/api/rest_handler.go:637.2,637.67 1 0
hyperion-coordinator/internal/api/rest_handler.go:637.67,640.3 2 0
hyperion-coordinator/internal/api/rest_handler.go:642.2,651.4 2 0
hyperion-coordinator/internal/api/rest_handler.go:656.53,658.47 2 0
hyperion-coordinator/internal/api/rest_handler.go:658.47,661.3 2 0
hyperion-coordinator/internal/api/rest_handler.go:664.2,665.16 2 0
hyperion-coordinator/internal/api/rest_handler.go:665.16,668.3 2 0
hyperion-coordinator/internal/api/rest_handler.go:671.2,672.33 2 0
hyperion-coordinator/internal/api/rest_handler.go:672.33,675.3 2 0
hyperion-coordinator/internal/api/rest_handler.go:678.2,678.89 1 0
hyperion-coordinator/internal/api/rest_handler.go:678.89,681.3 2 0
hyperion-coordinator/internal/api/rest_handler.go:684.2,685.16 2 0
hyperion-coordinator/internal/api/rest_handler.go:685.16,689.3 3 0
hyperion-coordinator/internal/api/rest_handler.go:691.2,696.43 4 0
hyperion-coordinator/internal/api/rest_handler.go:696.43,702.26 3 0
hyperion-coordinator/internal/api/rest_handler.go:702.26,704.49 1 0
hyperion-coordinator/internal/api/rest_handler.go:704.49,706.13 2 0
hyperion-coordinator/internal/api/rest_handler.go:708.4,709.36 2 0
hyperion-coordinator/internal/api/rest_handler.go:710.9,713.4 2 0
hyperion-coordinator/internal/api/rest_handler.go:716.3,717.17 2 0
hyperion-coordinator/internal/api/rest_handler.go:717.17,719.12 2 0
hyperion-coordinator/internal/api/rest_handler.go:723.3,724.32 2 0
hyperion-coordinator/internal/api/rest_handler.go:724.32,727.18 2 0
hyperion-coordinator/internal/api/rest_handler.go:727.18,732.13 2 0
hyperion-coordinator/internal/api/rest_handler.go:737.4,759.64 5 0
hyperion-coordinator/internal/api/rest_handler.go:759.64,761.5 1 0
hyperion-coordinator/internal/api/rest_handler.go:765.3,765.28 1 0
hyperion-coordinator/internal/api/rest_handler.go:765.28,766.77 1 0
hyperion-coordinator/internal/api/rest_handler.go:766.77,768.5 1 0
hyperion-coordinator/internal/api/rest_handler.go:772.3,772.68 1 0
hyperion-coordinator/internal/api/rest_handler.go:772.68,774.4 1 0
hyperion-coordinator/internal/api/rest_handler.go:778.2,778.87 1 0
hyperion-coordinator/internal/api/rest_handler.go:778.87,780.3 1 0
hyperion-coordinator/internal/api/rest_handler.go:782.2,782.94 1 0
hyperion-coordinator/internal/api/rest_handler.go:782.94,784.3 1 0
hyperion-coordinator/internal/api/rest_handler.go:786.2,798.4 2 0
hyperion-coordinator/internal/api/rest_handler.go:803.53,805.47 2 0
hyperion-coordinator/internal/api/rest_handler.go:805.47,808.3 2 0
hyperion-coordinator/internal/api/rest_handler.go:811.2,812.16 2 0
hyperion-coordinator/internal/api/rest_handler.go:812.16,814.3 1 0
hyperion-coordinator/internal/api/rest_handler.go:815.2,815.16 1 0
hyperion-coordinator/internal/api/rest_handler.go:815.16,817.3 1 0
hyperion-coordinator/internal/api/rest_handler.go:819.2,820.24 2 0
hyperion-coordinator/internal/api/rest_handler.go:820.24,822.3 1 0
hyperion-coordinator/internal/api/rest_handler.go:823.2,823.55 1 0
hyperion-coordinator/internal/api/rest_handler.go:823.55,826.3 2 0
hyperion-coordinator/internal/api/rest_handler.go:829.2,830.16 2 0
hyperion-coordinator/internal/api/rest_handler.go:830.16,833.3 2 0
hyperion-coordinator/internal/api/rest_handler.go:836.2,837.16 2 0
hyperion-coordinator/internal/api/rest_handler.go:837.16,840.3 2 0
hyperion-coordinator/internal/api/rest_handler.go:843.2,844.40 2 0
hyperion-coordinator/internal/api/rest_handler.go:844.40,849.55 2 0
hyperion-coordinator/internal/api/rest_handler.go:849.55,851.4 1 0
hyperion-coordinator/internal/api/rest_handler.go:852.3,852.59 1 0
hyperion-coordinator/internal/api/rest_handler.go:852.59,854.4 1 0
hyperion-coordinator/internal/api/rest_handler.go:855.3,855.63 1 0
hyperion-coordinator/internal/api/rest_handler.go:855.63,857.4 1 0
hyperion-coordinator/internal/api/rest_handler.go:858.3,858.59 1 0
hyperion-coordinator/internal/api/rest_handler.go:858.59,860.4 1 0
hyperion-coordinator/internal/api/rest_handler.go:861.3,861.67 1 0
hyperion-coordinator/internal/api/rest_handler.go:861.67,863.4 1 0
hyperion-coordinator/internal/api/rest_handler.go:864.3,864.59 1 0
hyperion-coordinator/internal/api/rest_handler.go:864.59,866.4 1 0
hyperion-coordinator/internal/api/rest_handler.go:867.3,867.60 1 0
hyperion-coordinator/internal/api/rest_handler.go:867.60,869.4 1 0
hyperion-coordinator/internal/api/rest_handler.go:870.3,870.62 1 0
hyperion-coordinator/internal/api/rest_handler.go:870.62,872.4 1 0
hyperion-coordinator/internal/api/rest_handler.go:873.3,873.58 1 0
hyperion-coordinator/internal/api/rest_handler.go:873.58,875.4 1 0
hyperion-coordinator/internal/api/rest_handler.go:878.3,878.30 1 0
hyperion-coordinator/internal/api/rest_handler.go:878.30,880.58 1 0
hyperion-coordinator/internal/api/rest_handler.go:880.58,882.5 1 0
hyperion-coordinator/internal/api/rest_handler.go:883.9,883.36 1 0
hyperion-coordinator/internal/api/rest_handler.go:883.36,885.27 1 0
hyperion-coordinator/internal/api/rest_handler.go:885.27,887.19 2 0
hyperion-coordinator/internal/api/rest_handler.go:887.19,892.60 2 0
hyperion-coordinator/internal/api/rest_handler.go:892.60,894.7 1 0
hyperion-coordinator/internal/api/rest_handler.go:895.11,898.38 2 0
hyperion-coordinator/internal/api/rest_handler.go:898.38,900.7 1 0
hyperion-coordinator/internal/api/rest_handler.go:901.6,902.37 2 0
hyperion-coordinator/internal/api/rest_handler.go:907.3,907.36 1 0
hyperion-coordinator/internal/api/rest_handler.go:910.2,921.4 2 0
hyperion-coordinator/internal/api/rest_handler.go:926.57,929.16 2 0
hyperion-coordinator/internal/api/rest_handler.go:929.16,932.3 2 0
hyperion-coordinator/internal/api/rest_handler.go:935.2,936.16 2 0
hyperion-coordinator/internal/api/rest_handler.go:936.16,939.3 2 0
hyperion-coordinator/internal/api/rest_handler.go:942.2,943.33 2 0
hyperion-coordinator/internal/api/rest_handler.go:943.33,945.30 2 0
hyperion-coordinator/internal/api/rest_handler.go:945.30,947.4 1 0
hyperion-coordinator/internal/api/rest_handler.go:951.2,952.54 2 0
hyperion-coordinator/internal/api/rest_handler.go:952.54,954.3 1 0
hyperion-coordinator/internal/api/rest_handler.go:957.2,958.33 2 0
hyperion-coordinator/internal/api/rest_handler.go:958.33,965.3 1 0
hyperion-coordinator/internal/api/rest_handler.go:967.2,973.4 1 0
hyperion-coordinator/internal/api/rest_handler.go:978.58,982.50 3 0
hyperion-coordinator/internal/api/rest_handler.go:982.50,983.64 1 0
hyperion-coordinator/internal/api/rest_handler.go:983.64,985.19 2 0
hyperion-coordinator/internal/api/rest_handler.go:985.19,987.5 1 0
hyperion-coordinator/internal/api/rest_handler.go:992.2,993.57 2 0
hyperion-coordinator/internal/api/rest_handler.go:993.57,1001.3 1 0
hyperion-coordinator/internal/api/rest_handler.go:1001.8,1003.3 1 0
hyperion-coordinator/internal/api/rest_handler.go:1005.2,1008.41 2 0
hyperion-coordinator/internal/api/rest_handler.go:1008.41,1010.17 2 0
hyperion-coordinator/internal/api/rest_handler.go:1010.17,1014.12 2 0
hyperion-coordinator/internal/api/rest_handler.go:1018.3,1018.33 1 0
hyperion-coordinator/internal/api/rest_handler.go:1018.33,1027.4 2 0
hyperion-coordinator/internal/api/rest_handler.go:1034.2,1034.29 1 0
hyperion-coordinator/internal/api/rest_handler.go:1034.29,1036.3 1 0
hyperion-coordinator/internal/api/rest_handler.go:1038.2,1047.4 2 0
hyperion-coordinator/internal/api/rest_handler.go:1051.60,1054.2 2 0
hyperion-coordinator/internal/api/rest_handler.go:1054.2,1059.3 4 0
hyperion-coordinator/internal/api/rest_handler.go:1062.2,1063.2 2 0
hyperion-coordinator/internal/api/rest_handler.go:1063.2,1068.3 4 0
hyperion-coordinator/internal/api/rest_handler.go:1071.2,1072.2 2 0
hyperion-coordinator/internal/api/rest_handler.go:1072.2,1078.3 5 0
hyperion-coordinator/internal/api/rest_handler.go:1081.2,1082.2 2 0
hyperion-coordinator/internal/api/rest_handler.go:1082.2,1084.3 1 0
hyperion-coordinator/ai-service/tools/mcp/code_index_tools.go:20.45,22.2 1 0
hyperion-coordinator/ai-service/tools/mcp/code_index_tools.go:24.52,26.2 1 0
hyperion-coordinator/ai-service/tools/mcp/code_index_tools.go:28.68,47.2 1 0
hyperion-coordinator/ai-service/tools/mcp/code_index_tools.go:49.111,52.24 2 0
hyperion-coordinator/ai-service/tools/mcp/code_index_tools.go:52.24,54.3 1 0
hyperion-coordinator/ai-service/tools/mcp/code_index_tools.go:65.2,66.16 2 0
hyperion-coordinator/ai-service/tools/mcp/code_index_tools.go:66.16,68.3 1 0
hyperion-coordinator/ai-service/tools/mcp/code_index_tools.go:70.2,70.30 1 0
hyperion-coordinator/ai-service/tools/mcp/code_index_tools.go:70.30,72.3 1 0
hyperion-coordinator/ai-service/tools/mcp/code_index_tools.go:75.2,81.8 1 0
hyperion-coordinator/ai-service/tools/mcp/code_index_tools.go:89.48,91.2 1 0
hyperion-coordinator/ai-service/tools/mcp/code_index_tools.go:93.55,95.2 1 0
hyperion-coordinator/ai-service/tools/mcp/code_index_tools.go:97.71,112.2 1 0
hyperion-coordinator/ai-service/tools/mcp/code_index_tools.go:114.114,117.29 2 0
hyperion-coordinator/ai-service/tools/mcp/code_index_tools.go:117.29,119.3 1 0
hyperion-coordinator/ai-service/tools/mcp/code_index_tools.go:121.2,128.16 3 0
hyperion-coordinator/ai-service/tools/mcp/code_index_tools.go:128.16,130.3 1 0
hyperion-coordinator/ai-service/tools/mcp/code_index_tools.go:131.2,131.21 1 0
hyperion-coordinator/ai-service/tools/mcp/code_index_tools.go:131.21,137.3 1 0
hyperion-coordinator/ai-service/tools/mcp/code_index_tools.go:140.2,141.16 2 0
hyperion-coordinator/ai-service/tools/mcp/code_index_tools.go:141.16,143.3 1 0
hyperion-coordinator/ai-service/tools/mcp/code_index_tools.go:148.2,153.8 1 0
hyperion-coordinator/ai-service/tools/mcp/code_index_tools.go:161.43,163.2 1 0
hyperion-coordinator/ai-service/tools/mcp/code_index_tools.go:165.50,167.2 1 0
hyperion-coordinator/ai-service/tools/mcp/code_index_tools.go:169.66,180.2 1 0
hyperion-coordinator/ai-service/tools/mcp/code_index_tools.go:182.109,184.29 2 0
hyperion-coordinator/ai-service/tools/mcp/code_index_tools.go:184.29,186.3 1 0
hyperion-coordinator/ai-service/tools/mcp/code_index_tools.go:194.2,199.8 1 0
hyperion-coordinator/ai-service/tools/mcp/code_index_tools.go:207.45,209.2 1 0
hyperion-coordinator/ai-service/tools/mcp/code_index_tools.go:211.52,213.2 1 0
hyperion-coordinator/ai-service/tools/mcp/code_index_tools.go:215.68,220.2 1 0
hyperion-coordinator/ai-service/tools/mcp/code_index_tools.go:222.111,224.16 2 0
hyperion-coordinator/ai-service/tools/mcp/code_index_tools.go:224.16,226.3 1 0
hyperion-coordinator/ai-service/tools/mcp/code_index_tools.go:228.2,228.20 1 0
hyperion-coordinator/ai-service/tools/mcp/code_index_tools.go:236.51,238.2 1 0
hyperion-coordinator/ai-service/tools/mcp/code_index_tools.go:240.58,242.2 1 0
hyperion-coordinator/ai-service/tools/mcp/code_index_tools.go:244.74,255.2 1 0
hyperion-coordinator/ai-service/tools/mcp/code_index_tools.go:257.117,259.29 2 0
hyperion-coordinator/ai-service/tools/mcp/code_index_tools.go:259.29,261.3 1 0
hyperion-coordinator/ai-service/tools/mcp/code_index_tools.go:264.2,265.16 2 0
hyperion-coordinator/ai-service/tools/mcp/code_index_tools.go:265.16,267.3 1 0
hyperion-coordinator/ai-service/tools/mcp/code_index_tools.go:268.2,268.19 1 0
hyperion-coordinator/ai-service/tools/mcp/code_index_tools.go:268.19,270.3 1 0
hyperion-coordinator/ai-service/tools/mcp/code_index_tools.go:273.2,274.16 2 0
hyperion-coordinator/ai-service/tools/mcp/code_index_tools.go:274.16,276.3 1 0
hyperion-coordinator/ai-service/tools/mcp/code_index_tools.go:278.2,282.8 1 0
hyperion-coordinator/ai-service/tools/mcp/code_index_tools.go:286.113,295.29 2 0
hyperion-coordinator/ai-service/tools/mcp/code_index_tools.go:295.29,296.49 1 0
hyperion-coordinator/ai-service/tools/mcp/code_index_tools.go:296.49,298.4 1 0
hyperion-coordinator/ai-service/tools/mcp/code_index_tools.go:301.2,301.12 1 0
hyperion-coordinator/ai-service/tools/mcp/coordinator_tools.go:18.120,23.2 1 0
hyperion-coordinator/ai-service/tools/mcp/coordinator_tools.go:30.45,32.2 1 0
hyperion-coordinator/ai-service/tools/mcp/coordinator_tools.go:34.52,36.2 1 0
hyperion-coordinator/ai-service/tools/mcp/coordinator_tools.go:38.68,86.2 1 0
hyperion-coordinator/ai-service/tools/mcp/coordinator_tools.go:88.111,91.30 2 0
hyperion-coordinator/ai-service/tools/mcp/coordinator_tools.go:91.30,93.3 1 0
hyperion-coordinator/ai-service/tools/mcp/coordinator_tools.go:95.2,96.28 2 0
hyperion-coordinator/ai-service/tools/mcp/coordinator_tools.go:96.28,98.3 1 0
hyperion-coordinator/ai-service/tools/mcp/coordinator_tools.go:100.2,101.23 2 0
hyperion-coordinator/ai-service/tools/mcp/coordinator_tools.go:101.23,103.3 1 0
hyperion-coordinator/ai-service/tools/mcp/coordinator_tools.go:105.2,106.9 2 0
hyperion-coordinator/ai-service/tools/mcp/coordinator_tools.go:106.9,108.3 1 0
hyperion-coordinator/ai-service/tools/mcp/coordinator_tools.go:111.2,112.30 2 0
hyperion-coordinator/ai-service/tools/mcp/coordinator_tools.go:113.21,115.26 2 0
hyperion-coordinator/ai-service/tools/mcp/coordinator_tools.go:115.26,117.11 2 0
hyperion-coordinator/ai-service/tools/mcp/coordinator_tools.go:117.11,119.5 1 0
hyperion-coordinator/ai-service/tools/mcp/coordinator_tools.go:120.4,120.18 1 0
hyperion-coordinator/ai-service/tools/mcp/coordinator_tools.go:122.16,123.12 1 0
hyperion-coordinator/ai-service/tools/mcp/coordinator_tools.go:124.10,125.62 1 0
hyperion-coordinator/ai-service/tools/mcp/coordinator_tools.go:128.2,128.21 1 0
hyperion-coordinator/ai-service/tools/mcp/coordinator_tools.go:128.21,130.3 1 0
hyperion-coordinator/ai-service/tools/mcp/coordinator_tools.go:133.2,134.29 2 0
hyperion-coordinator/ai-service/tools/mcp/coordinator_tools.go:134.29,138.3 1 0
hyperion-coordinator/ai-service/tools/mcp/coordinator_tools.go:141.2,145.58 4 0
hyperion-coordinator/ai-service/tools/mcp/coordinator_tools.go:145.58,147.24 2 0
hyperion-coordinator/ai-service/tools/mcp/coordinator_tools.go:147.24,148.33 1 0
hyperion-coordinator/ai-service/tools/mcp/coordinator_tools.go:148.33,150.5 1 0
hyperion-coordinator/ai-service/tools/mcp/coordinator_tools.go:154.2,155.62 2 0
hyperion-coordinator/ai-service/tools/mcp/coordinator_tools.go:155.62,157.24 2 0
hyperion-coordinator/ai-service/tools/mcp/coordinator_tools.go:157.24,158.33 1 0
hyperion-coordinator/ai-service/tools/mcp/coordinator_tools.go:158.33,160.5 1 0
hyperion-coordinator/ai-service/tools/mcp/coordinator_tools.go:165.2,175.16 2 0
hyperion-coordinator/ai-service/tools/mcp/coordinator_tools.go:175.16,177.3 1 0
hyperion-coordinator/ai-service/tools/mcp/coordinator_tools.go:180.2,187.8 1 0
hyperion-coordinator/ai-service/tools/mcp/coordinator_tools.go:195.44,197.2 1 0
hyperion-coordinator/ai-service/tools/mcp/coordinator_tools.go:199.51,201.2 1 0
hyperion-coordinator/ai-service/tools/mcp/coordinator_tools.go:203.67,225.2 1 0
hyperion-coordinator/ai-service/tools/mcp/coordinator_tools.go:227.110,234.54 4 0
hyperion-coordinator/ai-service/tools/mcp/coordinator_tools.go:234.54,236.3 1 0
hyperion-coordinator/ai-service/tools/mcp/coordinator_tools.go:238.2,239.52 2 0
hyperion-coordinator/ai-service/tools/mcp/coordinator_tools.go:239.52,241.17 2 0
hyperion-coordinator/ai-service/tools/mcp/coordinator_tools.go:241.17,243.4 1 0
hyperion-coordinator/ai-service/tools/mcp/coordinator_tools.go:247.2,251.32 3 0
hyperion-coordinator/ai-service/tools/mcp/coordinator_tools.go:251.32,252.59 1 0
hyperion-coordinator/ai-service/tools/mcp/coordinator_tools.go:252.59,253.12 1 0
hyperion-coordinator/ai-service/tools/mcp/coordinator_tools.go:255.3,255.53 1 0
hyperion-coordinator/ai-service/tools/mcp/coordinator_tools.go:255.53,256.12 1 0
hyperion-coordinator/ai-service/tools/mcp/coordinator_tools.go:258.3,258.46 1 0
hyperion-coordinator/ai-service/tools/mcp/coordinator_tools.go:262.2,264.25 3 0
hyperion-coordinator/ai-service/tools/mcp/coordinator_tools.go:264.25,266.3 1 0
hyperion-coordinator/ai-service/tools/mcp/coordinator_tools.go:267.2,267.27 1 0
hyperion-coordinator/ai-service/tools/mcp/coordinator_tools.go:267.27,269.3 1 0
hyperion-coordinator/ai-service/tools/mcp/coordinator_tools.go:271.2,280.8 2 0
hyperion-coordinator/ai-service/tools/mcp/coordinator_tools.go:288.44,290.2 1 0
hyperion-coordinator/ai-service/tools/mcp/coordinator_tools.go:292.51,294.2 1 0
hyperion-coordinator/ai-service/tools/mcp/coordinator_tools.go:296.67,315.2 1 0
hyperion-coordinator/ai-service/tools/mcp/coordinator_tools.go:317.110,320.29 2 0
hyperion-coordinator/ai-service/tools/mcp/coordinator_tools.go:320.29,322.3 1 0
hyperion-coordinator/ai-service/tools/mcp/coordinator_tools.go:324.2,325.24 2 0
hyperion-coordinator/ai-service/tools/mcp/coordinator_tools.go:325.24,327.3 1 0
hyperion-coordinator/ai-service/tools/mcp/coordinator_tools.go:330.2,331.52 2 0
hyperion-coordinator/ai-service/tools/mcp/coordinator_tools.go:331.52,333.17 2 0
hyperion-coordinator/ai-service/tools/mcp/coordinator_tools.go:333.17,335.4 1 0
hyperion-coordinator/ai-service/tools/mcp/coordinator_tools.go:339.2,340.16 2 0
hyperion-coordinator/ai-service/tools/mcp/coordinator_tools.go:340.16,342.3 1 0
hyperion-coordinator/ai-service/tools/mcp/coordinator_tools.go:345.2,354.33 3 0
hyperion-coordinator/ai-service/tools/mcp/coordinator_tools.go:354.33,362.3 1 0
hyperion-coordinator/ai-service/tools/mcp/coordinator_tools.go:364.2,364.30 1 0
hyperion-coordinator/ai-service/tools/mcp/coordinator_tools.go:372.45,374.2 1 0
hyperion-coordinator/ai-service/tools/mcp/coordinator_tools.go:376.52,378.2 1 0
hyperion-coordinator/ai-service/tools/mcp/coordinator_tools.go:380.68,399.2 1 0
hyperion-coordinator/ai-service/tools/mcp/coordinator_tools.go:401.111,403.29 2 0
hyperion-coordinator/ai-service/tools/mcp/coordinator_tools.go:403.29,405.3 1 0
hyperion-coordinator/ai-service/tools/mcp/coordinator_tools.go:407.2,408.23 2 0
hyperion-coordinator/ai-service/tools/mcp/coordinator_tools.go:408.23,410.3 1 0
hyperion-coordinator/ai-service/tools/mcp/coordinator_tools.go:412.2,413.61 2 0
hyperion-coordinator/ai-service/tools/mcp/coordinator_tools.go:413.61,415.3 1 0
hyperion-coordinator/ai-service/tools/mcp/coordinator_tools.go:417.2,418.16 2 0
hyperion-coordinator/ai-service/tools/mcp/coordinator_tools.go:418.16,420.3 1 0
hyperion-coordinator/ai-service/tools/mcp/coordinator_tools.go:422.2,426.8 1 0
hyperion-coordinator/ai-service/tools/mcp/coordinator_tools.go:434.51,436.2 1 0
hyperion-coordinator/ai-service/tools/mcp/coordinator_tools.go:438.58,440.2 1 0
hyperion-coordinator/ai-service/tools/mcp/coordinator_tools.go:442.74,452.2 1 0
hyperion-coordinator/ai-service/tools/mcp/coordinator_tools.go:454.117,456.52 2 0
hyperion-coordinator/ai-service/tools/mcp/coordinator_tools.go:456.52,458.3 1 0
hyperion-coordinator/ai-service/tools/mcp/coordinator_tools.go:460.2,461.16 2 0
hyperion-coordinator/ai-service/tools/mcp/coordinator_tools.go:461.16,463.3 1 0
hyperion-coordinator/ai-service/tools/mcp/coordinator_tools.go:465.2,465.37 1 0
hyperion-coordinator/ai-service/tools/mcp/coordinator_tools.go:465.37,471.3 1 0
hyperion-coordinator/ai-service/tools/mcp/coordinator_tools.go:473.2,473.19 1 0
hyperion-coordinator/ai-service/tools/mcp/coordinator_tools.go:481.45,483.2 1 0
hyperion-coordinator/ai-service/tools/mcp/coordinator_tools.go:485.52,487.2 1 0
hyperion-coordinator/ai-service/tools/mcp/coordinator_tools.go:489.68,500.2 1 0
hyperion-coordinator/ai-service/tools/mcp/coordinator_tools.go:502.111,504.25 2 0
hyperion-coordinator/ai-service/tools/mcp/coordinator_tools.go:504.25,506.3 1 0
hyperion-coordinator/ai-service/tools/mcp/coordinator_tools.go:508.2,509.16 2 0
hyperion-coordinator/ai-service/tools/mcp/coordinator_tools.go:509.16,511.3 1 0
hyperion-coordinator/ai-service/tools/mcp/coordinator_tools.go:513.2,518.8 1 0
hyperion-coordinator/ai-service/tools/mcp/coordinator_tools.go:526.46,528.2 1 0
hyperion-coordinator/ai-service/tools/mcp/coordinator_tools.go:530.53,532.2 1 0
hyperion-coordinator/ai-service/tools/mcp/coordinator_tools.go:534.69,554.2 1 0
hyperion-coordinator/ai-service/tools/mcp/coordinator_tools.go:556.112,558.25 2 0
hyperion-coordinator/ai-service/tools/mcp/coordinator_tools.go:558.25,560.3 1 0
hyperion-coordinator/ai-service/tools/mcp/coordinator_tools.go:562.2,563.28 2 0
hyperion-coordinator/ai-service/tools/mcp/coordinator_tools.go:563.28,565.3 1 0
hyperion-coordinator/ai-service/tools/mcp/coordinator_tools.go:567.2,571.16 4 0
hyperion-coordinator/ai-service/tools/mcp/coordinator_tools.go:571.16,573.3 1 0
hyperion-coordinator/ai-service/tools/mcp/coordinator_tools.go:575.2,579.8 1 0
hyperion-coordinator/ai-service/tools/mcp/coordinator_tools.go:587.46,589.2 1 0
hyperion-coordinator/ai-service/tools/mcp/coordinator_tools.go:591.53,593.2 1 0
hyperion-coordinator/ai-service/tools/mcp/coordinator_tools.go:595.69,619.2 1 0
hyperion-coordinator/ai-service/tools/mcp/coordinator_tools.go:621.112,623.30 2 0
hyperion-coordinator/ai-service/tools/mcp/coordinator_tools.go:623.30,625.3 1 0
hyperion-coordinator/ai-service/tools/mcp/coordinator_tools.go:627.2,628.25 2 0
hyperion-coordinator/ai-service/tools/mcp/coordinator_tools.go:628.25,630.3 1 0
hyperion-coordinator/ai-service/tools/mcp/coordinator_tools.go:632.2,633.28 2 0
hyperion-coordinator/ai-service/tools/mcp/coordinator_tools.go:633.28,635.3 1 0
hyperion-coordinator/ai-service/tools/mcp/coordinator_tools.go:637.2,641.16 4 0
hyperion-coordinator/ai-service/tools/mcp/coordinator_tools.go:641.16,643.3 1 0
hyperion-coordinator/ai-service/tools/mcp/coordinator_tools.go:645.2,650.8 1 0
hyperion-coordinator/ai-service/tools/mcp/coordinator_tools.go:658.44,660.2 1 0
hyperion-coordinator/ai-service/tools/mcp/coordinator_tools.go:662.51,664.2 1 0
hyperion-coordinator/ai-service/tools/mcp/coordinator_tools.go:666.67,671.2 1 0
hyperion-coordinator/ai-service/tools/mcp/coordinator_tools.go:673.110,679.2 2 0
hyperion-coordinator/ai-service/tools/mcp/coordinator_tools.go:686.42,688.2 1 0
hyperion-coordinator/ai-service/tools/mcp/coordinator_tools.go:690.49,692.2 1 0
hyperion-coordinator/ai-service/tools/mcp/coordinator_tools.go:694.65,705.2 1 0
hyperion-coordinator/ai-service/tools/mcp/coordinator_tools.go:707.108,709.25 2 0
hyperion-coordinator/ai-service/tools/mcp/coordinator_tools.go:709.25,711.3 1 0
hyperion-coordinator/ai-service/tools/mcp/coordinator_tools.go:713.2,714.16 2 0
hyperion-coordinator/ai-service/tools/mcp/coordinator_tools.go:714.16,716.3 1 0
hyperion-coordinator/ai-service/tools/mcp/coordinator_tools.go:718.2,720.8 1 0
hyperion-coordinator/ai-service/tools/mcp/coordinator_tools.go:728.48,730.2 1 0
hyperion-coordinator/ai-service/tools/mcp/coordinator_tools.go:732.55,734.2 1 0
hyperion-coordinator/ai-service/tools/mcp/coordinator_tools.go:736.71,751.2 1 0
hyperion-coordinator/ai-service/tools/mcp/coordinator_tools.go:753.114,755.30 2 0
hyperion-coordinator/ai-service/tools/mcp/coordinator_tools.go:755.30,757.3 1 0
hyperion-coordinator/ai-service/tools/mcp/coordinator_tools.go:759.2,760.30 2 0
hyperion-coordinator/ai-service/tools/mcp/coordinator_tools.go:760.30,762.3 1 0
hyperion-coordinator/ai-service/tools/mcp/coordinator_tools.go:765.2,766.16 2 0
hyperion-coordinator/ai-service/tools/mcp/coordinator_tools.go:766.16,768.3 1 0
hyperion-coordinator/ai-service/tools/mcp/coordinator_tools.go:770.2,771.16 2 0
hyperion-coordinator/ai-service/tools/mcp/coordinator_tools.go:771.16,773.3 1 0
hyperion-coordinator/ai-service/tools/mcp/coordinator_tools.go:775.2,778.8 1 0
hyperion-coordinator/ai-service/tools/mcp/coordinator_tools.go:786.51,788.2 1 0
hyperion-coordinator/ai-service/tools/mcp/coordinator_tools.go:790.58,792.2 1 0
hyperion-coordinator/ai-service/tools/mcp/coordinator_tools.go:794.74,809.2 1 0
hyperion-coordinator/ai-service/tools/mcp/coordinator_tools.go:811.117,813.30 2 0
hyperion-coordinator/ai-service/tools/mcp/coordinator_tools.go:813.30,815.3 1 0
hyperion-coordinator/ai-service/tools/mcp/coordinator_tools.go:817.2,818.30 2 0
hyperion-coordinator/ai-service/tools/mcp/coordinator_tools.go:818.30,820.3 1 0
hyperion-coordinator/ai-service/tools/mcp/coordinator_tools.go:822.2,823.16 2 0
hyperion-coordinator/ai-service/tools/mcp/coordinator_tools.go:823.16,825.3 1 0
hyperion-coordinator/ai-service/tools/mcp/coordinator_tools.go:827.2,828.16 2 0
hyperion-coordinator/ai-service/tools/mcp/coordinator_tools.go:828.16,830.3 1 0
hyperion-coordinator/ai-service/tools/mcp/coordinator_tools.go:832.2,835.8 1 0
hyperion-coordinator/ai-service/tools/mcp/coordinator_tools.go:843.50,845.2 1 0
hyperion-coordinator/ai-service/tools/mcp/coordinator_tools.go:847.57,849.2 1 0
hyperion-coordinator/ai-service/tools/mcp/coordinator_tools.go:851.73,862.2 1 0
hyperion-coordinator/ai-service/tools/mcp/coordinator_tools.go:864.116,866.30 2 0
hyperion-coordinator/ai-service/tools/mcp/coordinator_tools.go:866.30,868.3 1 0
hyperion-coordinator/ai-service/tools/mcp/coordinator_tools.go:870.2,871.16 2 0
hyperion-coordinator/ai-service/tools/mcp/coordinator_tools.go:871.16,873.3 1 0
hyperion-coordinator/ai-service/tools/mcp/coordinator_tools.go:875.2,878.8 1 0
hyperion-coordinator/ai-service/tools/mcp/coordinator_tools.go:886.48,888.2 1 0
hyperion-coordinator/ai-service/tools/mcp/coordinator_tools.go:890.55,892.2 1 0
hyperion-coordinator/ai-service/tools/mcp/coordinator_tools.go:894.71,913.2 1 0
hyperion-coordinator/ai-service/tools/mcp/coordinator_tools.go:915.114,917.30 2 0
hyperion-coordinator/ai-service/tools/mcp/coordinator_tools.go:917.30,919.3 1 0
hyperion-coordinator/ai-service/tools/mcp/coordinator_tools.go:921.2,922.25 2 0
hyperion-coordinator/ai-service/tools/mcp/coordinator_tools.go:922.25,924.3 1 0
hyperion-coordinator/ai-service/tools/mcp/coordinator_tools.go:926.2,927.30 2 0
hyperion-coordinator/ai-service/tools/mcp/coordinator_tools.go:927.30,929.3 1 0
hyperion-coordinator/ai-service/tools/mcp/coordinator_tools.go:931.2,932.16 2 0
hyperion-coordinator/ai-service/tools/mcp/coordinator_tools.go:932.16,934.3 1 0
hyperion-coordinator/ai-service/tools/mcp/coordinator_tools.go:936.2,937.16 2 0
hyperion-coordinator/ai-service/tools/mcp/coordinator_tools.go:937.16,939.3 1 0
hyperion-coordinator/ai-service/tools/mcp/coordinator_tools.go:941.2,945.8 1 0
hyperion-coordinator/ai-service/tools/mcp/coordinator_tools.go:953.51,955.2 1 0
hyperion-coordinator/ai-service/tools/mcp/coordinator_tools.go:957.58,959.2 1 0
hyperion-coordinator/ai-service/tools/mcp/coordinator_tools.go:961.74,980.2 1 0
hyperion-coordinator/ai-service/tools/mcp/coordinator_tools.go:982.117,984.30 2 0
hyperion-coordinator/ai-service/tools/mcp/coordinator_tools.go:984.30,986.3 1 0
hyperion-coordinator/ai-service/tools/mcp/coordinator_tools.go:988.2,989.25 2 0
hyperion-coordinator/ai-service/tools/mcp/coordinator_tools.go:989.25,991.3 1 0
hyperion-coordinator/ai-service/tools/mcp/coordinator_tools.go:993.2,994.30 2 0
hyperion-coordinator/ai-service/tools/mcp/coordinator_tools.go:994.30,996.3 1 0
hyperion-coordinator/ai-service/tools/mcp/coordinator_tools.go:998.2,999.16 2 0
hyperion-coordinator/ai-service/tools/mcp/coordinator_tools.go:999.16,1001.3 1 0
hyperion-coordinator/ai-service/tools/mcp/coordinator_tools.go:1003.2,1004.16 2 0
hyperion-coordinator/ai-service/tools/mcp/coordinator_tools.go:1004.16,1006.3 1 0
hyperion-coordinator/ai-service/tools/mcp/coordinator_tools.go:1008.2,1012.8 1 0
hyperion-coordinator/ai-service/tools/mcp/coordinator_tools.go:1020.50,1022.2 1 0
hyperion-coordinator/ai-service/tools/mcp/coordinator_tools.go:1024.57,1026.2 1 0
hyperion-coordinator/ai-service/tools/mcp/coordinator_tools.go:1028.73,1043.2 1 0
hyperion-coordinator/ai-service/tools/mcp/coordinator_tools.go:1045.116,1047.30 2 0
hyperion-coordinator/ai-service/tools/mcp/coordinator_tools.go:1047.30,1049.3 1 0
hyperion-coordinator/ai-service/tools/mcp/coordinator_tools.go:1051.2,1052.25 2 0
hyperion-coordinator/ai-service/tools/mcp/coordinator_tools.go:1052.25,1054.3 1 0
hyperion-coordinator/ai-service/tools/mcp/coordinator_tools.go:1056.2,1057.16 2 0
hyperion-coordinator/ai-service/tools/mcp/coordinator_tools.go:1057.16,1059.3 1 0
hyperion-coordinator/ai-service/tools/mcp/coordinator_tools.go:1061.2,1065.8 1 0
hyperion-coordinator/ai-service/tools/mcp/coordinator_tools.go:1069.147,1093.29 2 0
hyperion-coordinator/ai-service/tools/mcp/coordinator_tools.go:1093.29,1094.49 1 0
hyperion-coordinator/ai-service/tools/mcp/coordinator_tools.go:1094.49,1096.4 1 0
hyperion-coordinator/ai-service/tools/mcp/coordinator_tools.go:1099.2,1099.12 1 0
hyperion-coordinator/ai-service/tools/mcp/qdrant_tools.go:17.40,19.2 1 0
hyperion-coordinator/ai-service/tools/mcp/qdrant_tools.go:21.47,23.2 1 0
hyperion-coordinator/ai-service/tools/mcp/qdrant_tools.go:25.63,44.2 1 0
hyperion-coordinator/ai-service/tools/mcp/qdrant_tools.go:46.106,49.29 2 0
hyperion-coordinator/ai-service/tools/mcp/qdrant_tools.go:49.29,51.3 1 0
hyperion-coordinator/ai-service/tools/mcp/qdrant_tools.go:53.2,54.24 2 0
hyperion-coordinator/ai-service/tools/mcp/qdrant_tools.go:54.24,56.3 1 0
hyperion-coordinator/ai-service/tools/mcp/qdrant_tools.go:59.2,60.52 2 0
hyperion-coordinator/ai-service/tools/mcp/qdrant_tools.go:60.52,62.17 2 0
hyperion-coordinator/ai-service/tools/mcp/qdrant_tools.go:62.17,64.4 1 0
hyperion-coordinator/ai-service/tools/mcp/qdrant_tools.go:68.2,68.73 1 0
hyperion-coordinator/ai-service/tools/mcp/qdrant_tools.go:68.73,71.68 2 0
hyperion-coordinator/ai-service/tools/mcp/qdrant_tools.go:71.68,73.4 1 0
hyperion-coordinator/ai-service/tools/mcp/qdrant_tools.go:74.3,74.106 1 0
hyperion-coordinator/ai-service/tools/mcp/qdrant_tools.go:78.2,79.16 2 0
hyperion-coordinator/ai-service/tools/mcp/qdrant_tools.go:79.16,82.79 2 0
hyperion-coordinator/ai-service/tools/mcp/qdrant_tools.go:82.79,84.4 1 0
hyperion-coordinator/ai-service/tools/mcp/qdrant_tools.go:85.3,85.88 1 0
hyperion-coordinator/ai-service/tools/mcp/qdrant_tools.go:89.2,96.33 3 0
hyperion-coordinator/ai-service/tools/mcp/qdrant_tools.go:96.33,102.3 1 0
hyperion-coordinator/ai-service/tools/mcp/qdrant_tools.go:105.2,105.30 1 0
hyperion-coordinator/ai-service/tools/mcp/qdrant_tools.go:113.41,115.2 1 0
hyperion-coordinator/ai-service/tools/mcp/qdrant_tools.go:117.48,119.2 1 0
hyperion-coordinator/ai-service/tools/mcp/qdrant_tools.go:121.64,140.2 1 0
hyperion-coordinator/ai-service/tools/mcp/qdrant_tools.go:142.107,145.29 2 0
hyperion-coordinator/ai-service/tools/mcp/qdrant_tools.go:145.29,147.3 1 0
hyperion-coordinator/ai-service/tools/mcp/qdrant_tools.go:149.2,150.30 2 0
hyperion-coordinator/ai-service/tools/mcp/qdrant_tools.go:150.30,152.3 1 0
hyperion-coordinator/ai-service/tools/mcp/qdrant_tools.go:155.2,158.73 2 0
hyperion-coordinator/ai-service/tools/mcp/qdrant_tools.go:158.73,161.68 2 0
hyperion-coordinator/ai-service/tools/mcp/qdrant_tools.go:161.68,163.4 1 0
hyperion-coordinator/ai-service/tools/mcp/qdrant_tools.go:164.3,164.119 1 0
hyperion-coordinator/ai-service/tools/mcp/qdrant_tools.go:168.2,171.89 2 0
hyperion-coordinator/ai-service/tools/mcp/qdrant_tools.go:171.89,174.79 2 0
hyperion-coordinator/ai-service/tools/mcp/qdrant_tools.go:174.79,176.4 1 0
hyperion-coordinator/ai-service/tools/mcp/qdrant_tools.go:177.3,177.113 1 0
hyperion-coordinator/ai-service/tools/mcp/qdrant_tools.go:181.2,185.8 1 0
hyperion-coordinator/ai-service/tools/mcp/qdrant_tools.go:189.54,190.36 1 0
hyperion-coordinator/ai-service/tools/mcp/qdrant_tools.go:190.36,191.34 1 0
hyperion-coordinator/ai-service/tools/mcp/qdrant_tools.go:191.34,193.4 1 0
hyperion-coordinator/ai-service/tools/mcp/qdrant_tools.go:195.2,195.14 1 0
hyperion-coordinator/ai-service/tools/mcp/qdrant_tools.go:199.110,205.29 2 0
hyperion-coordinator/ai-service/tools/mcp/qdrant_tools.go:205.29,206.49 1 0
hyperion-coordinator/ai-service/tools/mcp/qdrant_tools.go:206.49,208.4 1 0
hyperion-coordinator/ai-service/tools/mcp/qdrant_tools.go:211.2,211.12 1 0
hyperion-coordinator/internal/services/ai_settings_service.go:25.95,42.16 4 0
hyperion-coordinator/internal/services/ai_settings_service.go:42.16,44.3 1 0
hyperion-coordinator/internal/services/ai_settings_service.go:47.2,53.16 2 0
hyperion-coordinator/internal/services/ai_settings_service.go:53.16,55.3 1 0
hyperion-coordinator/internal/services/ai_settings_service.go:58.2,61.16 2 0
hyperion-coordinator/internal/services/ai_settings_service.go:61.16,63.3 1 0
hyperion-coordinator/internal/services/ai_settings_service.go:65.2,66.21 2 0
hyperion-coordinator/internal/services/ai_settings_service.go:70.108,78.16 4 0
hyperion-coordinator/internal/services/ai_settings_service.go:78.16,79.34 1 0
hyperion-coordinator/internal/services/ai_settings_service.go:79.34,82.4 1 0
hyperion-coordinator/internal/services/ai_settings_service.go:83.3,83.69 1 0
hyperion-coordinator/internal/services/ai_settings_service.go:86.2,86.33 1 0
hyperion-coordinator/internal/services/ai_settings_service.go:90.109,108.16 5 0
hyperion-coordinator/internal/services/ai_settings_service.go:108.16,110.3 1 0
hyperion-coordinator/internal/services/ai_settings_service.go:112.2,112.30 1 0
hyperion-coordinator/internal/services/ai_settings_service.go:112.30,116.3 1 0
hyperion-coordinator/internal/services/ai_settings_service.go:116.8,120.3 1 0
hyperion-coordinator/internal/services/ai_settings_service.go:122.2,122.12 1 0
hyperion-coordinator/internal/services/ai_settings_service.go:126.117,135.16 4 0
hyperion-coordinator/internal/services/ai_settings_service.go:135.16,137.3 1 0
hyperion-coordinator/internal/services/ai_settings_service.go:138.2,141.52 3 0
hyperion-coordinator/internal/services/ai_settings_service.go:141.52,143.3 1 0
hyperion-coordinator/internal/services/ai_settings_service.go:145.2,145.23 1 0
hyperion-coordinator/internal/services/ai_settings_service.go:149.129,157.16 4 0
hyperion-coordinator/internal/services/ai_settings_service.go:157.16,158.34 1 0
hyperion-coordinator/internal/services/ai_settings_service.go:158.34,160.4 1 0
hyperion-coordinator/internal/services/ai_settings_service.go:161.3,161.65 1 0
hyperion-coordinator/internal/services/ai_settings_service.go:164.2,164.23 1 0
hyperion-coordinator/internal/services/ai_settings_service.go:168.150,182.16 4 0
hyperion-coordinator/internal/services/ai_settings_service.go:182.16,184.3 1 0
hyperion-coordinator/internal/services/ai_settings_service.go:186.2,192.22 2 0
hyperion-coordinator/internal/services/ai_settings_service.go:196.173,199.16 2 0
hyperion-coordinator/internal/services/ai_settings_service.go:199.16,201.3 1 0
hyperion-coordinator/internal/services/ai_settings_service.go:203.2,203.39 1 0
hyperion-coordinator/internal/services/ai_settings_service.go:203.39,205.3 1 0
hyperion-coordinator/internal/services/ai_settings_service.go:207.2,217.16 3 0
hyperion-coordinator/internal/services/ai_settings_service.go:217.16,219.3 1 0
hyperion-coordinator/internal/services/ai_settings_service.go:221.2,221.30 1 0
hyperion-coordinator/internal/services/ai_settings_service.go:221.30,223.3 1 0
hyperion-coordinator/internal/services/ai_settings_service.go:225.2,230.42 2 0
hyperion-coordinator/internal/services/ai_settings_service.go:234.120,237.16 2 0
hyperion-coordinator/internal/services/ai_settings_service.go:237.16,239.3 1 0
hyperion-coordinator/internal/services/ai_settings_service.go:241.2,241.31 1 0
hyperion-coordinator/internal/services/ai_settings_service.go:241.31,243.3 1 0
hyperion-coordinator/internal/services/ai_settings_service.go:246.2,247.16 2 0
hyperion-coordinator/internal/services/ai_settings_service.go:247.16,249.3 1 0
hyperion-coordinator/internal/services/ai_settings_service.go:251.2,251.30 1 0
hyperion-coordinator/internal/services/ai_settings_service.go:251.30,253.3 1 0
hyperion-coordinator/internal/services/ai_settings_service.go:255.2,259.12 2 0
hyperion-coordinator/internal/services/chat_service.go:25.83,42.16 4 0
hyperion-coordinator/internal/services/chat_service.go:42.16,44.3 1 0
hyperion-coordinator/internal/services/chat_service.go:47.2,50.16 2 0
hyperion-coordinator/internal/services/chat_service.go:50.16,52.3 1 0
hyperion-coordinator/internal/services/chat_service.go:55.2,61.16 2 0
hyperion-coordinator/internal/services/chat_service.go:61.16,63.3 1 0
hyperion-coordinator/internal/services/chat_service.go:65.2,66.21 2 0
hyperion-coordinator/internal/services/chat_service.go:70.120,82.16 4 0
hyperion-coordinator/internal/services/chat_service.go:82.16,84.3 1 0
hyperion-coordinator/internal/services/chat_service.go:86.2,91.21 2 0
hyperion-coordinator/internal/services/chat_service.go:95.156,107.16 4 0
hyperion-coordinator/internal/services/chat_service.go:107.16,109.3 1 0
hyperion-coordinator/internal/services/chat_service.go:111.2,116.21 2 0
hyperion-coordinator/internal/services/chat_service.go:120.116,129.16 4 0
hyperion-coordinator/internal/services/chat_service.go:129.16,131.3 1 0
hyperion-coordinator/internal/services/chat_service.go:132.2,135.51 3 0
hyperion-coordinator/internal/services/chat_service.go:135.51,137.3 1 0
hyperion-coordinator/internal/services/chat_service.go:139.2,139.22 1 0
hyperion-coordinator/internal/services/chat_service.go:143.132,151.16 4 0
hyperion-coordinator/internal/services/chat_service.go:151.16,152.34 1 0
hyperion-coordinator/internal/services/chat_service.go:152.34,154.4 1 0
hyperion-coordinator/internal/services/chat_service.go:155.3,155.69 1 0
hyperion-coordinator/internal/services/chat_service.go:158.2,158.22 1 0
hyperion-coordinator/internal/services/chat_service.go:162.120,165.16 2 0
hyperion-coordinator/internal/services/chat_service.go:165.16,167.3 1 0
hyperion-coordinator/internal/services/chat_service.go:169.2,169.30 1 0
hyperion-coordinator/internal/services/chat_service.go:169.30,171.3 1 0
hyperion-coordinator/internal/services/chat_service.go:174.2,175.16 2 0
hyperion-coordinator/internal/services/chat_service.go:175.16,177.3 1 0
hyperion-coordinator/internal/services/chat_service.go:180.2,181.16 2 0
hyperion-coordinator/internal/services/chat_service.go:181.16,183.3 1 0
hyperion-coordinator/internal/services/chat_service.go:185.2,185.30 1 0
hyperion-coordinator/internal/services/chat_service.go:185.30,187.3 1 0
hyperion-coordinator/internal/services/chat_service.go:189.2,193.12 2 0
hyperion-coordinator/internal/services/chat_service.go:197.160,200.16 2 0
hyperion-coordinator/internal/services/chat_service.go:200.16,202.3 1 0
hyperion-coordinator/internal/services/chat_service.go:204.2,208.16 3 0
hyperion-coordinator/internal/services/chat_service.go:208.16,210.3 1 0
hyperion-coordinator/internal/services/chat_service.go:213.2,219.16 3 0
hyperion-coordinator/internal/services/chat_service.go:219.16,221.3 1 0
hyperion-coordinator/internal/services/chat_service.go:222.2,225.51 3 0
hyperion-coordinator/internal/services/chat_service.go:225.51,227.3 1 0
hyperion-coordinator/internal/services/chat_service.go:229.2,237.22 2 0
hyperion-coordinator/internal/services/chat_service.go:241.155,244.16 2 0
hyperion-coordinator/internal/services/chat_service.go:244.16,246.3 1 0
hyperion-coordinator/internal/services/chat_service.go:248.2,257.16 3 0
hyperion-coordinator/internal/services/chat_service.go:257.16,259.3 1 0
hyperion-coordinator/internal/services/chat_service.go:262.2,267.16 2 0
hyperion-coordinator/internal/services/chat_service.go:267.16,269.3 1 0
hyperion-coordinator/internal/services/chat_service.go:271.2,271.21 1 0
hyperion-coordinator/internal/services/chat_service.go:275.123,280.16 4 0
hyperion-coordinator/internal/services/chat_service.go:280.16,282.3 1 0
hyperion-coordinator/internal/services/chat_service.go:283.2,286.51 3 0
hyperion-coordinator/internal/services/chat_service.go:286.51,288.3 1 0
hyperion-coordinator/internal/services/chat_service.go:290.2,290.22 1 0
hyperion-coordinator/internal/services/chat_service.go:294.192,297.16 2 0
hyperion-coordinator/internal/services/chat_service.go:297.16,299.3 1 0
hyperion-coordinator/internal/services/chat_service.go:301.2,315.16 3 0
hyperion-coordinator/internal/services/chat_service.go:315.16,317.3 1 0
hyperion-coordinator/internal/services/chat_service.go:320.2,325.16 2 0
hyperion-coordinator/internal/services/chat_service.go:325.16,327.3 1 0
hyperion-coordinator/internal/services/chat_service.go:329.2,329.21 1 0
hyperion-coordinator/internal/services/chat_service.go:333.220,336.16 2 0
hyperion-coordinator/internal/services/chat_service.go:336.16,338.3 1 0
hyperion-coordinator/internal/services/chat_service.go:340.2,341.20 2 0
hyperion-coordinator/internal/services/chat_service.go:341.20,343.3 1 0
hyperion-coordinator/internal/services/chat_service.go:345.2,361.16 3 0
hyperion-coordinator/internal/services/chat_service.go:361.16,363.3 1 0
hyperion-coordinator/internal/services/chat_service.go:366.2,371.16 2 0
hyperion-coordinator/internal/services/chat_service.go:371.16,373.3 1 0
hyperion-coordinator/internal/services/chat_service.go:375.2,375.21 1 0
hyperion-coordinator/internal/server/http_server.go:42.9,56.16 3 0
hyperion-coordinator/internal/server/http_server.go:56.16,59.3 2 0
hyperion-coordinator/internal/server/http_server.go:62.2,63.16 2 0
hyperion-coordinator/internal/server/http_server.go:63.16,66.3 2 0
hyperion-coordinator/internal/server/http_server.go:69.2,70.16 2 0
hyperion-coordinator/internal/server/http_server.go:70.16,73.3 2 0
hyperion-coordinator/internal/server/http_server.go:74.2,80.16 3 0
hyperion-coordinator/internal/server/http_server.go:80.16,83.3 2 0
hyperion-coordinator/internal/server/http_server.go:84.2,91.103 3 0
hyperion-coordinator/internal/server/http_server.go:91.103,94.3 2 0
hyperion-coordinator/internal/server/http_server.go:95.2,98.81 2 0
hyperion-coordinator/internal/server/http_server.go:98.81,101.3 2 0
hyperion-coordinator/internal/server/http_server.go:102.2,105.88 2 0
hyperion-coordinator/internal/server/http_server.go:105.88,108.3 2 0
hyperion-coordinator/internal/server/http_server.go:109.2,112.68 2 0
hyperion-coordinator/internal/server/http_server.go:112.68,115.3 2 0
hyperion-coordinator/internal/server/http_server.go:116.2,131.16 7 0
hyperion-coordinator/internal/server/http_server.go:131.16,134.3 2 0
hyperion-coordinator/internal/server/http_server.go:135.2,139.16 3 0
hyperion-coordinator/internal/server/http_server.go:139.16,142.3 2 0
hyperion-coordinator/internal/server/http_server.go:145.2,174.40 10 0
hyperion-coordinator/internal/server/http_server.go:174.40,180.3 1 0
hyperion-coordinator/internal/server/http_server.go:183.2,187.2 3 0
hyperion-coordinator/internal/server/http_server.go:187.2,193.3 2 0
hyperion-coordinator/internal/server/http_server.go:195.2,201.2 3 0
hyperion-coordinator/internal/server/http_server.go:201.2,203.3 1 0
hyperion-coordinator/internal/server/http_server.go:205.2,211.2 3 0
hyperion-coordinator/internal/server/http_server.go:211.2,213.3 1 0
hyperion-coordinator/internal/server/http_server.go:215.2,223.39 2 0
hyperion-coordinator/internal/server/http_server.go:223.39,226.4 1 0
hyperion-coordinator/internal/server/http_server.go:240.2,249.40 3 0
hyperion-coordinator/internal/server/http_server.go:249.40,255.34 3 0
hyperion-coordinator/internal/server/http_server.go:255.34,256.72 1 0
hyperion-coordinator/internal/server/http_server.go:256.72,259.19 2 0
hyperion-coordinator/internal/server/http_server.go:259.19,263.6 3 0
hyperion-coordinator/internal/server/http_server.go:265.4,265.60 1 0
hyperion-coordinator/internal/server/http_server.go:267.8,273.48 3 0
hyperion-coordinator/internal/server/http_server.go:273.48,275.39 1 0
hyperion-coordinator/internal/server/http_server.go:275.39,280.6 4 0
hyperion-coordinator/internal/server/http_server.go:282.4,282.40 1 0
hyperion-coordinator/internal/server/http_server.go:286.3,286.37 1 0
hyperion-coordinator/internal/server/http_server.go:286.37,288.39 1 0
hyperion-coordinator/internal/server/http_server.go:288.39,293.6 4 0
hyperion-coordinator/internal/server/http_server.go:295.4,295.40 1 0
hyperion-coordinator/internal/server/http_server.go:299.3,299.34 1 0
hyperion-coordinator/internal/server/http_server.go:299.34,301.4 1 0
hyperion-coordinator/internal/server/http_server.go:305.2,311.12 2 0
hyperion-coordinator/internal/server/http_server.go:311.12,317.77 2 0
hyperion-coordinator/internal/server/http_server.go:317.77,319.4 1 0
hyperion-coordinator/internal/server/http_server.go:323.2,330.50 5 0
hyperion-coordinator/internal/server/http_server.go:330.50,333.3 2 0
hyperion-coordinator/internal/server/http_server.go:335.2,336.12 2 0
hyperion-coordinator/ai-service/tools/bash_tool.go:39.34,41.2 1 0
hyperion-coordinator/ai-service/tools/bash_tool.go:44.41,46.2 1 0
hyperion-coordinator/ai-service/tools/bash_tool.go:49.76,51.66 2 1
hyperion-coordinator/ai-service/tools/bash_tool.go:51.66,53.3 1 1
hyperion-coordinator/ai-service/tools/bash_tool.go:56.2,56.48 1 1
hyperion-coordinator/ai-service/tools/bash_tool.go:56.48,58.3 1 1
hyperion-coordinator/ai-service/tools/bash_tool.go:61.2,62.46 2 1
hyperion-coordinator/ai-service/tools/bash_tool.go:62.46,63.44 1 1
hyperion-coordinator/ai-service/tools/bash_tool.go:63.44,65.4 1 1
hyperion-coordinator/ai-service/tools/bash_tool.go:69.2,70.18 2 1
hyperion-coordinator/ai-service/tools/bash_tool.go:70.18,72.3 1 1
hyperion-coordinator/ai-service/tools/bash_tool.go:75.2,85.45 7 1
hyperion-coordinator/ai-service/tools/bash_tool.go:85.45,87.3 1 1
hyperion-coordinator/ai-service/tools/bash_tool.go:89.2,93.16 2 1
hyperion-coordinator/ai-service/tools/bash_tool.go:93.16,94.47 1 1
hyperion-coordinator/ai-service/tools/bash_tool.go:94.47,98.4 3 1
hyperion-coordinator/ai-service/tools/bash_tool.go:98.9,100.4 1 0
hyperion-coordinator/ai-service/tools/bash_tool.go:101.8,104.3 2 1
hyperion-coordinator/ai-service/tools/bash_tool.go:106.2,107.16 2 1
hyperion-coordinator/ai-service/tools/bash_tool.go:107.16,109.3 1 0
hyperion-coordinator/ai-service/tools/bash_tool.go:111.2,111.28 1 1
hyperion-coordinator/ai-service/tools/file_tool.go:40.38,42.2 1 0
hyperion-coordinator/ai-service/tools/file_tool.go:45.45,47.2 1 0
hyperion-coordinator/ai-service/tools/file_tool.go:50.80,52.66 2 1
hyperion-coordinator/ai-service/tools/file_tool.go:52.66,54.3 1 0
hyperion-coordinator/ai-service/tools/file_tool.go:57.2,57.57 1 1
hyperion-coordinator/ai-service/tools/file_tool.go:57.57,59.3 1 1
hyperion-coordinator/ai-service/tools/file_tool.go:62.2,63.16 2 1
hyperion-coordinator/ai-service/tools/file_tool.go:63.16,65.3 1 1
hyperion-coordinator/ai-service/tools/file_tool.go:67.2,67.18 1 1
hyperion-coordinator/ai-service/tools/file_tool.go:67.18,69.3 1 1
hyperion-coordinator/ai-service/tools/file_tool.go:72.2,73.45 2 1
hyperion-coordinator/ai-service/tools/file_tool.go:73.45,75.3 1 1
hyperion-coordinator/ai-service/tools/file_tool.go:78.2,78.35 1 1
hyperion-coordinator/ai-service/tools/file_tool.go:78.35,80.3 1 1
hyperion-coordinator/ai-service/tools/file_tool.go:83.2,84.16 2 1
hyperion-coordinator/ai-service/tools/file_tool.go:84.16,86.3 1 0
hyperion-coordinator/ai-service/tools/file_tool.go:89.2,90.25 2 1
hyperion-coordinator/ai-service/tools/file_tool.go:90.25,92.3 1 1
hyperion-coordinator/ai-service/tools/file_tool.go:94.2,102.16 3 1
hyperion-coordinator/ai-service/tools/file_tool.go:102.16,104.3 1 0
hyperion-coordinator/ai-service/tools/file_tool.go:106.2,106.28 1 1
hyperion-coordinator/ai-service/tools/file_tool.go:126.39,128.2 1 0
hyperion-coordinator/ai-service/tools/file_tool.go:131.46,133.2 1 0
hyperion-coordinator/ai-service/tools/file_tool.go:136.81,138.67 2 1
hyperion-coordinator/ai-service/tools/file_tool.go:138.67,140.3 1 0
hyperion-coordinator/ai-service/tools/file_tool.go:143.2,143.58 1 1
hyperion-coordinator/ai-service/tools/file_tool.go:143.58,145.3 1 1
hyperion-coordinator/ai-service/tools/file_tool.go:148.2,149.38 2 1
hyperion-coordinator/ai-service/tools/file_tool.go:149.38,151.3 1 1
hyperion-coordinator/ai-service/tools/file_tool.go:154.2,154.27 1 1
hyperion-coordinator/ai-service/tools/file_tool.go:154.27,156.48 2 1
hyperion-coordinator/ai-service/tools/file_tool.go:156.48,158.4 1 0
hyperion-coordinator/ai-service/tools/file_tool.go:162.2,163.67 2 1
hyperion-coordinator/ai-service/tools/file_tool.go:163.67,165.3 1 0
hyperion-coordinator/ai-service/tools/file_tool.go:167.2,167.65 1 1
hyperion-coordinator/ai-service/tools/file_tool.go:167.65,170.3 2 0
hyperion-coordinator/ai-service/tools/file_tool.go:172.2,178.16 3 1
hyperion-coordinator/ai-service/tools/file_tool.go:178.16,180.3 1 0
hyperion-coordinator/ai-service/tools/file_tool.go:182.2,182.28 1 1
hyperion-coordinator/ai-service/tools/file_tool.go:213.43,215.2 1 0
hyperion-coordinator/ai-service/tools/file_tool.go:218.50,220.2 1 0
hyperion-coordinator/ai-service/tools/file_tool.go:223.85,225.66 2 1
hyperion-coordinator/ai-service/tools/file_tool.go:225.66,227.3 1 0
hyperion-coordinator/ai-service/tools/file_tool.go:230.2,230.53 1 1
hyperion-coordinator/ai-service/tools/file_tool.go:230.53,232.3 1 0
hyperion-coordinator/ai-service/tools/file_tool.go:235.2,236.16 2 1
hyperion-coordinator/ai-service/tools/file_tool.go:236.16,238.3 1 1
hyperion-coordinator/ai-service/tools/file_tool.go:240.2,240.19 1 1
hyperion-coordinator/ai-service/tools/file_tool.go:240.19,242.3 1 1
hyperion-coordinator/ai-service/tools/file_tool.go:244.2,246.25 2 1
hyperion-coordinator/ai-service/tools/file_tool.go:246.25,248.92 1 1
hyperion-coordinator/ai-service/tools/file_tool.go:248.92,249.18 1 1
hyperion-coordinator/ai-service/tools/file_tool.go:249.18,251.5 1 0
hyperion-coordinator/ai-service/tools/file_tool.go:254.4,254.91 1 1
hyperion-coordinator/ai-service/tools/file_tool.go:254.91,255.18 1 1
hyperion-coordinator/ai-service/tools/file_tool.go:255.18,257.6 1 0
hyperion-coordinator/ai-service/tools/file_tool.go:258.5,258.15 1 1
hyperion-coordinator/ai-service/tools/file_tool.go:262.4,263.18 2 1
hyperion-coordinator/ai-service/tools/file_tool.go:263.18,265.5 1 0
hyperion-coordinator/ai-service/tools/file_tool.go:267.4,277.37 2 1
hyperion-coordinator/ai-service/tools/file_tool.go:277.37,279.5 1 0
hyperion-coordinator/ai-service/tools/file_tool.go:281.4,281.14 1 1
hyperion-coordinator/ai-service/tools/file_tool.go:284.3,284.34 1 1
hyperion-coordinator/ai-service/tools/file_tool.go:284.34,286.4 1 0
hyperion-coordinator/ai-service/tools/file_tool.go:287.8,290.17 2 1
hyperion-coordinator/ai-service/tools/file_tool.go:290.17,292.4 1 0
hyperion-coordinator/ai-service/tools/file_tool.go:294.3,294.32 1 1
hyperion-coordinator/ai-service/tools/file_tool.go:294.32,296.65 1 1
hyperion-coordinator/ai-service/tools/file_tool.go:296.65,297.13 1 1
hyperion-coordinator/ai-service/tools/file_tool.go:300.4,301.18 2 1
hyperion-coordinator/ai-service/tools/file_tool.go:301.18,302.13 1 0
hyperion-coordinator/ai-service/tools/file_tool.go:305.4,316.37 3 1
hyperion-coordinator/ai-service/tools/file_tool.go:316.37,317.10 1 0
hyperion-coordinator/ai-service/tools/file_tool.go:323.2,323.42 1 1
hyperion-coordinator/ai-service/tools/file_tool.go:323.42,325.3 1 1
hyperion-coordinator/ai-service/tools/file_tool.go:327.2,334.16 3 1
hyperion-coordinator/ai-service/tools/file_tool.go:334.16,336.3 1 0
hyperion-coordinator/ai-service/tools/file_tool.go:338.2,338.28 1 1
hyperion-coordinator/ai-service/tools/file_tool.go:342.38,344.35 1 1
hyperion-coordinator/ai-service/tools/file_tool.go:344.35,346.3 1 0
hyperion-coordinator/ai-service/tools/file_tool.go:349.2,349.34 1 1
hyperion-coordinator/ai-service/tools/file_tool.go:349.34,351.3 1 1
hyperion-coordinator/ai-service/tools/file_tool.go:354.2,355.16 2 1
hyperion-coordinator/ai-service/tools/file_tool.go:355.16,357.3 1 0
hyperion-coordinator/ai-service/tools/file_tool.go:360.2,361.23 2 1
hyperion-coordinator/ai-service/tools/file_tool.go:361.23,363.55 2 0
hyperion-coordinator/ai-service/tools/file_tool.go:363.55,364.39 1 0
hyperion-coordinator/ai-service/tools/file_tool.go:364.39,366.10 2 0
hyperion-coordinator/ai-service/tools/file_tool.go:369.3,369.15 1 0
hyperion-coordinator/ai-service/tools/file_tool.go:369.15,371.4 1 0
hyperion-coordinator/ai-service/tools/file_tool.go:374.2,374.12 1 1
hyperion-coordinator/ai-service/tools/filesystem_registration.go:16.42,18.2 1 0
hyperion-coordinator/ai-service/tools/filesystem_registration.go:20.49,22.2 1 0
hyperion-coordinator/ai-service/tools/filesystem_registration.go:24.65,39.2 1 0
hyperion-coordinator/ai-service/tools/filesystem_registration.go:41.108,44.16 2 0
hyperion-coordinator/ai-service/tools/filesystem_registration.go:44.16,46.3 1 0
hyperion-coordinator/ai-service/tools/filesystem_registration.go:49.2,50.16 2 0
hyperion-coordinator/ai-service/tools/filesystem_registration.go:50.16,52.3 1 0
hyperion-coordinator/ai-service/tools/filesystem_registration.go:55.2,56.64 2 0
hyperion-coordinator/ai-service/tools/filesystem_registration.go:56.64,58.3 1 0
hyperion-coordinator/ai-service/tools/filesystem_registration.go:60.2,60.20 1 0
hyperion-coordinator/ai-service/tools/filesystem_registration.go:68.46,70.2 1 0
hyperion-coordinator/ai-service/tools/filesystem_registration.go:72.53,74.2 1 0
hyperion-coordinator/ai-service/tools/filesystem_registration.go:76.69,87.2 1 0
hyperion-coordinator/ai-service/tools/filesystem_registration.go:89.112,91.16 2 0
hyperion-coordinator/ai-service/tools/filesystem_registration.go:91.16,93.3 1 0
hyperion-coordinator/ai-service/tools/filesystem_registration.go:95.2,96.16 2 0
hyperion-coordinator/ai-service/tools/filesystem_registration.go:96.16,98.3 1 0
hyperion-coordinator/ai-service/tools/filesystem_registration.go:100.2,101.64 2 0
hyperion-coordinator/ai-service/tools/filesystem_registration.go:101.64,103.3 1 0
hyperion-coordinator/ai-service/tools/filesystem_registration.go:105.2,105.20 1 0
hyperion-coordinator/ai-service/tools/filesystem_registration.go:113.47,115.2 1 0
hyperion-coordinator/ai-service/tools/filesystem_registration.go:117.54,119.2 1 0
hyperion-coordinator/ai-service/tools/filesystem_registration.go:121.70,136.2 1 0
hyperion-coordinator/ai-service/tools/filesystem_registration.go:138.113,140.16 2 0
hyperion-coordinator/ai-service/tools/filesystem_registration.go:140.16,142.3 1 0
hyperion-coordinator/ai-service/tools/filesystem_registration.go:144.2,145.16 2 0
hyperion-coordinator/ai-service/tools/filesystem_registration.go:145.16,147.3 1 0
hyperion-coordinator/ai-service/tools/filesystem_registration.go:149.2,150.64 2 0
hyperion-coordinator/ai-service/tools/filesystem_registration.go:150.64,152.3 1 0
hyperion-coordinator/ai-service/tools/filesystem_registration.go:154.2,154.20 1 0
hyperion-coordinator/ai-service/tools/filesystem_registration.go:162.51,164.2 1 0
hyperion-coordinator/ai-service/tools/filesystem_registration.go:166.58,168.2 1 0
hyperion-coordinator/ai-service/tools/filesystem_registration.go:170.74,185.2 1 0
hyperion-coordinator/ai-service/tools/filesystem_registration.go:187.117,189.16 2 0
hyperion-coordinator/ai-service/tools/filesystem_registration.go:189.16,191.3 1 0
hyperion-coordinator/ai-service/tools/filesystem_registration.go:193.2,194.16 2 0
hyperion-coordinator/ai-service/tools/filesystem_registration.go:194.16,196.3 1 0
hyperion-coordinator/ai-service/tools/filesystem_registration.go:198.2,199.64 2 0
hyperion-coordinator/ai-service/tools/filesystem_registration.go:199.64,201.3 1 0
hyperion-coordinator/ai-service/tools/filesystem_registration.go:203.2,203.20 1 0
hyperion-coordinator/ai-service/tools/filesystem_registration.go:211.48,213.2 1 0
hyperion-coordinator/ai-service/tools/filesystem_registration.go:215.55,217.2 1 0
hyperion-coordinator/ai-service/tools/filesystem_registration.go:219.71,234.2 1 0
hyperion-coordinator/ai-service/tools/filesystem_registration.go:236.114,238.16 2 0
hyperion-coordinator/ai-service/tools/filesystem_registration.go:238.16,240.3 1 0
hyperion-coordinator/ai-service/tools/filesystem_registration.go:242.2,243.16 2 0
hyperion-coordinator/ai-service/tools/filesystem_registration.go:243.16,245.3 1 0
hyperion-coordinator/ai-service/tools/filesystem_registration.go:247.2,248.64 2 0
hyperion-coordinator/ai-service/tools/filesystem_registration.go:248.64,250.3 1 0
hyperion-coordinator/ai-service/tools/filesystem_registration.go:252.2,252.20 1 0
hyperion-coordinator/ai-service/tools/filesystem_registration.go:257.70,266.29 2 0
hyperion-coordinator/ai-service/tools/filesystem_registration.go:266.29,267.49 1 0
hyperion-coordinator/ai-service/tools/filesystem_registration.go:267.49,269.4 1 0
hyperion-coordinator/ai-service/tools/filesystem_registration.go:272.2,272.12 1 0
hyperion-coordinator/ai-service/tools/patch_tool.go:40.40,42.2 1 0
hyperion-coordinator/ai-service/tools/patch_tool.go:45.47,47.2 1 0
hyperion-coordinator/ai-service/tools/patch_tool.go:50.82,52.67 2 1
hyperion-coordinator/ai-service/tools/patch_tool.go:52.67,54.3 1 1
hyperion-coordinator/ai-service/tools/patch_tool.go:57.2,57.58 1 1
hyperion-coordinator/ai-service/tools/patch_tool.go:57.58,59.3 1 0
hyperion-coordinator/ai-service/tools/patch_tool.go:62.2,62.56 1 1
hyperion-coordinator/ai-service/tools/patch_tool.go:62.56,64.3 1 0
hyperion-coordinator/ai-service/tools/patch_tool.go:67.2,68.16 2 1
hyperion-coordinator/ai-service/tools/patch_tool.go:68.16,70.3 1 0
hyperion-coordinator/ai-service/tools/patch_tool.go:72.2,76.16 3 1
hyperion-coordinator/ai-service/tools/patch_tool.go:76.16,83.3 3 0
hyperion-coordinator/ai-service/tools/patch_tool.go:86.2,91.29 5 1
hyperion-coordinator/ai-service/tools/patch_tool.go:91.29,93.57 1 1
hyperion-coordinator/ai-service/tools/patch_tool.go:93.57,96.4 2 1
hyperion-coordinator/ai-service/tools/patch_tool.go:99.3,100.17 2 1
hyperion-coordinator/ai-service/tools/patch_tool.go:100.17,102.12 2 1
hyperion-coordinator/ai-service/tools/patch_tool.go:105.3,107.26 3 1
hyperion-coordinator/ai-service/tools/patch_tool.go:111.2,111.27 1 1
hyperion-coordinator/ai-service/tools/patch_tool.go:111.27,114.3 2 1
hyperion-coordinator/ai-service/tools/patch_tool.go:117.2,117.44 1 1
hyperion-coordinator/ai-service/tools/patch_tool.go:117.44,119.85 2 1
hyperion-coordinator/ai-service/tools/patch_tool.go:119.85,121.4 1 0
hyperion-coordinator/ai-service/tools/patch_tool.go:124.2,131.16 3 1
hyperion-coordinator/ai-service/tools/patch_tool.go:131.16,133.3 1 0
hyperion-coordinator/ai-service/tools/patch_tool.go:135.2,135.32 1 1
hyperion-coordinator/ai-service/tools/patch_tool.go:139.47,143.21 3 1
hyperion-coordinator/ai-service/tools/patch_tool.go:143.21,147.36 2 1
hyperion-coordinator/ai-service/tools/patch_tool.go:147.36,149.22 2 1
hyperion-coordinator/ai-service/tools/patch_tool.go:149.22,150.13 1 0
hyperion-coordinator/ai-service/tools/patch_tool.go:153.4,155.23 3 1
hyperion-coordinator/ai-service/tools/patch_tool.go:155.23,156.13 1 0
hyperion-coordinator/ai-service/tools/patch_tool.go:159.4,163.39 3 1
hyperion-coordinator/ai-service/tools/patch_tool.go:163.39,167.5 3 1
hyperion-coordinator/ai-service/tools/patch_tool.go:167.10,170.5 2 0
hyperion-coordinator/ai-service/tools/patch_tool.go:173.4,174.39 2 1
hyperion-coordinator/ai-service/tools/patch_tool.go:174.39,178.5 3 1
hyperion-coordinator/ai-service/tools/patch_tool.go:178.10,181.5 2 0
hyperion-coordinator/ai-service/tools/patch_tool.go:184.4,185.23 2 1
hyperion-coordinator/ai-service/tools/patch_tool.go:185.23,187.158 2 1
hyperion-coordinator/ai-service/tools/patch_tool.go:187.158,189.11 1 0
hyperion-coordinator/ai-service/tools/patch_tool.go:191.5,191.46 1 1
hyperion-coordinator/ai-service/tools/patch_tool.go:194.4,194.31 1 1
hyperion-coordinator/ai-service/tools/patch_tool.go:198.2,198.38 1 1
hyperion-coordinator/ai-service/tools/patch_tool.go:198.38,200.3 1 0
hyperion-coordinator/ai-service/tools/patch_tool.go:202.2,202.21 1 1
hyperion-coordinator/ai-service/tools/patch_tool.go:202.21,204.3 1 0
hyperion-coordinator/ai-service/tools/patch_tool.go:206.2,206.19 1 1
hyperion-coordinator/ai-service/tools/patch_tool.go:210.80,215.34 4 1
hyperion-coordinator/ai-service/tools/patch_tool.go:215.34,216.21 1 1
hyperion-coordinator/ai-service/tools/patch_tool.go:216.21,217.12 1 0
hyperion-coordinator/ai-service/tools/patch_tool.go:220.3,220.18 1 1
hyperion-coordinator/ai-service/tools/patch_tool.go:221.12,223.37 1 1
hyperion-coordinator/ai-service/tools/patch_tool.go:223.37,225.5 1 0
hyperion-coordinator/ai-service/tools/patch_tool.go:226.4,226.80 1 1
hyperion-coordinator/ai-service/tools/patch_tool.go:226.80,229.5 1 0
hyperion-coordinator/ai-service/tools/patch_tool.go:230.4,231.12 2 1
hyperion-coordinator/ai-service/tools/patch_tool.go:233.12,235.37 1 1
hyperion-coordinator/ai-service/tools/patch_tool.go:235.37,237.5 1 0
hyperion-coordinator/ai-service/tools/patch_tool.go:239.4,239.97 1 1
hyperion-coordinator/ai-service/tools/patch_tool.go:239.97,242.5 1 1
hyperion-coordinator/ai-service/tools/patch_tool.go:243.4,244.13 2 1
hyperion-coordinator/ai-service/tools/patch_tool.go:246.12,249.13 2 1
hyperion-coordinator/ai-service/tools/patch_tool.go:251.11,253.12 1 0
hyperion-coordinator/ai-service/tools/patch_tool.go:257.2,257.29 1 1
