mode: set
hyper/internal/handlers/ai_settings_handler.go:21.113,26.2 1 0
hyper/internal/handlers/ai_settings_handler.go:29.88,32.13 2 0
hyper/internal/handlers/ai_settings_handler.go:32.13,38.3 1 0
hyper/internal/handlers/ai_settings_handler.go:40.2,41.13 2 0
hyper/internal/handlers/ai_settings_handler.go:41.13,47.3 1 0
hyper/internal/handlers/ai_settings_handler.go:49.2,50.25 2 0
hyper/internal/handlers/ai_settings_handler.go:50.25,56.3 1 0
hyper/internal/handlers/ai_settings_handler.go:58.2,59.28 2 0
hyper/internal/handlers/ai_settings_handler.go:59.28,65.3 1 0
hyper/internal/handlers/ai_settings_handler.go:67.2,67.31 1 0
hyper/internal/handlers/ai_settings_handler.go:72.61,74.16 2 0
hyper/internal/handlers/ai_settings_handler.go:74.16,77.3 2 0
hyper/internal/handlers/ai_settings_handler.go:79.2,80.16 2 0
hyper/internal/handlers/ai_settings_handler.go:80.16,84.3 3 0
hyper/internal/handlers/ai_settings_handler.go:86.2,88.4 1 0
hyper/internal/handlers/ai_settings_handler.go:93.64,95.16 2 0
hyper/internal/handlers/ai_settings_handler.go:95.16,98.3 2 0
hyper/internal/handlers/ai_settings_handler.go:100.2,101.47 2 0
hyper/internal/handlers/ai_settings_handler.go:101.47,104.3 2 0
hyper/internal/handlers/ai_settings_handler.go:106.2,107.16 2 0
hyper/internal/handlers/ai_settings_handler.go:107.16,111.3 3 0
hyper/internal/handlers/ai_settings_handler.go:113.2,116.4 1 0
hyper/internal/handlers/ai_settings_handler.go:121.59,123.16 2 0
hyper/internal/handlers/ai_settings_handler.go:123.16,126.3 2 0
hyper/internal/handlers/ai_settings_handler.go:128.2,129.16 2 0
hyper/internal/handlers/ai_settings_handler.go:129.16,133.3 3 0
hyper/internal/handlers/ai_settings_handler.go:135.2,138.4 1 0
hyper/internal/handlers/ai_settings_handler.go:143.57,145.16 2 0
hyper/internal/handlers/ai_settings_handler.go:145.16,148.3 2 0
hyper/internal/handlers/ai_settings_handler.go:150.2,152.16 3 0
hyper/internal/handlers/ai_settings_handler.go:152.16,155.3 2 0
hyper/internal/handlers/ai_settings_handler.go:157.2,158.16 2 0
hyper/internal/handlers/ai_settings_handler.go:158.16,161.3 2 0
hyper/internal/handlers/ai_settings_handler.go:163.2,163.52 1 0
hyper/internal/handlers/ai_settings_handler.go:168.60,170.16 2 0
hyper/internal/handlers/ai_settings_handler.go:170.16,173.3 2 0
hyper/internal/handlers/ai_settings_handler.go:175.2,176.47 2 0
hyper/internal/handlers/ai_settings_handler.go:176.47,179.3 2 0
hyper/internal/handlers/ai_settings_handler.go:181.2,189.16 2 0
hyper/internal/handlers/ai_settings_handler.go:189.16,193.3 3 0
hyper/internal/handlers/ai_settings_handler.go:195.2,195.57 1 0
hyper/internal/handlers/ai_settings_handler.go:200.60,202.16 2 0
hyper/internal/handlers/ai_settings_handler.go:202.16,205.3 2 0
hyper/internal/handlers/ai_settings_handler.go:207.2,209.16 3 0
hyper/internal/handlers/ai_settings_handler.go:209.16,212.3 2 0
hyper/internal/handlers/ai_settings_handler.go:214.2,215.47 2 0
hyper/internal/handlers/ai_settings_handler.go:215.47,218.3 2 0
hyper/internal/handlers/ai_settings_handler.go:220.2,229.16 2 0
hyper/internal/handlers/ai_settings_handler.go:229.16,231.70 2 0
hyper/internal/handlers/ai_settings_handler.go:231.70,233.4 1 0
hyper/internal/handlers/ai_settings_handler.go:233.9,233.66 1 0
hyper/internal/handlers/ai_settings_handler.go:233.66,235.4 1 0
hyper/internal/handlers/ai_settings_handler.go:235.9,237.4 1 0
hyper/internal/handlers/ai_settings_handler.go:238.3,238.9 1 0
hyper/internal/handlers/ai_settings_handler.go:241.2,241.52 1 0
hyper/internal/handlers/ai_settings_handler.go:246.60,248.16 2 0
hyper/internal/handlers/ai_settings_handler.go:248.16,251.3 2 0
hyper/internal/handlers/ai_settings_handler.go:253.2,255.16 3 0
hyper/internal/handlers/ai_settings_handler.go:255.16,258.3 2 0
hyper/internal/handlers/ai_settings_handler.go:260.2,261.16 2 0
hyper/internal/handlers/ai_settings_handler.go:261.16,263.70 2 0
hyper/internal/handlers/ai_settings_handler.go:263.70,265.4 1 0
hyper/internal/handlers/ai_settings_handler.go:265.9,265.66 1 0
hyper/internal/handlers/ai_settings_handler.go:265.66,267.4 1 0
hyper/internal/handlers/ai_settings_handler.go:267.9,269.4 1 0
hyper/internal/handlers/ai_settings_handler.go:270.3,270.9 1 0
hyper/internal/handlers/ai_settings_handler.go:273.2,276.4 1 0
hyper/internal/handlers/ai_settings_handler.go:285.70,287.16 2 0
hyper/internal/handlers/ai_settings_handler.go:287.16,290.3 2 0
hyper/internal/handlers/ai_settings_handler.go:292.2,293.16 2 0
hyper/internal/handlers/ai_settings_handler.go:293.16,297.3 3 0
hyper/internal/handlers/ai_settings_handler.go:299.2,302.4 1 0
hyper/internal/handlers/ai_settings_handler.go:307.68,309.16 2 0
hyper/internal/handlers/ai_settings_handler.go:309.16,312.3 2 0
hyper/internal/handlers/ai_settings_handler.go:314.2,316.16 3 0
hyper/internal/handlers/ai_settings_handler.go:316.16,319.3 2 0
hyper/internal/handlers/ai_settings_handler.go:321.2,322.16 2 0
hyper/internal/handlers/ai_settings_handler.go:322.16,325.3 2 0
hyper/internal/handlers/ai_settings_handler.go:327.2,327.50 1 0
hyper/internal/handlers/ai_settings_handler.go:332.71,334.16 2 0
hyper/internal/handlers/ai_settings_handler.go:334.16,337.3 2 0
hyper/internal/handlers/ai_settings_handler.go:339.2,340.47 2 0
hyper/internal/handlers/ai_settings_handler.go:340.47,343.3 2 0
hyper/internal/handlers/ai_settings_handler.go:345.2,353.16 2 0
hyper/internal/handlers/ai_settings_handler.go:353.16,357.3 3 0
hyper/internal/handlers/ai_settings_handler.go:359.2,359.55 1 0
hyper/internal/handlers/ai_settings_handler.go:364.73,366.16 2 0
hyper/internal/handlers/ai_settings_handler.go:366.16,369.3 2 0
hyper/internal/handlers/ai_settings_handler.go:371.2,373.16 3 0
hyper/internal/handlers/ai_settings_handler.go:373.16,376.3 2 0
hyper/internal/handlers/ai_settings_handler.go:378.2,379.16 2 0
hyper/internal/handlers/ai_settings_handler.go:379.16,381.69 2 0
hyper/internal/handlers/ai_settings_handler.go:381.69,383.4 1 0
hyper/internal/handlers/ai_settings_handler.go:383.9,383.80 1 0
hyper/internal/handlers/ai_settings_handler.go:383.80,385.4 1 0
hyper/internal/handlers/ai_settings_handler.go:385.9,387.4 1 0
hyper/internal/handlers/ai_settings_handler.go:388.3,388.9 1 0
hyper/internal/handlers/ai_settings_handler.go:391.2,394.4 1 0
hyper/internal/handlers/ai_settings_handler.go:399.71,401.16 2 0
hyper/internal/handlers/ai_settings_handler.go:401.16,404.3 2 0
hyper/internal/handlers/ai_settings_handler.go:406.2,408.16 3 0
hyper/internal/handlers/ai_settings_handler.go:408.16,411.3 2 0
hyper/internal/handlers/ai_settings_handler.go:413.2,414.16 2 0
hyper/internal/handlers/ai_settings_handler.go:414.16,416.69 2 0
hyper/internal/handlers/ai_settings_handler.go:416.69,418.4 1 0
hyper/internal/handlers/ai_settings_handler.go:418.9,418.78 1 0
hyper/internal/handlers/ai_settings_handler.go:418.78,420.4 1 0
hyper/internal/handlers/ai_settings_handler.go:420.9,420.96 1 0
hyper/internal/handlers/ai_settings_handler.go:420.96,422.4 1 0
hyper/internal/handlers/ai_settings_handler.go:422.9,424.4 1 0
hyper/internal/handlers/ai_settings_handler.go:425.3,425.9 1 0
hyper/internal/handlers/ai_settings_handler.go:428.2,431.4 1 0
hyper/internal/handlers/ai_settings_handler.go:436.68,438.16 2 0
hyper/internal/handlers/ai_settings_handler.go:438.16,442.3 3 0
hyper/internal/handlers/ai_settings_handler.go:444.2,446.4 1 0
hyper/internal/handlers/ai_settings_handler.go:450.74,469.2 13 0
hyper/internal/handlers/chat_handler.go:18.47,20.2 1 0
hyper/internal/handlers/chat_handler.go:29.89,34.2 1 0
hyper/internal/handlers/chat_handler.go:37.82,40.13 2 0
hyper/internal/handlers/chat_handler.go:40.13,46.3 1 0
hyper/internal/handlers/chat_handler.go:48.2,49.13 2 0
hyper/internal/handlers/chat_handler.go:49.13,55.3 1 0
hyper/internal/handlers/chat_handler.go:57.2,58.25 2 0
hyper/internal/handlers/chat_handler.go:58.25,64.3 1 0
hyper/internal/handlers/chat_handler.go:66.2,67.28 2 0
hyper/internal/handlers/chat_handler.go:67.28,73.3 1 0
hyper/internal/handlers/chat_handler.go:75.2,75.31 1 0
hyper/internal/handlers/chat_handler.go:80.53,82.16 2 0
hyper/internal/handlers/chat_handler.go:82.16,85.3 2 0
hyper/internal/handlers/chat_handler.go:87.2,88.47 2 0
hyper/internal/handlers/chat_handler.go:88.47,91.3 2 0
hyper/internal/handlers/chat_handler.go:93.2,94.16 2 0
hyper/internal/handlers/chat_handler.go:94.16,98.3 3 0
hyper/internal/handlers/chat_handler.go:100.2,100.55 1 0
hyper/internal/handlers/chat_handler.go:105.56,107.16 2 0
hyper/internal/handlers/chat_handler.go:107.16,110.3 2 0
hyper/internal/handlers/chat_handler.go:112.2,113.16 2 0
hyper/internal/handlers/chat_handler.go:113.16,117.3 3 0
hyper/internal/handlers/chat_handler.go:119.2,122.4 1 0
hyper/internal/handlers/chat_handler.go:127.50,129.16 2 0
hyper/internal/handlers/chat_handler.go:129.16,132.3 2 0
hyper/internal/handlers/chat_handler.go:134.2,136.16 3 0
hyper/internal/handlers/chat_handler.go:136.16,139.3 2 0
hyper/internal/handlers/chat_handler.go:141.2,142.16 2 0
hyper/internal/handlers/chat_handler.go:142.16,145.3 2 0
hyper/internal/handlers/chat_handler.go:147.2,147.50 1 0
hyper/internal/handlers/chat_handler.go:152.53,154.16 2 0
hyper/internal/handlers/chat_handler.go:154.16,157.3 2 0
hyper/internal/handlers/chat_handler.go:159.2,161.16 3 0
hyper/internal/handlers/chat_handler.go:161.16,164.3 2 0
hyper/internal/handlers/chat_handler.go:166.2,167.16 2 0
hyper/internal/handlers/chat_handler.go:167.16,171.3 3 0
hyper/internal/handlers/chat_handler.go:173.2,176.4 1 0
hyper/internal/handlers/chat_handler.go:180.119,183.16 2 0
hyper/internal/handlers/chat_handler.go:183.16,185.3 1 0
hyper/internal/handlers/chat_handler.go:188.2,188.35 1 0
hyper/internal/handlers/chat_handler.go:188.35,189.41 1 0
hyper/internal/handlers/chat_handler.go:189.41,191.4 1 0
hyper/internal/handlers/chat_handler.go:195.2,196.16 2 0
hyper/internal/handlers/chat_handler.go:196.16,198.3 1 0
hyper/internal/handlers/chat_handler.go:200.2,204.24 2 0
hyper/internal/handlers/chat_handler.go:209.53,211.16 2 0
hyper/internal/handlers/chat_handler.go:211.16,214.3 2 0
hyper/internal/handlers/chat_handler.go:216.2,218.16 3 0
hyper/internal/handlers/chat_handler.go:218.16,221.3 2 0
hyper/internal/handlers/chat_handler.go:223.2,224.47 2 0
hyper/internal/handlers/chat_handler.go:224.47,227.3 2 0
hyper/internal/handlers/chat_handler.go:229.2,230.16 2 0
hyper/internal/handlers/chat_handler.go:230.16,234.3 3 0
hyper/internal/handlers/chat_handler.go:236.2,236.57 1 0
hyper/internal/handlers/chat_handler.go:241.65,243.16 2 0
hyper/internal/handlers/chat_handler.go:243.16,246.3 2 0
hyper/internal/handlers/chat_handler.go:248.2,250.16 3 0
hyper/internal/handlers/chat_handler.go:250.16,253.3 2 0
hyper/internal/handlers/chat_handler.go:255.2,258.47 2 0
hyper/internal/handlers/chat_handler.go:258.47,261.3 2 0
hyper/internal/handlers/chat_handler.go:263.2,264.16 2 0
hyper/internal/handlers/chat_handler.go:264.16,268.3 3 0
hyper/internal/handlers/chat_handler.go:270.2,274.4 1 0
hyper/internal/handlers/chat_handler.go:279.68,281.16 2 0
hyper/internal/handlers/chat_handler.go:281.16,284.3 2 0
hyper/internal/handlers/chat_handler.go:286.2,288.16 3 0
hyper/internal/handlers/chat_handler.go:288.16,291.3 2 0
hyper/internal/handlers/chat_handler.go:293.2,296.47 2 0
hyper/internal/handlers/chat_handler.go:296.47,299.3 2 0
hyper/internal/handlers/chat_handler.go:301.2,302.16 2 0
hyper/internal/handlers/chat_handler.go:302.16,306.3 3 0
hyper/internal/handlers/chat_handler.go:308.2,312.4 1 0
hyper/internal/handlers/chat_handler.go:317.51,319.16 2 0
hyper/internal/handlers/chat_handler.go:319.16,322.3 2 0
hyper/internal/handlers/chat_handler.go:324.2,328.39 3 0
hyper/internal/handlers/chat_handler.go:328.39,330.17 2 0
hyper/internal/handlers/chat_handler.go:330.17,334.4 3 0
hyper/internal/handlers/chat_handler.go:335.8,338.17 2 0
hyper/internal/handlers/chat_handler.go:338.17,341.4 2 0
hyper/internal/handlers/chat_handler.go:345.2,348.50 3 0
hyper/internal/handlers/chat_handler.go:348.50,349.64 1 0
hyper/internal/handlers/chat_handler.go:349.64,351.19 2 0
hyper/internal/handlers/chat_handler.go:351.19,353.5 1 0
hyper/internal/handlers/chat_handler.go:357.2,357.53 1 0
hyper/internal/handlers/chat_handler.go:357.53,358.66 1 0
hyper/internal/handlers/chat_handler.go:358.66,360.4 1 0
hyper/internal/handlers/chat_handler.go:363.2,364.16 2 0
hyper/internal/handlers/chat_handler.go:364.16,367.3 2 0
hyper/internal/handlers/chat_handler.go:369.2,369.33 1 0
hyper/internal/handlers/chat_handler.go:374.58,376.16 2 0
hyper/internal/handlers/chat_handler.go:376.16,379.3 2 0
hyper/internal/handlers/chat_handler.go:381.2,383.16 3 0
hyper/internal/handlers/chat_handler.go:383.16,386.3 2 0
hyper/internal/handlers/chat_handler.go:388.2,391.47 2 0
hyper/internal/handlers/chat_handler.go:391.47,394.3 2 0
hyper/internal/handlers/chat_handler.go:397.2,398.16 2 0
hyper/internal/handlers/chat_handler.go:398.16,401.3 2 0
hyper/internal/handlers/chat_handler.go:402.2,402.30 1 0
hyper/internal/handlers/chat_handler.go:402.30,405.3 2 0
hyper/internal/handlers/chat_handler.go:408.2,409.52 2 0
hyper/internal/handlers/chat_handler.go:409.52,411.17 2 0
hyper/internal/handlers/chat_handler.go:411.17,414.4 2 0
hyper/internal/handlers/chat_handler.go:415.3,415.22 1 0
hyper/internal/handlers/chat_handler.go:419.2,420.16 2 0
hyper/internal/handlers/chat_handler.go:420.16,424.3 3 0
hyper/internal/handlers/chat_handler.go:426.2,429.4 1 0
hyper/internal/handlers/chat_handler.go:434.56,436.16 2 0
hyper/internal/handlers/chat_handler.go:436.16,439.3 2 0
hyper/internal/handlers/chat_handler.go:441.2,443.16 3 0
hyper/internal/handlers/chat_handler.go:443.16,446.3 2 0
hyper/internal/handlers/chat_handler.go:449.2,450.16 2 0
hyper/internal/handlers/chat_handler.go:450.16,453.3 2 0
hyper/internal/handlers/chat_handler.go:454.2,454.30 1 0
hyper/internal/handlers/chat_handler.go:454.30,457.3 2 0
hyper/internal/handlers/chat_handler.go:460.2,461.16 2 0
hyper/internal/handlers/chat_handler.go:461.16,465.3 3 0
hyper/internal/handlers/chat_handler.go:467.2,475.4 1 0
hyper/internal/handlers/chat_handler.go:480.62,482.16 2 0
hyper/internal/handlers/chat_handler.go:482.16,485.3 2 0
hyper/internal/handlers/chat_handler.go:487.2,489.16 3 0
hyper/internal/handlers/chat_handler.go:489.16,492.3 2 0
hyper/internal/handlers/chat_handler.go:495.2,496.16 2 0
hyper/internal/handlers/chat_handler.go:496.16,499.3 2 0
hyper/internal/handlers/chat_handler.go:500.2,500.30 1 0
hyper/internal/handlers/chat_handler.go:500.30,503.3 2 0
hyper/internal/handlers/chat_handler.go:505.2,508.47 2 0
hyper/internal/handlers/chat_handler.go:508.47,511.3 2 0
hyper/internal/handlers/chat_handler.go:515.2,517.39 3 0
hyper/internal/handlers/chat_handler.go:517.39,519.36 1 0
hyper/internal/handlers/chat_handler.go:519.36,521.4 1 0
hyper/internal/handlers/chat_handler.go:521.9,523.4 1 0
hyper/internal/handlers/chat_handler.go:527.2,527.31 1 0
hyper/internal/handlers/chat_handler.go:527.31,536.3 2 0
hyper/internal/handlers/chat_handler.go:539.2,540.40 2 0
hyper/internal/handlers/chat_handler.go:540.40,542.17 2 0
hyper/internal/handlers/chat_handler.go:542.17,545.4 2 0
hyper/internal/handlers/chat_handler.go:546.3,546.21 1 0
hyper/internal/handlers/chat_handler.go:550.2,551.16 2 0
hyper/internal/handlers/chat_handler.go:551.16,555.3 3 0
hyper/internal/handlers/chat_handler.go:558.2,559.16 2 0
hyper/internal/handlers/chat_handler.go:559.16,561.3 1 0
hyper/internal/handlers/chat_handler.go:563.2,569.4 1 0
hyper/internal/handlers/chat_handler.go:574.64,576.16 2 0
hyper/internal/handlers/chat_handler.go:576.16,579.3 2 0
hyper/internal/handlers/chat_handler.go:581.2,583.16 3 0
hyper/internal/handlers/chat_handler.go:583.16,586.3 2 0
hyper/internal/handlers/chat_handler.go:589.2,590.16 2 0
hyper/internal/handlers/chat_handler.go:590.16,593.3 2 0
hyper/internal/handlers/chat_handler.go:594.2,594.30 1 0
hyper/internal/handlers/chat_handler.go:594.30,597.3 2 0
hyper/internal/handlers/chat_handler.go:599.2,602.47 2 0
hyper/internal/handlers/chat_handler.go:602.47,605.3 2 0
hyper/internal/handlers/chat_handler.go:608.2,609.16 2 0
hyper/internal/handlers/chat_handler.go:609.16,613.3 3 0
hyper/internal/handlers/chat_handler.go:616.2,617.16 2 0
hyper/internal/handlers/chat_handler.go:617.16,619.3 1 0
hyper/internal/handlers/chat_handler.go:621.2,627.4 1 0
hyper/internal/handlers/chat_handler.go:631.62,644.2 12 0
hyper/internal/handlers/chat_websocket.go:36.148,38.16 2 0
hyper/internal/handlers/chat_websocket.go:38.16,40.3 1 0
hyper/internal/handlers/chat_websocket.go:41.2,42.21 2 0
hyper/internal/handlers/chat_websocket.go:45.192,47.16 2 0
hyper/internal/handlers/chat_websocket.go:47.16,49.3 1 0
hyper/internal/handlers/chat_websocket.go:50.2,51.21 2 0
hyper/internal/handlers/chat_websocket.go:54.201,56.16 2 0
hyper/internal/handlers/chat_websocket.go:56.16,58.3 1 0
hyper/internal/handlers/chat_websocket.go:59.2,60.21 2 0
hyper/internal/handlers/chat_websocket.go:74.111,81.2 1 0
hyper/internal/handlers/chat_websocket.go:84.57,88.20 3 0
hyper/internal/handlers/chat_websocket.go:88.20,90.3 1 0
hyper/internal/handlers/chat_websocket.go:92.2,97.67 2 0
hyper/internal/handlers/chat_websocket.go:97.67,98.122 1 0
hyper/internal/handlers/chat_websocket.go:98.122,102.4 3 0
hyper/internal/handlers/chat_websocket.go:103.3,105.13 3 0
hyper/internal/handlers/chat_websocket.go:108.2,108.12 1 0
hyper/internal/handlers/chat_websocket.go:112.98,116.20 3 0
hyper/internal/handlers/chat_websocket.go:116.20,118.3 1 0
hyper/internal/handlers/chat_websocket.go:120.2,129.67 2 0
hyper/internal/handlers/chat_websocket.go:129.67,130.122 1 0
hyper/internal/handlers/chat_websocket.go:130.122,134.4 3 0
hyper/internal/handlers/chat_websocket.go:135.3,137.13 3 0
hyper/internal/handlers/chat_websocket.go:140.2,140.12 1 0
hyper/internal/handlers/chat_websocket.go:144.95,148.20 3 0
hyper/internal/handlers/chat_websocket.go:148.20,150.3 1 0
hyper/internal/handlers/chat_websocket.go:152.2,162.67 2 0
hyper/internal/handlers/chat_websocket.go:162.67,163.122 1 0
hyper/internal/handlers/chat_websocket.go:163.122,167.4 3 0
hyper/internal/handlers/chat_websocket.go:168.3,170.13 3 0
hyper/internal/handlers/chat_websocket.go:173.2,173.12 1 0
hyper/internal/handlers/chat_websocket.go:177.42,181.20 3 0
hyper/internal/handlers/chat_websocket.go:181.20,183.3 1 0
hyper/internal/handlers/chat_websocket.go:185.2,190.65 2 0
hyper/internal/handlers/chat_websocket.go:190.65,191.122 1 0
hyper/internal/handlers/chat_websocket.go:191.122,195.4 3 0
hyper/internal/handlers/chat_websocket.go:196.3,198.13 3 0
hyper/internal/handlers/chat_websocket.go:201.2,201.12 1 0
hyper/internal/handlers/chat_websocket.go:205.58,209.20 3 0
hyper/internal/handlers/chat_websocket.go:209.20,211.3 1 0
hyper/internal/handlers/chat_websocket.go:213.2,218.64 2 0
hyper/internal/handlers/chat_websocket.go:218.64,222.3 3 0
hyper/internal/handlers/chat_websocket.go:224.2,224.12 1 0
hyper/internal/handlers/chat_websocket.go:228.47,232.2 3 0
hyper/internal/handlers/chat_websocket.go:1007.42,1009.19 2 0
hyper/internal/handlers/chat_websocket.go:1009.19,1012.4 1 0
hyper/internal/handlers/chat_websocket.go:1015.3,1016.28 2 0
hyper/internal/handlers/chat_websocket.go:1016.28,1017.59 1 0
hyper/internal/handlers/chat_websocket.go:1017.59,1018.44 1 0
hyper/internal/handlers/chat_websocket.go:1018.44,1019.27 1 0
hyper/internal/handlers/chat_websocket.go:1019.27,1021.7 1 0
hyper/internal/handlers/chat_websocket.go:1027.3,1028.30 2 0
hyper/internal/handlers/chat_websocket.go:1028.30,1030.36 2 0
hyper/internal/handlers/chat_websocket.go:1030.36,1031.45 1 0
hyper/internal/handlers/chat_websocket.go:1031.45,1033.6 1 0
hyper/internal/handlers/chat_websocket.go:1039.3,1040.15 2 0
hyper/internal/handlers/chat_websocket.go:1070.41,1083.50 6 0
hyper/internal/handlers/chat_websocket.go:1083.50,1086.3 2 0
hyper/internal/handlers/chat_websocket.go:1089.2,1089.34 1 0
hyper/internal/handlers/chat_websocket.go:1089.34,1091.3 1 0
hyper/internal/handlers/chat_websocket.go:1093.2,1094.13 2 0
hyper/internal/handlers/chat_websocket.go:1098.50,1104.48 4 0
hyper/internal/handlers/chat_websocket.go:1104.48,1106.3 1 0
hyper/internal/handlers/chat_websocket.go:1110.2,1111.43 2 0
hyper/internal/handlers/chat_websocket.go:1111.43,1115.3 2 0
hyper/internal/handlers/chat_websocket.go:1117.2,1117.13 1 0
hyper/internal/handlers/chat_websocket.go:1121.45,1123.12 2 0
hyper/internal/handlers/chat_websocket.go:1123.12,1126.3 2 0
hyper/internal/handlers/chat_websocket.go:1169.222,1171.85 1 0
hyper/internal/handlers/chat_websocket.go:1171.85,1175.3 2 0
hyper/internal/handlers/chat_websocket.go:1177.2,1184.3 1 0
hyper/internal/handlers/chat_websocket.go:1189.91,1195.16 4 0
hyper/internal/handlers/chat_websocket.go:1195.16,1197.3 1 0
hyper/internal/handlers/chat_websocket.go:1198.2,1198.12 1 0
hyper/internal/handlers/chat_websocket.go:1203.127,1207.2 3 0
hyper/internal/handlers/chat_websocket.go:1212.95,1214.50 1 0
hyper/internal/handlers/chat_websocket.go:1214.50,1215.57 1 0
hyper/internal/handlers/chat_websocket.go:1215.57,1218.53 3 0
hyper/internal/handlers/chat_websocket.go:1218.53,1220.5 1 0
hyper/internal/handlers/chat_websocket.go:1225.2,1228.37 3 0
hyper/internal/handlers/chat_websocket.go:1228.37,1230.3 1 0
hyper/internal/handlers/chat_websocket.go:1232.2,1232.31 1 0
hyper/internal/handlers/chat_websocket.go:1237.68,1240.16 2 0
hyper/internal/handlers/chat_websocket.go:1240.16,1243.3 2 0
hyper/internal/handlers/chat_websocket.go:1246.2,1247.24 2 0
hyper/internal/handlers/chat_websocket.go:1247.24,1250.3 2 0
hyper/internal/handlers/chat_websocket.go:1252.2,1253.16 2 0
hyper/internal/handlers/chat_websocket.go:1253.16,1256.3 2 0
hyper/internal/handlers/chat_websocket.go:1259.2,1260.16 2 0
hyper/internal/handlers/chat_websocket.go:1260.16,1263.3 2 0
hyper/internal/handlers/chat_websocket.go:1266.2,1266.30 1 0
hyper/internal/handlers/chat_websocket.go:1266.30,1269.3 2 0
hyper/internal/handlers/chat_websocket.go:1272.2,1273.42 2 0
hyper/internal/handlers/chat_websocket.go:1273.42,1279.3 3 0
hyper/internal/handlers/chat_websocket.go:1282.2,1282.38 1 0
hyper/internal/handlers/chat_websocket.go:1282.38,1288.3 3 0
hyper/internal/handlers/chat_websocket.go:1291.2,1292.16 2 0
hyper/internal/handlers/chat_websocket.go:1292.16,1296.3 3 0
hyper/internal/handlers/chat_websocket.go:1297.2,1301.15 3 0
hyper/internal/handlers/chat_websocket.go:1301.15,1304.3 2 0
hyper/internal/handlers/chat_websocket.go:1306.2,1319.15 7 0
hyper/internal/handlers/chat_websocket.go:1319.15,1322.3 2 0
hyper/internal/handlers/chat_websocket.go:1325.2,1333.70 5 0
hyper/internal/handlers/chat_websocket.go:1346.34,1347.24 1 0
hyper/internal/handlers/chat_websocket.go:1347.24,1351.3 3 0
hyper/internal/handlers/chat_websocket.go:1355.173,1358.41 2 0
hyper/internal/handlers/chat_websocket.go:1358.41,1361.3 2 0
hyper/internal/handlers/chat_websocket.go:1362.2,1379.15 6 0
hyper/internal/handlers/chat_websocket.go:1379.15,1381.31 1 0
hyper/internal/handlers/chat_websocket.go:1381.31,1385.12 2 0
hyper/internal/handlers/chat_websocket.go:1390.2,1394.37 3 0
hyper/internal/handlers/chat_websocket.go:1394.37,1396.7 2 0
hyper/internal/handlers/chat_websocket.go:1396.7,1397.11 1 0
hyper/internal/handlers/chat_websocket.go:1398.20,1399.117 1 0
hyper/internal/handlers/chat_websocket.go:1399.117,1402.6 2 0
hyper/internal/handlers/chat_websocket.go:1403.26,1404.11 1 0
hyper/internal/handlers/chat_websocket.go:1405.24,1406.11 1 0
hyper/internal/handlers/chat_websocket.go:1412.2,1412.6 1 0
hyper/internal/handlers/chat_websocket.go:1412.6,1413.10 1 0
hyper/internal/handlers/chat_websocket.go:1414.25,1417.10 2 0
hyper/internal/handlers/chat_websocket.go:1418.11,1421.18 2 0
hyper/internal/handlers/chat_websocket.go:1421.18,1423.62 1 0
hyper/internal/handlers/chat_websocket.go:1423.62,1430.6 2 0
hyper/internal/handlers/chat_websocket.go:1433.5,1433.158 1 0
hyper/internal/handlers/chat_websocket.go:1433.158,1435.6 1 0
hyper/internal/handlers/chat_websocket.go:1438.5,1442.39 1 0
hyper/internal/handlers/chat_websocket.go:1442.39,1446.6 1 0
hyper/internal/handlers/chat_websocket.go:1446.11,1452.6 1 0
hyper/internal/handlers/chat_websocket.go:1454.5,1454.11 1 0
hyper/internal/handlers/chat_websocket.go:1458.4,1462.49 3 0
hyper/internal/handlers/chat_websocket.go:1462.49,1471.13 5 0
hyper/internal/handlers/chat_websocket.go:1475.4,1476.64 2 0
hyper/internal/handlers/chat_websocket.go:1476.64,1478.13 2 0
hyper/internal/handlers/chat_websocket.go:1482.4,1482.53 1 0
hyper/internal/handlers/chat_websocket.go:1482.53,1491.13 5 0
hyper/internal/handlers/chat_websocket.go:1495.4,1495.31 1 0
hyper/internal/handlers/chat_websocket.go:1495.31,1501.13 4 0
hyper/internal/handlers/chat_websocket.go:1505.4,1505.49 1 0
hyper/internal/handlers/chat_websocket.go:1505.49,1510.13 3 0
hyper/internal/handlers/chat_websocket.go:1514.4,1514.11 1 0
hyper/internal/handlers/chat_websocket.go:1514.11,1522.62 3 0
hyper/internal/handlers/chat_websocket.go:1522.62,1527.5 1 0
hyper/internal/handlers/chat_websocket.go:1530.4,1531.18 2 0
hyper/internal/handlers/chat_websocket.go:1531.18,1535.5 3 0
hyper/internal/handlers/chat_websocket.go:1539.4,1543.63 2 0
hyper/internal/handlers/chat_websocket.go:1543.63,1548.5 1 0
hyper/internal/handlers/chat_websocket.go:1551.4,1556.22 4 0
hyper/internal/handlers/chat_websocket.go:1556.22,1576.60 3 0
hyper/internal/handlers/chat_websocket.go:1576.60,1580.6 1 0
hyper/internal/handlers/chat_websocket.go:1581.5,1581.11 1 0
hyper/internal/handlers/chat_websocket.go:1585.4,1585.83 1 0
hyper/internal/handlers/chat_websocket.go:1594.177,1601.16 3 0
hyper/internal/handlers/chat_websocket.go:1601.16,1605.3 3 0
hyper/internal/handlers/chat_websocket.go:1608.2,1613.37 4 0
hyper/internal/handlers/chat_websocket.go:1613.37,1615.36 2 0
hyper/internal/handlers/chat_websocket.go:1615.36,1620.61 2 0
hyper/internal/handlers/chat_websocket.go:1620.61,1625.5 2 0
hyper/internal/handlers/chat_websocket.go:1630.2,1632.76 2 0
hyper/internal/handlers/chat_websocket.go:1632.76,1635.36 2 0
hyper/internal/handlers/chat_websocket.go:1635.36,1641.4 2 0
hyper/internal/handlers/chat_websocket.go:1641.9,1645.4 1 0
hyper/internal/handlers/chat_websocket.go:1646.8,1646.44 1 0
hyper/internal/handlers/chat_websocket.go:1646.44,1649.36 2 0
hyper/internal/handlers/chat_websocket.go:1649.36,1655.4 2 0
hyper/internal/handlers/chat_websocket.go:1655.9,1657.4 1 0
hyper/internal/handlers/chat_websocket.go:1661.2,1661.28 1 0
hyper/internal/handlers/chat_websocket.go:1661.28,1670.23 4 0
hyper/internal/handlers/chat_websocket.go:1670.23,1675.4 1 0
hyper/internal/handlers/chat_websocket.go:1675.9,1675.36 1 0
hyper/internal/handlers/chat_websocket.go:1675.36,1679.4 1 0
hyper/internal/handlers/chat_websocket.go:1679.9,1685.21 3 0
hyper/internal/handlers/chat_websocket.go:1685.21,1692.5 2 0
hyper/internal/handlers/chat_websocket.go:1692.10,1699.5 2 0
hyper/internal/handlers/chat_websocket.go:1706.2,1710.26 4 0
hyper/internal/handlers/chat_websocket.go:1710.26,1852.3 1 0
hyper/internal/handlers/chat_websocket.go:1852.8,1919.3 1 0
hyper/internal/handlers/chat_websocket.go:1920.2,1924.16 3 0
hyper/internal/handlers/chat_websocket.go:1924.16,1928.3 3 0
hyper/internal/handlers/chat_websocket.go:1930.2,1938.28 3 0
hyper/internal/handlers/chat_websocket.go:1938.28,1960.26 11 0
hyper/internal/handlers/chat_websocket.go:1960.26,1966.45 2 0
hyper/internal/handlers/chat_websocket.go:1966.45,1967.42 1 0
hyper/internal/handlers/chat_websocket.go:1967.42,1969.6 1 0
hyper/internal/handlers/chat_websocket.go:1970.5,1970.40 1 0
hyper/internal/handlers/chat_websocket.go:1970.40,1972.6 1 0
hyper/internal/handlers/chat_websocket.go:1973.5,1973.21 1 0
hyper/internal/handlers/chat_websocket.go:1975.8,1981.3 2 0
hyper/internal/handlers/chat_websocket.go:1985.2,1986.32 2 0
hyper/internal/handlers/chat_websocket.go:1986.32,1987.128 1 0
hyper/internal/handlers/chat_websocket.go:1987.128,1990.4 2 0
hyper/internal/handlers/chat_websocket.go:1995.2,1995.69 1 0
hyper/internal/handlers/chat_websocket.go:1995.69,2001.3 2 0
hyper/internal/handlers/chat_websocket.go:2003.2,2020.16 5 0
hyper/internal/handlers/chat_websocket.go:2020.16,2022.35 2 0
hyper/internal/handlers/chat_websocket.go:2022.35,2024.4 1 0
hyper/internal/handlers/chat_websocket.go:2025.3,2025.9 1 0
hyper/internal/handlers/chat_websocket.go:2028.2,2030.48 1 0
hyper/internal/handlers/chat_websocket.go:2036.108,2039.16 2 0
hyper/internal/handlers/chat_websocket.go:2039.16,2041.3 1 0
hyper/internal/handlers/chat_websocket.go:2043.2,2046.37 2 0
hyper/internal/handlers/chat_websocket.go:2046.37,2051.58 2 0
hyper/internal/handlers/chat_websocket.go:2051.58,2053.4 1 0
hyper/internal/handlers/chat_websocket.go:2054.3,2054.13 1 0
hyper/internal/handlers/chat_websocket.go:2058.2,2065.35 4 0
hyper/internal/handlers/chat_websocket.go:2065.35,2068.27 3 0
hyper/internal/handlers/chat_websocket.go:2068.27,2070.4 1 0
hyper/internal/handlers/chat_websocket.go:2072.3,2088.54 2 0
hyper/internal/handlers/chat_websocket.go:2088.54,2090.4 1 0
hyper/internal/handlers/chat_websocket.go:2092.3,2095.34 1 0
hyper/internal/handlers/chat_websocket.go:2098.2,2098.12 1 0
hyper/internal/handlers/chat_websocket.go:2102.81,2107.54 2 0
hyper/internal/handlers/chat_websocket.go:2107.54,2109.3 1 0
hyper/internal/handlers/chat_websocket.go:2113.75,2114.18 1 1
hyper/internal/handlers/chat_websocket.go:2115.57,2116.37 1 0
hyper/internal/handlers/chat_websocket.go:2116.37,2120.4 3 0
hyper/internal/handlers/chat_websocket.go:2122.70,2123.37 1 0
hyper/internal/handlers/chat_websocket.go:2123.37,2126.4 2 0
hyper/internal/handlers/chat_websocket.go:2128.53,2129.37 1 0
hyper/internal/handlers/chat_websocket.go:2129.37,2132.4 2 0
hyper/internal/handlers/chat_websocket.go:2134.48,2136.44 1 0
hyper/internal/handlers/chat_websocket.go:2136.44,2138.4 1 0
hyper/internal/handlers/chat_websocket.go:2140.3,2140.37 1 0
hyper/internal/handlers/chat_websocket.go:2140.37,2143.4 2 0
hyper/internal/handlers/chat_websocket.go:2146.2,2146.43 1 1
hyper/internal/handlers/chat_websocket.go:2154.10,2170.9 3 0
hyper/internal/handlers/chat_websocket.go:2171.90,2175.51 1 0
hyper/internal/handlers/chat_websocket.go:2177.82,2181.64 1 0
hyper/internal/handlers/chat_websocket.go:2183.83,2187.60 1 0
hyper/internal/handlers/chat_websocket.go:2189.86,2193.48 1 0
hyper/internal/handlers/chat_websocket.go:2195.10,2199.54 1 0
hyper/internal/handlers/chat_websocket.go:2202.2,2204.12 2 0
hyper/internal/handlers/chat_websocket.go:2221.23,2226.19 3 0
hyper/internal/handlers/chat_websocket.go:2226.19,2235.3 1 0
hyper/internal/handlers/chat_websocket.go:2238.2,2238.36 1 0
hyper/internal/handlers/chat_websocket.go:2238.36,2241.3 2 0
hyper/internal/handlers/chat_websocket.go:2241.8,2243.17 2 0
hyper/internal/handlers/chat_websocket.go:2243.17,2256.4 3 0
hyper/internal/handlers/chat_websocket.go:2257.3,2258.34 2 0
hyper/internal/handlers/chat_websocket.go:2262.2,2262.53 1 0
hyper/internal/handlers/chat_websocket.go:2262.53,2278.3 2 0
hyper/internal/handlers/chat_websocket.go:2278.8,2278.63 1 0
hyper/internal/handlers/chat_websocket.go:2278.63,2281.53 2 0
hyper/internal/handlers/chat_websocket.go:2281.53,2283.4 1 0
hyper/internal/handlers/chat_websocket.go:2285.3,2304.4 3 0
hyper/internal/handlers/chat_websocket.go:2306.8,2306.64 1 0
hyper/internal/handlers/chat_websocket.go:2306.64,2328.3 3 0
hyper/internal/handlers/chat_websocket.go:2328.8,2350.3 3 0
hyper/internal/handlers/context_error_handler.go:20.92,26.2 1 0
hyper/internal/handlers/context_error_handler.go:32.32,37.38 3 0
hyper/internal/handlers/context_error_handler.go:37.38,50.3 3 0
hyper/internal/handlers/context_error_handler.go:53.2,53.22 1 0
hyper/internal/handlers/context_error_handler.go:53.22,62.3 3 0
hyper/internal/handlers/context_error_handler.go:64.2,64.18 1 0
hyper/internal/handlers/context_error_handler.go:68.88,78.2 2 0
hyper/internal/handlers/context_error_handler.go:81.91,82.18 1 0
hyper/internal/handlers/context_error_handler.go:83.26,87.45 1 0
hyper/internal/handlers/context_error_handler.go:88.30,92.45 1 0
hyper/internal/handlers/context_error_handler.go:93.29,97.45 1 0
hyper/internal/handlers/context_error_handler.go:98.32,101.39 1 0
hyper/internal/handlers/context_error_handler.go:106.105,119.2 2 0
hyper/internal/handlers/context_error_handler.go:122.93,123.23 1 0
hyper/internal/handlers/context_error_handler.go:123.23,125.3 1 0
hyper/internal/handlers/context_error_handler.go:127.2,128.33 2 0
hyper/internal/handlers/context_error_handler.go:128.33,130.3 1 0
hyper/internal/handlers/context_error_handler.go:131.2,131.15 1 0
hyper/internal/handlers/context_limit_handler.go:27.24,34.2 1 0
hyper/internal/handlers/context_limit_handler.go:43.38,46.16 2 0
hyper/internal/handlers/context_limit_handler.go:46.16,48.3 1 0
hyper/internal/handlers/context_limit_handler.go:51.2,56.13 3 0
hyper/internal/handlers/context_limit_handler.go:56.13,63.3 2 0
hyper/internal/handlers/context_limit_handler.go:66.2,66.22 1 0
hyper/internal/handlers/context_limit_handler.go:66.22,71.3 1 0
hyper/internal/handlers/context_limit_handler.go:71.8,71.28 1 0
hyper/internal/handlers/context_limit_handler.go:71.28,76.3 1 0
hyper/internal/handlers/context_limit_handler.go:78.2,78.25 1 0
hyper/internal/handlers/context_limit_handler.go:85.32,87.16 2 0
hyper/internal/handlers/context_limit_handler.go:87.16,89.3 1 0
hyper/internal/handlers/context_limit_handler.go:91.2,92.19 2 0
hyper/internal/handlers/context_limit_handler.go:96.90,98.2 1 0
hyper/internal/handlers/context_limit_handler.go:104.39,111.16 2 0
hyper/internal/handlers/context_limit_handler.go:111.16,113.3 1 0
hyper/internal/handlers/context_limit_handler.go:115.2,120.20 2 0
hyper/internal/handlers/context_limit_handler.go:124.97,126.2 1 0
hyper/internal/handlers/context_limit_handler.go:129.106,139.2 1 0
hyper/internal/handlers/context_optimizer.go:19.54,25.2 1 0
hyper/internal/handlers/context_optimizer.go:28.78,29.45 1 0
hyper/internal/handlers/context_optimizer.go:29.45,31.3 1 0
hyper/internal/handlers/context_optimizer.go:31.8,31.55 1 0
hyper/internal/handlers/context_optimizer.go:31.55,33.3 1 0
hyper/internal/handlers/context_optimizer.go:34.2,34.18 1 0
hyper/internal/handlers/context_optimizer.go:50.60,58.2 1 0
hyper/internal/handlers/context_optimizer.go:62.68,63.28 1 0
hyper/internal/handlers/context_optimizer.go:64.14,66.26 1 0
hyper/internal/handlers/context_optimizer.go:67.21,70.26 2 0
hyper/internal/handlers/context_optimizer.go:70.26,72.4 1 0
hyper/internal/handlers/context_optimizer.go:73.3,73.21 1 0
hyper/internal/handlers/context_optimizer.go:74.30,77.25 2 0
hyper/internal/handlers/context_optimizer.go:77.25,80.4 2 0
hyper/internal/handlers/context_optimizer.go:81.3,81.21 1 0
hyper/internal/handlers/context_optimizer.go:82.16,84.23 2 0
hyper/internal/handlers/context_optimizer.go:84.23,86.4 1 0
hyper/internal/handlers/context_optimizer.go:87.3,87.21 1 0
hyper/internal/handlers/context_optimizer.go:88.32,90.23 2 0
hyper/internal/handlers/context_optimizer.go:90.23,92.4 1 0
hyper/internal/handlers/context_optimizer.go:93.3,93.21 1 0
hyper/internal/handlers/context_optimizer.go:94.10,96.52 1 0
hyper/internal/handlers/context_optimizer.go:96.52,98.4 1 0
hyper/internal/handlers/context_optimizer.go:99.3,99.11 1 0
hyper/internal/handlers/context_optimizer.go:111.75,115.25 3 0
hyper/internal/handlers/context_optimizer.go:115.25,117.3 1 0
hyper/internal/handlers/context_optimizer.go:118.2,118.24 1 0
hyper/internal/handlers/context_optimizer.go:122.93,124.38 1 0
hyper/internal/handlers/context_optimizer.go:124.38,126.3 1 0
hyper/internal/handlers/context_optimizer.go:128.2,128.65 1 0
hyper/internal/handlers/context_optimizer.go:128.65,130.3 1 0
hyper/internal/handlers/context_optimizer.go:131.2,131.14 1 0
hyper/internal/handlers/context_optimizer.go:144.93,147.34 2 0
hyper/internal/handlers/context_optimizer.go:147.34,154.3 1 0
hyper/internal/handlers/context_optimizer.go:157.2,158.20 2 0
hyper/internal/handlers/context_optimizer.go:158.20,160.3 1 0
hyper/internal/handlers/context_optimizer.go:162.2,163.29 2 0
hyper/internal/handlers/context_optimizer.go:163.29,165.3 1 0
hyper/internal/handlers/context_optimizer.go:167.2,173.3 1 0
hyper/internal/handlers/context_optimizer.go:185.110,186.23 1 0
hyper/internal/handlers/context_optimizer.go:186.23,193.3 1 0
hyper/internal/handlers/context_optimizer.go:196.2,196.42 1 0
hyper/internal/handlers/context_optimizer.go:196.42,198.3 1 0
hyper/internal/handlers/context_optimizer.go:201.2,204.33 3 0
hyper/internal/handlers/context_optimizer.go:204.33,206.67 2 0
hyper/internal/handlers/context_optimizer.go:206.67,208.9 1 0
hyper/internal/handlers/context_optimizer.go:210.3,211.32 2 0
hyper/internal/handlers/context_optimizer.go:214.2,216.18 3 0
hyper/internal/handlers/context_optimizer.go:216.18,218.3 1 0
hyper/internal/handlers/context_optimizer.go:220.2,226.3 1 0
hyper/internal/handlers/context_optimizer.go:230.92,231.21 1 0
hyper/internal/handlers/context_optimizer.go:231.21,238.3 1 0
hyper/internal/handlers/context_optimizer.go:240.2,243.29 3 0
hyper/internal/handlers/context_optimizer.go:243.29,245.65 2 0
hyper/internal/handlers/context_optimizer.go:245.65,246.9 1 0
hyper/internal/handlers/context_optimizer.go:248.3,249.30 2 0
hyper/internal/handlers/context_optimizer.go:252.2,254.18 3 0
hyper/internal/handlers/context_optimizer.go:254.18,256.3 1 0
hyper/internal/handlers/context_optimizer.go:258.2,264.3 1 0
hyper/internal/handlers/context_optimizer.go:272.31,277.63 3 0
hyper/internal/handlers/context_optimizer.go:277.63,279.3 1 0
hyper/internal/handlers/context_optimizer.go:282.2,282.37 1 0
hyper/internal/handlers/context_optimizer.go:282.37,284.3 1 0
hyper/internal/handlers/context_optimizer.go:287.2,287.18 1 0
hyper/internal/handlers/context_optimizer.go:288.27,289.53 1 0
hyper/internal/handlers/context_optimizer.go:289.53,292.4 2 0
hyper/internal/handlers/context_optimizer.go:293.38,294.41 1 0
hyper/internal/handlers/context_optimizer.go:294.41,297.4 2 0
hyper/internal/handlers/context_optimizer.go:298.35,299.41 1 0
hyper/internal/handlers/context_optimizer.go:299.41,302.4 2 0
hyper/internal/handlers/context_optimizer.go:306.2,306.40 1 0
hyper/internal/handlers/context_optimizer.go:306.40,309.3 2 0
hyper/internal/handlers/context_optimizer.go:311.2,311.26 1 0
hyper/internal/handlers/context_optimizer.go:315.72,333.2 5 0
hyper/internal/handlers/context_optimizer.go:345.66,347.2 1 0
hyper/internal/handlers/context_optimizer.go:350.92,355.28 4 0
hyper/internal/handlers/context_optimizer.go:355.28,357.3 1 0
hyper/internal/handlers/context_optimizer.go:361.72,366.28 4 0
hyper/internal/handlers/context_optimizer.go:366.28,368.3 1 0
hyper/internal/handlers/context_optimizer.go:372.57,374.2 1 0
hyper/internal/handlers/context_optimizer.go:377.54,382.2 1 0
hyper/internal/handlers/context_tracker.go:17.70,20.28 3 1
hyper/internal/handlers/context_tracker.go:20.28,22.3 1 1
hyper/internal/handlers/context_tracker.go:26.54,36.2 1 0
hyper/internal/handlers/context_tracker.go:39.42,47.2 1 1
hyper/internal/handlers/http_tools.go:35.30,53.16 4 0
hyper/internal/handlers/http_tools.go:53.16,55.3 1 0
hyper/internal/handlers/http_tools.go:58.2,61.16 2 0
hyper/internal/handlers/http_tools.go:61.16,63.3 1 0
hyper/internal/handlers/http_tools.go:66.2,69.16 2 0
hyper/internal/handlers/http_tools.go:69.16,71.3 1 0
hyper/internal/handlers/http_tools.go:73.2,73.21 1 0
hyper/internal/handlers/http_tools.go:77.77,82.2 4 0
hyper/internal/handlers/http_tools.go:85.59,88.13 2 0
hyper/internal/handlers/http_tools.go:88.13,94.3 3 0
hyper/internal/handlers/http_tools.go:96.2,97.13 2 0
hyper/internal/handlers/http_tools.go:97.13,103.3 3 0
hyper/internal/handlers/http_tools.go:105.2,106.9 2 0
hyper/internal/handlers/http_tools.go:106.9,112.3 3 0
hyper/internal/handlers/http_tools.go:114.2,115.9 2 0
hyper/internal/handlers/http_tools.go:115.9,121.3 3 0
hyper/internal/handlers/http_tools.go:124.2,125.47 2 0
hyper/internal/handlers/http_tools.go:125.47,132.3 3 0
hyper/internal/handlers/http_tools.go:135.2,142.31 2 0
hyper/internal/handlers/http_tools.go:142.31,147.3 2 0
hyper/internal/handlers/http_tools.go:150.2,156.35 2 0
hyper/internal/handlers/http_tools.go:156.35,161.3 2 0
hyper/internal/handlers/http_tools.go:164.2,164.24 1 0
hyper/internal/handlers/http_tools.go:164.24,169.3 2 0
hyper/internal/handlers/http_tools.go:172.2,194.16 5 0
hyper/internal/handlers/http_tools.go:194.16,196.37 1 0
hyper/internal/handlers/http_tools.go:196.37,204.4 3 0
hyper/internal/handlers/http_tools.go:206.3,210.9 3 0
hyper/internal/handlers/http_tools.go:214.2,227.121 3 0
hyper/internal/handlers/http_tools.go:227.121,232.3 1 0
hyper/internal/handlers/http_tools.go:234.2,244.4 2 0
hyper/internal/handlers/http_tools.go:248.58,251.13 2 0
hyper/internal/handlers/http_tools.go:251.13,256.3 2 0
hyper/internal/handlers/http_tools.go:258.2,259.9 2 0
hyper/internal/handlers/http_tools.go:259.9,264.3 2 0
hyper/internal/handlers/http_tools.go:267.2,268.47 2 0
hyper/internal/handlers/http_tools.go:268.47,269.59 1 0
hyper/internal/handlers/http_tools.go:269.59,271.4 1 0
hyper/internal/handlers/http_tools.go:274.2,275.59 2 0
hyper/internal/handlers/http_tools.go:275.59,276.78 1 0
hyper/internal/handlers/http_tools.go:276.78,278.4 1 0
hyper/internal/handlers/http_tools.go:282.2,287.16 4 0
hyper/internal/handlers/http_tools.go:287.16,293.3 3 0
hyper/internal/handlers/http_tools.go:296.2,306.16 5 0
hyper/internal/handlers/http_tools.go:306.16,312.3 3 0
hyper/internal/handlers/http_tools.go:313.2,317.48 3 0
hyper/internal/handlers/http_tools.go:317.48,323.3 3 0
hyper/internal/handlers/http_tools.go:326.2,326.18 1 0
hyper/internal/handlers/http_tools.go:326.18,328.3 1 0
hyper/internal/handlers/http_tools.go:330.2,338.33 2 0
hyper/internal/handlers/http_tools.go:342.59,345.13 2 0
hyper/internal/handlers/http_tools.go:345.13,350.3 2 0
hyper/internal/handlers/http_tools.go:352.2,353.9 2 0
hyper/internal/handlers/http_tools.go:353.9,358.3 2 0
hyper/internal/handlers/http_tools.go:361.2,362.18 2 0
hyper/internal/handlers/http_tools.go:362.18,367.3 2 0
hyper/internal/handlers/http_tools.go:370.2,378.16 4 0
hyper/internal/handlers/http_tools.go:378.16,384.3 3 0
hyper/internal/handlers/http_tools.go:387.2,387.30 1 0
hyper/internal/handlers/http_tools.go:387.30,392.3 2 0
hyper/internal/handlers/http_tools.go:394.2,401.4 2 0
hyper/internal/handlers/http_tools.go:405.56,408.13 2 0
hyper/internal/handlers/http_tools.go:408.13,413.3 2 0
hyper/internal/handlers/http_tools.go:415.2,416.9 2 0
hyper/internal/handlers/http_tools.go:416.9,421.3 2 0
hyper/internal/handlers/http_tools.go:424.2,425.18 2 0
hyper/internal/handlers/http_tools.go:425.18,430.3 2 0
hyper/internal/handlers/http_tools.go:433.2,442.16 5 0
hyper/internal/handlers/http_tools.go:442.16,443.34 1 0
hyper/internal/handlers/http_tools.go:443.34,448.4 2 0
hyper/internal/handlers/http_tools.go:450.3,454.9 3 0
hyper/internal/handlers/http_tools.go:457.2,457.29 1 0
hyper/internal/handlers/http_tools.go:461.96,471.30 4 0
hyper/internal/handlers/http_tools.go:471.30,473.41 2 0
hyper/internal/handlers/http_tools.go:473.41,475.4 1 0
hyper/internal/handlers/http_tools.go:476.3,476.95 1 0
hyper/internal/handlers/http_tools.go:480.2,480.23 1 0
hyper/internal/handlers/http_tools.go:481.29,482.64 1 0
hyper/internal/handlers/http_tools.go:483.29,484.59 1 0
hyper/internal/handlers/http_tools.go:485.28,486.57 1 0
hyper/internal/handlers/http_tools.go:487.27,488.54 1 0
hyper/internal/handlers/http_tools.go:491.2,491.34 1 0
hyper/internal/handlers/knowledge_handler.go:41.21,48.2 1 0
hyper/internal/handlers/knowledge_handler.go:52.66,55.50 2 0
hyper/internal/handlers/knowledge_handler.go:55.50,56.64 1 0
hyper/internal/handlers/knowledge_handler.go:56.64,58.19 2 0
hyper/internal/handlers/knowledge_handler.go:58.19,60.5 1 0
hyper/internal/handlers/knowledge_handler.go:65.2,66.16 2 0
hyper/internal/handlers/knowledge_handler.go:66.16,70.3 3 0
hyper/internal/handlers/knowledge_handler.go:73.2,76.4 1 0
hyper/internal/handlers/knowledge_handler.go:81.59,89.47 2 0
hyper/internal/handlers/knowledge_handler.go:89.47,92.3 2 0
hyper/internal/handlers/knowledge_handler.go:95.2,96.16 2 0
hyper/internal/handlers/knowledge_handler.go:96.16,98.3 1 0
hyper/internal/handlers/knowledge_handler.go:99.2,99.17 1 0
hyper/internal/handlers/knowledge_handler.go:99.17,101.3 1 0
hyper/internal/handlers/knowledge_handler.go:104.2,105.16 2 0
hyper/internal/handlers/knowledge_handler.go:105.16,112.3 3 0
hyper/internal/handlers/knowledge_handler.go:115.2,116.33 2 0
hyper/internal/handlers/knowledge_handler.go:116.33,124.3 1 0
hyper/internal/handlers/knowledge_handler.go:126.2,128.4 1 0
hyper/internal/handlers/knowledge_handler.go:133.60,138.50 3 0
hyper/internal/handlers/knowledge_handler.go:138.50,139.64 1 0
hyper/internal/handlers/knowledge_handler.go:139.64,141.19 2 0
hyper/internal/handlers/knowledge_handler.go:141.19,143.5 1 0
hyper/internal/handlers/knowledge_handler.go:147.2,150.22 2 0
hyper/internal/handlers/knowledge_handler.go:150.22,153.17 2 0
hyper/internal/handlers/knowledge_handler.go:153.17,157.4 3 0
hyper/internal/handlers/knowledge_handler.go:160.3,161.24 2 0
hyper/internal/handlers/knowledge_handler.go:161.24,163.4 1 0
hyper/internal/handlers/knowledge_handler.go:165.3,165.31 1 0
hyper/internal/handlers/knowledge_handler.go:165.31,167.18 2 0
hyper/internal/handlers/knowledge_handler.go:167.18,171.13 2 0
hyper/internal/handlers/knowledge_handler.go:173.4,173.47 1 0
hyper/internal/handlers/knowledge_handler.go:177.3,177.30 1 0
hyper/internal/handlers/knowledge_handler.go:177.30,179.4 1 0
hyper/internal/handlers/knowledge_handler.go:180.8,183.17 2 0
hyper/internal/handlers/knowledge_handler.go:183.17,189.4 3 0
hyper/internal/handlers/knowledge_handler.go:190.3,190.23 1 0
hyper/internal/handlers/knowledge_handler.go:194.2,195.35 2 0
hyper/internal/handlers/knowledge_handler.go:195.35,202.3 1 0
hyper/internal/handlers/knowledge_handler.go:204.2,206.4 1 0
hyper/internal/handlers/knowledge_handler.go:211.62,213.16 2 0
hyper/internal/handlers/knowledge_handler.go:213.16,217.3 3 0
hyper/internal/handlers/knowledge_handler.go:220.2,221.34 2 0
hyper/internal/handlers/knowledge_handler.go:221.34,230.3 1 0
hyper/internal/handlers/knowledge_handler.go:232.2,234.4 1 0
hyper/internal/handlers/knowledge_handler.go:239.65,241.14 2 0
hyper/internal/handlers/knowledge_handler.go:241.14,244.3 2 0
hyper/internal/handlers/knowledge_handler.go:246.2,251.47 2 0
hyper/internal/handlers/knowledge_handler.go:251.47,254.3 2 0
hyper/internal/handlers/knowledge_handler.go:257.2,258.16 2 0
hyper/internal/handlers/knowledge_handler.go:258.16,259.54 1 0
hyper/internal/handlers/knowledge_handler.go:259.54,262.4 2 0
hyper/internal/handlers/knowledge_handler.go:263.3,267.9 3 0
hyper/internal/handlers/knowledge_handler.go:271.2,279.4 1 0
hyper/internal/handlers/knowledge_handler.go:284.65,286.14 2 0
hyper/internal/handlers/knowledge_handler.go:286.14,289.3 2 0
hyper/internal/handlers/knowledge_handler.go:292.2,293.16 2 0
hyper/internal/handlers/knowledge_handler.go:293.16,294.54 1 0
hyper/internal/handlers/knowledge_handler.go:294.54,297.4 2 0
hyper/internal/handlers/knowledge_handler.go:298.3,302.9 3 0
hyper/internal/handlers/knowledge_handler.go:306.2,306.32 1 0
hyper/internal/handlers/knowledge_handler.go:311.76,313.26 2 0
hyper/internal/handlers/knowledge_handler.go:313.26,316.3 2 0
hyper/internal/handlers/knowledge_handler.go:318.2,324.47 2 0
hyper/internal/handlers/knowledge_handler.go:324.47,327.3 2 0
hyper/internal/handlers/knowledge_handler.go:330.2,331.16 2 0
hyper/internal/handlers/knowledge_handler.go:331.16,332.54 1 0
hyper/internal/handlers/knowledge_handler.go:332.54,335.4 2 0
hyper/internal/handlers/knowledge_handler.go:336.3,340.9 3 0
hyper/internal/handlers/knowledge_handler.go:344.2,346.4 1 0
hyper/internal/handlers/knowledge_handler.go:351.68,353.19 2 0
hyper/internal/handlers/knowledge_handler.go:353.19,356.3 2 0
hyper/internal/handlers/knowledge_handler.go:358.2,362.47 2 0
hyper/internal/handlers/knowledge_handler.go:362.47,365.3 2 0
hyper/internal/handlers/knowledge_handler.go:367.2,367.23 1 0
hyper/internal/handlers/knowledge_handler.go:367.23,370.3 2 0
hyper/internal/handlers/knowledge_handler.go:373.2,374.16 2 0
hyper/internal/handlers/knowledge_handler.go:374.16,375.64 1 0
hyper/internal/handlers/knowledge_handler.go:375.64,378.4 2 0
hyper/internal/handlers/knowledge_handler.go:379.3,379.68 1 0
hyper/internal/handlers/knowledge_handler.go:379.68,382.4 2 0
hyper/internal/handlers/knowledge_handler.go:383.3,388.9 3 0
hyper/internal/handlers/knowledge_handler.go:392.2,397.4 1 0
hyper/internal/handlers/knowledge_handler.go:402.65,404.14 2 0
hyper/internal/handlers/knowledge_handler.go:404.14,407.3 2 0
hyper/internal/handlers/knowledge_handler.go:409.2,414.47 2 0
hyper/internal/handlers/knowledge_handler.go:414.47,417.3 2 0
hyper/internal/handlers/knowledge_handler.go:421.2,425.16 3 0
hyper/internal/handlers/knowledge_handler.go:425.16,426.49 1 0
hyper/internal/handlers/knowledge_handler.go:426.49,429.4 2 0
hyper/internal/handlers/knowledge_handler.go:430.3,430.47 1 0
hyper/internal/handlers/knowledge_handler.go:430.47,433.4 2 0
hyper/internal/handlers/knowledge_handler.go:434.3,438.9 3 0
hyper/internal/handlers/knowledge_handler.go:442.2,443.16 2 0
hyper/internal/handlers/knowledge_handler.go:443.16,449.3 3 0
hyper/internal/handlers/knowledge_handler.go:452.2,467.4 1 0
hyper/internal/handlers/knowledge_handler.go:472.67,474.14 2 0
hyper/internal/handlers/knowledge_handler.go:474.14,477.3 2 0
hyper/internal/handlers/knowledge_handler.go:481.2,485.16 3 0
hyper/internal/handlers/knowledge_handler.go:485.16,486.49 1 0
hyper/internal/handlers/knowledge_handler.go:486.49,489.4 2 0
hyper/internal/handlers/knowledge_handler.go:490.3,494.9 3 0
hyper/internal/handlers/knowledge_handler.go:498.2,504.4 1 0
hyper/internal/handlers/knowledge_handler.go:509.59,515.16 3 0
hyper/internal/handlers/knowledge_handler.go:515.16,517.16 1 0
hyper/internal/handlers/knowledge_handler.go:517.16,528.4 3 0
hyper/internal/handlers/knowledge_handler.go:531.3,535.9 3 0
hyper/internal/handlers/knowledge_handler.go:539.2,542.4 1 0
hyper/internal/handlers/knowledge_handler.go:547.68,555.47 2 0
hyper/internal/handlers/knowledge_handler.go:555.47,558.3 2 0
hyper/internal/handlers/knowledge_handler.go:560.2,560.20 1 0
hyper/internal/handlers/knowledge_handler.go:560.20,563.3 2 0
hyper/internal/handlers/knowledge_handler.go:565.2,565.24 1 0
hyper/internal/handlers/knowledge_handler.go:565.24,568.3 2 0
hyper/internal/handlers/knowledge_handler.go:571.2,571.21 1 0
hyper/internal/handlers/knowledge_handler.go:571.21,573.3 1 0
hyper/internal/handlers/knowledge_handler.go:576.2,577.16 2 0
hyper/internal/handlers/knowledge_handler.go:577.16,578.54 1 0
hyper/internal/handlers/knowledge_handler.go:578.54,581.4 2 0
hyper/internal/handlers/knowledge_handler.go:582.3,586.9 3 0
hyper/internal/handlers/knowledge_handler.go:590.2,601.4 1 0
hyper/internal/handlers/knowledge_handler.go:606.70,609.9 2 0
hyper/internal/handlers/knowledge_handler.go:609.9,612.3 2 0
hyper/internal/handlers/knowledge_handler.go:615.2,617.16 3 0
hyper/internal/handlers/knowledge_handler.go:617.16,627.3 3 0
hyper/internal/handlers/knowledge_handler.go:629.2,635.4 2 0
hyper/internal/handlers/knowledge_handler.go:640.63,642.14 2 0
hyper/internal/handlers/knowledge_handler.go:642.14,645.3 2 0
hyper/internal/handlers/knowledge_handler.go:648.2,648.33 1 0
hyper/internal/handlers/knowledge_handler.go:648.33,651.3 2 0
hyper/internal/handlers/knowledge_handler.go:654.2,664.31 4 0
hyper/internal/handlers/knowledge_handler.go:664.31,666.3 1 0
hyper/internal/handlers/knowledge_handler.go:669.2,671.16 3 0
hyper/internal/handlers/knowledge_handler.go:671.16,672.49 1 0
hyper/internal/handlers/knowledge_handler.go:672.49,675.4 2 0
hyper/internal/handlers/knowledge_handler.go:676.3,680.9 3 0
hyper/internal/handlers/knowledge_handler.go:684.2,685.46 2 0
hyper/internal/handlers/knowledge_handler.go:685.46,691.3 1 0
hyper/internal/handlers/knowledge_handler.go:694.2,695.45 2 0
hyper/internal/handlers/knowledge_handler.go:695.45,701.3 1 0
hyper/internal/handlers/knowledge_handler.go:702.2,702.49 1 0
hyper/internal/handlers/knowledge_handler.go:702.49,708.3 1 0
hyper/internal/handlers/knowledge_handler.go:711.2,727.4 1 0
hyper/internal/handlers/knowledge_handler.go:732.68,734.26 2 0
hyper/internal/handlers/knowledge_handler.go:734.26,737.3 2 0
hyper/internal/handlers/knowledge_handler.go:740.2,740.33 1 0
hyper/internal/handlers/knowledge_handler.go:740.33,743.3 2 0
hyper/internal/handlers/knowledge_handler.go:746.2,756.16 4 0
hyper/internal/handlers/knowledge_handler.go:756.16,758.3 1 0
hyper/internal/handlers/knowledge_handler.go:759.2,759.18 1 0
hyper/internal/handlers/knowledge_handler.go:759.18,761.3 1 0
hyper/internal/handlers/knowledge_handler.go:764.2,766.16 3 0
hyper/internal/handlers/knowledge_handler.go:766.16,767.49 1 0
hyper/internal/handlers/knowledge_handler.go:767.49,770.4 2 0
hyper/internal/handlers/knowledge_handler.go:771.3,775.9 3 0
hyper/internal/handlers/knowledge_handler.go:779.2,784.33 5 0
hyper/internal/handlers/knowledge_handler.go:784.33,786.30 2 0
hyper/internal/handlers/knowledge_handler.go:786.30,788.4 1 0
hyper/internal/handlers/knowledge_handler.go:790.3,796.5 1 0
hyper/internal/handlers/knowledge_handler.go:799.2,800.22 2 0
hyper/internal/handlers/knowledge_handler.go:800.22,802.3 1 0
hyper/internal/handlers/knowledge_handler.go:805.2,806.22 2 0
hyper/internal/handlers/knowledge_handler.go:806.22,808.3 1 0
hyper/internal/handlers/knowledge_handler.go:810.2,817.4 1 0
hyper/internal/handlers/knowledge_handler.go:822.64,824.14 2 0
hyper/internal/handlers/knowledge_handler.go:824.14,827.3 2 0
hyper/internal/handlers/knowledge_handler.go:830.2,830.33 1 0
hyper/internal/handlers/knowledge_handler.go:830.33,833.3 2 0
hyper/internal/handlers/knowledge_handler.go:836.2,844.47 3 0
hyper/internal/handlers/knowledge_handler.go:844.47,848.3 1 0
hyper/internal/handlers/knowledge_handler.go:851.2,853.16 3 0
hyper/internal/handlers/knowledge_handler.go:853.16,854.49 1 0
hyper/internal/handlers/knowledge_handler.go:854.49,857.4 2 0
hyper/internal/handlers/knowledge_handler.go:858.3,862.9 3 0
hyper/internal/handlers/knowledge_handler.go:866.2,867.30 2 0
hyper/internal/handlers/knowledge_handler.go:867.30,869.3 1 0
hyper/internal/handlers/knowledge_handler.go:874.2,877.25 3 0
hyper/internal/handlers/knowledge_handler.go:877.25,880.50 1 0
hyper/internal/handlers/knowledge_handler.go:880.50,881.46 1 0
hyper/internal/handlers/knowledge_handler.go:881.46,883.5 1 0
hyper/internal/handlers/knowledge_handler.go:883.10,883.52 1 0
hyper/internal/handlers/knowledge_handler.go:883.52,885.5 1 0
hyper/internal/handlers/knowledge_handler.go:888.3,888.39 1 0
hyper/internal/handlers/knowledge_handler.go:888.39,891.4 2 0
hyper/internal/handlers/knowledge_handler.go:895.2,910.4 1 0
hyper/internal/handlers/knowledge_handler.go:915.63,917.33 1 0
hyper/internal/handlers/knowledge_handler.go:917.33,920.3 2 0
hyper/internal/handlers/knowledge_handler.go:923.2,929.47 2 0
hyper/internal/handlers/knowledge_handler.go:929.47,932.3 2 0
hyper/internal/handlers/knowledge_handler.go:934.2,934.20 1 0
hyper/internal/handlers/knowledge_handler.go:934.20,937.3 2 0
hyper/internal/handlers/knowledge_handler.go:940.2,940.30 1 0
hyper/internal/handlers/knowledge_handler.go:940.30,942.3 1 0
hyper/internal/handlers/knowledge_handler.go:945.2,947.29 3 0
hyper/internal/handlers/knowledge_handler.go:947.29,950.3 2 0
hyper/internal/handlers/knowledge_handler.go:952.2,953.16 2 0
hyper/internal/handlers/knowledge_handler.go:953.16,959.3 3 0
hyper/internal/handlers/knowledge_handler.go:962.2,963.30 2 0
hyper/internal/handlers/knowledge_handler.go:963.30,965.3 1 0
hyper/internal/handlers/knowledge_handler.go:968.2,971.25 3 0
hyper/internal/handlers/knowledge_handler.go:971.25,972.50 1 0
hyper/internal/handlers/knowledge_handler.go:972.50,973.46 1 0
hyper/internal/handlers/knowledge_handler.go:973.46,975.5 1 0
hyper/internal/handlers/knowledge_handler.go:975.10,975.52 1 0
hyper/internal/handlers/knowledge_handler.go:975.52,977.5 1 0
hyper/internal/handlers/knowledge_handler.go:979.3,979.39 1 0
hyper/internal/handlers/knowledge_handler.go:979.39,982.4 2 0
hyper/internal/handlers/knowledge_handler.go:986.2,1001.4 1 0
hyper/internal/handlers/knowledge_handler.go:1006.68,1008.24 2 0
hyper/internal/handlers/knowledge_handler.go:1008.24,1011.3 2 0
hyper/internal/handlers/knowledge_handler.go:1014.2,1015.16 2 0
hyper/internal/handlers/knowledge_handler.go:1015.16,1016.49 1 0
hyper/internal/handlers/knowledge_handler.go:1016.49,1019.4 2 0
hyper/internal/handlers/knowledge_handler.go:1020.3,1024.9 3 0
hyper/internal/handlers/knowledge_handler.go:1027.2,1037.4 2 0
hyper/internal/handlers/knowledge_handler.go:1043.67,1048.13 3 0
hyper/internal/handlers/knowledge_handler.go:1048.13,1051.3 2 0
hyper/internal/handlers/knowledge_handler.go:1053.2,1054.13 2 0
hyper/internal/handlers/knowledge_handler.go:1054.13,1057.3 2 0
hyper/internal/handlers/knowledge_handler.go:1060.2,1062.16 3 0
hyper/internal/handlers/knowledge_handler.go:1062.16,1068.3 3 0
hyper/internal/handlers/knowledge_handler.go:1071.2,1108.16 3 0
hyper/internal/handlers/knowledge_handler.go:1108.16,1114.3 3 0
hyper/internal/handlers/knowledge_handler.go:1117.2,1118.16 2 0
hyper/internal/handlers/knowledge_handler.go:1118.16,1124.3 3 0
hyper/internal/handlers/knowledge_handler.go:1126.2,1134.4 2 0
hyper/internal/handlers/knowledge_handler.go:1139.75,1144.9 3 0
hyper/internal/handlers/knowledge_handler.go:1144.9,1147.3 2 0
hyper/internal/handlers/knowledge_handler.go:1150.2,1151.16 2 0
hyper/internal/handlers/knowledge_handler.go:1151.16,1155.3 3 0
hyper/internal/handlers/knowledge_handler.go:1158.2,1162.71 5 0
hyper/internal/handlers/knowledge_handler.go:1162.71,1164.3 1 0
hyper/internal/handlers/knowledge_handler.go:1166.2,1176.4 2 0
hyper/internal/handlers/knowledge_handler.go:1181.67,1186.9 3 0
hyper/internal/handlers/knowledge_handler.go:1186.9,1189.3 2 0
hyper/internal/handlers/knowledge_handler.go:1192.2,1192.12 1 0
hyper/internal/handlers/knowledge_handler.go:1192.12,1194.69 2 0
hyper/internal/handlers/knowledge_handler.go:1194.69,1196.4 1 0
hyper/internal/handlers/knowledge_handler.go:1196.9,1198.4 1 0
hyper/internal/handlers/knowledge_handler.go:1201.2,1203.4 1 0
hyper/internal/handlers/knowledge_handler.go:1208.67,1211.9 2 0
hyper/internal/handlers/knowledge_handler.go:1211.9,1214.3 2 0
hyper/internal/handlers/knowledge_handler.go:1217.2,1219.31 2 0
hyper/internal/handlers/knowledge_handler.go:1224.59,1227.20 2 0
hyper/internal/handlers/knowledge_handler.go:1227.20,1229.3 1 0
hyper/internal/handlers/knowledge_handler.go:1232.2,1232.51 1 0
hyper/internal/handlers/knowledge_handler.go:1232.51,1234.3 1 0
hyper/internal/handlers/knowledge_handler.go:1236.2,1244.16 4 0
hyper/internal/handlers/knowledge_handler.go:1244.16,1250.3 3 0
hyper/internal/handlers/knowledge_handler.go:1252.2,1268.4 2 0
hyper/internal/handlers/knowledge_handler.go:1271.63,1295.2 23 0
hyper/internal/handlers/mcp_servers.go:28.22,34.2 1 1
hyper/internal/handlers/mcp_servers.go:37.79,45.2 7 0
hyper/internal/handlers/mcp_servers.go:132.58,134.47 2 1
hyper/internal/handlers/mcp_servers.go:134.47,141.3 3 1
hyper/internal/handlers/mcp_servers.go:144.2,144.40 1 1
hyper/internal/handlers/mcp_servers.go:144.40,149.3 2 1
hyper/internal/handlers/mcp_servers.go:151.2,157.41 4 1
hyper/internal/handlers/mcp_servers.go:157.41,166.74 3 1
hyper/internal/handlers/mcp_servers.go:166.74,175.4 3 1
hyper/internal/handlers/mcp_servers.go:178.3,178.79 1 1
hyper/internal/handlers/mcp_servers.go:178.79,182.4 1 0
hyper/internal/handlers/mcp_servers.go:185.3,185.83 1 1
hyper/internal/handlers/mcp_servers.go:185.83,189.4 1 0
hyper/internal/handlers/mcp_servers.go:192.3,192.81 1 1
hyper/internal/handlers/mcp_servers.go:192.81,196.4 1 0
hyper/internal/handlers/mcp_servers.go:200.2,201.16 2 1
hyper/internal/handlers/mcp_servers.go:201.16,210.3 3 0
hyper/internal/handlers/mcp_servers.go:213.2,214.19 2 1
hyper/internal/handlers/mcp_servers.go:214.19,216.3 1 1
hyper/internal/handlers/mcp_servers.go:218.2,225.4 2 1
hyper/internal/handlers/mcp_servers.go:229.60,233.16 3 1
hyper/internal/handlers/mcp_servers.go:233.16,240.3 3 0
hyper/internal/handlers/mcp_servers.go:243.2,244.33 2 1
hyper/internal/handlers/mcp_servers.go:244.33,256.3 1 1
hyper/internal/handlers/mcp_servers.go:258.2,261.4 1 1
hyper/internal/handlers/mcp_servers.go:265.61,267.22 2 1
hyper/internal/handlers/mcp_servers.go:267.22,272.3 2 0
hyper/internal/handlers/mcp_servers.go:274.2,278.16 3 1
hyper/internal/handlers/mcp_servers.go:278.16,287.3 3 0
hyper/internal/handlers/mcp_servers.go:289.2,295.4 2 1
hyper/internal/handlers/mcp_servers.go:299.65,301.22 2 0
hyper/internal/handlers/mcp_servers.go:301.22,306.3 2 0
hyper/internal/handlers/mcp_servers.go:308.2,316.16 4 0
hyper/internal/handlers/mcp_servers.go:316.16,325.3 3 0
hyper/internal/handlers/mcp_servers.go:328.2,329.54 2 0
hyper/internal/handlers/mcp_servers.go:329.54,330.50 1 0
hyper/internal/handlers/mcp_servers.go:330.50,332.4 1 0
hyper/internal/handlers/mcp_servers.go:335.2,342.4 2 0
hyper/internal/handlers/mcp_servers.go:346.66,351.16 3 0
hyper/internal/handlers/mcp_servers.go:351.16,358.3 3 0
hyper/internal/handlers/mcp_servers.go:360.2,369.33 8 0
hyper/internal/handlers/mcp_servers.go:369.33,375.17 3 0
hyper/internal/handlers/mcp_servers.go:375.17,384.12 4 0
hyper/internal/handlers/mcp_servers.go:387.3,390.55 2 0
hyper/internal/handlers/mcp_servers.go:390.55,391.51 1 0
hyper/internal/handlers/mcp_servers.go:391.51,393.5 1 0
hyper/internal/handlers/mcp_servers.go:394.4,394.55 1 0
hyper/internal/handlers/mcp_servers.go:394.55,396.5 1 0
hyper/internal/handlers/mcp_servers.go:397.4,397.53 1 0
hyper/internal/handlers/mcp_servers.go:397.53,399.5 1 0
hyper/internal/handlers/mcp_servers.go:403.2,421.4 2 0
hyper/internal/handlers/mcp_servers.go:425.58,427.22 2 0
hyper/internal/handlers/mcp_servers.go:427.22,432.3 2 0
hyper/internal/handlers/mcp_servers.go:434.2,435.47 2 0
hyper/internal/handlers/mcp_servers.go:435.47,442.3 3 0
hyper/internal/handlers/mcp_servers.go:444.2,448.16 3 0
hyper/internal/handlers/mcp_servers.go:448.16,457.3 3 0
hyper/internal/handlers/mcp_servers.go:460.2,461.16 2 0
hyper/internal/handlers/mcp_servers.go:461.16,470.3 3 0
hyper/internal/handlers/mcp_servers.go:472.2,490.4 2 0
hyper/internal/handlers/mcp_servers.go:494.62,496.22 2 0
hyper/internal/handlers/mcp_servers.go:496.22,501.3 2 0
hyper/internal/handlers/mcp_servers.go:503.2,507.16 3 0
hyper/internal/handlers/mcp_servers.go:507.16,516.3 3 0
hyper/internal/handlers/mcp_servers.go:519.2,520.16 2 0
hyper/internal/handlers/mcp_servers.go:520.16,529.3 3 0
hyper/internal/handlers/mcp_servers.go:532.2,533.16 2 0
hyper/internal/handlers/mcp_servers.go:533.16,542.3 3 0
hyper/internal/handlers/mcp_servers.go:545.2,546.16 2 0
hyper/internal/handlers/mcp_servers.go:546.16,555.3 3 0
hyper/internal/handlers/mcp_servers.go:558.2,559.29 2 0
hyper/internal/handlers/mcp_servers.go:559.29,567.3 1 0
hyper/internal/handlers/mcp_servers.go:570.2,571.37 2 0
hyper/internal/handlers/mcp_servers.go:571.37,580.3 1 0
hyper/internal/handlers/mcp_servers.go:583.2,584.33 2 0
hyper/internal/handlers/mcp_servers.go:584.33,592.3 1 0
hyper/internal/handlers/mcp_servers.go:594.2,610.4 1 0
hyper/internal/handlers/mcp_servers.go:614.42,615.39 1 1
hyper/internal/handlers/mcp_servers.go:615.39,617.3 1 0
hyper/internal/handlers/mcp_servers.go:618.2,618.26 1 1
hyper/internal/handlers/mcp_servers.go:618.26,622.28 1 1
hyper/internal/handlers/mcp_servers.go:622.28,624.4 1 1
hyper/internal/handlers/mcp_servers.go:626.2,626.13 1 1
hyper/internal/handlers/message_notifier.go:25.62,26.25 1 0
hyper/internal/handlers/message_notifier.go:26.25,31.3 1 0
hyper/internal/handlers/message_notifier.go:32.2,32.25 1 0
hyper/internal/handlers/message_notifier.go:37.90,44.59 4 0
hyper/internal/handlers/message_notifier.go:44.59,48.3 2 0
hyper/internal/handlers/message_notifier.go:51.2,57.17 4 0
hyper/internal/handlers/message_notifier.go:61.76,66.51 4 0
hyper/internal/handlers/message_notifier.go:66.51,71.3 3 0
hyper/internal/handlers/message_notifier.go:76.75,81.51 4 0
hyper/internal/handlers/message_notifier.go:81.51,83.10 1 0
hyper/internal/handlers/message_notifier.go:84.25,86.41 1 0
hyper/internal/handlers/message_notifier.go:87.11,90.41 1 0
hyper/internal/handlers/message_notifier.go:92.8,96.3 1 0
hyper/internal/handlers/message_notifier.go:100.83,107.2 5 0
hyper/internal/handlers/message_notifier.go:110.56,115.2 3 0
hyper/internal/handlers/metrics_handler.go:20.97,25.2 1 0
hyper/internal/handlers/metrics_handler.go:74.59,78.16 3 0
hyper/internal/handlers/metrics_handler.go:78.16,81.3 2 0
hyper/internal/handlers/metrics_handler.go:84.2,94.59 4 0
hyper/internal/handlers/metrics_handler.go:94.59,96.17 2 0
hyper/internal/handlers/metrics_handler.go:96.17,98.12 2 0
hyper/internal/handlers/metrics_handler.go:101.3,101.24 1 0
hyper/internal/handlers/metrics_handler.go:101.24,102.12 1 0
hyper/internal/handlers/metrics_handler.go:106.3,110.29 4 0
hyper/internal/handlers/metrics_handler.go:110.29,113.17 3 0
hyper/internal/handlers/metrics_handler.go:113.17,115.5 1 0
hyper/internal/handlers/metrics_handler.go:115.10,117.5 1 0
hyper/internal/handlers/metrics_handler.go:120.3,131.4 2 0
hyper/internal/handlers/metrics_handler.go:135.2,136.16 2 0
hyper/internal/handlers/metrics_handler.go:136.16,138.3 1 0
hyper/internal/handlers/metrics_handler.go:138.8,140.3 1 0
hyper/internal/handlers/metrics_handler.go:143.2,144.16 2 0
hyper/internal/handlers/metrics_handler.go:144.16,146.3 1 0
hyper/internal/handlers/metrics_handler.go:146.8,148.3 1 0
hyper/internal/handlers/metrics_handler.go:151.2,152.16 2 0
hyper/internal/handlers/metrics_handler.go:152.16,154.3 1 0
hyper/internal/handlers/metrics_handler.go:154.8,164.3 1 0
hyper/internal/handlers/metrics_handler.go:166.2,166.33 1 0
hyper/internal/handlers/metrics_handler.go:171.61,176.16 4 0
hyper/internal/handlers/metrics_handler.go:176.16,180.3 3 0
hyper/internal/handlers/metrics_handler.go:182.2,182.23 1 0
hyper/internal/handlers/metrics_handler.go:182.23,188.3 2 0
hyper/internal/handlers/metrics_handler.go:191.2,195.28 4 0
hyper/internal/handlers/metrics_handler.go:195.28,198.16 3 0
hyper/internal/handlers/metrics_handler.go:198.16,200.4 1 0
hyper/internal/handlers/metrics_handler.go:200.9,202.4 1 0
hyper/internal/handlers/metrics_handler.go:205.2,206.16 2 0
hyper/internal/handlers/metrics_handler.go:206.16,208.3 1 0
hyper/internal/handlers/metrics_handler.go:210.2,219.4 1 0
hyper/internal/handlers/metrics_handler.go:224.57,229.16 4 0
hyper/internal/handlers/metrics_handler.go:229.16,233.3 3 0
hyper/internal/handlers/metrics_handler.go:235.2,235.23 1 0
hyper/internal/handlers/metrics_handler.go:235.23,241.3 2 0
hyper/internal/handlers/metrics_handler.go:244.2,247.28 3 0
hyper/internal/handlers/metrics_handler.go:247.28,249.16 2 0
hyper/internal/handlers/metrics_handler.go:249.16,251.4 1 0
hyper/internal/handlers/metrics_handler.go:251.9,253.4 1 0
hyper/internal/handlers/metrics_handler.go:254.3,254.17 1 0
hyper/internal/handlers/metrics_handler.go:254.17,256.4 1 0
hyper/internal/handlers/metrics_handler.go:259.2,270.4 3 0
hyper/internal/handlers/metrics_handler.go:275.58,279.16 3 0
hyper/internal/handlers/metrics_handler.go:279.16,283.3 3 0
hyper/internal/handlers/metrics_handler.go:285.2,288.4 1 0
hyper/internal/handlers/metrics_handler.go:293.59,296.16 3 0
hyper/internal/handlers/metrics_handler.go:296.16,300.3 3 0
hyper/internal/handlers/metrics_handler.go:302.2,303.16 2 0
hyper/internal/handlers/metrics_handler.go:303.16,307.3 3 0
hyper/internal/handlers/metrics_handler.go:309.2,317.4 1 0
hyper/internal/handlers/metrics_handler.go:321.68,327.2 5 0
hyper/internal/handlers/panic_test_handler.go:20.64,24.2 1 0
hyper/internal/handlers/panic_test_handler.go:27.62,29.2 2 0
hyper/internal/handlers/panic_test_handler.go:29.2,36.3 6 0
hyper/internal/handlers/panic_test_handler.go:38.2,47.6 1 0
hyper/internal/handlers/panic_test_handler.go:51.65,57.64 2 0
hyper/internal/handlers/panic_test_handler.go:61.63,66.37 2 0
hyper/internal/handlers/panic_test_handler.go:66.37,69.62 3 0
hyper/internal/handlers/panic_test_handler.go:73.2,76.4 1 0
hyper/internal/handlers/panic_test_handler.go:80.69,87.10 2 0
hyper/internal/handlers/panic_test_handler.go:87.10,90.69 3 0
hyper/internal/handlers/panic_test_handler.go:93.10,95.4 1 0
hyper/internal/handlers/panic_test_handler.go:98.2,101.4 1 0
hyper/internal/handlers/panic_test_handler.go:105.64,115.2 4 0
hyper/internal/handlers/panic_test_handler.go:118.65,128.2 4 0
hyper/internal/handlers/panic_test_handler.go:131.55,141.2 2 0
hyper/internal/handlers/panic_test_handler.go:144.57,187.2 1 0
hyper/internal/handlers/panic_test_handler.go:190.50,192.2 1 0
hyper/internal/handlers/progress_notifier.go:28.64,29.33 1 0
hyper/internal/handlers/progress_notifier.go:29.33,34.3 1 0
hyper/internal/handlers/progress_notifier.go:35.2,35.33 1 0
hyper/internal/handlers/progress_notifier.go:39.96,45.59 4 0
hyper/internal/handlers/progress_notifier.go:45.59,47.3 1 0
hyper/internal/handlers/progress_notifier.go:50.2,53.19 4 0
hyper/internal/handlers/progress_notifier.go:57.77,62.51 4 0
hyper/internal/handlers/progress_notifier.go:62.51,66.3 3 0
hyper/internal/handlers/progress_notifier.go:70.88,75.51 4 0
hyper/internal/handlers/progress_notifier.go:75.51,76.10 1 0
hyper/internal/handlers/progress_notifier.go:77.46,78.114 1 0
hyper/internal/handlers/progress_notifier.go:79.11,80.96 1 0
hyper/internal/handlers/reflection_handler.go:23.22,28.2 1 0
hyper/internal/handlers/reflection_handler.go:32.58,38.50 4 0
hyper/internal/handlers/reflection_handler.go:38.50,39.64 1 0
hyper/internal/handlers/reflection_handler.go:39.64,41.19 2 0
hyper/internal/handlers/reflection_handler.go:41.19,43.5 1 0
hyper/internal/handlers/reflection_handler.go:47.2,51.18 3 0
hyper/internal/handlers/reflection_handler.go:51.18,53.3 1 0
hyper/internal/handlers/reflection_handler.go:53.8,53.25 1 0
hyper/internal/handlers/reflection_handler.go:53.25,55.3 1 0
hyper/internal/handlers/reflection_handler.go:55.8,57.3 1 0
hyper/internal/handlers/reflection_handler.go:59.2,59.16 1 0
hyper/internal/handlers/reflection_handler.go:59.16,63.3 3 0
hyper/internal/handlers/reflection_handler.go:66.2,67.32 2 0
hyper/internal/handlers/reflection_handler.go:67.32,68.27 1 0
hyper/internal/handlers/reflection_handler.go:68.27,70.31 2 0
hyper/internal/handlers/reflection_handler.go:70.31,71.10 1 0
hyper/internal/handlers/reflection_handler.go:76.2,79.4 1 0
hyper/internal/handlers/reflection_handler.go:84.57,89.50 3 0
hyper/internal/handlers/reflection_handler.go:89.50,90.64 1 0
hyper/internal/handlers/reflection_handler.go:90.64,92.19 2 0
hyper/internal/handlers/reflection_handler.go:92.19,94.5 1 0
hyper/internal/handlers/reflection_handler.go:98.2,101.22 3 0
hyper/internal/handlers/reflection_handler.go:101.22,104.17 2 0
hyper/internal/handlers/reflection_handler.go:104.17,108.4 3 0
hyper/internal/handlers/reflection_handler.go:111.3,112.57 2 0
hyper/internal/handlers/reflection_handler.go:112.57,114.18 2 0
hyper/internal/handlers/reflection_handler.go:114.18,116.13 2 0
hyper/internal/handlers/reflection_handler.go:118.4,118.33 1 0
hyper/internal/handlers/reflection_handler.go:118.33,120.5 1 0
hyper/internal/handlers/reflection_handler.go:122.3,122.35 1 0
hyper/internal/handlers/reflection_handler.go:123.8,125.17 2 0
hyper/internal/handlers/reflection_handler.go:125.17,129.4 3 0
hyper/internal/handlers/reflection_handler.go:133.2,133.30 1 0
hyper/internal/handlers/reflection_handler.go:133.30,135.3 1 0
hyper/internal/handlers/reflection_handler.go:137.2,140.4 1 0
hyper/internal/handlers/reflection_handler.go:145.56,151.50 4 0
hyper/internal/handlers/reflection_handler.go:151.50,152.64 1 0
hyper/internal/handlers/reflection_handler.go:152.64,154.19 2 0
hyper/internal/handlers/reflection_handler.go:154.19,156.5 1 0
hyper/internal/handlers/reflection_handler.go:160.2,163.19 3 0
hyper/internal/handlers/reflection_handler.go:163.19,166.17 2 0
hyper/internal/handlers/reflection_handler.go:166.17,170.4 3 0
hyper/internal/handlers/reflection_handler.go:173.3,174.30 2 0
hyper/internal/handlers/reflection_handler.go:174.30,175.46 1 0
hyper/internal/handlers/reflection_handler.go:175.46,177.19 2 0
hyper/internal/handlers/reflection_handler.go:177.19,179.14 2 0
hyper/internal/handlers/reflection_handler.go:181.5,182.34 2 0
hyper/internal/handlers/reflection_handler.go:182.34,183.11 1 0
hyper/internal/handlers/reflection_handler.go:186.4,186.33 1 0
hyper/internal/handlers/reflection_handler.go:186.33,187.10 1 0
hyper/internal/handlers/reflection_handler.go:190.8,193.17 2 0
hyper/internal/handlers/reflection_handler.go:193.17,197.4 3 0
hyper/internal/handlers/reflection_handler.go:201.2,201.15 1 0
hyper/internal/handlers/reflection_handler.go:201.15,203.33 2 0
hyper/internal/handlers/reflection_handler.go:203.33,204.29 1 0
hyper/internal/handlers/reflection_handler.go:204.29,205.17 1 0
hyper/internal/handlers/reflection_handler.go:205.17,207.11 2 0
hyper/internal/handlers/reflection_handler.go:211.3,211.25 1 0
hyper/internal/handlers/reflection_handler.go:215.2,215.30 1 0
hyper/internal/handlers/reflection_handler.go:215.30,217.3 1 0
hyper/internal/handlers/reflection_handler.go:219.2,222.4 1 0
hyper/internal/handlers/reflection_handler.go:227.58,236.47 2 0
hyper/internal/handlers/reflection_handler.go:236.47,239.3 2 0
hyper/internal/handlers/reflection_handler.go:242.2,243.58 2 0
hyper/internal/handlers/reflection_handler.go:243.58,245.3 1 0
hyper/internal/handlers/reflection_handler.go:248.2,262.16 3 0
hyper/internal/handlers/reflection_handler.go:262.16,266.3 3 0
hyper/internal/handlers/reflection_handler.go:268.2,271.4 1 0
hyper/internal/handlers/reflection_handler.go:276.57,283.47 2 0
hyper/internal/handlers/reflection_handler.go:283.47,286.3 2 0
hyper/internal/handlers/reflection_handler.go:289.2,290.16 2 0
hyper/internal/handlers/reflection_handler.go:290.16,293.3 2 0
hyper/internal/handlers/reflection_handler.go:296.2,309.16 3 0
hyper/internal/handlers/reflection_handler.go:309.16,313.3 3 0
hyper/internal/handlers/reflection_handler.go:316.2,317.16 2 0
hyper/internal/handlers/reflection_handler.go:317.16,319.3 1 0
hyper/internal/handlers/reflection_handler.go:322.2,323.67 2 0
hyper/internal/handlers/reflection_handler.go:323.67,325.3 1 0
hyper/internal/handlers/reflection_handler.go:327.2,331.4 1 0
hyper/internal/handlers/reflection_handler.go:336.56,347.47 2 0
hyper/internal/handlers/reflection_handler.go:347.47,350.3 2 0
hyper/internal/handlers/reflection_handler.go:353.2,353.25 1 0
hyper/internal/handlers/reflection_handler.go:353.25,355.3 1 0
hyper/internal/handlers/reflection_handler.go:358.2,373.16 3 0
hyper/internal/handlers/reflection_handler.go:373.16,377.3 3 0
hyper/internal/handlers/reflection_handler.go:380.2,381.16 2 0
hyper/internal/handlers/reflection_handler.go:381.16,383.3 1 0
hyper/internal/handlers/reflection_handler.go:385.2,389.4 1 0
hyper/internal/handlers/reflection_handler.go:393.59,395.17 2 0
hyper/internal/handlers/reflection_handler.go:395.17,398.3 2 0
hyper/internal/handlers/reflection_handler.go:400.2,402.30 3 0
hyper/internal/handlers/reflection_handler.go:402.30,404.3 1 0
hyper/internal/handlers/reflection_handler.go:405.2,405.16 1 0
hyper/internal/handlers/reflection_handler.go:405.16,407.3 1 0
hyper/internal/handlers/reflection_handler.go:409.2,410.16 2 0
hyper/internal/handlers/reflection_handler.go:410.16,414.3 3 0
hyper/internal/handlers/reflection_handler.go:416.2,420.4 1 0
hyper/internal/handlers/reflection_handler.go:425.59,433.47 2 0
hyper/internal/handlers/reflection_handler.go:433.47,436.3 2 0
hyper/internal/handlers/reflection_handler.go:439.2,445.16 2 0
hyper/internal/handlers/reflection_handler.go:445.16,449.3 3 0
hyper/internal/handlers/reflection_handler.go:451.2,457.19 2 0
hyper/internal/handlers/reflection_handler.go:457.19,459.3 1 0
hyper/internal/handlers/reflection_handler.go:461.2,461.33 1 0
hyper/internal/handlers/subagent_handler.go:22.137,28.2 1 0
hyper/internal/handlers/subagent_handler.go:45.57,47.16 2 0
hyper/internal/handlers/subagent_handler.go:47.16,51.3 3 0
hyper/internal/handlers/subagent_handler.go:54.2,55.37 2 0
hyper/internal/handlers/subagent_handler.go:55.37,62.3 1 0
hyper/internal/handlers/subagent_handler.go:64.2,67.4 1 0
hyper/internal/handlers/subagent_handler.go:72.55,76.16 3 0
hyper/internal/handlers/subagent_handler.go:76.16,80.3 3 0
hyper/internal/handlers/subagent_handler.go:83.2,88.4 1 0
hyper/internal/handlers/subagent_handler.go:93.62,96.13 2 0
hyper/internal/handlers/subagent_handler.go:96.13,99.3 2 0
hyper/internal/handlers/subagent_handler.go:100.2,101.25 2 0
hyper/internal/handlers/subagent_handler.go:101.25,104.3 2 0
hyper/internal/handlers/subagent_handler.go:106.2,107.13 2 0
hyper/internal/handlers/subagent_handler.go:107.13,110.3 2 0
hyper/internal/handlers/subagent_handler.go:111.2,112.28 2 0
hyper/internal/handlers/subagent_handler.go:112.28,115.3 2 0
hyper/internal/handlers/subagent_handler.go:118.2,119.21 2 0
hyper/internal/handlers/subagent_handler.go:119.21,122.3 2 0
hyper/internal/handlers/subagent_handler.go:125.2,126.16 2 0
hyper/internal/handlers/subagent_handler.go:126.16,130.3 3 0
hyper/internal/handlers/subagent_handler.go:133.2,137.16 3 0
hyper/internal/handlers/subagent_handler.go:137.16,143.3 3 0
hyper/internal/handlers/subagent_handler.go:147.2,148.16 2 0
hyper/internal/handlers/subagent_handler.go:148.16,154.3 1 0
hyper/internal/handlers/subagent_handler.go:154.8,160.3 2 0
hyper/internal/handlers/subagent_handler.go:162.2,170.4 2 0
hyper/internal/handlers/subchat_handler.go:24.168,31.2 1 0
hyper/internal/handlers/subchat_handler.go:34.85,37.13 2 0
hyper/internal/handlers/subchat_handler.go:37.13,39.3 1 0
hyper/internal/handlers/subchat_handler.go:41.2,42.13 2 0
hyper/internal/handlers/subchat_handler.go:42.13,44.3 1 0
hyper/internal/handlers/subchat_handler.go:46.2,47.25 2 0
hyper/internal/handlers/subchat_handler.go:47.25,49.3 1 0
hyper/internal/handlers/subchat_handler.go:51.2,52.28 2 0
hyper/internal/handlers/subchat_handler.go:52.28,54.3 1 0
hyper/internal/handlers/subchat_handler.go:56.2,56.31 1 0
hyper/internal/handlers/subchat_handler.go:86.56,88.47 2 0
hyper/internal/handlers/subchat_handler.go:88.47,91.3 2 0
hyper/internal/handlers/subchat_handler.go:94.2,95.16 2 0
hyper/internal/handlers/subchat_handler.go:95.16,98.3 2 0
hyper/internal/handlers/subchat_handler.go:101.2,102.16 2 0
hyper/internal/handlers/subchat_handler.go:102.16,106.3 3 0
hyper/internal/handlers/subchat_handler.go:110.2,111.16 2 0
hyper/internal/handlers/subchat_handler.go:111.16,114.3 1 0
hyper/internal/handlers/subchat_handler.go:114.8,118.17 3 0
hyper/internal/handlers/subchat_handler.go:118.17,124.4 1 0
hyper/internal/handlers/subchat_handler.go:124.9,128.18 3 0
hyper/internal/handlers/subchat_handler.go:128.18,133.5 1 0
hyper/internal/handlers/subchat_handler.go:133.10,142.5 2 0
hyper/internal/handlers/subchat_handler.go:148.2,150.16 3 0
hyper/internal/handlers/subchat_handler.go:150.16,155.3 1 0
hyper/internal/handlers/subchat_handler.go:155.8,175.17 4 0
hyper/internal/handlers/subchat_handler.go:175.17,180.4 1 0
hyper/internal/handlers/subchat_handler.go:180.9,184.18 3 0
hyper/internal/handlers/subchat_handler.go:184.18,189.5 1 0
hyper/internal/handlers/subchat_handler.go:189.10,197.5 2 0
hyper/internal/handlers/subchat_handler.go:201.2,201.58 1 0
hyper/internal/handlers/subchat_handler.go:206.53,210.16 3 0
hyper/internal/handlers/subchat_handler.go:210.16,214.3 3 0
hyper/internal/handlers/subchat_handler.go:216.2,216.53 1 0
hyper/internal/handlers/subchat_handler.go:221.62,225.16 3 0
hyper/internal/handlers/subchat_handler.go:225.16,229.3 3 0
hyper/internal/handlers/subchat_handler.go:232.2,233.35 2 0
hyper/internal/handlers/subchat_handler.go:233.35,235.3 1 0
hyper/internal/handlers/subchat_handler.go:237.2,240.4 1 0
hyper/internal/handlers/subchat_handler.go:245.62,251.47 3 0
hyper/internal/handlers/subchat_handler.go:251.47,254.3 2 0
hyper/internal/handlers/subchat_handler.go:257.2,260.41 2 0
hyper/internal/handlers/subchat_handler.go:260.41,263.3 2 0
hyper/internal/handlers/subchat_handler.go:265.2,266.16 2 0
hyper/internal/handlers/subchat_handler.go:266.16,270.3 3 0
hyper/internal/handlers/subchat_handler.go:272.2,275.4 1 0
hyper/internal/handlers/subchat_handler.go:280.56,284.16 3 0
hyper/internal/handlers/subchat_handler.go:284.16,288.81 2 0
hyper/internal/handlers/subchat_handler.go:288.81,291.4 2 0
hyper/internal/handlers/subchat_handler.go:293.3,294.9 2 0
hyper/internal/handlers/subchat_handler.go:297.2,298.32 2 0
hyper/internal/handlers/subchat_handler.go:302.86,314.2 1 0
hyper/internal/handlers/token_estimator.go:13.42,17.2 1 1
hyper/internal/handlers/token_estimator.go:20.66,21.28 1 1
hyper/internal/handlers/token_estimator.go:22.14,23.60 1 1
hyper/internal/handlers/token_estimator.go:24.21,26.26 2 1
hyper/internal/handlers/token_estimator.go:26.26,28.4 1 1
hyper/internal/handlers/token_estimator.go:29.3,29.15 1 1
hyper/internal/handlers/token_estimator.go:30.16,32.23 2 1
hyper/internal/handlers/token_estimator.go:32.23,34.4 1 1
hyper/internal/handlers/token_estimator.go:35.3,35.15 1 1
hyper/internal/handlers/token_estimator.go:36.30,38.25 2 1
hyper/internal/handlers/token_estimator.go:38.25,41.4 2 1
hyper/internal/handlers/token_estimator.go:42.3,42.15 1 1
hyper/internal/handlers/token_estimator.go:43.10,44.44 1 1
hyper/internal/handlers/token_estimator.go:44.44,46.4 1 1
hyper/internal/handlers/token_estimator.go:47.3,47.11 1 0
hyper/internal/handlers/token_estimator.go:52.95,54.45 1 1
hyper/internal/handlers/token_estimator.go:54.45,56.3 1 1
hyper/internal/handlers/token_estimator.go:59.2,59.47 1 1
hyper/internal/handlers/token_estimator.go:59.47,61.3 1 0
hyper/internal/handlers/token_estimator.go:64.2,64.25 1 1
hyper/internal/handlers/token_estimator.go:64.25,66.3 1 0
hyper/internal/handlers/token_estimator.go:68.2,68.14 1 1
hyper/internal/handlers/tool_result_interceptor.go:24.74,30.2 1 1
hyper/internal/handlers/tool_result_interceptor.go:33.110,39.2 1 1
hyper/internal/handlers/tool_result_interceptor.go:48.36,54.41 2 1
hyper/internal/handlers/tool_result_interceptor.go:54.41,56.3 1 1
hyper/internal/handlers/tool_result_interceptor.go:59.2,62.25 2 1
hyper/internal/handlers/tool_result_interceptor.go:62.25,77.3 3 1
hyper/internal/handlers/tool_result_interceptor.go:80.2,85.55 2 1
hyper/internal/handlers/tool_result_interceptor.go:94.10,98.26 3 1
hyper/internal/handlers/tool_result_interceptor.go:98.26,100.3 1 1
hyper/internal/handlers/tool_result_interceptor.go:102.2,112.34 3 1
hyper/internal/handlers/tool_result_interceptor.go:116.84,190.57 2 1
hyper/internal/handlers/tool_result_interceptor.go:190.57,192.3 1 1
hyper/internal/handlers/tool_result_interceptor.go:195.2,199.94 1 1
hyper/internal/handlers/tool_result_limits.go:21.50,46.2 1 1
hyper/internal/handlers/tool_result_limits.go:49.80,51.61 1 1
hyper/internal/handlers/tool_result_limits.go:51.61,53.3 1 1
hyper/internal/handlers/tool_result_limits.go:56.2,56.75 1 1
hyper/internal/handlers/tool_result_limits.go:60.76,61.27 1 1
hyper/internal/handlers/tool_result_limits.go:61.27,63.3 1 1
hyper/internal/handlers/tool_result_limits.go:64.2,64.63 1 1
hyper/internal/handlers/tool_result_limits.go:68.24,69.11 1 1
hyper/internal/handlers/tool_result_limits.go:69.11,71.3 1 1
hyper/internal/handlers/tool_result_limits.go:72.2,72.10 1 1
hyper/internal/handlers/tool_result_processor.go:14.52,18.2 1 1
hyper/internal/handlers/tool_result_processor.go:35.23,48.74 3 1
hyper/internal/handlers/tool_result_processor.go:48.74,66.3 6 1
hyper/internal/handlers/tool_result_processor.go:68.2,68.18 1 1
hyper/internal/handlers/tool_result_processor.go:75.34,80.44 3 1
hyper/internal/handlers/tool_result_processor.go:80.44,88.27 5 1
hyper/internal/handlers/tool_result_processor.go:88.27,90.4 1 0
hyper/internal/handlers/tool_result_processor.go:93.2,93.18 1 1
hyper/internal/handlers/user_settings_handler.go:19.108,24.2 1 0
hyper/internal/handlers/user_settings_handler.go:35.63,44.16 5 0
hyper/internal/handlers/user_settings_handler.go:44.16,53.3 3 0
hyper/internal/handlers/user_settings_handler.go:55.2,55.33 1 0
hyper/internal/handlers/user_settings_handler.go:74.66,79.47 4 0
hyper/internal/handlers/user_settings_handler.go:79.47,87.3 3 0
hyper/internal/handlers/user_settings_handler.go:89.2,98.16 4 0
hyper/internal/handlers/user_settings_handler.go:98.16,107.3 3 0
hyper/internal/handlers/user_settings_handler.go:109.2,113.4 1 0
hyper/internal/handlers/websocket_broadcaster.go:37.72,38.28 1 0
hyper/internal/handlers/websocket_broadcaster.go:38.28,46.3 2 0
hyper/internal/handlers/websocket_broadcaster.go:47.2,47.28 1 0
hyper/internal/handlers/websocket_broadcaster.go:51.51,55.6 3 0
hyper/internal/handlers/websocket_broadcaster.go:55.6,56.10 1 0
hyper/internal/handlers/websocket_broadcaster.go:57.19,58.30 1 0
hyper/internal/handlers/websocket_broadcaster.go:59.29,60.10 1 0
hyper/internal/handlers/websocket_broadcaster.go:66.57,72.45 4 0
hyper/internal/handlers/websocket_broadcaster.go:72.45,80.17 3 0
hyper/internal/handlers/websocket_broadcaster.go:80.17,86.4 2 0
hyper/internal/handlers/websocket_broadcaster.go:86.9,88.4 1 0
hyper/internal/handlers/websocket_broadcaster.go:89.3,89.17 1 0
hyper/internal/handlers/websocket_broadcaster.go:93.2,93.45 1 0
hyper/internal/handlers/websocket_broadcaster.go:93.45,94.55 1 0
hyper/internal/handlers/websocket_broadcaster.go:94.55,99.4 3 0
hyper/internal/handlers/websocket_broadcaster.go:104.128,111.60 4 0
hyper/internal/handlers/websocket_broadcaster.go:111.60,113.3 1 0
hyper/internal/handlers/websocket_broadcaster.go:116.2,126.39 3 0
hyper/internal/handlers/websocket_broadcaster.go:130.84,136.54 4 0
hyper/internal/handlers/websocket_broadcaster.go:136.54,142.3 3 0
hyper/internal/handlers/websocket_broadcaster.go:146.118,152.13 5 0
hyper/internal/handlers/websocket_broadcaster.go:152.13,156.3 2 0
hyper/internal/handlers/websocket_broadcaster.go:159.2,163.16 4 0
hyper/internal/handlers/websocket_broadcaster.go:163.16,168.3 2 0
hyper/internal/handlers/websocket_broadcaster.go:170.2,174.12 2 0
