mode: set
hyper/internal/mcp/parser/go_parser.go:17.30,19.2 1 1
hyper/internal/mcp/parser/go_parser.go:22.79,27.16 3 1
hyper/internal/mcp/parser/go_parser.go:27.16,29.3 1 1
hyper/internal/mcp/parser/go_parser.go:31.2,34.42 2 1
hyper/internal/mcp/parser/go_parser.go:34.42,35.27 1 1
hyper/internal/mcp/parser/go_parser.go:36.22,39.23 2 1
hyper/internal/mcp/parser/go_parser.go:39.23,41.5 1 1
hyper/internal/mcp/parser/go_parser.go:43.21,46.39 2 1
hyper/internal/mcp/parser/go_parser.go:48.3,48.14 1 1
hyper/internal/mcp/parser/go_parser.go:51.2,51.19 1 1
hyper/internal/mcp/parser/go_parser.go:55.59,57.2 1 1
hyper/internal/mcp/parser/go_parser.go:60.101,72.45 7 1
hyper/internal/mcp/parser/go_parser.go:72.45,77.3 4 1
hyper/internal/mcp/parser/go_parser.go:80.2,93.3 3 1
hyper/internal/mcp/parser/go_parser.go:97.101,100.33 2 1
hyper/internal/mcp/parser/go_parser.go:100.33,101.27 1 1
hyper/internal/mcp/parser/go_parser.go:102.22,105.19 2 1
hyper/internal/mcp/parser/go_parser.go:105.19,107.5 1 1
hyper/internal/mcp/parser/go_parser.go:109.23,112.19 2 1
hyper/internal/mcp/parser/go_parser.go:112.19,114.5 1 1
hyper/internal/mcp/parser/go_parser.go:116.24,119.12 1 0
hyper/internal/mcp/parser/go_parser.go:123.2,123.14 1 1
hyper/internal/mcp/parser/go_parser.go:127.121,136.26 6 1
hyper/internal/mcp/parser/go_parser.go:137.23,138.28 1 1
hyper/internal/mcp/parser/go_parser.go:139.26,140.31 1 1
hyper/internal/mcp/parser/go_parser.go:143.2,154.3 3 1
hyper/internal/mcp/parser/go_parser.go:158.123,160.57 1 1
hyper/internal/mcp/parser/go_parser.go:160.57,162.3 1 0
hyper/internal/mcp/parser/go_parser.go:164.2,168.28 4 1
hyper/internal/mcp/parser/go_parser.go:168.28,170.3 1 1
hyper/internal/mcp/parser/go_parser.go:173.2,174.34 2 1
hyper/internal/mcp/parser/go_parser.go:174.34,176.3 1 1
hyper/internal/mcp/parser/go_parser.go:177.2,193.3 6 1
hyper/internal/mcp/parser/go_parser.go:197.68,203.45 3 1
hyper/internal/mcp/parser/go_parser.go:203.45,207.3 3 1
hyper/internal/mcp/parser/go_parser.go:209.2,212.21 3 1
hyper/internal/mcp/parser/go_parser.go:216.84,222.26 4 1
hyper/internal/mcp/parser/go_parser.go:223.23,224.29 1 1
hyper/internal/mcp/parser/go_parser.go:225.26,226.32 1 1
hyper/internal/mcp/parser/go_parser.go:227.10,228.26 1 0
hyper/internal/mcp/parser/go_parser.go:231.2,231.21 1 1
hyper/internal/mcp/parser/go_parser.go:235.86,238.28 2 1
hyper/internal/mcp/parser/go_parser.go:238.28,240.3 1 1
hyper/internal/mcp/parser/go_parser.go:240.8,242.3 1 0
hyper/internal/mcp/parser/go_parser.go:244.2,245.34 2 1
hyper/internal/mcp/parser/go_parser.go:245.34,247.3 1 1
hyper/internal/mcp/parser/go_parser.go:248.2,250.21 2 1
hyper/internal/mcp/parser/go_parser.go:254.65,255.32 1 1
hyper/internal/mcp/parser/go_parser.go:256.18,257.16 1 0
hyper/internal/mcp/parser/go_parser.go:258.21,259.40 1 1
hyper/internal/mcp/parser/go_parser.go:259.40,261.4 1 1
hyper/internal/mcp/parser/go_parser.go:263.2,263.18 1 0
hyper/internal/mcp/parser/go_parser.go:267.82,272.21 4 1
hyper/internal/mcp/parser/go_parser.go:272.21,273.57 1 1
hyper/internal/mcp/parser/go_parser.go:273.57,275.4 1 1
hyper/internal/mcp/parser/go_parser.go:276.3,276.28 1 1
hyper/internal/mcp/parser/go_parser.go:276.28,277.9 1 1
hyper/internal/mcp/parser/go_parser.go:279.3,279.16 1 1
hyper/internal/mcp/parser/go_parser.go:282.2,282.34 1 1
hyper/internal/mcp/parser/init.go:11.26,12.21 1 0
hyper/internal/mcp/parser/init.go:12.21,42.24 9 0
hyper/internal/mcp/parser/init.go:42.24,48.4 1 0
hyper/internal/mcp/parser/init.go:51.3,52.23 2 0
hyper/internal/mcp/parser/init.go:52.23,58.4 1 0
hyper/internal/mcp/parser/init.go:61.3,62.24 2 0
hyper/internal/mcp/parser/init.go:62.24,68.4 1 0
hyper/internal/mcp/parser/interface.go:61.36,62.25 1 0
hyper/internal/mcp/parser/interface.go:62.25,67.3 1 0
hyper/internal/mcp/parser/interface.go:68.2,68.23 1 0
hyper/internal/mcp/parser/interface.go:72.100,76.33 3 0
hyper/internal/mcp/parser/interface.go:76.33,78.33 1 0
hyper/internal/mcp/parser/interface.go:78.33,80.4 1 0
hyper/internal/mcp/parser/interface.go:81.3,81.35 1 0
hyper/internal/mcp/parser/interface.go:84.2,84.33 1 0
hyper/internal/mcp/parser/interface.go:84.33,86.3 1 0
hyper/internal/mcp/parser/interface.go:90.79,95.47 4 0
hyper/internal/mcp/parser/interface.go:95.47,97.3 1 0
hyper/internal/mcp/parser/interface.go:99.2,99.71 1 0
hyper/internal/mcp/parser/interface.go:103.83,107.51 3 0
hyper/internal/mcp/parser/interface.go:107.51,109.3 1 0
hyper/internal/mcp/parser/interface.go:111.2,111.75 1 0
hyper/internal/mcp/parser/interface.go:115.65,122.2 5 0
hyper/internal/mcp/parser/interface.go:125.69,131.2 4 0
hyper/internal/mcp/parser/js_parser.go:20.30,34.2 1 1
hyper/internal/mcp/parser/js_parser.go:37.79,57.2 10 1
hyper/internal/mcp/parser/js_parser.go:60.59,63.2 1 1
hyper/internal/mcp/parser/js_parser.go:66.60,69.21 3 1
hyper/internal/mcp/parser/js_parser.go:69.21,71.3 1 1
hyper/internal/mcp/parser/js_parser.go:72.2,72.14 1 1
hyper/internal/mcp/parser/js_parser.go:76.64,79.29 2 1
hyper/internal/mcp/parser/js_parser.go:79.29,81.23 2 1
hyper/internal/mcp/parser/js_parser.go:81.23,88.21 5 1
hyper/internal/mcp/parser/js_parser.go:88.21,90.5 1 0
hyper/internal/mcp/parser/js_parser.go:92.4,108.6 6 1
hyper/internal/mcp/parser/js_parser.go:112.2,112.14 1 1
hyper/internal/mcp/parser/js_parser.go:116.69,119.29 2 1
hyper/internal/mcp/parser/js_parser.go:119.29,121.23 2 1
hyper/internal/mcp/parser/js_parser.go:121.23,128.21 5 1
hyper/internal/mcp/parser/js_parser.go:128.21,130.5 1 0
hyper/internal/mcp/parser/js_parser.go:132.4,149.6 7 1
hyper/internal/mcp/parser/js_parser.go:153.2,153.14 1 1
hyper/internal/mcp/parser/js_parser.go:157.88,160.41 2 1
hyper/internal/mcp/parser/js_parser.go:160.41,184.3 9 1
hyper/internal/mcp/parser/js_parser.go:186.2,186.14 1 1
hyper/internal/mcp/parser/js_parser.go:190.109,193.56 2 1
hyper/internal/mcp/parser/js_parser.go:193.56,196.23 3 1
hyper/internal/mcp/parser/js_parser.go:196.23,201.55 2 1
hyper/internal/mcp/parser/js_parser.go:201.55,202.13 1 0
hyper/internal/mcp/parser/js_parser.go:205.4,209.41 3 1
hyper/internal/mcp/parser/js_parser.go:209.41,211.5 1 0
hyper/internal/mcp/parser/js_parser.go:213.4,232.15 7 1
hyper/internal/mcp/parser/js_parser.go:236.2,236.14 1 1
hyper/internal/mcp/parser/js_parser.go:248.65,251.29 2 1
hyper/internal/mcp/parser/js_parser.go:251.29,253.23 2 1
hyper/internal/mcp/parser/js_parser.go:253.23,258.21 4 1
hyper/internal/mcp/parser/js_parser.go:258.21,260.5 1 0
hyper/internal/mcp/parser/js_parser.go:262.4,267.6 1 1
hyper/internal/mcp/parser/js_parser.go:271.2,271.15 1 1
hyper/internal/mcp/parser/js_parser.go:275.67,279.41 3 1
hyper/internal/mcp/parser/js_parser.go:279.41,282.27 2 1
hyper/internal/mcp/parser/js_parser.go:282.27,283.17 1 1
hyper/internal/mcp/parser/js_parser.go:283.17,286.5 2 1
hyper/internal/mcp/parser/js_parser.go:286.10,286.24 1 1
hyper/internal/mcp/parser/js_parser.go:286.24,288.42 2 1
hyper/internal/mcp/parser/js_parser.go:288.42,290.6 1 1
hyper/internal/mcp/parser/js_parser.go:295.2,295.11 1 0
hyper/internal/mcp/parser/js_parser.go:299.75,303.69 2 1
hyper/internal/mcp/parser/js_parser.go:303.69,305.3 1 1
hyper/internal/mcp/parser/js_parser.go:308.2,308.59 1 0
hyper/internal/mcp/parser/js_parser.go:308.59,310.79 1 0
hyper/internal/mcp/parser/js_parser.go:310.79,312.4 1 0
hyper/internal/mcp/parser/js_parser.go:315.2,315.17 1 0
hyper/internal/mcp/parser/js_parser.go:319.82,320.19 1 1
hyper/internal/mcp/parser/js_parser.go:320.19,322.3 1 0
hyper/internal/mcp/parser/js_parser.go:323.2,323.26 1 1
hyper/internal/mcp/parser/js_parser.go:323.26,325.3 1 0
hyper/internal/mcp/parser/js_parser.go:327.2,328.61 2 1
hyper/internal/mcp/parser/js_parser.go:328.61,330.3 1 1
hyper/internal/mcp/parser/js_parser.go:332.2,332.35 1 1
hyper/internal/mcp/parser/js_parser.go:336.89,338.16 2 1
hyper/internal/mcp/parser/js_parser.go:338.16,340.3 1 1
hyper/internal/mcp/parser/js_parser.go:341.2,341.13 1 1
hyper/internal/mcp/parser/js_parser.go:341.13,343.3 1 1
hyper/internal/mcp/parser/js_parser.go:344.2,345.33 2 1
hyper/internal/mcp/parser/js_parser.go:349.94,351.16 2 1
hyper/internal/mcp/parser/js_parser.go:351.16,353.3 1 1
hyper/internal/mcp/parser/js_parser.go:354.2,355.13 2 1
hyper/internal/mcp/parser/js_parser.go:355.13,357.3 1 1
hyper/internal/mcp/parser/js_parser.go:358.2,359.33 2 1
hyper/internal/mcp/parser/js_parser.go:363.77,364.16 1 1
hyper/internal/mcp/parser/js_parser.go:364.16,366.3 1 1
hyper/internal/mcp/parser/js_parser.go:367.2,367.38 1 1
hyper/internal/mcp/parser/js_parser.go:371.92,372.13 1 1
hyper/internal/mcp/parser/js_parser.go:372.13,374.3 1 1
hyper/internal/mcp/parser/js_parser.go:375.2,375.57 1 1
hyper/internal/mcp/parser/python_parser.go:20.38,34.2 1 1
hyper/internal/mcp/parser/python_parser.go:37.83,53.2 8 1
hyper/internal/mcp/parser/python_parser.go:56.63,58.2 1 1
hyper/internal/mcp/parser/python_parser.go:61.64,64.21 3 1
hyper/internal/mcp/parser/python_parser.go:64.21,66.3 1 1
hyper/internal/mcp/parser/python_parser.go:67.2,67.14 1 1
hyper/internal/mcp/parser/python_parser.go:71.108,74.29 2 1
hyper/internal/mcp/parser/python_parser.go:74.29,76.23 2 1
hyper/internal/mcp/parser/python_parser.go:76.23,81.65 3 1
hyper/internal/mcp/parser/python_parser.go:81.65,82.13 1 1
hyper/internal/mcp/parser/python_parser.go:86.4,93.21 4 1
hyper/internal/mcp/parser/python_parser.go:93.21,95.5 1 0
hyper/internal/mcp/parser/python_parser.go:97.4,103.27 5 1
hyper/internal/mcp/parser/python_parser.go:103.27,105.5 1 1
hyper/internal/mcp/parser/python_parser.go:107.4,115.6 1 1
hyper/internal/mcp/parser/python_parser.go:119.2,119.14 1 1
hyper/internal/mcp/parser/python_parser.go:123.98,126.41 2 1
hyper/internal/mcp/parser/python_parser.go:126.41,137.26 6 1
hyper/internal/mcp/parser/python_parser.go:137.26,139.4 1 1
hyper/internal/mcp/parser/python_parser.go:141.3,153.40 3 1
hyper/internal/mcp/parser/python_parser.go:156.2,156.14 1 1
hyper/internal/mcp/parser/python_parser.go:160.113,163.56 2 1
hyper/internal/mcp/parser/python_parser.go:163.56,166.23 3 1
hyper/internal/mcp/parser/python_parser.go:166.23,172.24 4 1
hyper/internal/mcp/parser/python_parser.go:172.24,173.13 1 0
hyper/internal/mcp/parser/python_parser.go:177.4,181.41 3 1
hyper/internal/mcp/parser/python_parser.go:181.41,183.5 1 0
hyper/internal/mcp/parser/python_parser.go:185.4,192.27 6 1
hyper/internal/mcp/parser/python_parser.go:192.27,194.5 1 0
hyper/internal/mcp/parser/python_parser.go:196.4,207.15 2 1
hyper/internal/mcp/parser/python_parser.go:211.2,211.14 1 1
hyper/internal/mcp/parser/python_parser.go:222.75,225.29 2 1
hyper/internal/mcp/parser/python_parser.go:225.29,227.23 2 1
hyper/internal/mcp/parser/python_parser.go:227.23,232.23 3 1
hyper/internal/mcp/parser/python_parser.go:232.23,233.13 1 0
hyper/internal/mcp/parser/python_parser.go:236.4,237.21 2 1
hyper/internal/mcp/parser/python_parser.go:237.21,239.5 1 0
hyper/internal/mcp/parser/python_parser.go:241.4,245.6 1 1
hyper/internal/mcp/parser/python_parser.go:249.2,249.15 1 1
hyper/internal/mcp/parser/python_parser.go:253.93,254.33 1 1
hyper/internal/mcp/parser/python_parser.go:254.33,255.55 1 1
hyper/internal/mcp/parser/python_parser.go:255.55,257.4 1 0
hyper/internal/mcp/parser/python_parser.go:259.2,259.14 1 1
hyper/internal/mcp/parser/python_parser.go:263.77,264.28 1 1
hyper/internal/mcp/parser/python_parser.go:264.28,266.3 1 0
hyper/internal/mcp/parser/python_parser.go:269.2,273.45 3 1
hyper/internal/mcp/parser/python_parser.go:273.45,278.55 3 1
hyper/internal/mcp/parser/python_parser.go:278.55,279.12 1 1
hyper/internal/mcp/parser/python_parser.go:283.3,286.33 2 1
hyper/internal/mcp/parser/python_parser.go:286.33,288.4 1 1
hyper/internal/mcp/parser/python_parser.go:292.2,292.23 1 1
hyper/internal/mcp/parser/python_parser.go:296.56,298.26 2 1
hyper/internal/mcp/parser/python_parser.go:298.26,299.16 1 1
hyper/internal/mcp/parser/python_parser.go:299.16,301.4 1 1
hyper/internal/mcp/parser/python_parser.go:301.9,301.24 1 1
hyper/internal/mcp/parser/python_parser.go:301.24,303.4 1 0
hyper/internal/mcp/parser/python_parser.go:303.9,304.9 1 1
hyper/internal/mcp/parser/python_parser.go:307.2,307.15 1 1
hyper/internal/mcp/parser/python_parser.go:311.76,315.35 2 1
hyper/internal/mcp/parser/python_parser.go:315.35,319.17 2 1
hyper/internal/mcp/parser/python_parser.go:319.17,320.12 1 1
hyper/internal/mcp/parser/python_parser.go:323.3,324.23 2 1
hyper/internal/mcp/parser/python_parser.go:324.23,327.4 2 1
hyper/internal/mcp/parser/python_parser.go:327.9,329.9 1 1
hyper/internal/mcp/parser/python_parser.go:333.2,333.19 1 1
hyper/internal/mcp/parser/python_parser.go:337.86,338.19 1 1
hyper/internal/mcp/parser/python_parser.go:338.19,340.3 1 0
hyper/internal/mcp/parser/python_parser.go:341.2,341.26 1 1
hyper/internal/mcp/parser/python_parser.go:341.26,343.3 1 0
hyper/internal/mcp/parser/python_parser.go:345.2,346.61 2 1
hyper/internal/mcp/parser/python_parser.go:346.61,348.3 1 1
hyper/internal/mcp/parser/python_parser.go:350.2,350.35 1 1
hyper/internal/mcp/parser/python_parser.go:354.102,357.25 2 1
hyper/internal/mcp/parser/python_parser.go:357.25,358.34 1 1
hyper/internal/mcp/parser/python_parser.go:358.34,360.4 1 1
hyper/internal/mcp/parser/python_parser.go:363.2,363.13 1 1
hyper/internal/mcp/parser/python_parser.go:363.13,365.3 1 1
hyper/internal/mcp/parser/python_parser.go:365.8,367.3 1 1
hyper/internal/mcp/parser/python_parser.go:369.2,369.33 1 1
hyper/internal/mcp/parser/python_parser.go:373.85,376.25 2 1
hyper/internal/mcp/parser/python_parser.go:376.25,377.34 1 1
hyper/internal/mcp/parser/python_parser.go:377.34,379.4 1 1
hyper/internal/mcp/parser/python_parser.go:382.2,384.33 2 1
hyper/internal/mcp/parser/python_parser.go:388.117,391.25 2 1
hyper/internal/mcp/parser/python_parser.go:391.25,392.34 1 0
hyper/internal/mcp/parser/python_parser.go:392.34,394.4 1 0
hyper/internal/mcp/parser/python_parser.go:397.2,397.13 1 1
hyper/internal/mcp/parser/python_parser.go:397.13,399.3 1 1
hyper/internal/mcp/parser/python_parser.go:399.8,401.3 1 1
hyper/internal/mcp/parser/python_parser.go:403.2,403.33 1 1
hyper/internal/mcp/parser/treesitter_parser.go:25.66,28.14 2 0
hyper/internal/mcp/parser/treesitter_parser.go:29.33,30.36 1 0
hyper/internal/mcp/parser/treesitter_parser.go:31.26,32.36 1 0
hyper/internal/mcp/parser/treesitter_parser.go:33.13,34.29 1 0
hyper/internal/mcp/parser/treesitter_parser.go:35.22,36.32 1 0
hyper/internal/mcp/parser/treesitter_parser.go:37.14,38.30 1 0
hyper/internal/mcp/parser/treesitter_parser.go:39.33,40.29 1 0
hyper/internal/mcp/parser/treesitter_parser.go:41.20,42.30 1 0
hyper/internal/mcp/parser/treesitter_parser.go:43.10,44.59 1 0
hyper/internal/mcp/parser/treesitter_parser.go:48.2,48.19 1 0
hyper/internal/mcp/parser/treesitter_parser.go:48.19,50.3 1 0
hyper/internal/mcp/parser/treesitter_parser.go:52.2,55.8 1 0
hyper/internal/mcp/parser/treesitter_parser.go:59.87,64.15 3 0
hyper/internal/mcp/parser/treesitter_parser.go:64.15,65.31 1 0
hyper/internal/mcp/parser/treesitter_parser.go:65.31,68.4 2 0
hyper/internal/mcp/parser/treesitter_parser.go:72.2,73.19 2 0
hyper/internal/mcp/parser/treesitter_parser.go:73.19,75.3 1 0
hyper/internal/mcp/parser/treesitter_parser.go:78.2,82.21 3 0
hyper/internal/mcp/parser/treesitter_parser.go:82.21,84.3 1 0
hyper/internal/mcp/parser/treesitter_parser.go:85.2,85.17 1 0
hyper/internal/mcp/parser/treesitter_parser.go:85.17,87.3 1 0
hyper/internal/mcp/parser/treesitter_parser.go:88.2,96.19 4 0
hyper/internal/mcp/parser/treesitter_parser.go:100.67,119.2 2 0
hyper/internal/mcp/parser/treesitter_parser.go:122.110,126.18 2 0
hyper/internal/mcp/parser/treesitter_parser.go:127.65,128.54 1 0
hyper/internal/mcp/parser/treesitter_parser.go:129.49,130.52 1 0
hyper/internal/mcp/parser/treesitter_parser.go:131.47,132.39 1 0
hyper/internal/mcp/parser/treesitter_parser.go:133.26,134.40 1 0
hyper/internal/mcp/parser/treesitter_parser.go:135.31,136.43 1 0
hyper/internal/mcp/parser/treesitter_parser.go:137.73,138.40 1 0
hyper/internal/mcp/parser/treesitter_parser.go:142.2,142.46 1 0
hyper/internal/mcp/parser/treesitter_parser.go:142.46,144.19 2 0
hyper/internal/mcp/parser/treesitter_parser.go:144.19,146.4 1 0
hyper/internal/mcp/parser/treesitter_parser.go:151.117,153.16 2 0
hyper/internal/mcp/parser/treesitter_parser.go:153.16,155.3 1 0
hyper/internal/mcp/parser/treesitter_parser.go:157.2,164.22 5 0
hyper/internal/mcp/parser/treesitter_parser.go:164.22,167.3 2 0
hyper/internal/mcp/parser/treesitter_parser.go:168.2,168.22 1 0
hyper/internal/mcp/parser/treesitter_parser.go:168.22,170.3 1 0
hyper/internal/mcp/parser/treesitter_parser.go:172.2,182.35 2 0
hyper/internal/mcp/parser/treesitter_parser.go:186.115,188.16 2 0
hyper/internal/mcp/parser/treesitter_parser.go:188.16,190.3 1 0
hyper/internal/mcp/parser/treesitter_parser.go:192.2,199.22 5 0
hyper/internal/mcp/parser/treesitter_parser.go:199.22,202.3 2 0
hyper/internal/mcp/parser/treesitter_parser.go:203.2,203.22 1 0
hyper/internal/mcp/parser/treesitter_parser.go:203.22,205.3 1 0
hyper/internal/mcp/parser/treesitter_parser.go:207.2,217.35 2 0
hyper/internal/mcp/parser/treesitter_parser.go:221.95,223.16 2 0
hyper/internal/mcp/parser/treesitter_parser.go:223.16,225.3 1 0
hyper/internal/mcp/parser/treesitter_parser.go:227.2,232.22 5 0
hyper/internal/mcp/parser/treesitter_parser.go:232.22,235.3 2 0
hyper/internal/mcp/parser/treesitter_parser.go:236.2,236.22 1 0
hyper/internal/mcp/parser/treesitter_parser.go:236.22,238.3 1 0
hyper/internal/mcp/parser/treesitter_parser.go:240.2,253.46 3 0
hyper/internal/mcp/parser/treesitter_parser.go:253.46,255.100 2 0
hyper/internal/mcp/parser/treesitter_parser.go:255.100,257.4 1 0
hyper/internal/mcp/parser/treesitter_parser.go:262.96,264.16 2 0
hyper/internal/mcp/parser/treesitter_parser.go:264.16,266.3 1 0
hyper/internal/mcp/parser/treesitter_parser.go:268.2,273.22 5 0
hyper/internal/mcp/parser/treesitter_parser.go:273.22,276.3 2 0
hyper/internal/mcp/parser/treesitter_parser.go:277.2,277.22 1 0
hyper/internal/mcp/parser/treesitter_parser.go:277.22,279.3 1 0
hyper/internal/mcp/parser/treesitter_parser.go:281.2,291.35 2 0
hyper/internal/mcp/parser/treesitter_parser.go:295.99,297.16 2 0
hyper/internal/mcp/parser/treesitter_parser.go:297.16,299.3 1 0
hyper/internal/mcp/parser/treesitter_parser.go:301.2,306.22 5 0
hyper/internal/mcp/parser/treesitter_parser.go:306.22,309.3 2 0
hyper/internal/mcp/parser/treesitter_parser.go:310.2,310.22 1 0
hyper/internal/mcp/parser/treesitter_parser.go:310.22,312.3 1 0
hyper/internal/mcp/parser/treesitter_parser.go:314.2,324.35 2 0
hyper/internal/mcp/parser/treesitter_parser.go:328.96,342.2 3 0
hyper/internal/mcp/parser/treesitter_parser.go:345.83,347.46 1 0
hyper/internal/mcp/parser/treesitter_parser.go:347.46,349.19 2 0
hyper/internal/mcp/parser/treesitter_parser.go:349.19,350.12 1 0
hyper/internal/mcp/parser/treesitter_parser.go:353.3,354.89 2 0
hyper/internal/mcp/parser/treesitter_parser.go:354.89,356.4 1 0
hyper/internal/mcp/parser/treesitter_parser.go:359.2,359.11 1 0
hyper/internal/mcp/parser/treesitter_parser.go:363.87,367.20 2 0
hyper/internal/mcp/parser/treesitter_parser.go:367.20,369.3 1 0
hyper/internal/mcp/parser/treesitter_parser.go:370.2,370.11 1 0
hyper/internal/mcp/parser/treesitter_parser.go:374.84,377.20 2 0
hyper/internal/mcp/parser/treesitter_parser.go:377.20,379.3 1 0
hyper/internal/mcp/parser/treesitter_parser.go:382.2,386.59 3 0
hyper/internal/mcp/parser/treesitter_parser.go:386.59,390.71 2 0
hyper/internal/mcp/parser/treesitter_parser.go:390.71,393.53 2 0
hyper/internal/mcp/parser/treesitter_parser.go:393.53,396.81 3 0
hyper/internal/mcp/parser/treesitter_parser.go:396.81,397.11 1 0
hyper/internal/mcp/parser/treesitter_parser.go:400.4,400.9 1 0
hyper/internal/mcp/parser/treesitter_parser.go:404.3,404.70 1 0
hyper/internal/mcp/parser/treesitter_parser.go:404.70,407.53 2 0
hyper/internal/mcp/parser/treesitter_parser.go:407.53,410.41 3 0
hyper/internal/mcp/parser/treesitter_parser.go:410.41,411.11 1 0
hyper/internal/mcp/parser/treesitter_parser.go:414.4,414.9 1 0
hyper/internal/mcp/parser/treesitter_parser.go:418.3,418.68 1 0
hyper/internal/mcp/parser/treesitter_parser.go:418.68,420.4 1 0
hyper/internal/mcp/parser/treesitter_parser.go:420.9,420.24 1 0
hyper/internal/mcp/parser/treesitter_parser.go:420.24,422.9 1 0
hyper/internal/mcp/parser/treesitter_parser.go:426.2,426.23 1 0
hyper/internal/mcp/parser/treesitter_parser.go:426.23,428.3 1 0
hyper/internal/mcp/parser/treesitter_parser.go:430.2,430.11 1 0
hyper/internal/mcp/parser/treesitter_parser.go:434.87,440.30 4 0
hyper/internal/mcp/parser/treesitter_parser.go:440.30,442.3 1 0
hyper/internal/mcp/parser/treesitter_parser.go:444.2,444.15 1 0
hyper/internal/mcp/parser/treesitter_parser.go:448.107,451.61 2 0
hyper/internal/mcp/parser/treesitter_parser.go:451.61,453.17 2 0
hyper/internal/mcp/parser/treesitter_parser.go:453.17,455.4 1 0
hyper/internal/mcp/parser/treesitter_parser.go:459.2,459.46 1 0
hyper/internal/mcp/parser/treesitter_parser.go:459.46,461.19 2 0
hyper/internal/mcp/parser/treesitter_parser.go:461.19,463.4 1 0
hyper/internal/mcp/parser/treesitter_parser.go:468.55,470.13 2 0
hyper/internal/mcp/parser/treesitter_parser.go:471.21,472.22 1 0
hyper/internal/mcp/parser/treesitter_parser.go:473.13,474.22 1 0
hyper/internal/mcp/parser/treesitter_parser.go:475.14,476.15 1 0
hyper/internal/mcp/parser/treesitter_parser.go:477.13,478.18 1 0
hyper/internal/mcp/parser/treesitter_parser.go:479.15,480.16 1 0
hyper/internal/mcp/parser/treesitter_parser.go:481.51,482.15 1 0
hyper/internal/mcp/parser/treesitter_parser.go:483.13,484.16 1 0
hyper/internal/mcp/parser/treesitter_parser.go:485.10,486.12 1 0
