mode: set
hyper/internal/mcp/storage/code_index_models.go:114.55,116.33 1 1
hyper/internal/mcp/storage/code_index_models.go:116.33,118.3 1 1
hyper/internal/mcp/storage/code_index_models.go:119.2,119.26 1 1
hyper/internal/mcp/storage/code_index_models.go:123.55,124.33 1 1
hyper/internal/mcp/storage/code_index_models.go:124.33,126.3 1 1
hyper/internal/mcp/storage/code_index_models.go:127.2,127.26 1 1
hyper/internal/mcp/storage/code_index_models.go:131.47,132.23 1 1
hyper/internal/mcp/storage/code_index_models.go:132.23,134.3 1 1
hyper/internal/mcp/storage/code_index_models.go:135.2,135.20 1 1
hyper/internal/mcp/storage/code_index_models.go:139.40,140.14 1 1
hyper/internal/mcp/storage/code_index_models.go:141.12,142.12 1 1
hyper/internal/mcp/storage/code_index_models.go:143.11,144.13 1 1
hyper/internal/mcp/storage/code_index_models.go:145.11,146.13 1 1
hyper/internal/mcp/storage/code_index_models.go:147.11,148.13 1 1
hyper/internal/mcp/storage/code_index_models.go:149.12,150.13 1 1
hyper/internal/mcp/storage/code_index_models.go:151.10,152.13 1 1
hyper/internal/mcp/storage/code_index_storage.go:25.73,35.48 2 0
hyper/internal/mcp/storage/code_index_storage.go:35.48,37.3 1 0
hyper/internal/mcp/storage/code_index_storage.go:39.2,39.21 1 0
hyper/internal/mcp/storage/code_index_storage.go:43.50,51.16 3 0
hyper/internal/mcp/storage/code_index_storage.go:51.16,53.3 1 0
hyper/internal/mcp/storage/code_index_storage.go:56.2,60.16 2 0
hyper/internal/mcp/storage/code_index_storage.go:60.16,62.3 1 0
hyper/internal/mcp/storage/code_index_storage.go:65.2,71.16 2 0
hyper/internal/mcp/storage/code_index_storage.go:71.16,73.3 1 0
hyper/internal/mcp/storage/code_index_storage.go:76.2,83.16 2 0
hyper/internal/mcp/storage/code_index_storage.go:83.16,85.3 1 0
hyper/internal/mcp/storage/code_index_storage.go:87.2,87.12 1 0
hyper/internal/mcp/storage/code_index_storage.go:91.88,101.16 3 0
hyper/internal/mcp/storage/code_index_storage.go:101.16,103.3 1 0
hyper/internal/mcp/storage/code_index_storage.go:106.2,106.59 1 0
hyper/internal/mcp/storage/code_index_storage.go:106.59,108.3 1 0
hyper/internal/mcp/storage/code_index_storage.go:108.8,110.3 1 0
hyper/internal/mcp/storage/code_index_storage.go:111.2,111.20 1 0
hyper/internal/mcp/storage/code_index_storage.go:115.159,128.16 3 0
hyper/internal/mcp/storage/code_index_storage.go:128.16,130.3 1 0
hyper/internal/mcp/storage/code_index_storage.go:133.2,133.59 1 0
hyper/internal/mcp/storage/code_index_storage.go:133.59,135.3 1 0
hyper/internal/mcp/storage/code_index_storage.go:135.8,137.3 1 0
hyper/internal/mcp/storage/code_index_storage.go:138.2,138.20 1 0
hyper/internal/mcp/storage/code_index_storage.go:142.64,147.16 3 0
hyper/internal/mcp/storage/code_index_storage.go:147.16,149.3 1 0
hyper/internal/mcp/storage/code_index_storage.go:150.2,153.23 3 0
hyper/internal/mcp/storage/code_index_storage.go:153.23,155.46 2 0
hyper/internal/mcp/storage/code_index_storage.go:155.46,156.12 1 0
hyper/internal/mcp/storage/code_index_storage.go:158.3,158.37 1 0
hyper/internal/mcp/storage/code_index_storage.go:162.2,162.22 1 0
hyper/internal/mcp/storage/code_index_storage.go:162.22,164.17 2 0
hyper/internal/mcp/storage/code_index_storage.go:164.17,166.4 1 0
hyper/internal/mcp/storage/code_index_storage.go:170.2,171.16 2 0
hyper/internal/mcp/storage/code_index_storage.go:171.16,173.3 1 0
hyper/internal/mcp/storage/code_index_storage.go:176.2,177.16 2 0
hyper/internal/mcp/storage/code_index_storage.go:177.16,179.3 1 0
hyper/internal/mcp/storage/code_index_storage.go:181.2,182.16 2 0
hyper/internal/mcp/storage/code_index_storage.go:182.16,184.3 1 0
hyper/internal/mcp/storage/code_index_storage.go:186.2,186.12 1 0
hyper/internal/mcp/storage/code_index_storage.go:190.79,193.16 2 0
hyper/internal/mcp/storage/code_index_storage.go:193.16,195.3 1 0
hyper/internal/mcp/storage/code_index_storage.go:197.2,199.16 3 0
hyper/internal/mcp/storage/code_index_storage.go:199.16,200.34 1 0
hyper/internal/mcp/storage/code_index_storage.go:200.34,202.4 1 0
hyper/internal/mcp/storage/code_index_storage.go:203.3,203.58 1 0
hyper/internal/mcp/storage/code_index_storage.go:207.2,208.21 2 0
hyper/internal/mcp/storage/code_index_storage.go:212.81,215.16 3 0
hyper/internal/mcp/storage/code_index_storage.go:215.16,216.34 1 0
hyper/internal/mcp/storage/code_index_storage.go:216.34,218.4 1 0
hyper/internal/mcp/storage/code_index_storage.go:219.3,219.58 1 0
hyper/internal/mcp/storage/code_index_storage.go:221.2,221.21 1 0
hyper/internal/mcp/storage/code_index_storage.go:225.68,227.16 2 0
hyper/internal/mcp/storage/code_index_storage.go:227.16,229.3 1 0
hyper/internal/mcp/storage/code_index_storage.go:230.2,233.67 3 0
hyper/internal/mcp/storage/code_index_storage.go:233.67,235.3 1 0
hyper/internal/mcp/storage/code_index_storage.go:237.2,237.21 1 0
hyper/internal/mcp/storage/code_index_storage.go:241.88,244.16 2 0
hyper/internal/mcp/storage/code_index_storage.go:244.16,246.3 1 0
hyper/internal/mcp/storage/code_index_storage.go:248.2,254.20 2 0
hyper/internal/mcp/storage/code_index_storage.go:254.20,256.3 1 0
hyper/internal/mcp/storage/code_index_storage.go:258.2,263.16 2 0
hyper/internal/mcp/storage/code_index_storage.go:263.16,265.3 1 0
hyper/internal/mcp/storage/code_index_storage.go:267.2,267.12 1 0
hyper/internal/mcp/storage/code_index_storage.go:271.87,274.16 2 0
hyper/internal/mcp/storage/code_index_storage.go:274.16,276.3 1 0
hyper/internal/mcp/storage/code_index_storage.go:278.2,288.16 2 0
hyper/internal/mcp/storage/code_index_storage.go:288.16,290.3 1 0
hyper/internal/mcp/storage/code_index_storage.go:292.2,292.12 1 0
hyper/internal/mcp/storage/code_index_storage.go:296.64,298.29 2 0
hyper/internal/mcp/storage/code_index_storage.go:298.29,300.3 1 0
hyper/internal/mcp/storage/code_index_storage.go:302.2,322.25 4 0
hyper/internal/mcp/storage/code_index_storage.go:322.25,324.3 1 0
hyper/internal/mcp/storage/code_index_storage.go:327.2,327.19 1 0
hyper/internal/mcp/storage/code_index_storage.go:327.19,329.3 1 0
hyper/internal/mcp/storage/code_index_storage.go:331.2,332.16 2 0
hyper/internal/mcp/storage/code_index_storage.go:332.16,334.3 1 0
hyper/internal/mcp/storage/code_index_storage.go:336.2,336.12 1 0
hyper/internal/mcp/storage/code_index_storage.go:340.73,343.16 3 0
hyper/internal/mcp/storage/code_index_storage.go:343.16,344.34 1 0
hyper/internal/mcp/storage/code_index_storage.go:344.34,346.4 1 0
hyper/internal/mcp/storage/code_index_storage.go:347.3,347.56 1 0
hyper/internal/mcp/storage/code_index_storage.go:349.2,349.19 1 0
hyper/internal/mcp/storage/code_index_storage.go:353.77,356.16 3 0
hyper/internal/mcp/storage/code_index_storage.go:356.16,357.34 1 0
hyper/internal/mcp/storage/code_index_storage.go:357.34,359.4 1 0
hyper/internal/mcp/storage/code_index_storage.go:360.3,360.56 1 0
hyper/internal/mcp/storage/code_index_storage.go:362.2,362.19 1 0
hyper/internal/mcp/storage/code_index_storage.go:366.79,368.16 2 0
hyper/internal/mcp/storage/code_index_storage.go:368.16,370.3 1 0
hyper/internal/mcp/storage/code_index_storage.go:371.2,374.65 3 0
hyper/internal/mcp/storage/code_index_storage.go:374.65,376.3 1 0
hyper/internal/mcp/storage/code_index_storage.go:378.2,378.19 1 0
hyper/internal/mcp/storage/code_index_storage.go:382.64,390.16 6 0
hyper/internal/mcp/storage/code_index_storage.go:390.16,392.3 1 0
hyper/internal/mcp/storage/code_index_storage.go:394.2,394.12 1 0
hyper/internal/mcp/storage/code_index_storage.go:398.86,404.16 3 0
hyper/internal/mcp/storage/code_index_storage.go:404.16,405.34 1 0
hyper/internal/mcp/storage/code_index_storage.go:405.34,407.4 1 0
hyper/internal/mcp/storage/code_index_storage.go:408.3,408.57 1 0
hyper/internal/mcp/storage/code_index_storage.go:410.2,410.20 1 0
hyper/internal/mcp/storage/code_index_storage.go:414.76,420.16 2 0
hyper/internal/mcp/storage/code_index_storage.go:420.16,422.3 1 0
hyper/internal/mcp/storage/code_index_storage.go:423.2,426.66 3 0
hyper/internal/mcp/storage/code_index_storage.go:426.66,428.3 1 0
hyper/internal/mcp/storage/code_index_storage.go:430.2,430.20 1 0
hyper/internal/mcp/storage/code_index_storage.go:434.81,437.16 2 0
hyper/internal/mcp/storage/code_index_storage.go:437.16,439.3 1 0
hyper/internal/mcp/storage/code_index_storage.go:442.2,443.16 2 0
hyper/internal/mcp/storage/code_index_storage.go:443.16,445.3 1 0
hyper/internal/mcp/storage/code_index_storage.go:447.2,447.12 1 0
hyper/internal/mcp/storage/code_index_storage.go:451.83,453.2 1 0
hyper/internal/mcp/storage/code_index_storage.go:457.123,471.16 3 0
hyper/internal/mcp/storage/code_index_storage.go:471.16,473.3 1 0
hyper/internal/mcp/storage/code_index_storage.go:474.2,477.66 3 0
hyper/internal/mcp/storage/code_index_storage.go:477.66,479.3 1 0
hyper/internal/mcp/storage/code_index_storage.go:481.2,481.20 1 0
hyper/internal/mcp/storage/code_index_storage.go:485.67,497.16 4 0
hyper/internal/mcp/storage/code_index_storage.go:497.16,499.3 1 0
hyper/internal/mcp/storage/code_index_storage.go:500.2,503.23 3 0
hyper/internal/mcp/storage/code_index_storage.go:503.23,508.48 2 0
hyper/internal/mcp/storage/code_index_storage.go:508.48,509.12 1 0
hyper/internal/mcp/storage/code_index_storage.go:512.3,513.20 2 0
hyper/internal/mcp/storage/code_index_storage.go:514.17,515.39 1 0
hyper/internal/mcp/storage/code_index_storage.go:516.19,517.41 1 0
hyper/internal/mcp/storage/code_index_storage.go:518.16,519.38 1 0
hyper/internal/mcp/storage/code_index_storage.go:524.2,525.16 2 0
hyper/internal/mcp/storage/code_index_storage.go:525.16,527.3 1 0
hyper/internal/mcp/storage/code_index_storage.go:528.2,532.16 3 0
hyper/internal/mcp/storage/code_index_storage.go:532.16,534.3 1 0
hyper/internal/mcp/storage/code_index_storage.go:535.2,541.16 5 0
hyper/internal/mcp/storage/code_index_storage.go:541.16,543.3 1 0
hyper/internal/mcp/storage/code_index_storage.go:545.2,545.20 1 0
hyper/internal/mcp/storage/code_index_storage.go:557.80,578.16 6 0
hyper/internal/mcp/storage/code_index_storage.go:578.16,580.3 1 0
hyper/internal/mcp/storage/code_index_storage.go:582.2,582.12 1 0
hyper/internal/mcp/storage/code_index_storage.go:586.83,589.16 3 0
hyper/internal/mcp/storage/code_index_storage.go:589.16,590.34 1 0
hyper/internal/mcp/storage/code_index_storage.go:590.34,592.4 1 0
hyper/internal/mcp/storage/code_index_storage.go:593.3,593.64 1 0
hyper/internal/mcp/storage/code_index_storage.go:595.2,595.22 1 0
hyper/internal/mcp/storage/code_index_storage.go:599.89,601.2 1 0
hyper/internal/mcp/storage/code_index_storage.go:604.76,606.16 2 0
hyper/internal/mcp/storage/code_index_storage.go:606.16,608.3 1 0
hyper/internal/mcp/storage/code_index_storage.go:609.2,612.68 3 0
hyper/internal/mcp/storage/code_index_storage.go:612.68,614.3 1 0
hyper/internal/mcp/storage/code_index_storage.go:616.2,616.22 1 0
hyper/internal/mcp/storage/code_index_storage.go:620.65,622.16 2 0
hyper/internal/mcp/storage/code_index_storage.go:622.16,624.3 1 0
hyper/internal/mcp/storage/code_index_storage.go:625.2,625.12 1 0
hyper/internal/mcp/storage/code_index_storage.go:640.93,647.27 3 0
hyper/internal/mcp/storage/code_index_storage.go:647.27,649.3 1 0
hyper/internal/mcp/storage/code_index_storage.go:652.2,652.28 1 0
hyper/internal/mcp/storage/code_index_storage.go:652.28,656.3 2 0
hyper/internal/mcp/storage/code_index_storage.go:659.2,659.31 1 0
hyper/internal/mcp/storage/code_index_storage.go:659.31,663.28 2 0
hyper/internal/mcp/storage/code_index_storage.go:663.28,665.4 1 0
hyper/internal/mcp/storage/code_index_storage.go:669.2,669.29 1 0
hyper/internal/mcp/storage/code_index_storage.go:669.29,671.3 1 0
hyper/internal/mcp/storage/code_index_storage.go:674.2,674.29 1 0
hyper/internal/mcp/storage/code_index_storage.go:674.29,676.3 1 0
hyper/internal/mcp/storage/code_index_storage.go:679.2,679.32 1 0
hyper/internal/mcp/storage/code_index_storage.go:679.32,681.3 1 0
hyper/internal/mcp/storage/code_index_storage.go:684.2,685.16 2 0
hyper/internal/mcp/storage/code_index_storage.go:685.16,687.3 1 0
hyper/internal/mcp/storage/code_index_storage.go:688.2,692.23 3 0
hyper/internal/mcp/storage/code_index_storage.go:692.23,694.47 2 0
hyper/internal/mcp/storage/code_index_storage.go:694.47,695.12 1 0
hyper/internal/mcp/storage/code_index_storage.go:698.3,698.27 1 0
hyper/internal/mcp/storage/code_index_storage.go:698.27,700.4 1 0
hyper/internal/mcp/storage/code_index_storage.go:703.2,703.37 1 0
hyper/internal/mcp/storage/code_index_storage.go:703.37,705.3 1 0
hyper/internal/mcp/storage/code_index_storage.go:707.2,707.22 1 0
hyper/internal/mcp/storage/code_index_storage.go:711.79,714.16 3 0
hyper/internal/mcp/storage/code_index_storage.go:714.16,716.3 1 0
hyper/internal/mcp/storage/code_index_storage.go:717.2,720.51 3 0
hyper/internal/mcp/storage/code_index_storage.go:720.51,722.3 1 0
hyper/internal/mcp/storage/code_index_storage.go:723.2,723.22 1 0
hyper/internal/mcp/storage/code_index_storage.go:727.57,730.2 2 0
hyper/internal/mcp/storage/code_index_storage.go:733.58,736.2 2 0
hyper/internal/mcp/storage/code_index_storage.go:744.126,748.20 2 0
hyper/internal/mcp/storage/code_index_storage.go:748.20,751.3 2 0
hyper/internal/mcp/storage/code_index_storage.go:754.2,754.91 1 0
hyper/internal/mcp/storage/code_index_storage.go:754.91,757.3 2 0
hyper/internal/mcp/storage/code_index_storage.go:760.2,762.16 3 0
hyper/internal/mcp/storage/code_index_storage.go:762.16,765.3 2 0
hyper/internal/mcp/storage/code_index_storage.go:766.2,766.17 1 0
hyper/internal/mcp/storage/code_index_storage.go:766.17,769.3 2 0
hyper/internal/mcp/storage/code_index_storage.go:770.2,775.16 4 0
hyper/internal/mcp/storage/code_index_storage.go:775.16,778.3 2 0
hyper/internal/mcp/storage/code_index_storage.go:779.2,779.22 1 0
hyper/internal/mcp/storage/code_index_storage.go:779.22,782.3 2 0
hyper/internal/mcp/storage/code_index_storage.go:783.2,787.31 3 0
hyper/internal/mcp/storage/code_index_storage.go:787.31,789.13 2 0
hyper/internal/mcp/storage/code_index_storage.go:789.13,791.4 1 0
hyper/internal/mcp/storage/code_index_storage.go:793.2,801.36 5 0
hyper/internal/mcp/storage/code_index_storage.go:801.36,805.3 3 0
hyper/internal/mcp/storage/code_index_storage.go:805.8,807.20 1 0
hyper/internal/mcp/storage/code_index_storage.go:807.20,809.4 1 0
hyper/internal/mcp/storage/code_index_storage.go:810.3,810.31 1 0
hyper/internal/mcp/storage/code_index_storage.go:810.31,812.4 1 0
hyper/internal/mcp/storage/code_index_storage.go:813.3,813.38 1 0
hyper/internal/mcp/storage/code_index_storage.go:813.38,816.4 2 0
hyper/internal/mcp/storage/code_index_storage.go:817.3,817.147 1 0
hyper/internal/mcp/storage/code_index_storage.go:821.2,829.18 5 0
hyper/internal/mcp/storage/code_index_storage.go:829.18,831.3 1 0
hyper/internal/mcp/storage/code_index_storage.go:832.2,832.28 1 0
hyper/internal/mcp/storage/code_index_storage.go:832.28,834.3 1 0
hyper/internal/mcp/storage/code_index_storage.go:837.2,838.30 2 0
hyper/internal/mcp/storage/code_index_storage.go:838.30,840.3 1 0
hyper/internal/mcp/storage/code_index_storage.go:841.2,859.20 4 0
hyper/internal/mcp/storage/code_index_storage.go:877.54,882.65 2 0
hyper/internal/mcp/storage/code_index_storage.go:882.65,884.3 1 0
hyper/internal/mcp/storage/code_index_storage.go:886.2,886.64 1 0
hyper/internal/mcp/storage/code_index_storage.go:886.64,888.3 1 0
hyper/internal/mcp/storage/code_index_storage.go:890.2,890.71 1 0
hyper/internal/mcp/storage/code_index_storage.go:890.71,892.3 1 0
hyper/internal/mcp/storage/code_index_storage.go:894.2,894.12 1 0
hyper/internal/mcp/storage/embeddings.go:8.77,9.24 1 0
hyper/internal/mcp/storage/embeddings.go:9.24,11.3 1 0
hyper/internal/mcp/storage/embeddings.go:14.2,15.16 2 0
hyper/internal/mcp/storage/embeddings.go:15.16,17.3 1 0
hyper/internal/mcp/storage/embeddings.go:20.2,21.32 2 0
hyper/internal/mcp/storage/embeddings.go:21.32,23.3 1 0
hyper/internal/mcp/storage/embeddings.go:25.2,25.25 1 0
hyper/internal/mcp/storage/knowledge.go:27.40,28.66 1 0
hyper/internal/mcp/storage/knowledge.go:28.66,30.3 1 0
hyper/internal/mcp/storage/knowledge.go:31.2,31.37 1 0
hyper/internal/mcp/storage/knowledge.go:155.139,178.16 4 1
hyper/internal/mcp/storage/knowledge.go:178.16,181.59 1 1
hyper/internal/mcp/storage/knowledge.go:181.59,183.4 1 1
hyper/internal/mcp/storage/knowledge.go:188.2,192.16 2 0
hyper/internal/mcp/storage/knowledge.go:192.16,195.59 1 0
hyper/internal/mcp/storage/knowledge.go:195.59,197.4 1 0
hyper/internal/mcp/storage/knowledge.go:202.2,206.16 2 0
hyper/internal/mcp/storage/knowledge.go:206.16,209.59 1 0
hyper/internal/mcp/storage/knowledge.go:209.59,211.4 1 0
hyper/internal/mcp/storage/knowledge.go:216.2,220.16 2 0
hyper/internal/mcp/storage/knowledge.go:220.16,223.59 1 0
hyper/internal/mcp/storage/knowledge.go:223.59,225.4 1 0
hyper/internal/mcp/storage/knowledge.go:230.2,234.16 2 0
hyper/internal/mcp/storage/knowledge.go:234.16,237.59 1 0
hyper/internal/mcp/storage/knowledge.go:237.59,239.4 1 0
hyper/internal/mcp/storage/knowledge.go:244.2,248.16 2 0
hyper/internal/mcp/storage/knowledge.go:248.16,251.59 1 0
hyper/internal/mcp/storage/knowledge.go:251.59,253.4 1 0
hyper/internal/mcp/storage/knowledge.go:258.2,262.16 2 0
hyper/internal/mcp/storage/knowledge.go:262.16,265.59 1 0
hyper/internal/mcp/storage/knowledge.go:265.59,267.4 1 0
hyper/internal/mcp/storage/knowledge.go:274.2,278.16 2 0
hyper/internal/mcp/storage/knowledge.go:278.16,281.59 1 0
hyper/internal/mcp/storage/knowledge.go:281.59,283.4 1 0
hyper/internal/mcp/storage/knowledge.go:288.2,295.16 2 0
hyper/internal/mcp/storage/knowledge.go:295.16,298.59 1 0
hyper/internal/mcp/storage/knowledge.go:298.59,300.4 1 0
hyper/internal/mcp/storage/knowledge.go:306.2,310.16 2 0
hyper/internal/mcp/storage/knowledge.go:310.16,313.59 1 0
hyper/internal/mcp/storage/knowledge.go:313.59,315.4 1 0
hyper/internal/mcp/storage/knowledge.go:319.2,319.21 1 0
hyper/internal/mcp/storage/knowledge.go:324.122,329.16 3 0
hyper/internal/mcp/storage/knowledge.go:329.16,331.3 1 0
hyper/internal/mcp/storage/knowledge.go:332.2,332.15 1 0
hyper/internal/mcp/storage/knowledge.go:332.15,334.3 1 0
hyper/internal/mcp/storage/knowledge.go:337.2,337.17 1 0
hyper/internal/mcp/storage/knowledge.go:337.17,339.3 1 0
hyper/internal/mcp/storage/knowledge.go:341.2,356.27 4 0
hyper/internal/mcp/storage/knowledge.go:356.27,358.95 2 0
hyper/internal/mcp/storage/knowledge.go:358.95,362.4 1 0
hyper/internal/mcp/storage/knowledge.go:366.2,367.16 2 0
hyper/internal/mcp/storage/knowledge.go:367.16,369.3 1 0
hyper/internal/mcp/storage/knowledge.go:371.2,375.24 2 0
hyper/internal/mcp/storage/knowledge.go:379.81,383.16 4 0
hyper/internal/mcp/storage/knowledge.go:383.16,384.34 1 0
hyper/internal/mcp/storage/knowledge.go:384.34,386.4 1 0
hyper/internal/mcp/storage/knowledge.go:387.3,387.62 1 0
hyper/internal/mcp/storage/knowledge.go:389.2,389.25 1 0
hyper/internal/mcp/storage/knowledge.go:393.95,397.16 4 0
hyper/internal/mcp/storage/knowledge.go:397.16,398.34 1 0
hyper/internal/mcp/storage/knowledge.go:398.34,400.4 1 0
hyper/internal/mcp/storage/knowledge.go:401.3,401.62 1 0
hyper/internal/mcp/storage/knowledge.go:403.2,403.25 1 0
hyper/internal/mcp/storage/knowledge.go:407.81,410.16 3 0
hyper/internal/mcp/storage/knowledge.go:410.16,412.3 1 0
hyper/internal/mcp/storage/knowledge.go:413.2,416.54 3 0
hyper/internal/mcp/storage/knowledge.go:416.54,418.3 1 0
hyper/internal/mcp/storage/knowledge.go:420.2,420.25 1 0
hyper/internal/mcp/storage/knowledge.go:428.84,433.16 3 0
hyper/internal/mcp/storage/knowledge.go:433.16,435.3 1 0
hyper/internal/mcp/storage/knowledge.go:438.2,439.16 2 0
hyper/internal/mcp/storage/knowledge.go:439.16,441.3 1 0
hyper/internal/mcp/storage/knowledge.go:443.2,457.16 4 0
hyper/internal/mcp/storage/knowledge.go:457.16,459.3 1 0
hyper/internal/mcp/storage/knowledge.go:461.2,468.49 3 0
hyper/internal/mcp/storage/knowledge.go:468.49,475.3 1 0
hyper/internal/mcp/storage/knowledge.go:478.2,479.16 2 0
hyper/internal/mcp/storage/knowledge.go:479.16,481.3 1 0
hyper/internal/mcp/storage/knowledge.go:483.2,488.48 2 0
hyper/internal/mcp/storage/knowledge.go:493.91,498.16 3 0
hyper/internal/mcp/storage/knowledge.go:498.16,500.3 1 0
hyper/internal/mcp/storage/knowledge.go:502.2,509.41 2 0
hyper/internal/mcp/storage/knowledge.go:509.41,520.17 3 0
hyper/internal/mcp/storage/knowledge.go:520.17,523.12 3 0
hyper/internal/mcp/storage/knowledge.go:527.3,527.48 1 0
hyper/internal/mcp/storage/knowledge.go:527.48,532.18 2 0
hyper/internal/mcp/storage/knowledge.go:532.18,535.13 3 0
hyper/internal/mcp/storage/knowledge.go:538.4,544.43 2 0
hyper/internal/mcp/storage/knowledge.go:547.3,558.29 4 0
hyper/internal/mcp/storage/knowledge.go:561.2,561.19 1 0
hyper/internal/mcp/storage/knowledge.go:567.96,579.16 4 0
hyper/internal/mcp/storage/knowledge.go:579.16,581.3 1 0
hyper/internal/mcp/storage/knowledge.go:582.2,585.54 3 0
hyper/internal/mcp/storage/knowledge.go:585.54,587.3 1 0
hyper/internal/mcp/storage/knowledge.go:589.2,595.41 2 0
hyper/internal/mcp/storage/knowledge.go:595.41,606.17 4 0
hyper/internal/mcp/storage/knowledge.go:606.17,609.12 3 0
hyper/internal/mcp/storage/knowledge.go:612.3,617.41 2 0
hyper/internal/mcp/storage/knowledge.go:620.2,620.19 1 0
hyper/internal/mcp/storage/knowledge.go:625.94,630.16 3 0
hyper/internal/mcp/storage/knowledge.go:630.16,632.3 1 0
hyper/internal/mcp/storage/knowledge.go:634.2,643.16 4 0
hyper/internal/mcp/storage/knowledge.go:643.16,645.24 2 0
hyper/internal/mcp/storage/knowledge.go:645.24,647.51 2 0
hyper/internal/mcp/storage/knowledge.go:647.51,649.5 1 0
hyper/internal/mcp/storage/knowledge.go:654.2,654.52 1 0
hyper/internal/mcp/storage/knowledge.go:654.52,656.10 2 0
hyper/internal/mcp/storage/knowledge.go:656.10,657.12 1 0
hyper/internal/mcp/storage/knowledge.go:661.3,662.22 2 0
hyper/internal/mcp/storage/knowledge.go:662.22,664.12 2 0
hyper/internal/mcp/storage/knowledge.go:668.3,673.22 5 0
hyper/internal/mcp/storage/knowledge.go:673.22,677.4 3 0
hyper/internal/mcp/storage/knowledge.go:679.3,695.17 5 0
hyper/internal/mcp/storage/knowledge.go:695.17,698.12 3 0
hyper/internal/mcp/storage/knowledge.go:701.3,707.17 5 0
hyper/internal/mcp/storage/knowledge.go:707.17,710.4 2 0
hyper/internal/mcp/storage/knowledge.go:710.9,712.4 1 0
hyper/internal/mcp/storage/knowledge.go:714.3,717.54 1 0
hyper/internal/mcp/storage/knowledge.go:720.2,720.19 1 0
hyper/internal/mcp/storage/knowledge.go:724.139,729.44 3 0
hyper/internal/mcp/storage/knowledge.go:729.44,731.17 2 0
hyper/internal/mcp/storage/knowledge.go:731.17,736.4 1 0
hyper/internal/mcp/storage/knowledge.go:736.9,739.4 1 0
hyper/internal/mcp/storage/knowledge.go:743.2,744.16 2 0
hyper/internal/mcp/storage/knowledge.go:744.16,746.60 1 0
hyper/internal/mcp/storage/knowledge.go:746.60,751.18 3 0
hyper/internal/mcp/storage/knowledge.go:751.18,753.5 1 0
hyper/internal/mcp/storage/knowledge.go:755.4,757.56 1 0
hyper/internal/mcp/storage/knowledge.go:758.9,760.4 1 0
hyper/internal/mcp/storage/knowledge.go:763.2,773.36 2 0
hyper/internal/mcp/storage/knowledge.go:773.36,775.3 1 0
hyper/internal/mcp/storage/knowledge.go:778.2,779.16 2 0
hyper/internal/mcp/storage/knowledge.go:779.16,781.3 1 0
hyper/internal/mcp/storage/knowledge.go:784.2,788.16 2 0
hyper/internal/mcp/storage/knowledge.go:788.16,792.3 1 0
hyper/internal/mcp/storage/knowledge.go:795.2,795.27 1 0
hyper/internal/mcp/storage/knowledge.go:795.27,799.95 2 0
hyper/internal/mcp/storage/knowledge.go:799.95,803.4 1 0
hyper/internal/mcp/storage/knowledge.go:806.3,807.27 2 0
hyper/internal/mcp/storage/knowledge.go:807.27,809.4 1 0
hyper/internal/mcp/storage/knowledge.go:812.3,815.37 2 0
hyper/internal/mcp/storage/knowledge.go:815.37,817.4 1 0
hyper/internal/mcp/storage/knowledge.go:820.3,820.101 1 0
hyper/internal/mcp/storage/knowledge.go:820.101,827.4 1 0
hyper/internal/mcp/storage/knowledge.go:830.2,830.19 1 0
hyper/internal/mcp/storage/knowledge.go:834.120,840.16 4 0
hyper/internal/mcp/storage/knowledge.go:840.16,841.34 1 0
hyper/internal/mcp/storage/knowledge.go:841.34,843.4 1 0
hyper/internal/mcp/storage/knowledge.go:844.3,844.68 1 0
hyper/internal/mcp/storage/knowledge.go:848.2,856.16 3 0
hyper/internal/mcp/storage/knowledge.go:856.16,858.3 1 0
hyper/internal/mcp/storage/knowledge.go:861.2,861.27 1 0
hyper/internal/mcp/storage/knowledge.go:861.27,865.75 2 0
hyper/internal/mcp/storage/knowledge.go:865.75,870.4 1 0
hyper/internal/mcp/storage/knowledge.go:873.3,874.27 2 0
hyper/internal/mcp/storage/knowledge.go:874.27,876.4 1 0
hyper/internal/mcp/storage/knowledge.go:879.3,882.33 2 0
hyper/internal/mcp/storage/knowledge.go:882.33,884.4 1 0
hyper/internal/mcp/storage/knowledge.go:887.3,887.95 1 0
hyper/internal/mcp/storage/knowledge.go:887.95,893.4 1 0
hyper/internal/mcp/storage/knowledge.go:897.2,899.16 3 0
hyper/internal/mcp/storage/knowledge.go:899.16,901.3 1 0
hyper/internal/mcp/storage/knowledge.go:903.2,903.27 1 0
hyper/internal/mcp/storage/knowledge.go:907.62,913.16 4 0
hyper/internal/mcp/storage/knowledge.go:913.16,914.34 1 0
hyper/internal/mcp/storage/knowledge.go:914.34,916.4 1 0
hyper/internal/mcp/storage/knowledge.go:917.3,917.63 1 0
hyper/internal/mcp/storage/knowledge.go:921.2,922.16 2 0
hyper/internal/mcp/storage/knowledge.go:922.16,924.3 1 0
hyper/internal/mcp/storage/knowledge.go:927.2,927.57 1 0
hyper/internal/mcp/storage/knowledge.go:927.57,932.17 2 0
hyper/internal/mcp/storage/knowledge.go:932.17,936.4 1 0
hyper/internal/mcp/storage/knowledge.go:940.2,940.27 1 0
hyper/internal/mcp/storage/knowledge.go:940.27,942.75 2 0
hyper/internal/mcp/storage/knowledge.go:942.75,947.4 1 0
hyper/internal/mcp/storage/knowledge.go:950.2,950.12 1 0
hyper/internal/mcp/storage/knowledge.go:954.82,959.16 4 0
hyper/internal/mcp/storage/knowledge.go:959.16,960.34 1 0
hyper/internal/mcp/storage/knowledge.go:960.34,962.4 1 0
hyper/internal/mcp/storage/knowledge.go:963.3,963.68 1 0
hyper/internal/mcp/storage/knowledge.go:966.2,966.20 1 0
hyper/internal/mcp/storage/knowledge.go:971.106,976.16 3 0
hyper/internal/mcp/storage/knowledge.go:976.16,978.3 1 0
hyper/internal/mcp/storage/knowledge.go:981.2,990.16 3 0
hyper/internal/mcp/storage/knowledge.go:990.16,992.3 1 0
hyper/internal/mcp/storage/knowledge.go:993.2,997.50 3 0
hyper/internal/mcp/storage/knowledge.go:997.50,999.3 1 0
hyper/internal/mcp/storage/knowledge.go:1002.2,1002.20 1 0
hyper/internal/mcp/storage/knowledge.go:1002.20,1004.3 1 0
hyper/internal/mcp/storage/knowledge.go:1006.2,1010.21 2 0
hyper/internal/mcp/storage/knowledge.go:1016.138,1021.16 3 0
hyper/internal/mcp/storage/knowledge.go:1021.16,1023.3 1 0
hyper/internal/mcp/storage/knowledge.go:1026.2,1026.27 1 0
hyper/internal/mcp/storage/knowledge.go:1026.27,1038.37 3 0
hyper/internal/mcp/storage/knowledge.go:1038.37,1043.4 1 0
hyper/internal/mcp/storage/knowledge.go:1045.3,1050.37 3 0
hyper/internal/mcp/storage/knowledge.go:1050.37,1053.30 2 0
hyper/internal/mcp/storage/knowledge.go:1053.30,1058.5 1 0
hyper/internal/mcp/storage/knowledge.go:1059.4,1059.28 1 0
hyper/internal/mcp/storage/knowledge.go:1063.3,1063.17 1 0
hyper/internal/mcp/storage/knowledge.go:1063.17,1069.4 1 0
hyper/internal/mcp/storage/knowledge.go:1073.2,1082.36 2 0
hyper/internal/mcp/storage/knowledge.go:1082.36,1084.3 1 0
hyper/internal/mcp/storage/knowledge.go:1086.2,1090.15 2 0
hyper/internal/mcp/storage/knowledge.go:1090.15,1092.3 1 0
hyper/internal/mcp/storage/knowledge.go:1094.2,1095.16 2 0
hyper/internal/mcp/storage/knowledge.go:1095.16,1097.3 1 0
hyper/internal/mcp/storage/knowledge.go:1098.2,1101.50 3 0
hyper/internal/mcp/storage/knowledge.go:1101.50,1103.3 1 0
hyper/internal/mcp/storage/knowledge.go:1106.2,1106.23 1 0
hyper/internal/mcp/storage/knowledge.go:1106.23,1108.3 1 0
hyper/internal/mcp/storage/knowledge.go:1111.2,1112.32 2 0
hyper/internal/mcp/storage/knowledge.go:1112.32,1117.3 1 0
hyper/internal/mcp/storage/knowledge.go:1119.2,1119.21 1 0
hyper/internal/mcp/storage/knowledge.go:1123.160,1133.36 2 0
hyper/internal/mcp/storage/knowledge.go:1133.36,1135.3 1 0
hyper/internal/mcp/storage/knowledge.go:1136.2,1137.16 2 0
hyper/internal/mcp/storage/knowledge.go:1137.16,1139.3 1 0
hyper/internal/mcp/storage/knowledge.go:1140.2,1143.50 3 0
hyper/internal/mcp/storage/knowledge.go:1143.50,1145.3 1 0
hyper/internal/mcp/storage/knowledge.go:1148.2,1151.32 3 0
hyper/internal/mcp/storage/knowledge.go:1151.32,1155.16 2 0
hyper/internal/mcp/storage/knowledge.go:1155.16,1160.4 1 0
hyper/internal/mcp/storage/knowledge.go:1164.2,1164.42 1 0
hyper/internal/mcp/storage/knowledge.go:1164.42,1166.3 1 0
hyper/internal/mcp/storage/knowledge.go:1169.2,1169.39 1 0
hyper/internal/mcp/storage/knowledge.go:1169.39,1171.3 1 0
hyper/internal/mcp/storage/knowledge.go:1173.2,1173.21 1 0
hyper/internal/mcp/storage/knowledge.go:1177.60,1181.16 3 0
hyper/internal/mcp/storage/knowledge.go:1181.16,1183.3 1 0
hyper/internal/mcp/storage/knowledge.go:1186.2,1187.32 2 0
hyper/internal/mcp/storage/knowledge.go:1187.32,1188.32 1 0
hyper/internal/mcp/storage/knowledge.go:1188.32,1190.4 1 0
hyper/internal/mcp/storage/knowledge.go:1193.2,1194.15 2 0
hyper/internal/mcp/storage/knowledge.go:1198.94,1217.15 3 0
hyper/internal/mcp/storage/knowledge.go:1217.15,1219.3 1 0
hyper/internal/mcp/storage/knowledge.go:1221.2,1222.16 2 0
hyper/internal/mcp/storage/knowledge.go:1222.16,1224.3 1 0
hyper/internal/mcp/storage/knowledge.go:1225.2,1230.23 3 0
hyper/internal/mcp/storage/knowledge.go:1230.23,1235.48 2 0
hyper/internal/mcp/storage/knowledge.go:1235.48,1236.12 1 0
hyper/internal/mcp/storage/knowledge.go:1238.3,1241.5 1 0
hyper/internal/mcp/storage/knowledge.go:1244.2,1244.37 1 0
hyper/internal/mcp/storage/knowledge.go:1244.37,1246.3 1 0
hyper/internal/mcp/storage/knowledge.go:1249.2,1249.21 1 0
hyper/internal/mcp/storage/knowledge.go:1254.101,1257.16 2 0
hyper/internal/mcp/storage/knowledge.go:1257.16,1259.3 1 0
hyper/internal/mcp/storage/knowledge.go:1262.2,1263.34 2 0
hyper/internal/mcp/storage/knowledge.go:1263.34,1273.3 2 0
hyper/internal/mcp/storage/knowledge.go:1275.2,1275.21 1 0
hyper/internal/mcp/storage/knowledge.go:1280.104,1285.16 3 0
hyper/internal/mcp/storage/knowledge.go:1285.16,1287.3 1 0
hyper/internal/mcp/storage/knowledge.go:1290.2,1299.15 3 0
hyper/internal/mcp/storage/knowledge.go:1299.15,1301.3 1 0
hyper/internal/mcp/storage/knowledge.go:1304.2,1305.16 2 0
hyper/internal/mcp/storage/knowledge.go:1305.16,1307.3 1 0
hyper/internal/mcp/storage/knowledge.go:1308.2,1312.50 3 0
hyper/internal/mcp/storage/knowledge.go:1312.50,1314.3 1 0
hyper/internal/mcp/storage/knowledge.go:1317.2,1317.20 1 0
hyper/internal/mcp/storage/knowledge.go:1317.20,1319.3 1 0
hyper/internal/mcp/storage/knowledge.go:1321.2,1321.21 1 0
hyper/internal/mcp/storage/knowledge.go:1329.54,1331.19 1 0
hyper/internal/mcp/storage/knowledge.go:1331.19,1333.3 1 0
hyper/internal/mcp/storage/knowledge.go:1336.2,1336.35 1 0
hyper/internal/mcp/storage/knowledge.go:1336.35,1338.3 1 0
hyper/internal/mcp/storage/knowledge.go:1341.2,1344.26 3 0
hyper/internal/mcp/storage/knowledge.go:1344.26,1346.3 1 0
hyper/internal/mcp/storage/knowledge.go:1348.2,1349.32 2 0
hyper/internal/mcp/storage/knowledge.go:1349.32,1350.32 1 0
hyper/internal/mcp/storage/knowledge.go:1350.32,1351.16 1 0
hyper/internal/mcp/storage/knowledge.go:1351.16,1353.10 2 0
hyper/internal/mcp/storage/knowledge.go:1359.2,1359.61 1 0
hyper/internal/mcp/storage/knowledge.go:1364.44,1376.37 5 0
hyper/internal/mcp/storage/knowledge.go:1376.37,1378.3 1 0
hyper/internal/mcp/storage/knowledge.go:1381.2,1384.22 2 0
hyper/internal/mcp/storage/knowledge.go:1384.22,1388.3 2 0
hyper/internal/mcp/storage/knowledge.go:1391.2,1391.18 1 0
hyper/internal/mcp/storage/knowledge.go:1391.18,1393.3 1 0
hyper/internal/mcp/storage/knowledge.go:1395.2,1395.15 1 0
hyper/internal/mcp/storage/knowledge.go:1400.47,1404.29 2 0
hyper/internal/mcp/storage/knowledge.go:1404.29,1406.39 2 0
hyper/internal/mcp/storage/knowledge.go:1406.39,1408.4 1 0
hyper/internal/mcp/storage/knowledge.go:1412.2,1413.16 2 0
hyper/internal/mcp/storage/knowledge.go:1413.16,1415.3 1 0
hyper/internal/mcp/storage/knowledge.go:1418.2,1421.25 3 0
hyper/internal/mcp/storage/knowledge.go:1421.25,1423.3 1 0
hyper/internal/mcp/storage/knowledge.go:1425.2,1425.21 1 0
hyper/internal/mcp/storage/knowledge.go:1425.21,1427.3 1 0
hyper/internal/mcp/storage/knowledge.go:1429.2,1429.18 1 0
hyper/internal/mcp/storage/knowledge.go:1435.127,1438.20 2 0
hyper/internal/mcp/storage/knowledge.go:1438.20,1440.3 1 0
hyper/internal/mcp/storage/knowledge.go:1443.2,1452.51 4 0
hyper/internal/mcp/storage/knowledge.go:1452.51,1454.3 1 0
hyper/internal/mcp/storage/knowledge.go:1457.2,1461.21 3 0
hyper/internal/mcp/storage/knowledge.go:1461.21,1462.39 1 0
hyper/internal/mcp/storage/knowledge.go:1462.39,1463.28 1 0
hyper/internal/mcp/storage/knowledge.go:1464.18,1465.36 1 0
hyper/internal/mcp/storage/knowledge.go:1466.23,1468.25 2 0
hyper/internal/mcp/storage/knowledge.go:1468.25,1469.33 1 0
hyper/internal/mcp/storage/knowledge.go:1469.33,1471.7 1 0
hyper/internal/mcp/storage/knowledge.go:1473.5,1473.45 1 0
hyper/internal/mcp/storage/knowledge.go:1474.16,1475.16 1 0
hyper/internal/mcp/storage/knowledge.go:1481.2,1484.19 4 0
hyper/internal/mcp/storage/knowledge.go:1484.19,1486.3 1 0
hyper/internal/mcp/storage/knowledge.go:1487.2,1494.76 6 0
hyper/internal/mcp/storage/knowledge.go:1494.76,1497.3 1 0
hyper/internal/mcp/storage/knowledge.go:1498.2,1502.79 3 0
hyper/internal/mcp/storage/knowledge.go:1502.79,1504.3 1 0
hyper/internal/mcp/storage/knowledge.go:1506.2,1511.22 2 0
hyper/internal/mcp/storage/knowledge.go:1515.155,1520.16 3 0
hyper/internal/mcp/storage/knowledge.go:1520.16,1522.3 1 0
hyper/internal/mcp/storage/knowledge.go:1523.2,1523.16 1 0
hyper/internal/mcp/storage/knowledge.go:1523.16,1525.3 1 0
hyper/internal/mcp/storage/knowledge.go:1528.2,1528.17 1 0
hyper/internal/mcp/storage/knowledge.go:1528.17,1530.3 1 0
hyper/internal/mcp/storage/knowledge.go:1532.2,1550.16 6 0
hyper/internal/mcp/storage/knowledge.go:1550.16,1552.3 1 0
hyper/internal/mcp/storage/knowledge.go:1555.2,1557.16 3 0
hyper/internal/mcp/storage/knowledge.go:1557.16,1559.3 1 0
hyper/internal/mcp/storage/knowledge.go:1561.2,1561.23 1 0
hyper/internal/mcp/storage/knowledge.go:1567.90,1572.16 3 0
hyper/internal/mcp/storage/knowledge.go:1572.16,1574.3 1 0
hyper/internal/mcp/storage/knowledge.go:1577.2,1578.16 2 0
hyper/internal/mcp/storage/knowledge.go:1578.16,1580.3 1 0
hyper/internal/mcp/storage/knowledge.go:1581.2,1581.23 1 0
hyper/internal/mcp/storage/knowledge.go:1581.23,1583.3 1 0
hyper/internal/mcp/storage/knowledge.go:1587.2,1594.16 4 0
hyper/internal/mcp/storage/knowledge.go:1594.16,1596.3 1 0
hyper/internal/mcp/storage/knowledge.go:1598.2,1603.34 2 0
hyper/internal/mcp/storage/knowledge.go:1608.98,1612.32 2 0
hyper/internal/mcp/storage/knowledge.go:1612.32,1614.3 1 0
hyper/internal/mcp/storage/knowledge.go:1617.2,1618.21 2 0
hyper/internal/mcp/storage/knowledge.go:1618.21,1620.3 1 0
hyper/internal/mcp/storage/knowledge.go:1623.2,1625.16 3 0
hyper/internal/mcp/storage/knowledge.go:1625.16,1626.34 1 0
hyper/internal/mcp/storage/knowledge.go:1626.34,1628.4 1 0
hyper/internal/mcp/storage/knowledge.go:1629.3,1629.67 1 0
hyper/internal/mcp/storage/knowledge.go:1632.2,1653.16 6 0
hyper/internal/mcp/storage/knowledge.go:1653.16,1655.3 1 0
hyper/internal/mcp/storage/knowledge.go:1658.2,1660.16 3 0
hyper/internal/mcp/storage/knowledge.go:1660.16,1662.3 1 0
hyper/internal/mcp/storage/knowledge.go:1665.2,1665.56 1 0
hyper/internal/mcp/storage/knowledge.go:1665.56,1669.3 1 0
hyper/internal/mcp/storage/knowledge.go:1671.2,1671.25 1 0
hyper/internal/mcp/storage/knowledge.go:1676.93,1682.16 4 0
hyper/internal/mcp/storage/knowledge.go:1682.16,1683.34 1 0
hyper/internal/mcp/storage/knowledge.go:1683.34,1685.4 1 0
hyper/internal/mcp/storage/knowledge.go:1686.3,1686.67 1 0
hyper/internal/mcp/storage/knowledge.go:1690.2,1691.16 2 0
hyper/internal/mcp/storage/knowledge.go:1691.16,1693.3 1 0
hyper/internal/mcp/storage/knowledge.go:1694.2,1697.48 3 0
hyper/internal/mcp/storage/knowledge.go:1697.48,1699.3 1 0
hyper/internal/mcp/storage/knowledge.go:1702.2,1709.26 2 0
hyper/internal/mcp/storage/knowledge.go:1709.26,1710.20 1 0
hyper/internal/mcp/storage/knowledge.go:1710.20,1712.4 1 0
hyper/internal/mcp/storage/knowledge.go:1712.9,1712.27 1 0
hyper/internal/mcp/storage/knowledge.go:1712.27,1714.4 1 0
hyper/internal/mcp/storage/knowledge.go:1717.3,1717.41 1 0
hyper/internal/mcp/storage/knowledge.go:1717.41,1719.4 1 0
hyper/internal/mcp/storage/knowledge.go:1722.2,1724.21 2 0
hyper/internal/mcp/storage/knowledge.go:1729.76,1735.16 4 0
hyper/internal/mcp/storage/knowledge.go:1735.16,1736.34 1 0
hyper/internal/mcp/storage/knowledge.go:1736.34,1738.4 1 0
hyper/internal/mcp/storage/knowledge.go:1739.3,1739.53 1 0
hyper/internal/mcp/storage/knowledge.go:1743.2,1744.16 2 0
hyper/internal/mcp/storage/knowledge.go:1744.16,1746.3 1 0
hyper/internal/mcp/storage/knowledge.go:1747.2,1750.48 3 0
hyper/internal/mcp/storage/knowledge.go:1750.48,1752.3 1 0
hyper/internal/mcp/storage/knowledge.go:1754.2,1756.26 3 0
hyper/internal/mcp/storage/knowledge.go:1756.26,1757.20 1 0
hyper/internal/mcp/storage/knowledge.go:1757.20,1759.4 1 0
hyper/internal/mcp/storage/knowledge.go:1759.9,1759.27 1 0
hyper/internal/mcp/storage/knowledge.go:1759.27,1761.4 1 0
hyper/internal/mcp/storage/knowledge.go:1764.2,1767.27 2 0
hyper/internal/mcp/storage/knowledge.go:1767.27,1776.96 3 0
hyper/internal/mcp/storage/knowledge.go:1776.96,1778.4 1 0
hyper/internal/mcp/storage/knowledge.go:1781.2,1781.12 1 0
hyper/internal/mcp/storage/knowledge.go:1787.92,1792.26 3 0
hyper/internal/mcp/storage/knowledge.go:1792.26,1794.3 1 0
hyper/internal/mcp/storage/knowledge.go:1797.2,1798.16 2 0
hyper/internal/mcp/storage/knowledge.go:1798.16,1800.3 1 0
hyper/internal/mcp/storage/knowledge.go:1801.2,1804.50 3 0
hyper/internal/mcp/storage/knowledge.go:1804.50,1806.3 1 0
hyper/internal/mcp/storage/knowledge.go:1809.2,1812.32 3 0
hyper/internal/mcp/storage/knowledge.go:1812.32,1815.17 2 0
hyper/internal/mcp/storage/knowledge.go:1815.17,1817.12 2 0
hyper/internal/mcp/storage/knowledge.go:1821.3,1821.21 1 0
hyper/internal/mcp/storage/knowledge.go:1821.21,1822.12 1 0
hyper/internal/mcp/storage/knowledge.go:1826.3,1826.58 1 0
hyper/internal/mcp/storage/knowledge.go:1826.58,1828.12 2 0
hyper/internal/mcp/storage/knowledge.go:1831.3,1831.16 1 0
hyper/internal/mcp/storage/knowledge.go:1834.2,1834.25 1 0
hyper/internal/mcp/storage/knowledge.go:1834.25,1838.3 2 0
hyper/internal/mcp/storage/knowledge.go:1840.2,1840.25 1 0
hyper/internal/mcp/storage/knowledge.go:1845.86,1859.16 4 0
hyper/internal/mcp/storage/knowledge.go:1859.16,1864.3 4 0
hyper/internal/mcp/storage/knowledge.go:1866.2,1870.23 3 0
hyper/internal/mcp/storage/knowledge.go:1870.23,1876.3 5 0
hyper/internal/mcp/storage/knowledge.go:1879.2,1881.79 3 0
hyper/internal/mcp/storage/knowledge.go:1881.79,1885.3 1 0
hyper/internal/mcp/storage/knowledge.go:1885.8,1888.3 1 0
hyper/internal/mcp/storage/knowledge.go:1891.2,1895.98 2 0
hyper/internal/mcp/storage/knowledge.go:1895.98,1903.3 4 0
hyper/internal/mcp/storage/knowledge.go:1905.2,1910.16 3 0
hyper/internal/mcp/storage/knowledge.go:1910.16,1915.3 4 0
hyper/internal/mcp/storage/knowledge.go:1916.2,1923.23 6 0
hyper/internal/mcp/storage/knowledge.go:1923.23,1925.47 2 0
hyper/internal/mcp/storage/knowledge.go:1925.47,1928.12 3 0
hyper/internal/mcp/storage/knowledge.go:1931.3,1934.30 2 0
hyper/internal/mcp/storage/knowledge.go:1934.30,1950.4 6 0
hyper/internal/mcp/storage/knowledge.go:1954.2,1954.20 1 0
hyper/internal/mcp/storage/knowledge.go:1954.20,1964.3 4 0
hyper/internal/mcp/storage/knowledge.go:1967.2,1967.37 1 0
hyper/internal/mcp/storage/knowledge.go:1967.37,1970.3 2 0
hyper/internal/mcp/storage/knowledge.go:1973.2,1981.20 7 0
hyper/internal/mcp/storage/knowledge.go:1981.20,1993.26 4 0
hyper/internal/mcp/storage/knowledge.go:1993.26,1995.4 1 0
hyper/internal/mcp/storage/knowledge.go:1996.8,2001.3 1 0
hyper/internal/mcp/storage/knowledge.go:2003.2,2003.12 1 0
hyper/internal/mcp/storage/knowledge.go:2008.107,2012.32 3 0
hyper/internal/mcp/storage/knowledge.go:2012.32,2014.21 1 0
hyper/internal/mcp/storage/knowledge.go:2014.21,2017.12 3 0
hyper/internal/mcp/storage/knowledge.go:2019.3,2019.23 1 0
hyper/internal/mcp/storage/knowledge.go:2019.23,2022.12 3 0
hyper/internal/mcp/storage/knowledge.go:2024.3,2024.50 1 0
hyper/internal/mcp/storage/knowledge.go:2024.50,2027.12 3 0
hyper/internal/mcp/storage/knowledge.go:2031.3,2032.27 2 0
hyper/internal/mcp/storage/knowledge.go:2032.27,2034.4 1 0
hyper/internal/mcp/storage/knowledge.go:2037.3,2040.25 2 0
hyper/internal/mcp/storage/knowledge.go:2040.25,2042.4 1 0
hyper/internal/mcp/storage/knowledge.go:2045.3,2045.104 1 0
hyper/internal/mcp/storage/knowledge.go:2045.104,2051.12 3 0
hyper/internal/mcp/storage/knowledge.go:2053.3,2053.17 1 0
hyper/internal/mcp/storage/knowledge.go:2056.2,2056.33 1 0
hyper/internal/mcp/storage/knowledge.go:2060.76,2063.15 2 0
hyper/internal/mcp/storage/knowledge.go:2063.15,2065.3 1 0
hyper/internal/mcp/storage/knowledge.go:2068.2,2068.19 1 0
hyper/internal/mcp/storage/knowledge.go:2068.19,2074.39 5 0
hyper/internal/mcp/storage/knowledge.go:2074.39,2076.4 1 0
hyper/internal/mcp/storage/knowledge.go:2076.9,2078.4 1 0
hyper/internal/mcp/storage/knowledge.go:2083.64,2084.27 1 0
hyper/internal/mcp/storage/knowledge.go:2084.27,2088.3 1 0
hyper/internal/mcp/storage/knowledge.go:2089.2,2089.24 1 0
hyper/internal/mcp/storage/metrics.go:101.99,116.16 5 0
hyper/internal/mcp/storage/metrics.go:116.16,118.3 1 0
hyper/internal/mcp/storage/metrics.go:121.2,127.16 2 0
hyper/internal/mcp/storage/metrics.go:127.16,129.3 1 0
hyper/internal/mcp/storage/metrics.go:132.2,135.16 2 0
hyper/internal/mcp/storage/metrics.go:135.16,137.3 1 0
hyper/internal/mcp/storage/metrics.go:140.2,147.16 2 0
hyper/internal/mcp/storage/metrics.go:147.16,149.3 1 0
hyper/internal/mcp/storage/metrics.go:152.2,155.16 2 0
hyper/internal/mcp/storage/metrics.go:155.16,157.3 1 0
hyper/internal/mcp/storage/metrics.go:160.2,164.16 2 0
hyper/internal/mcp/storage/metrics.go:164.16,166.3 1 0
hyper/internal/mcp/storage/metrics.go:168.2,168.21 1 0
hyper/internal/mcp/storage/metrics.go:172.95,173.22 1 0
hyper/internal/mcp/storage/metrics.go:173.22,175.3 1 0
hyper/internal/mcp/storage/metrics.go:177.2,182.30 4 0
hyper/internal/mcp/storage/metrics.go:182.30,184.3 1 0
hyper/internal/mcp/storage/metrics.go:187.2,187.28 1 0
hyper/internal/mcp/storage/metrics.go:187.28,189.3 1 0
hyper/internal/mcp/storage/metrics.go:192.2,193.23 2 0
hyper/internal/mcp/storage/metrics.go:193.23,195.3 1 0
hyper/internal/mcp/storage/metrics.go:197.2,198.16 2 0
hyper/internal/mcp/storage/metrics.go:198.16,200.3 1 0
hyper/internal/mcp/storage/metrics.go:202.2,210.12 2 0
hyper/internal/mcp/storage/metrics.go:214.115,217.16 3 0
hyper/internal/mcp/storage/metrics.go:217.16,218.34 1 0
hyper/internal/mcp/storage/metrics.go:218.34,220.4 1 0
hyper/internal/mcp/storage/metrics.go:221.3,221.60 1 0
hyper/internal/mcp/storage/metrics.go:223.2,223.22 1 0
hyper/internal/mcp/storage/metrics.go:227.132,230.16 2 0
hyper/internal/mcp/storage/metrics.go:230.16,232.3 1 0
hyper/internal/mcp/storage/metrics.go:235.2,235.16 1 0
hyper/internal/mcp/storage/metrics.go:235.16,237.3 1 0
hyper/internal/mcp/storage/metrics.go:238.2,238.17 1 0
hyper/internal/mcp/storage/metrics.go:238.17,240.3 1 0
hyper/internal/mcp/storage/metrics.go:243.2,249.16 3 0
hyper/internal/mcp/storage/metrics.go:249.16,251.3 1 0
hyper/internal/mcp/storage/metrics.go:252.2,255.49 3 0
hyper/internal/mcp/storage/metrics.go:255.49,257.3 1 0
hyper/internal/mcp/storage/metrics.go:259.2,259.38 1 0
hyper/internal/mcp/storage/metrics.go:263.162,293.16 3 0
hyper/internal/mcp/storage/metrics.go:293.16,295.3 1 0
hyper/internal/mcp/storage/metrics.go:296.2,299.49 3 0
hyper/internal/mcp/storage/metrics.go:299.49,301.3 1 0
hyper/internal/mcp/storage/metrics.go:303.2,303.23 1 0
hyper/internal/mcp/storage/metrics.go:303.23,310.3 1 0
hyper/internal/mcp/storage/metrics.go:312.2,316.23 5 0
hyper/internal/mcp/storage/metrics.go:316.23,318.3 1 0
hyper/internal/mcp/storage/metrics.go:320.2,322.23 3 0
hyper/internal/mcp/storage/metrics.go:322.23,324.3 1 0
hyper/internal/mcp/storage/metrics.go:326.2,327.69 2 0
hyper/internal/mcp/storage/metrics.go:327.69,329.3 1 0
hyper/internal/mcp/storage/metrics.go:331.2,345.8 1 0
hyper/internal/mcp/storage/metrics.go:349.147,380.16 3 0
hyper/internal/mcp/storage/metrics.go:380.16,382.3 1 0
hyper/internal/mcp/storage/metrics.go:383.2,386.49 3 0
hyper/internal/mcp/storage/metrics.go:386.49,388.3 1 0
hyper/internal/mcp/storage/metrics.go:390.2,391.33 2 0
hyper/internal/mcp/storage/metrics.go:391.33,400.24 8 0
hyper/internal/mcp/storage/metrics.go:400.24,402.4 1 0
hyper/internal/mcp/storage/metrics.go:404.3,406.24 3 0
hyper/internal/mcp/storage/metrics.go:406.24,408.4 1 0
hyper/internal/mcp/storage/metrics.go:410.3,411.70 2 0
hyper/internal/mcp/storage/metrics.go:411.70,413.4 1 0
hyper/internal/mcp/storage/metrics.go:415.3,429.4 1 0
hyper/internal/mcp/storage/metrics.go:432.2,432.19 1 0
hyper/internal/mcp/storage/metrics.go:436.122,451.16 3 0
hyper/internal/mcp/storage/metrics.go:451.16,453.3 1 0
hyper/internal/mcp/storage/metrics.go:454.2,457.49 3 0
hyper/internal/mcp/storage/metrics.go:457.49,459.3 1 0
hyper/internal/mcp/storage/metrics.go:461.2,461.23 1 0
hyper/internal/mcp/storage/metrics.go:461.23,463.3 1 0
hyper/internal/mcp/storage/metrics.go:465.2,465.47 1 0
hyper/internal/mcp/storage/metrics.go:469.132,489.16 3 0
hyper/internal/mcp/storage/metrics.go:489.16,491.3 1 0
hyper/internal/mcp/storage/metrics.go:492.2,495.49 3 0
hyper/internal/mcp/storage/metrics.go:495.49,497.3 1 0
hyper/internal/mcp/storage/metrics.go:500.2,501.33 2 0
hyper/internal/mcp/storage/metrics.go:501.33,503.3 1 0
hyper/internal/mcp/storage/metrics.go:506.2,507.33 2 0
hyper/internal/mcp/storage/metrics.go:507.33,515.20 7 0
hyper/internal/mcp/storage/metrics.go:515.20,517.4 1 0
hyper/internal/mcp/storage/metrics.go:519.3,525.5 1 0
hyper/internal/mcp/storage/metrics.go:528.2,528.23 1 0
hyper/internal/mcp/storage/metrics.go:532.141,550.16 3 0
hyper/internal/mcp/storage/metrics.go:550.16,552.3 1 0
hyper/internal/mcp/storage/metrics.go:553.2,556.49 3 0
hyper/internal/mcp/storage/metrics.go:556.49,558.3 1 0
hyper/internal/mcp/storage/metrics.go:560.2,561.33 2 0
hyper/internal/mcp/storage/metrics.go:561.33,567.3 5 0
hyper/internal/mcp/storage/metrics.go:569.2,569.19 1 0
hyper/internal/mcp/storage/metrics.go:573.105,577.16 2 0
hyper/internal/mcp/storage/metrics.go:577.16,579.3 1 0
hyper/internal/mcp/storage/metrics.go:580.2,580.33 1 0
hyper/internal/mcp/storage/pricing.go:92.67,96.30 3 0
hyper/internal/mcp/storage/pricing.go:96.30,98.52 1 0
hyper/internal/mcp/storage/pricing.go:98.52,100.4 1 0
hyper/internal/mcp/storage/pricing.go:104.2,109.3 1 0
hyper/internal/mcp/storage/pricing.go:113.160,124.29 5 0
hyper/internal/mcp/storage/pricing.go:124.29,126.3 1 0
hyper/internal/mcp/storage/pricing.go:127.2,127.25 1 0
hyper/internal/mcp/storage/pricing.go:127.25,129.3 1 0
hyper/internal/mcp/storage/pricing.go:131.2,133.41 2 0
hyper/internal/mcp/storage/pricing.go:137.38,138.19 1 0
hyper/internal/mcp/storage/pricing.go:138.19,140.3 1 0
hyper/internal/mcp/storage/pricing.go:141.2,141.35 1 0
hyper/internal/mcp/storage/pricing.go:145.41,147.2 1 0
hyper/internal/mcp/storage/qdrant_client.go:71.84,74.18 3 0
hyper/internal/mcp/storage/qdrant_client.go:74.18,76.3 1 0
hyper/internal/mcp/storage/qdrant_client.go:79.2,79.35 1 0
hyper/internal/mcp/storage/qdrant_client.go:79.35,81.3 1 0
hyper/internal/mcp/storage/qdrant_client.go:83.2,99.15 4 0
hyper/internal/mcp/storage/qdrant_client.go:103.127,115.2 2 0
hyper/internal/mcp/storage/qdrant_client.go:119.147,123.35 2 0
hyper/internal/mcp/storage/qdrant_client.go:123.35,125.3 1 0
hyper/internal/mcp/storage/qdrant_client.go:127.2,139.62 2 0
hyper/internal/mcp/storage/qdrant_client.go:139.62,141.17 2 0
hyper/internal/mcp/storage/qdrant_client.go:141.17,143.4 1 0
hyper/internal/mcp/storage/qdrant_client.go:146.3,147.33 2 0
hyper/internal/mcp/storage/qdrant_client.go:147.33,149.4 1 0
hyper/internal/mcp/storage/qdrant_client.go:150.3,150.26 1 0
hyper/internal/mcp/storage/qdrant_client.go:153.2,153.15 1 0
hyper/internal/mcp/storage/qdrant_client.go:157.44,159.2 1 0
hyper/internal/mcp/storage/qdrant_client.go:162.57,163.26 1 0
hyper/internal/mcp/storage/qdrant_client.go:163.26,165.3 1 0
hyper/internal/mcp/storage/qdrant_client.go:170.86,174.16 3 0
hyper/internal/mcp/storage/qdrant_client.go:174.16,176.3 1 0
hyper/internal/mcp/storage/qdrant_client.go:177.2,180.16 3 0
hyper/internal/mcp/storage/qdrant_client.go:180.16,182.3 1 0
hyper/internal/mcp/storage/qdrant_client.go:183.2,186.38 2 0
hyper/internal/mcp/storage/qdrant_client.go:186.38,189.17 2 0
hyper/internal/mcp/storage/qdrant_client.go:189.17,191.4 1 0
hyper/internal/mcp/storage/qdrant_client.go:193.3,205.63 2 0
hyper/internal/mcp/storage/qdrant_client.go:205.63,207.4 1 0
hyper/internal/mcp/storage/qdrant_client.go:209.3,212.30 2 0
hyper/internal/mcp/storage/qdrant_client.go:212.30,220.4 1 0
hyper/internal/mcp/storage/qdrant_client.go:223.3,223.13 1 0
hyper/internal/mcp/storage/qdrant_client.go:227.2,235.16 3 0
hyper/internal/mcp/storage/qdrant_client.go:235.16,237.3 1 0
hyper/internal/mcp/storage/qdrant_client.go:239.2,241.16 3 0
hyper/internal/mcp/storage/qdrant_client.go:241.16,243.3 1 0
hyper/internal/mcp/storage/qdrant_client.go:244.2,248.16 4 0
hyper/internal/mcp/storage/qdrant_client.go:248.16,250.3 1 0
hyper/internal/mcp/storage/qdrant_client.go:251.2,253.79 2 0
hyper/internal/mcp/storage/qdrant_client.go:253.79,256.3 2 0
hyper/internal/mcp/storage/qdrant_client.go:258.2,258.12 1 0
hyper/internal/mcp/storage/qdrant_client.go:279.9,282.16 2 0
hyper/internal/mcp/storage/qdrant_client.go:282.16,285.3 1 0
hyper/internal/mcp/storage/qdrant_client.go:288.2,289.9 2 0
hyper/internal/mcp/storage/qdrant_client.go:289.9,292.3 1 0
hyper/internal/mcp/storage/qdrant_client.go:295.2,302.21 3 0
hyper/internal/mcp/storage/qdrant_client.go:302.21,307.3 2 0
hyper/internal/mcp/storage/qdrant_client.go:310.2,315.23 2 0
hyper/internal/mcp/storage/qdrant_client.go:315.23,320.3 2 0
hyper/internal/mcp/storage/qdrant_client.go:322.2,329.12 2 0
hyper/internal/mcp/storage/qdrant_client.go:333.121,336.16 2 0
hyper/internal/mcp/storage/qdrant_client.go:336.16,338.3 1 0
hyper/internal/mcp/storage/qdrant_client.go:341.2,347.21 5 0
hyper/internal/mcp/storage/qdrant_client.go:347.21,348.30 1 0
hyper/internal/mcp/storage/qdrant_client.go:348.30,350.4 1 0
hyper/internal/mcp/storage/qdrant_client.go:354.2,366.16 4 0
hyper/internal/mcp/storage/qdrant_client.go:366.16,368.3 1 0
hyper/internal/mcp/storage/qdrant_client.go:370.2,372.16 3 0
hyper/internal/mcp/storage/qdrant_client.go:372.16,374.3 1 0
hyper/internal/mcp/storage/qdrant_client.go:375.2,379.16 4 0
hyper/internal/mcp/storage/qdrant_client.go:379.16,381.3 1 0
hyper/internal/mcp/storage/qdrant_client.go:382.2,384.38 2 0
hyper/internal/mcp/storage/qdrant_client.go:384.38,387.3 2 0
hyper/internal/mcp/storage/qdrant_client.go:389.2,389.12 1 0
hyper/internal/mcp/storage/qdrant_client.go:396.138,399.16 2 0
hyper/internal/mcp/storage/qdrant_client.go:399.16,401.3 1 0
hyper/internal/mcp/storage/qdrant_client.go:404.2,411.16 3 0
hyper/internal/mcp/storage/qdrant_client.go:411.16,413.3 1 0
hyper/internal/mcp/storage/qdrant_client.go:415.2,417.16 3 0
hyper/internal/mcp/storage/qdrant_client.go:417.16,419.3 1 0
hyper/internal/mcp/storage/qdrant_client.go:420.2,424.16 4 0
hyper/internal/mcp/storage/qdrant_client.go:424.16,426.3 1 0
hyper/internal/mcp/storage/qdrant_client.go:427.2,429.38 2 0
hyper/internal/mcp/storage/qdrant_client.go:429.38,434.101 3 0
hyper/internal/mcp/storage/qdrant_client.go:434.101,436.4 1 0
hyper/internal/mcp/storage/qdrant_client.go:438.3,438.89 1 0
hyper/internal/mcp/storage/qdrant_client.go:442.2,446.75 2 0
hyper/internal/mcp/storage/qdrant_client.go:446.75,448.3 1 0
hyper/internal/mcp/storage/qdrant_client.go:451.2,452.24 2 0
hyper/internal/mcp/storage/qdrant_client.go:452.24,454.3 1 0
hyper/internal/mcp/storage/qdrant_client.go:457.2,458.47 2 0
hyper/internal/mcp/storage/qdrant_client.go:458.47,470.22 3 0
hyper/internal/mcp/storage/qdrant_client.go:470.22,474.22 3 0
hyper/internal/mcp/storage/qdrant_client.go:474.22,476.5 1 0
hyper/internal/mcp/storage/qdrant_client.go:478.4,478.66 1 0
hyper/internal/mcp/storage/qdrant_client.go:481.3,484.4 1 0
hyper/internal/mcp/storage/qdrant_client.go:488.2,488.21 1 0
hyper/internal/mcp/storage/qdrant_client.go:488.21,489.43 1 0
hyper/internal/mcp/storage/qdrant_client.go:489.43,491.4 1 0
hyper/internal/mcp/storage/qdrant_client.go:494.2,494.21 1 0
hyper/internal/mcp/storage/qdrant_client.go:500.179,503.16 2 0
hyper/internal/mcp/storage/qdrant_client.go:503.16,505.3 1 0
hyper/internal/mcp/storage/qdrant_client.go:508.2,515.19 2 0
hyper/internal/mcp/storage/qdrant_client.go:515.19,517.3 1 0
hyper/internal/mcp/storage/qdrant_client.go:519.2,520.16 2 0
hyper/internal/mcp/storage/qdrant_client.go:520.16,522.3 1 0
hyper/internal/mcp/storage/qdrant_client.go:524.2,526.16 3 0
hyper/internal/mcp/storage/qdrant_client.go:526.16,528.3 1 0
hyper/internal/mcp/storage/qdrant_client.go:529.2,533.16 4 0
hyper/internal/mcp/storage/qdrant_client.go:533.16,535.3 1 0
hyper/internal/mcp/storage/qdrant_client.go:536.2,538.38 2 0
hyper/internal/mcp/storage/qdrant_client.go:538.38,543.101 3 0
hyper/internal/mcp/storage/qdrant_client.go:543.101,545.4 1 0
hyper/internal/mcp/storage/qdrant_client.go:547.3,547.89 1 0
hyper/internal/mcp/storage/qdrant_client.go:551.2,555.75 2 0
hyper/internal/mcp/storage/qdrant_client.go:555.75,557.3 1 0
hyper/internal/mcp/storage/qdrant_client.go:560.2,561.24 2 0
hyper/internal/mcp/storage/qdrant_client.go:561.24,563.3 1 0
hyper/internal/mcp/storage/qdrant_client.go:566.2,567.47 2 0
hyper/internal/mcp/storage/qdrant_client.go:567.47,579.22 3 0
hyper/internal/mcp/storage/qdrant_client.go:579.22,583.22 3 0
hyper/internal/mcp/storage/qdrant_client.go:583.22,585.5 1 0
hyper/internal/mcp/storage/qdrant_client.go:587.4,587.66 1 0
hyper/internal/mcp/storage/qdrant_client.go:590.3,593.4 1 0
hyper/internal/mcp/storage/qdrant_client.go:597.2,597.21 1 0
hyper/internal/mcp/storage/qdrant_client.go:597.21,598.43 1 0
hyper/internal/mcp/storage/qdrant_client.go:598.43,600.4 1 0
hyper/internal/mcp/storage/qdrant_client.go:603.2,603.21 1 0
hyper/internal/mcp/storage/qdrant_client.go:609.163,612.16 2 0
hyper/internal/mcp/storage/qdrant_client.go:612.16,614.3 1 0
hyper/internal/mcp/storage/qdrant_client.go:618.2,635.16 3 0
hyper/internal/mcp/storage/qdrant_client.go:635.16,637.3 1 0
hyper/internal/mcp/storage/qdrant_client.go:639.2,641.16 3 0
hyper/internal/mcp/storage/qdrant_client.go:641.16,643.3 1 0
hyper/internal/mcp/storage/qdrant_client.go:644.2,648.16 4 0
hyper/internal/mcp/storage/qdrant_client.go:648.16,650.3 1 0
hyper/internal/mcp/storage/qdrant_client.go:651.2,653.38 2 0
hyper/internal/mcp/storage/qdrant_client.go:653.38,656.3 2 0
hyper/internal/mcp/storage/qdrant_client.go:659.2,663.75 2 0
hyper/internal/mcp/storage/qdrant_client.go:663.75,665.3 1 0
hyper/internal/mcp/storage/qdrant_client.go:668.2,669.24 2 0
hyper/internal/mcp/storage/qdrant_client.go:669.24,671.3 1 0
hyper/internal/mcp/storage/qdrant_client.go:674.2,675.47 2 0
hyper/internal/mcp/storage/qdrant_client.go:675.47,687.22 3 0
hyper/internal/mcp/storage/qdrant_client.go:687.22,691.22 3 0
hyper/internal/mcp/storage/qdrant_client.go:691.22,693.5 1 0
hyper/internal/mcp/storage/qdrant_client.go:695.4,695.66 1 0
hyper/internal/mcp/storage/qdrant_client.go:698.3,701.4 1 0
hyper/internal/mcp/storage/qdrant_client.go:705.2,705.21 1 0
hyper/internal/mcp/storage/qdrant_client.go:705.21,706.43 1 0
hyper/internal/mcp/storage/qdrant_client.go:706.43,708.4 1 0
hyper/internal/mcp/storage/qdrant_client.go:711.2,711.21 1 0
hyper/internal/mcp/storage/qdrant_client.go:715.81,721.16 3 0
hyper/internal/mcp/storage/qdrant_client.go:721.16,723.3 1 0
hyper/internal/mcp/storage/qdrant_client.go:725.2,727.16 3 0
hyper/internal/mcp/storage/qdrant_client.go:727.16,729.3 1 0
hyper/internal/mcp/storage/qdrant_client.go:731.2,735.16 4 0
hyper/internal/mcp/storage/qdrant_client.go:735.16,737.3 1 0
hyper/internal/mcp/storage/qdrant_client.go:738.2,740.38 2 0
hyper/internal/mcp/storage/qdrant_client.go:740.38,743.3 2 0
hyper/internal/mcp/storage/qdrant_client.go:745.2,745.12 1 0
hyper/internal/mcp/storage/qdrant_client.go:750.120,757.16 3 0
hyper/internal/mcp/storage/qdrant_client.go:757.16,759.3 1 0
hyper/internal/mcp/storage/qdrant_client.go:761.2,763.16 3 0
hyper/internal/mcp/storage/qdrant_client.go:763.16,765.3 1 0
hyper/internal/mcp/storage/qdrant_client.go:767.2,771.16 4 0
hyper/internal/mcp/storage/qdrant_client.go:771.16,773.3 1 0
hyper/internal/mcp/storage/qdrant_client.go:774.2,776.38 2 0
hyper/internal/mcp/storage/qdrant_client.go:776.38,779.3 2 0
hyper/internal/mcp/storage/qdrant_client.go:781.2,781.12 1 0
hyper/internal/mcp/storage/qdrant_client.go:788.69,793.34 2 0
hyper/internal/mcp/storage/qdrant_client.go:793.34,795.20 1 0
hyper/internal/mcp/storage/qdrant_client.go:795.20,797.4 1 0
hyper/internal/mcp/storage/qdrant_client.go:797.9,800.4 1 0
hyper/internal/mcp/storage/qdrant_client.go:803.2,803.15 1 0
hyper/internal/mcp/storage/qdrant_client.go:807.78,808.33 1 0
hyper/internal/mcp/storage/qdrant_client.go:808.33,809.34 1 0
hyper/internal/mcp/storage/qdrant_client.go:809.34,811.4 1 0
hyper/internal/mcp/storage/qdrant_client.go:813.2,813.11 1 0
hyper/internal/mcp/storage/qdrant_client.go:817.72,818.33 1 0
hyper/internal/mcp/storage/qdrant_client.go:818.33,820.26 1 0
hyper/internal/mcp/storage/qdrant_client.go:821.12,822.12 1 0
hyper/internal/mcp/storage/qdrant_client.go:823.14,824.17 1 0
hyper/internal/mcp/storage/qdrant_client.go:825.16,826.17 1 0
hyper/internal/mcp/storage/qdrant_client.go:827.16,828.17 1 0
hyper/internal/mcp/storage/qdrant_client.go:831.2,831.10 1 0
hyper/internal/mcp/storage/qdrant_client.go:835.21,836.11 1 0
hyper/internal/mcp/storage/qdrant_client.go:836.11,838.3 1 0
hyper/internal/mcp/storage/qdrant_client.go:839.2,839.10 1 0
hyper/internal/mcp/storage/qdrant_client.go:843.81,844.33 1 0
hyper/internal/mcp/storage/qdrant_client.go:844.33,845.34 1 0
hyper/internal/mcp/storage/qdrant_client.go:845.34,846.59 1 0
hyper/internal/mcp/storage/qdrant_client.go:846.59,848.5 1 0
hyper/internal/mcp/storage/qdrant_client.go:851.2,851.25 1 0
hyper/internal/mcp/storage/qdrant_client.go:855.26,857.2 1 0
hyper/internal/mcp/storage/qdrant_client.go:861.49,881.2 8 0
hyper/internal/mcp/storage/qdrant_client.go:884.56,886.16 2 0
hyper/internal/mcp/storage/qdrant_client.go:886.16,888.3 1 0
hyper/internal/mcp/storage/qdrant_client.go:891.2,891.26 1 0
hyper/internal/mcp/storage/qdrant_client.go:891.26,893.3 1 0
hyper/internal/mcp/storage/qdrant_client.go:895.2,896.16 2 0
hyper/internal/mcp/storage/qdrant_client.go:896.16,898.3 1 0
hyper/internal/mcp/storage/qdrant_client.go:899.2,901.38 2 0
hyper/internal/mcp/storage/qdrant_client.go:901.38,903.3 1 0
hyper/internal/mcp/storage/qdrant_client.go:905.2,905.12 1 0
hyper/internal/mcp/storage/qdrant_client.go:929.32,930.81 1 0
hyper/internal/mcp/storage/qdrant_client.go:930.81,933.3 2 0
hyper/internal/mcp/storage/qdrant_client.go:938.2,938.61 1 0
hyper/internal/mcp/storage/qdrant_client.go:938.61,940.3 1 0
hyper/internal/mcp/storage/qdrant_client.go:946.59,947.27 1 0
hyper/internal/mcp/storage/qdrant_client.go:947.27,950.3 1 0
hyper/internal/mcp/storage/qdrant_client.go:950.8,953.3 1 0
hyper/internal/mcp/storage/qdrant_client.go:964.49,966.2 1 0
hyper/internal/mcp/storage/qdrant_client.go:986.88,987.41 1 0
hyper/internal/mcp/storage/qdrant_client.go:987.41,989.3 1 0
hyper/internal/mcp/storage/qdrant_client.go:992.2,993.56 1 0
hyper/internal/mcp/storage/qdrant_client.go:993.56,995.3 1 0
hyper/internal/mcp/storage/qdrant_client.go:999.2,1001.16 3 0
hyper/internal/mcp/storage/qdrant_client.go:1001.16,1004.3 1 0
hyper/internal/mcp/storage/qdrant_client.go:1006.2,1006.49 1 0
hyper/internal/mcp/storage/qdrant_client.go:1006.49,1012.3 1 0
hyper/internal/mcp/storage/qdrant_client.go:1015.2,1020.3 1 0
hyper/internal/mcp/storage/qdrant_client.go:1024.70,1027.16 3 0
hyper/internal/mcp/storage/qdrant_client.go:1027.16,1029.3 1 0
hyper/internal/mcp/storage/qdrant_client.go:1030.2,1033.16 3 0
hyper/internal/mcp/storage/qdrant_client.go:1033.16,1035.3 1 0
hyper/internal/mcp/storage/qdrant_client.go:1036.2,1038.80 2 0
hyper/internal/mcp/storage/qdrant_client.go:1038.80,1041.3 2 0
hyper/internal/mcp/storage/qdrant_client.go:1043.2,1043.12 1 0
hyper/internal/mcp/storage/qdrant_client.go:1049.133,1051.59 1 0
hyper/internal/mcp/storage/qdrant_client.go:1051.59,1053.3 1 0
hyper/internal/mcp/storage/qdrant_client.go:1056.2,1056.71 1 0
hyper/internal/mcp/storage/qdrant_client.go:1056.71,1058.3 1 0
hyper/internal/mcp/storage/qdrant_client.go:1061.2,1062.32 2 0
hyper/internal/mcp/storage/qdrant_client.go:1062.32,1064.92 1 0
hyper/internal/mcp/storage/qdrant_client.go:1064.92,1067.12 2 0
hyper/internal/mcp/storage/qdrant_client.go:1069.3,1069.19 1 0
hyper/internal/mcp/storage/qdrant_client.go:1072.2,1072.28 1 0
hyper/internal/mcp/storage/qdrant_client.go:1076.74,1078.64 1 0
hyper/internal/mcp/storage/qdrant_client.go:1078.64,1080.3 1 0
hyper/internal/mcp/storage/qdrant_client.go:1083.2,1091.16 3 0
hyper/internal/mcp/storage/qdrant_client.go:1091.16,1093.3 1 0
hyper/internal/mcp/storage/qdrant_client.go:1095.2,1096.16 2 0
hyper/internal/mcp/storage/qdrant_client.go:1096.16,1098.3 1 0
hyper/internal/mcp/storage/qdrant_client.go:1100.2,1104.16 4 0
hyper/internal/mcp/storage/qdrant_client.go:1104.16,1106.3 1 0
hyper/internal/mcp/storage/qdrant_client.go:1107.2,1109.79 2 0
hyper/internal/mcp/storage/qdrant_client.go:1109.79,1112.3 2 0
hyper/internal/mcp/storage/qdrant_client.go:1114.2,1114.12 1 0
hyper/internal/mcp/storage/qdrant_client.go:1119.83,1122.16 2 0
hyper/internal/mcp/storage/qdrant_client.go:1122.16,1124.3 1 0
hyper/internal/mcp/storage/qdrant_client.go:1125.2,1128.16 3 0
hyper/internal/mcp/storage/qdrant_client.go:1128.16,1130.3 1 0
hyper/internal/mcp/storage/qdrant_client.go:1131.2,1134.38 2 0
hyper/internal/mcp/storage/qdrant_client.go:1134.38,1136.63 1 0
hyper/internal/mcp/storage/qdrant_client.go:1136.63,1139.18 2 0
hyper/internal/mcp/storage/qdrant_client.go:1139.18,1141.5 1 0
hyper/internal/mcp/storage/qdrant_client.go:1143.4,1155.64 2 0
hyper/internal/mcp/storage/qdrant_client.go:1155.64,1157.5 1 0
hyper/internal/mcp/storage/qdrant_client.go:1159.4,1160.42 2 0
hyper/internal/mcp/storage/qdrant_client.go:1160.42,1166.5 1 0
hyper/internal/mcp/storage/qdrant_client.go:1168.3,1168.13 1 0
hyper/internal/mcp/storage/qdrant_client.go:1173.2,1174.62 2 0
hyper/internal/mcp/storage/qdrant_client.go:1174.62,1176.3 1 0
hyper/internal/mcp/storage/qdrant_client.go:1178.2,1186.16 3 0
hyper/internal/mcp/storage/qdrant_client.go:1186.16,1188.3 1 0
hyper/internal/mcp/storage/qdrant_client.go:1190.2,1191.16 2 0
hyper/internal/mcp/storage/qdrant_client.go:1191.16,1193.3 1 0
hyper/internal/mcp/storage/qdrant_client.go:1195.2,1199.16 4 0
hyper/internal/mcp/storage/qdrant_client.go:1199.16,1201.3 1 0
hyper/internal/mcp/storage/qdrant_client.go:1202.2,1204.79 2 0
hyper/internal/mcp/storage/qdrant_client.go:1204.79,1207.3 2 0
hyper/internal/mcp/storage/qdrant_client.go:1211.2,1211.77 1 0
hyper/internal/mcp/storage/qdrant_client.go:1211.77,1214.3 1 0
hyper/internal/mcp/storage/qdrant_client.go:1216.2,1216.12 1 0
hyper/internal/mcp/storage/qdrant_client.go:1221.83,1229.16 3 0
hyper/internal/mcp/storage/qdrant_client.go:1229.16,1231.3 1 0
hyper/internal/mcp/storage/qdrant_client.go:1233.2,1235.16 3 0
hyper/internal/mcp/storage/qdrant_client.go:1235.16,1237.3 1 0
hyper/internal/mcp/storage/qdrant_client.go:1239.2,1243.16 4 0
hyper/internal/mcp/storage/qdrant_client.go:1243.16,1245.3 1 0
hyper/internal/mcp/storage/qdrant_client.go:1246.2,1248.79 2 0
hyper/internal/mcp/storage/qdrant_client.go:1248.79,1251.3 2 0
hyper/internal/mcp/storage/qdrant_client.go:1253.2,1253.12 1 0
hyper/internal/mcp/storage/qdrant_client.go:1257.84,1259.16 2 0
hyper/internal/mcp/storage/qdrant_client.go:1259.16,1261.3 1 0
hyper/internal/mcp/storage/qdrant_client.go:1262.2,1265.16 3 0
hyper/internal/mcp/storage/qdrant_client.go:1265.16,1267.3 1 0
hyper/internal/mcp/storage/qdrant_client.go:1268.2,1270.38 2 0
hyper/internal/mcp/storage/qdrant_client.go:1270.38,1273.3 2 0
hyper/internal/mcp/storage/qdrant_client.go:1275.2,1276.16 2 0
hyper/internal/mcp/storage/qdrant_client.go:1276.16,1278.3 1 0
hyper/internal/mcp/storage/qdrant_client.go:1280.2,1286.62 2 0
hyper/internal/mcp/storage/qdrant_client.go:1286.62,1288.3 1 0
hyper/internal/mcp/storage/qdrant_client.go:1290.2,1290.47 1 0
hyper/internal/mcp/storage/qdrant_client.go:1294.100,1300.16 3 0
hyper/internal/mcp/storage/qdrant_client.go:1300.16,1302.3 1 0
hyper/internal/mcp/storage/qdrant_client.go:1304.2,1306.16 3 0
hyper/internal/mcp/storage/qdrant_client.go:1306.16,1308.3 1 0
hyper/internal/mcp/storage/qdrant_client.go:1310.2,1314.16 4 0
hyper/internal/mcp/storage/qdrant_client.go:1314.16,1316.3 1 0
hyper/internal/mcp/storage/qdrant_client.go:1317.2,1319.38 2 0
hyper/internal/mcp/storage/qdrant_client.go:1319.38,1324.101 3 0
hyper/internal/mcp/storage/qdrant_client.go:1324.101,1326.4 1 0
hyper/internal/mcp/storage/qdrant_client.go:1328.3,1328.89 1 0
hyper/internal/mcp/storage/qdrant_client.go:1331.2,1331.12 1 0
hyper/internal/mcp/storage/qdrant_client.go:1335.126,1337.2 1 0
hyper/internal/mcp/storage/qdrant_client.go:1341.189,1353.47 3 0
hyper/internal/mcp/storage/qdrant_client.go:1353.47,1356.39 2 0
hyper/internal/mcp/storage/qdrant_client.go:1356.39,1360.4 1 0
hyper/internal/mcp/storage/qdrant_client.go:1363.3,1368.20 2 0
hyper/internal/mcp/storage/qdrant_client.go:1368.20,1375.4 1 0
hyper/internal/mcp/storage/qdrant_client.go:1376.8,1376.26 1 0
hyper/internal/mcp/storage/qdrant_client.go:1376.26,1379.3 1 0
hyper/internal/mcp/storage/qdrant_client.go:1382.2,1382.28 1 0
hyper/internal/mcp/storage/qdrant_client.go:1382.28,1384.3 1 0
hyper/internal/mcp/storage/qdrant_client.go:1386.2,1387.16 2 0
hyper/internal/mcp/storage/qdrant_client.go:1387.16,1389.3 1 0
hyper/internal/mcp/storage/qdrant_client.go:1391.2,1393.16 3 0
hyper/internal/mcp/storage/qdrant_client.go:1393.16,1395.3 1 0
hyper/internal/mcp/storage/qdrant_client.go:1397.2,1401.16 4 0
hyper/internal/mcp/storage/qdrant_client.go:1401.16,1403.3 1 0
hyper/internal/mcp/storage/qdrant_client.go:1404.2,1406.38 2 0
hyper/internal/mcp/storage/qdrant_client.go:1406.38,1411.101 3 0
hyper/internal/mcp/storage/qdrant_client.go:1411.101,1413.4 1 0
hyper/internal/mcp/storage/qdrant_client.go:1415.3,1415.84 1 0
hyper/internal/mcp/storage/qdrant_client.go:1418.2,1419.71 2 0
hyper/internal/mcp/storage/qdrant_client.go:1419.71,1421.3 1 0
hyper/internal/mcp/storage/qdrant_client.go:1423.2,1423.25 1 0
hyper/internal/mcp/storage/qdrant_client.go:1427.108,1433.16 3 0
hyper/internal/mcp/storage/qdrant_client.go:1433.16,1435.3 1 0
hyper/internal/mcp/storage/qdrant_client.go:1437.2,1439.16 3 0
hyper/internal/mcp/storage/qdrant_client.go:1439.16,1441.3 1 0
hyper/internal/mcp/storage/qdrant_client.go:1443.2,1447.16 4 0
hyper/internal/mcp/storage/qdrant_client.go:1447.16,1449.3 1 0
hyper/internal/mcp/storage/qdrant_client.go:1450.2,1452.38 2 0
hyper/internal/mcp/storage/qdrant_client.go:1452.38,1455.3 2 0
hyper/internal/mcp/storage/qdrant_client.go:1457.2,1457.12 1 0
hyper/internal/mcp/storage/qdrant_client.go:1462.112,1469.2 2 0
hyper/internal/mcp/storage/qdrant_client.go:1472.67,1478.16 3 0
hyper/internal/mcp/storage/qdrant_client.go:1478.16,1480.3 1 0
hyper/internal/mcp/storage/qdrant_client.go:1482.2,1484.16 3 0
hyper/internal/mcp/storage/qdrant_client.go:1484.16,1486.3 1 0
hyper/internal/mcp/storage/qdrant_client.go:1488.2,1492.16 4 0
hyper/internal/mcp/storage/qdrant_client.go:1492.16,1494.3 1 0
hyper/internal/mcp/storage/qdrant_client.go:1495.2,1497.38 2 0
hyper/internal/mcp/storage/qdrant_client.go:1497.38,1500.3 2 0
hyper/internal/mcp/storage/qdrant_client.go:1502.2,1502.12 1 0
hyper/internal/mcp/storage/qdrant_client.go:1508.113,1511.16 2 0
hyper/internal/mcp/storage/qdrant_client.go:1511.16,1513.3 1 0
hyper/internal/mcp/storage/qdrant_client.go:1515.2,1515.20 1 0
hyper/internal/mcp/storage/qdrant_client.go:1515.20,1518.3 1 0
hyper/internal/mcp/storage/qdrant_client.go:1521.2,1532.16 4 0
hyper/internal/mcp/storage/qdrant_client.go:1532.16,1534.3 1 0
hyper/internal/mcp/storage/qdrant_client.go:1536.2,1538.16 3 0
hyper/internal/mcp/storage/qdrant_client.go:1538.16,1540.3 1 0
hyper/internal/mcp/storage/qdrant_client.go:1542.2,1546.16 4 0
hyper/internal/mcp/storage/qdrant_client.go:1546.16,1548.3 1 0
hyper/internal/mcp/storage/qdrant_client.go:1549.2,1552.79 2 0
hyper/internal/mcp/storage/qdrant_client.go:1552.79,1555.3 2 0
hyper/internal/mcp/storage/qdrant_client.go:1558.2,1558.78 1 0
hyper/internal/mcp/storage/qdrant_client.go:1558.78,1560.3 1 0
hyper/internal/mcp/storage/qdrant_client.go:1562.2,1562.28 1 0
hyper/internal/mcp/storage/reflection_storage.go:73.131,78.25 3 0
hyper/internal/mcp/storage/reflection_storage.go:78.25,85.3 3 0
hyper/internal/mcp/storage/reflection_storage.go:85.8,87.3 1 0
hyper/internal/mcp/storage/reflection_storage.go:89.2,108.16 4 0
hyper/internal/mcp/storage/reflection_storage.go:108.16,110.3 1 0
hyper/internal/mcp/storage/reflection_storage.go:113.2,116.16 2 0
hyper/internal/mcp/storage/reflection_storage.go:116.16,118.3 1 0
hyper/internal/mcp/storage/reflection_storage.go:121.2,124.16 2 0
hyper/internal/mcp/storage/reflection_storage.go:124.16,126.3 1 0
hyper/internal/mcp/storage/reflection_storage.go:129.2,133.16 2 0
hyper/internal/mcp/storage/reflection_storage.go:133.16,135.3 1 0
hyper/internal/mcp/storage/reflection_storage.go:138.2,142.16 2 0
hyper/internal/mcp/storage/reflection_storage.go:142.16,144.3 1 0
hyper/internal/mcp/storage/reflection_storage.go:146.2,147.21 2 0
hyper/internal/mcp/storage/reflection_storage.go:151.86,154.25 2 0
hyper/internal/mcp/storage/reflection_storage.go:154.25,156.3 1 0
hyper/internal/mcp/storage/reflection_storage.go:158.2,158.35 1 0
hyper/internal/mcp/storage/reflection_storage.go:158.35,160.3 1 0
hyper/internal/mcp/storage/reflection_storage.go:163.2,164.16 2 0
hyper/internal/mcp/storage/reflection_storage.go:164.16,166.3 1 0
hyper/internal/mcp/storage/reflection_storage.go:168.2,174.59 2 0
hyper/internal/mcp/storage/reflection_storage.go:174.59,179.104 2 0
hyper/internal/mcp/storage/reflection_storage.go:179.104,181.55 1 0
hyper/internal/mcp/storage/reflection_storage.go:181.55,189.24 3 0
hyper/internal/mcp/storage/reflection_storage.go:189.24,191.6 1 0
hyper/internal/mcp/storage/reflection_storage.go:191.11,194.37 2 0
hyper/internal/mcp/storage/reflection_storage.go:194.37,204.7 1 0
hyper/internal/mcp/storage/reflection_storage.go:207.6,212.27 2 0
hyper/internal/mcp/storage/reflection_storage.go:212.27,214.7 1 0
hyper/internal/mcp/storage/reflection_storage.go:214.12,220.7 1 0
hyper/internal/mcp/storage/reflection_storage.go:222.10,224.5 1 0
hyper/internal/mcp/storage/reflection_storage.go:228.3,233.115 2 0
hyper/internal/mcp/storage/reflection_storage.go:233.115,237.4 1 0
hyper/internal/mcp/storage/reflection_storage.go:237.9,240.4 1 0
hyper/internal/mcp/storage/reflection_storage.go:243.2,243.27 1 0
hyper/internal/mcp/storage/reflection_storage.go:247.83,248.33 1 0
hyper/internal/mcp/storage/reflection_storage.go:248.33,250.3 1 0
hyper/internal/mcp/storage/reflection_storage.go:252.2,261.19 8 0
hyper/internal/mcp/storage/reflection_storage.go:261.19,263.3 1 0
hyper/internal/mcp/storage/reflection_storage.go:264.2,264.23 1 0
hyper/internal/mcp/storage/reflection_storage.go:264.23,266.3 1 0
hyper/internal/mcp/storage/reflection_storage.go:268.2,268.13 1 0
hyper/internal/mcp/storage/reflection_storage.go:272.97,277.16 4 0
hyper/internal/mcp/storage/reflection_storage.go:277.16,279.3 1 0
hyper/internal/mcp/storage/reflection_storage.go:280.2,283.54 3 0
hyper/internal/mcp/storage/reflection_storage.go:283.54,285.3 1 0
hyper/internal/mcp/storage/reflection_storage.go:287.2,287.25 1 0
hyper/internal/mcp/storage/reflection_storage.go:291.89,296.16 4 0
hyper/internal/mcp/storage/reflection_storage.go:296.16,298.3 1 0
hyper/internal/mcp/storage/reflection_storage.go:299.2,302.54 3 0
hyper/internal/mcp/storage/reflection_storage.go:302.54,304.3 1 0
hyper/internal/mcp/storage/reflection_storage.go:306.2,306.25 1 0
hyper/internal/mcp/storage/reflection_storage.go:310.89,315.16 4 0
hyper/internal/mcp/storage/reflection_storage.go:315.16,317.3 1 0
hyper/internal/mcp/storage/reflection_storage.go:318.2,321.54 3 0
hyper/internal/mcp/storage/reflection_storage.go:321.54,323.3 1 0
hyper/internal/mcp/storage/reflection_storage.go:325.2,325.25 1 0
hyper/internal/mcp/storage/reflection_storage.go:329.80,334.16 4 0
hyper/internal/mcp/storage/reflection_storage.go:334.16,336.3 1 0
hyper/internal/mcp/storage/reflection_storage.go:338.2,338.25 1 0
hyper/internal/mcp/storage/reflection_storage.go:342.89,351.16 3 0
hyper/internal/mcp/storage/reflection_storage.go:351.16,353.3 1 0
hyper/internal/mcp/storage/reflection_storage.go:356.2,361.16 2 0
hyper/internal/mcp/storage/reflection_storage.go:361.16,363.3 1 0
hyper/internal/mcp/storage/reflection_storage.go:365.2,369.12 2 0
hyper/internal/mcp/storage/reflection_storage.go:373.88,379.16 4 0
hyper/internal/mcp/storage/reflection_storage.go:379.16,381.3 1 0
hyper/internal/mcp/storage/reflection_storage.go:382.2,385.51 3 0
hyper/internal/mcp/storage/reflection_storage.go:385.51,387.3 1 0
hyper/internal/mcp/storage/reflection_storage.go:389.2,389.22 1 0
hyper/internal/mcp/storage/reflection_storage.go:393.130,416.16 6 0
hyper/internal/mcp/storage/reflection_storage.go:416.16,418.3 1 0
hyper/internal/mcp/storage/reflection_storage.go:420.2,424.12 2 0
hyper/internal/mcp/storage/reflection_storage.go:429.98,433.28 2 0
hyper/internal/mcp/storage/reflection_storage.go:433.28,440.17 3 0
hyper/internal/mcp/storage/reflection_storage.go:440.17,444.4 1 0
hyper/internal/mcp/storage/reflection_storage.go:444.9,444.30 1 0
hyper/internal/mcp/storage/reflection_storage.go:444.30,447.35 2 0
hyper/internal/mcp/storage/reflection_storage.go:447.35,451.19 3 0
hyper/internal/mcp/storage/reflection_storage.go:451.19,455.14 2 0
hyper/internal/mcp/storage/reflection_storage.go:457.5,457.39 1 0
hyper/internal/mcp/storage/reflection_storage.go:460.4,464.23 2 0
hyper/internal/mcp/storage/reflection_storage.go:469.2,487.16 6 0
hyper/internal/mcp/storage/reflection_storage.go:487.16,489.3 1 0
hyper/internal/mcp/storage/reflection_storage.go:490.2,493.50 3 0
hyper/internal/mcp/storage/reflection_storage.go:493.50,495.3 1 0
hyper/internal/mcp/storage/reflection_storage.go:497.2,501.21 2 0
hyper/internal/mcp/storage/reflection_storage.go:505.140,547.16 9 0
hyper/internal/mcp/storage/reflection_storage.go:547.16,549.3 1 0
hyper/internal/mcp/storage/reflection_storage.go:552.2,559.38 3 0
hyper/internal/mcp/storage/reflection_storage.go:563.51,566.24 1 0
hyper/internal/mcp/storage/reflection_storage.go:566.24,568.3 1 0
hyper/internal/mcp/storage/reflection_storage.go:569.2,569.16 1 0
hyper/internal/mcp/storage/reflection_storage.go:573.87,578.16 4 0
hyper/internal/mcp/storage/reflection_storage.go:578.16,580.3 1 0
hyper/internal/mcp/storage/reflection_storage.go:582.2,582.66 1 0
hyper/internal/mcp/storage/reflection_storage.go:586.95,591.16 4 0
hyper/internal/mcp/storage/reflection_storage.go:591.16,593.3 1 0
hyper/internal/mcp/storage/reflection_storage.go:595.2,595.22 1 0
hyper/internal/mcp/storage/reflection_storage.go:599.89,612.16 3 0
hyper/internal/mcp/storage/reflection_storage.go:612.16,614.3 1 0
hyper/internal/mcp/storage/reflection_storage.go:616.2,620.12 2 0
hyper/internal/mcp/storage/subchat_storage.go:56.28,58.2 1 0
hyper/internal/mcp/storage/subchat_storage.go:61.80,67.2 1 0
hyper/internal/mcp/storage/subchat_storage.go:70.117,86.16 5 0
hyper/internal/mcp/storage/subchat_storage.go:86.16,89.3 2 0
hyper/internal/mcp/storage/subchat_storage.go:91.2,96.21 2 0
hyper/internal/mcp/storage/subchat_storage.go:100.66,110.16 6 0
hyper/internal/mcp/storage/subchat_storage.go:110.16,111.34 1 0
hyper/internal/mcp/storage/subchat_storage.go:111.34,113.4 1 0
hyper/internal/mcp/storage/subchat_storage.go:114.3,115.59 2 0
hyper/internal/mcp/storage/subchat_storage.go:118.2,118.22 1 0
hyper/internal/mcp/storage/subchat_storage.go:122.87,131.16 5 0
hyper/internal/mcp/storage/subchat_storage.go:131.16,134.3 2 0
hyper/internal/mcp/storage/subchat_storage.go:135.2,138.51 3 0
hyper/internal/mcp/storage/subchat_storage.go:138.51,141.3 2 0
hyper/internal/mcp/storage/subchat_storage.go:143.2,143.22 1 0
hyper/internal/mcp/storage/subchat_storage.go:147.85,165.16 5 0
hyper/internal/mcp/storage/subchat_storage.go:165.16,168.3 2 0
hyper/internal/mcp/storage/subchat_storage.go:170.2,170.30 1 0
hyper/internal/mcp/storage/subchat_storage.go:170.30,172.3 1 0
hyper/internal/mcp/storage/subchat_storage.go:174.2,178.12 2 0
hyper/internal/mcp/storage/subchat_storage.go:182.63,187.16 4 0
hyper/internal/mcp/storage/subchat_storage.go:187.16,190.3 2 0
hyper/internal/mcp/storage/subchat_storage.go:191.2,194.52 3 0
hyper/internal/mcp/storage/subchat_storage.go:194.52,197.3 2 0
hyper/internal/mcp/storage/subchat_storage.go:199.2,199.23 1 0
hyper/internal/mcp/storage/subchat_storage.go:203.70,209.16 5 0
hyper/internal/mcp/storage/subchat_storage.go:209.16,210.34 1 0
hyper/internal/mcp/storage/subchat_storage.go:210.34,212.4 1 0
hyper/internal/mcp/storage/subchat_storage.go:213.3,214.60 2 0
hyper/internal/mcp/storage/subchat_storage.go:217.2,217.23 1 0
hyper/internal/mcp/storage/subchat_storage.go:221.94,235.16 4 0
hyper/internal/mcp/storage/subchat_storage.go:235.16,238.3 2 0
hyper/internal/mcp/storage/subchat_storage.go:240.2,240.30 1 0
hyper/internal/mcp/storage/subchat_storage.go:240.30,242.3 1 0
hyper/internal/mcp/storage/subchat_storage.go:244.2,248.12 2 0
hyper/internal/mcp/storage/subchat_storage.go:252.91,266.16 4 0
hyper/internal/mcp/storage/subchat_storage.go:266.16,269.3 2 0
hyper/internal/mcp/storage/subchat_storage.go:271.2,271.30 1 0
hyper/internal/mcp/storage/subchat_storage.go:271.30,273.3 1 0
hyper/internal/mcp/storage/subchat_storage.go:275.2,279.12 2 0
hyper/internal/mcp/storage/subchat_storage.go:283.57,302.16 6 0
hyper/internal/mcp/storage/subchat_storage.go:302.16,305.3 2 0
hyper/internal/mcp/storage/subchat_storage.go:307.2,307.30 1 0
hyper/internal/mcp/storage/subchat_storage.go:307.30,309.3 1 0
hyper/internal/mcp/storage/subchat_storage.go:311.2,315.12 2 0
hyper/internal/mcp/storage/subchat_storage.go:319.62,321.2 1 0
hyper/internal/mcp/storage/subchat_storage.go:326.56,464.16 5 0
hyper/internal/mcp/storage/subchat_storage.go:464.16,467.3 2 0
hyper/internal/mcp/storage/subchat_storage.go:471.2,472.28 2 0
hyper/internal/mcp/storage/subchat_storage.go:472.28,477.3 2 0
hyper/internal/mcp/storage/subchat_storage.go:479.2,485.43 3 0
hyper/internal/mcp/storage/subchat_storage.go:485.43,493.17 3 0
hyper/internal/mcp/storage/subchat_storage.go:493.17,497.12 2 0
hyper/internal/mcp/storage/subchat_storage.go:499.3,499.16 1 0
hyper/internal/mcp/storage/subchat_storage.go:502.2,506.12 2 0
hyper/internal/mcp/storage/tasks.go:146.155,163.16 4 0
hyper/internal/mcp/storage/tasks.go:163.16,165.3 1 0
hyper/internal/mcp/storage/tasks.go:168.2,172.16 2 0
hyper/internal/mcp/storage/tasks.go:172.16,174.3 1 0
hyper/internal/mcp/storage/tasks.go:177.2,180.16 2 0
hyper/internal/mcp/storage/tasks.go:180.16,182.3 1 0
hyper/internal/mcp/storage/tasks.go:185.2,188.16 2 0
hyper/internal/mcp/storage/tasks.go:188.16,190.3 1 0
hyper/internal/mcp/storage/tasks.go:192.2,192.21 1 0
hyper/internal/mcp/storage/tasks.go:196.79,209.25 4 0
hyper/internal/mcp/storage/tasks.go:209.25,215.3 3 0
hyper/internal/mcp/storage/tasks.go:215.8,217.24 1 0
hyper/internal/mcp/storage/tasks.go:217.24,219.4 1 0
hyper/internal/mcp/storage/tasks.go:219.9,221.4 1 0
[...]
hyper/internal/mcp/storage/tasks.go:423.2,427.16 4 0
hyper/internal/mcp/storage/tasks.go:427.16,429.3 1 0
hyper/internal/mcp/storage/tasks.go:430.2,433.48 3 0
hyper/internal/mcp/storage/tasks.go:433.48,435.3 1 0
hyper/internal/mcp/storage/tasks.go:437.2,437.19 1 0
hyper/internal/mcp/storage/tasks.go:442.61,446.16 3 0
hyper/internal/mcp/storage/tasks.go:446.16,448.3 1 0
hyper/internal/mcp/storage/tasks.go:449.2,452.48 3 0
hyper/internal/mcp/storage/tasks.go:452.48,454.3 1 0
hyper/internal/mcp/storage/tasks.go:456.2,456.14 1 0
hyper/internal/mcp/storage/tasks.go:461.104,465.19 2 0
hyper/internal/mcp/storage/tasks.go:465.19,467.3 1 0
hyper/internal/mcp/storage/tasks.go:470.2,471.16 2 0
hyper/internal/mcp/storage/tasks.go:471.16,473.3 1 0
hyper/internal/mcp/storage/tasks.go:476.2,483.16 6 0
hyper/internal/mcp/storage/tasks.go:483.16,485.3 1 0
hyper/internal/mcp/storage/tasks.go:486.2,489.48 3 0
hyper/internal/mcp/storage/tasks.go:489.48,491.3 1 0
hyper/internal/mcp/storage/tasks.go:493.2,493.36 1 0
hyper/internal/mcp/storage/tasks.go:497.99,507.17 3 0
hyper/internal/mcp/storage/tasks.go:507.17,509.3 1 0
hyper/internal/mcp/storage/tasks.go:512.2,517.25 2 0
hyper/internal/mcp/storage/tasks.go:517.25,519.3 1 0
hyper/internal/mcp/storage/tasks.go:522.2,527.25 2 0
hyper/internal/mcp/storage/tasks.go:527.25,528.43 1 0
hyper/internal/mcp/storage/tasks.go:528.43,530.4 1 0
hyper/internal/mcp/storage/tasks.go:531.3,531.70 1 0
hyper/internal/mcp/storage/tasks.go:534.2,534.12 1 0
hyper/internal/mcp/storage/tasks.go:538.112,544.16 4 0
hyper/internal/mcp/storage/tasks.go:544.16,545.34 1 0
hyper/internal/mcp/storage/tasks.go:545.34,547.4 1 0
hyper/internal/mcp/storage/tasks.go:548.3,548.62 1 0
hyper/internal/mcp/storage/tasks.go:552.2,553.39 2 0
hyper/internal/mcp/storage/tasks.go:553.39,554.24 1 0
hyper/internal/mcp/storage/tasks.go:554.24,556.9 2 0
hyper/internal/mcp/storage/tasks.go:560.2,560.21 1 0
hyper/internal/mcp/storage/tasks.go:560.21,562.3 1 0
hyper/internal/mcp/storage/tasks.go:565.2,572.35 3 0
hyper/internal/mcp/storage/tasks.go:572.35,574.3 1 0
hyper/internal/mcp/storage/tasks.go:577.2,577.17 1 0
hyper/internal/mcp/storage/tasks.go:577.17,579.3 1 0
hyper/internal/mcp/storage/tasks.go:581.2,590.25 3 0
hyper/internal/mcp/storage/tasks.go:590.25,592.3 1 0
hyper/internal/mcp/storage/tasks.go:595.2,597.16 3 0
hyper/internal/mcp/storage/tasks.go:597.16,599.42 2 0
hyper/internal/mcp/storage/tasks.go:599.42,600.42 1 0
hyper/internal/mcp/storage/tasks.go:600.42,602.10 2 0
hyper/internal/mcp/storage/tasks.go:607.3,607.64 1 0
hyper/internal/mcp/storage/tasks.go:607.64,609.4 1 0
hyper/internal/mcp/storage/tasks.go:612.2,612.12 1 0
hyper/internal/mcp/storage/tasks.go:616.87,635.25 5 0
hyper/internal/mcp/storage/tasks.go:635.25,636.43 1 0
hyper/internal/mcp/storage/tasks.go:636.43,638.4 1 0
hyper/internal/mcp/storage/tasks.go:639.3,639.73 1 0
hyper/internal/mcp/storage/tasks.go:642.2,642.12 1 0
hyper/internal/mcp/storage/tasks.go:646.90,664.25 5 0
hyper/internal/mcp/storage/tasks.go:664.25,665.43 1 0
hyper/internal/mcp/storage/tasks.go:665.43,667.4 1 0
hyper/internal/mcp/storage/tasks.go:668.3,668.76 1 0
hyper/internal/mcp/storage/tasks.go:671.2,671.12 1 0
hyper/internal/mcp/storage/tasks.go:675.75,696.25 5 0
hyper/internal/mcp/storage/tasks.go:696.25,697.43 1 0
hyper/internal/mcp/storage/tasks.go:697.43,699.4 1 0
hyper/internal/mcp/storage/tasks.go:700.3,700.75 1 0
hyper/internal/mcp/storage/tasks.go:703.2,703.12 1 0
hyper/internal/mcp/storage/tasks.go:707.102,733.16 6 0
hyper/internal/mcp/storage/tasks.go:733.16,735.3 1 0
hyper/internal/mcp/storage/tasks.go:737.2,737.30 1 0
hyper/internal/mcp/storage/tasks.go:737.30,739.3 1 0
hyper/internal/mcp/storage/tasks.go:741.2,741.31 1 0
hyper/internal/mcp/storage/tasks.go:741.31,743.3 1 0
hyper/internal/mcp/storage/tasks.go:745.2,745.12 1 0
hyper/internal/mcp/storage/tasks.go:749.105,774.16 6 0
hyper/internal/mcp/storage/tasks.go:774.16,776.3 1 0
hyper/internal/mcp/storage/tasks.go:778.2,778.30 1 0
hyper/internal/mcp/storage/tasks.go:778.30,780.3 1 0
hyper/internal/mcp/storage/tasks.go:782.2,782.31 1 0
hyper/internal/mcp/storage/tasks.go:782.31,784.3 1 0
hyper/internal/mcp/storage/tasks.go:786.2,786.12 1 0
hyper/internal/mcp/storage/tasks.go:790.90,818.16 6 0
hyper/internal/mcp/storage/tasks.go:818.16,820.3 1 0
hyper/internal/mcp/storage/tasks.go:822.2,822.30 1 0
hyper/internal/mcp/storage/tasks.go:822.30,824.3 1 0
hyper/internal/mcp/storage/tasks.go:826.2,826.31 1 0
hyper/internal/mcp/storage/tasks.go:826.31,828.3 1 0
hyper/internal/mcp/storage/tasks.go:830.2,830.12 1 0
hyper/internal/mcp/storage/tasks.go:834.66,842.16 4 0
hyper/internal/mcp/storage/tasks.go:842.16,844.3 1 0
hyper/internal/mcp/storage/tasks.go:845.2,849.16 3 0
hyper/internal/mcp/storage/tasks.go:849.16,851.3 1 0
hyper/internal/mcp/storage/tasks.go:852.2,854.20 2 0
hyper/internal/mcp/storage/tasks.go:858.129,860.31 1 1
hyper/internal/mcp/storage/tasks.go:860.31,862.3 1 1
hyper/internal/mcp/storage/tasks.go:865.2,866.16 2 0
hyper/internal/mcp/storage/tasks.go:866.16,868.3 1 0
hyper/internal/mcp/storage/tasks.go:871.2,874.33 3 0
hyper/internal/mcp/storage/tasks.go:874.33,875.30 1 0
hyper/internal/mcp/storage/tasks.go:875.30,876.12 1 0
hyper/internal/mcp/storage/tasks.go:879.3,880.10 2 0
hyper/internal/mcp/storage/tasks.go:880.10,881.12 1 0
hyper/internal/mcp/storage/tasks.go:884.3,885.17 2 0
hyper/internal/mcp/storage/tasks.go:885.17,887.12 1 0
hyper/internal/mcp/storage/tasks.go:890.3,891.40 2 0
hyper/internal/mcp/storage/tasks.go:894.2,894.27 1 0
hyper/internal/mcp/storage/token_usage.go:86.105,101.16 5 0
hyper/internal/mcp/storage/token_usage.go:101.16,103.3 1 0
hyper/internal/mcp/storage/token_usage.go:106.2,112.16 2 0
hyper/internal/mcp/storage/token_usage.go:112.16,114.3 1 0
hyper/internal/mcp/storage/token_usage.go:117.2,120.16 2 0
hyper/internal/mcp/storage/token_usage.go:120.16,122.3 1 0
hyper/internal/mcp/storage/token_usage.go:125.2,132.16 2 0
hyper/internal/mcp/storage/token_usage.go:132.16,134.3 1 0
hyper/internal/mcp/storage/token_usage.go:137.2,141.16 2 0
hyper/internal/mcp/storage/token_usage.go:141.16,143.3 1 0
hyper/internal/mcp/storage/token_usage.go:145.2,145.21 1 0
hyper/internal/mcp/storage/token_usage.go:149.97,150.20 1 0
hyper/internal/mcp/storage/token_usage.go:150.20,152.3 1 0
hyper/internal/mcp/storage/token_usage.go:154.2,159.28 4 0
hyper/internal/mcp/storage/token_usage.go:159.28,161.3 1 0
hyper/internal/mcp/storage/token_usage.go:164.2,164.26 1 0
hyper/internal/mcp/storage/token_usage.go:164.26,166.3 1 0
hyper/internal/mcp/storage/token_usage.go:168.2,169.16 2 0
hyper/internal/mcp/storage/token_usage.go:169.16,171.3 1 0
hyper/internal/mcp/storage/token_usage.go:173.2,180.12 2 0
hyper/internal/mcp/storage/token_usage.go:184.119,187.16 3 0
hyper/internal/mcp/storage/token_usage.go:187.16,188.34 1 0
hyper/internal/mcp/storage/token_usage.go:188.34,190.4 1 0
hyper/internal/mcp/storage/token_usage.go:191.3,191.64 1 0
hyper/internal/mcp/storage/token_usage.go:193.2,193.20 1 0
hyper/internal/mcp/storage/token_usage.go:197.136,200.16 2 0
hyper/internal/mcp/storage/token_usage.go:200.16,202.3 1 0
hyper/internal/mcp/storage/token_usage.go:205.2,205.16 1 0
hyper/internal/mcp/storage/token_usage.go:205.16,207.3 1 0
hyper/internal/mcp/storage/token_usage.go:208.2,208.17 1 0
hyper/internal/mcp/storage/token_usage.go:208.17,210.3 1 0
hyper/internal/mcp/storage/token_usage.go:213.2,219.16 3 0
hyper/internal/mcp/storage/token_usage.go:219.16,221.3 1 0
hyper/internal/mcp/storage/token_usage.go:222.2,225.48 3 0
hyper/internal/mcp/storage/token_usage.go:225.48,227.3 1 0
hyper/internal/mcp/storage/token_usage.go:229.2,229.37 1 0
hyper/internal/mcp/storage/token_usage.go:233.171,262.16 3 0
hyper/internal/mcp/storage/token_usage.go:262.16,264.3 1 0
hyper/internal/mcp/storage/token_usage.go:265.2,268.49 3 0
hyper/internal/mcp/storage/token_usage.go:268.49,270.3 1 0
hyper/internal/mcp/storage/token_usage.go:272.2,272.23 1 0
hyper/internal/mcp/storage/token_usage.go:272.23,279.3 1 0
hyper/internal/mcp/storage/token_usage.go:281.2,285.23 5 0
hyper/internal/mcp/storage/token_usage.go:285.23,287.3 1 0
hyper/internal/mcp/storage/token_usage.go:289.2,291.23 3 0
hyper/internal/mcp/storage/token_usage.go:291.23,293.3 1 0
hyper/internal/mcp/storage/token_usage.go:295.2,308.8 1 0
hyper/internal/mcp/storage/token_usage.go:312.156,342.16 3 0
hyper/internal/mcp/storage/token_usage.go:342.16,344.3 1 0
hyper/internal/mcp/storage/token_usage.go:345.2,348.49 3 0
hyper/internal/mcp/storage/token_usage.go:348.49,350.3 1 0
hyper/internal/mcp/storage/token_usage.go:352.2,353.33 2 0
hyper/internal/mcp/storage/token_usage.go:353.33,362.24 8 0
hyper/internal/mcp/storage/token_usage.go:362.24,364.4 1 0
hyper/internal/mcp/storage/token_usage.go:366.3,368.24 3 0
hyper/internal/mcp/storage/token_usage.go:368.24,370.4 1 0
hyper/internal/mcp/storage/token_usage.go:372.3,385.4 1 0
hyper/internal/mcp/storage/token_usage.go:388.2,388.19 1 0
hyper/internal/mcp/storage/token_usage.go:392.125,407.16 3 0
hyper/internal/mcp/storage/token_usage.go:407.16,409.3 1 0
hyper/internal/mcp/storage/token_usage.go:410.2,413.49 3 0
hyper/internal/mcp/storage/token_usage.go:413.49,415.3 1 0
hyper/internal/mcp/storage/token_usage.go:417.2,417.23 1 0
hyper/internal/mcp/storage/token_usage.go:417.23,419.3 1 0
hyper/internal/mcp/storage/token_usage.go:421.2,421.47 1 0
hyper/internal/mcp/storage/token_usage.go:425.138,443.16 3 0
hyper/internal/mcp/storage/token_usage.go:443.16,445.3 1 0
hyper/internal/mcp/storage/token_usage.go:446.2,449.49 3 0
hyper/internal/mcp/storage/token_usage.go:449.49,451.3 1 0
hyper/internal/mcp/storage/token_usage.go:453.2,454.33 2 0
hyper/internal/mcp/storage/token_usage.go:454.33,460.3 5 0
hyper/internal/mcp/storage/token_usage.go:462.2,462.25 1 0
hyper/internal/mcp/storage/token_usage.go:466.108,470.16 2 0
hyper/internal/mcp/storage/token_usage.go:470.16,472.3 1 0
hyper/internal/mcp/storage/token_usage.go:473.2,473.33 1 0
hyper/internal/mcp/storage/tools_storage.go:111.121,114.30 2 0
hyper/internal/mcp/storage/tools_storage.go:114.30,116.3 1 0
hyper/internal/mcp/storage/tools_storage.go:120.2,148.16 7 0
hyper/internal/mcp/storage/tools_storage.go:148.16,150.3 1 0
hyper/internal/mcp/storage/tools_storage.go:153.2,156.16 2 0
hyper/internal/mcp/storage/tools_storage.go:156.16,158.3 1 0
hyper/internal/mcp/storage/tools_storage.go:161.2,164.16 2 0
hyper/internal/mcp/storage/tools_storage.go:164.16,166.3 1 0
hyper/internal/mcp/storage/tools_storage.go:169.2,172.16 2 0
hyper/internal/mcp/storage/tools_storage.go:172.16,174.3 1 0
hyper/internal/mcp/storage/tools_storage.go:178.2,182.16 2 0
hyper/internal/mcp/storage/tools_storage.go:182.16,184.3 1 0
hyper/internal/mcp/storage/tools_storage.go:187.2,190.16 2 0
hyper/internal/mcp/storage/tools_storage.go:190.16,192.3 1 0
hyper/internal/mcp/storage/tools_storage.go:195.2,198.16 2 0
hyper/internal/mcp/storage/tools_storage.go:198.16,200.3 1 0
hyper/internal/mcp/storage/tools_storage.go:204.2,208.16 2 0
hyper/internal/mcp/storage/tools_storage.go:208.16,210.3 1 0
hyper/internal/mcp/storage/tools_storage.go:213.2,216.16 2 0
hyper/internal/mcp/storage/tools_storage.go:216.16,218.3 1 0
hyper/internal/mcp/storage/tools_storage.go:221.2,224.16 2 0
hyper/internal/mcp/storage/tools_storage.go:224.16,226.3 1 0
hyper/internal/mcp/storage/tools_storage.go:230.2,234.16 2 0
hyper/internal/mcp/storage/tools_storage.go:234.16,236.3 1 0
hyper/internal/mcp/storage/tools_storage.go:238.2,238.21 1 0
hyper/internal/mcp/storage/tools_storage.go:242.149,271.16 6 0
hyper/internal/mcp/storage/tools_storage.go:271.16,273.3 1 0
hyper/internal/mcp/storage/tools_storage.go:276.2,276.27 1 0
hyper/internal/mcp/storage/tools_storage.go:276.27,282.91 2 0
hyper/internal/mcp/storage/tools_storage.go:282.91,284.55 1 0
hyper/internal/mcp/storage/tools_storage.go:284.55,293.24 4 0
hyper/internal/mcp/storage/tools_storage.go:293.24,295.6 1 0
hyper/internal/mcp/storage/tools_storage.go:295.11,300.27 3 0
hyper/internal/mcp/storage/tools_storage.go:300.27,302.50 2 0
hyper/internal/mcp/storage/tools_storage.go:302.50,304.16 2 0
hyper/internal/mcp/storage/tools_storage.go:308.7,317.9 2 0
hyper/internal/mcp/storage/tools_storage.go:321.6,326.27 2 0
hyper/internal/mcp/storage/tools_storage.go:326.27,330.7 1 0
hyper/internal/mcp/storage/tools_storage.go:330.12,337.7 1 0
hyper/internal/mcp/storage/tools_storage.go:339.10,345.5 1 0
hyper/internal/mcp/storage/tools_storage.go:349.3,349.17 1 0
hyper/internal/mcp/storage/tools_storage.go:349.17,359.119 3 0
hyper/internal/mcp/storage/tools_storage.go:359.119,366.5 1 0
hyper/internal/mcp/storage/tools_storage.go:370.2,370.12 1 0
hyper/internal/mcp/storage/tools_storage.go:374.104,376.16 1 0
hyper/internal/mcp/storage/tools_storage.go:376.16,378.3 1 0
hyper/internal/mcp/storage/tools_storage.go:379.2,379.16 1 0
hyper/internal/mcp/storage/tools_storage.go:379.16,381.3 1 0
hyper/internal/mcp/storage/tools_storage.go:384.2,384.27 1 0
hyper/internal/mcp/storage/tools_storage.go:384.27,386.37 2 0
hyper/internal/mcp/storage/tools_storage.go:386.37,389.35 2 0
hyper/internal/mcp/storage/tools_storage.go:389.35,398.56 2 0
hyper/internal/mcp/storage/tools_storage.go:398.56,401.46 2 0
hyper/internal/mcp/storage/tools_storage.go:401.46,403.7 1 0
hyper/internal/mcp/storage/tools_storage.go:406.5,406.37 1 0
hyper/internal/mcp/storage/tools_storage.go:408.4,408.23 1 0
hyper/internal/mcp/storage/tools_storage.go:411.3,411.17 1 0
hyper/internal/mcp/storage/tools_storage.go:411.17,417.4 1 0
hyper/internal/mcp/storage/tools_storage.go:421.2,431.16 4 0
hyper/internal/mcp/storage/tools_storage.go:431.16,433.3 1 0
hyper/internal/mcp/storage/tools_storage.go:434.2,437.23 3 0
hyper/internal/mcp/storage/tools_storage.go:437.23,439.50 2 0
hyper/internal/mcp/storage/tools_storage.go:439.50,440.12 1 0
hyper/internal/mcp/storage/tools_storage.go:443.3,449.35 2 0
hyper/internal/mcp/storage/tools_storage.go:452.2,452.37 1 0
hyper/internal/mcp/storage/tools_storage.go:452.37,454.3 1 0
hyper/internal/mcp/storage/tools_storage.go:457.2,457.20 1 0
hyper/internal/mcp/storage/tools_storage.go:457.20,459.3 1 0
hyper/internal/mcp/storage/tools_storage.go:461.2,461.21 1 0
hyper/internal/mcp/storage/tools_storage.go:465.99,470.16 4 0
hyper/internal/mcp/storage/tools_storage.go:470.16,471.34 1 0
hyper/internal/mcp/storage/tools_storage.go:471.34,473.4 1 0
hyper/internal/mcp/storage/tools_storage.go:474.3,474.63 1 0
hyper/internal/mcp/storage/tools_storage.go:477.2,477.23 1 0
hyper/internal/mcp/storage/tools_storage.go:481.136,513.16 6 0
hyper/internal/mcp/storage/tools_storage.go:513.16,515.3 1 0
hyper/internal/mcp/storage/tools_storage.go:517.2,517.12 1 0
hyper/internal/mcp/storage/tools_storage.go:521.83,524.16 3 0
hyper/internal/mcp/storage/tools_storage.go:524.16,526.3 1 0
hyper/internal/mcp/storage/tools_storage.go:528.2,528.30 1 0
hyper/internal/mcp/storage/tools_storage.go:528.30,530.3 1 0
hyper/internal/mcp/storage/tools_storage.go:532.2,532.12 1 0
hyper/internal/mcp/storage/tools_storage.go:536.99,541.16 4 0
hyper/internal/mcp/storage/tools_storage.go:541.16,542.34 1 0
hyper/internal/mcp/storage/tools_storage.go:542.34,544.4 1 0
hyper/internal/mcp/storage/tools_storage.go:545.3,545.58 1 0
hyper/internal/mcp/storage/tools_storage.go:548.2,548.21 1 0
hyper/internal/mcp/storage/tools_storage.go:552.84,554.16 2 0
hyper/internal/mcp/storage/tools_storage.go:554.16,556.3 1 0
hyper/internal/mcp/storage/tools_storage.go:557.2,560.23 3 0
hyper/internal/mcp/storage/tools_storage.go:560.23,562.48 2 0
hyper/internal/mcp/storage/tools_storage.go:562.48,563.12 1 0
hyper/internal/mcp/storage/tools_storage.go:565.3,565.37 1 0
hyper/internal/mcp/storage/tools_storage.go:568.2,568.37 1 0
hyper/internal/mcp/storage/tools_storage.go:568.37,570.3 1 0
hyper/internal/mcp/storage/tools_storage.go:572.2,572.21 1 0
hyper/internal/mcp/storage/tools_storage.go:576.88,580.16 3 0
hyper/internal/mcp/storage/tools_storage.go:580.16,582.3 1 0
hyper/internal/mcp/storage/tools_storage.go:583.2,587.23 3 0
hyper/internal/mcp/storage/tools_storage.go:587.23,589.50 2 0
hyper/internal/mcp/storage/tools_storage.go:589.50,590.12 1 0
hyper/internal/mcp/storage/tools_storage.go:592.3,592.41 1 0
hyper/internal/mcp/storage/tools_storage.go:596.2,597.16 2 0
hyper/internal/mcp/storage/tools_storage.go:597.16,599.3 1 0
hyper/internal/mcp/storage/tools_storage.go:602.2,602.47 1 0
hyper/internal/mcp/storage/tools_storage.go:602.47,603.34 1 0
hyper/internal/mcp/storage/tools_storage.go:603.34,604.84 1 0
hyper/internal/mcp/storage/tools_storage.go:604.84,611.5 1 0
hyper/internal/mcp/storage/tools_storage.go:616.2,623.16 3 0
hyper/internal/mcp/storage/tools_storage.go:623.16,628.3 1 0
hyper/internal/mcp/storage/tools_storage.go:630.2,633.12 2 0
hyper/internal/mcp/storage/tools_storage.go:637.139,640.16 2 0
hyper/internal/mcp/storage/tools_storage.go:640.16,642.3 1 0
hyper/internal/mcp/storage/tools_storage.go:645.2,656.16 4 0
hyper/internal/mcp/storage/tools_storage.go:656.16,658.3 1 0
hyper/internal/mcp/storage/tools_storage.go:660.2,664.12 2 0
hyper/internal/mcp/storage/tools_storage.go:668.132,671.16 2 0
hyper/internal/mcp/storage/tools_storage.go:671.16,673.3 1 0
hyper/internal/mcp/storage/tools_storage.go:676.2,687.16 4 0
hyper/internal/mcp/storage/tools_storage.go:687.16,689.3 1 0
hyper/internal/mcp/storage/tools_storage.go:691.2,697.12 2 0
hyper/internal/mcp/storage/tools_storage.go:701.104,704.16 3 0
hyper/internal/mcp/storage/tools_storage.go:704.16,706.3 1 0
hyper/internal/mcp/storage/tools_storage.go:707.2,710.23 3 0
hyper/internal/mcp/storage/tools_storage.go:710.23,712.46 2 0
hyper/internal/mcp/storage/tools_storage.go:712.46,716.12 2 0
hyper/internal/mcp/storage/tools_storage.go:718.3,718.31 1 0
hyper/internal/mcp/storage/tools_storage.go:721.2,721.37 1 0
hyper/internal/mcp/storage/tools_storage.go:721.37,723.3 1 0
hyper/internal/mcp/storage/tools_storage.go:725.2,725.19 1 0
hyper/internal/mcp/storage/tools_storage.go:729.126,760.16 6 0
hyper/internal/mcp/storage/tools_storage.go:760.16,762.3 1 0
hyper/internal/mcp/storage/tools_storage.go:764.2,764.12 1 0
hyper/internal/mcp/storage/tools_storage.go:768.112,771.16 3 0
hyper/internal/mcp/storage/tools_storage.go:771.16,773.3 1 0
hyper/internal/mcp/storage/tools_storage.go:774.2,777.23 3 0
hyper/internal/mcp/storage/tools_storage.go:777.23,779.50 2 0
hyper/internal/mcp/storage/tools_storage.go:779.50,783.12 2 0
hyper/internal/mcp/storage/tools_storage.go:785.3,785.43 1 0
hyper/internal/mcp/storage/tools_storage.go:788.2,788.37 1 0
hyper/internal/mcp/storage/tools_storage.go:788.37,790.3 1 0
hyper/internal/mcp/storage/tools_storage.go:792.2,792.23 1 0
hyper/internal/mcp/storage/tools_storage.go:796.92,799.16 3 0
hyper/internal/mcp/storage/tools_storage.go:799.16,801.3 1 0
hyper/internal/mcp/storage/tools_storage.go:803.2,806.12 2 0
hyper/internal/mcp/storage/tools_storage.go:810.152,839.16 6 0
hyper/internal/mcp/storage/tools_storage.go:839.16,841.3 1 0
hyper/internal/mcp/storage/tools_storage.go:843.2,843.12 1 0
hyper/internal/mcp/storage/tools_storage.go:847.108,850.16 3 0
hyper/internal/mcp/storage/tools_storage.go:850.16,852.3 1 0
hyper/internal/mcp/storage/tools_storage.go:853.2,856.23 3 0
hyper/internal/mcp/storage/tools_storage.go:856.23,858.48 2 0
hyper/internal/mcp/storage/tools_storage.go:858.48,862.12 2 0
hyper/internal/mcp/storage/tools_storage.go:864.3,864.37 1 0
hyper/internal/mcp/storage/tools_storage.go:867.2,867.37 1 0
hyper/internal/mcp/storage/tools_storage.go:867.37,869.3 1 0
hyper/internal/mcp/storage/tools_storage.go:871.2,871.21 1 0
hyper/internal/mcp/storage/tools_storage.go:875.90,878.16 3 0
hyper/internal/mcp/storage/tools_storage.go:878.16,880.3 1 0
hyper/internal/mcp/storage/tools_storage.go:882.2,885.12 2 0
hyper/internal/mcp/storage/validation.go:10.56,11.23 1 0
hyper/internal/mcp/storage/validation.go:11.23,13.3 1 0
hyper/internal/mcp/storage/validation.go:15.2,16.31 2 0
