mode: set
hyperion-coordinator-http-bridge/main.go:53.63,59.39 2 1
hyperion-coordinator-http-bridge/main.go:59.39,61.3 1 0
hyperion-coordinator-http-bridge/main.go:63.2,63.20 1 1
hyperion-coordinator-http-bridge/main.go:67.36,72.16 4 1
hyperion-coordinator-http-bridge/main.go:72.16,74.3 1 0
hyperion-coordinator-http-bridge/main.go:76.2,77.16 2 1
hyperion-coordinator-http-bridge/main.go:77.16,79.3 1 0
hyperion-coordinator-http-bridge/main.go:82.2,84.38 2 1
hyperion-coordinator-http-bridge/main.go:84.38,86.3 1 0
hyperion-coordinator-http-bridge/main.go:88.2,97.39 4 1
hyperion-coordinator-http-bridge/main.go:97.39,100.3 2 0
hyperion-coordinator-http-bridge/main.go:102.2,102.12 1 1
hyperion-coordinator-http-bridge/main.go:106.41,122.16 3 1
hyperion-coordinator-http-bridge/main.go:122.16,124.3 1 0
hyperion-coordinator-http-bridge/main.go:127.2,133.66 3 1
hyperion-coordinator-http-bridge/main.go:133.66,135.3 1 0
hyperion-coordinator-http-bridge/main.go:137.2,138.12 2 1
hyperion-coordinator-http-bridge/main.go:142.40,143.6 1 1
hyperion-coordinator-http-bridge/main.go:143.6,145.56 2 1
hyperion-coordinator-http-bridge/main.go:145.56,146.21 1 1
hyperion-coordinator-http-bridge/main.go:146.21,149.5 2 1
hyperion-coordinator-http-bridge/main.go:150.4,151.12 2 0
hyperion-coordinator-http-bridge/main.go:154.3,161.13 5 1
hyperion-coordinator-http-bridge/main.go:161.13,163.11 1 1
hyperion-coordinator-http-bridge/main.go:164.26,165.57 1 1
hyperion-coordinator-http-bridge/main.go:166.12,167.69 1 0
hyperion-coordinator-http-bridge/main.go:171.4,174.28 4 1
hyperion-coordinator-http-bridge/main.go:175.9,177.4 1 0
hyperion-coordinator-http-bridge/main.go:182.82,192.15 5 1
hyperion-coordinator-http-bridge/main.go:192.15,194.49 2 1
hyperion-coordinator-http-bridge/main.go:194.49,197.4 2 0
hyperion-coordinator-http-bridge/main.go:198.3,198.27 1 1
hyperion-coordinator-http-bridge/main.go:202.2,203.16 2 1
hyperion-coordinator-http-bridge/main.go:203.16,205.3 1 0
hyperion-coordinator-http-bridge/main.go:207.2,211.64 3 1
hyperion-coordinator-http-bridge/main.go:211.64,214.3 2 0
hyperion-coordinator-http-bridge/main.go:215.2,219.32 3 1
hyperion-coordinator-http-bridge/main.go:219.32,221.3 1 1
hyperion-coordinator-http-bridge/main.go:224.2,224.9 1 1
hyperion-coordinator-http-bridge/main.go:225.26,226.24 1 1
hyperion-coordinator-http-bridge/main.go:226.24,228.4 1 0
hyperion-coordinator-http-bridge/main.go:229.3,230.26 2 1
hyperion-coordinator-http-bridge/main.go:232.29,233.62 1 0
hyperion-coordinator-http-bridge/main.go:238.35,239.42 1 1
hyperion-coordinator-http-bridge/main.go:239.42,241.46 2 1
hyperion-coordinator-http-bridge/main.go:241.46,243.4 1 0
hyperion-coordinator-http-bridge/main.go:244.3,244.15 1 1
hyperion-coordinator-http-bridge/main.go:246.2,246.12 1 1
hyperion-coordinator-http-bridge/main.go:251.54,259.16 3 1
hyperion-coordinator-http-bridge/main.go:259.16,262.3 2 0
hyperion-coordinator-http-bridge/main.go:264.2,264.31 1 1
hyperion-coordinator-http-bridge/main.go:267.53,273.42 2 1
hyperion-coordinator-http-bridge/main.go:273.42,276.3 2 1
hyperion-coordinator-http-bridge/main.go:278.2,289.16 3 1
hyperion-coordinator-http-bridge/main.go:289.16,292.3 2 0
hyperion-coordinator-http-bridge/main.go:294.2,294.31 1 1
hyperion-coordinator-http-bridge/main.go:297.58,305.16 3 1
hyperion-coordinator-http-bridge/main.go:305.16,308.3 2 0
hyperion-coordinator-http-bridge/main.go:310.2,310.31 1 1
hyperion-coordinator-http-bridge/main.go:313.57,315.15 2 1
hyperion-coordinator-http-bridge/main.go:315.15,318.3 2 1
hyperion-coordinator-http-bridge/main.go:320.2,330.16 3 1
hyperion-coordinator-http-bridge/main.go:330.16,333.3 2 0
hyperion-coordinator-http-bridge/main.go:335.2,335.31 1 1
hyperion-coordinator-http-bridge/main.go:338.13,341.25 2 0
hyperion-coordinator-http-bridge/main.go:341.25,343.3 1 0
hyperion-coordinator-http-bridge/main.go:346.2,346.58 1 0
hyperion-coordinator-http-bridge/main.go:346.58,348.3 1 0
hyperion-coordinator-http-bridge/main.go:351.2,352.16 2 0
hyperion-coordinator-http-bridge/main.go:352.16,354.3 1 0
hyperion-coordinator-http-bridge/main.go:355.2,369.40 9 0
hyperion-coordinator-http-bridge/main.go:369.40,375.3 1 0
hyperion-coordinator-http-bridge/main.go:378.2,379.2 2 0
hyperion-coordinator-http-bridge/main.go:379.2,384.3 4 0
hyperion-coordinator-http-bridge/main.go:387.2,388.16 2 0
hyperion-coordinator-http-bridge/main.go:388.16,390.3 1 0
hyperion-coordinator-http-bridge/main.go:392.2,396.42 4 0
hyperion-coordinator-http-bridge/main.go:396.42,398.3 1 0
