mode: set
hyperion-coordinator-mcp/storage/knowledge.go:44.83,57.16 4 0
hyperion-coordinator-mcp/storage/knowledge.go:57.16,59.3 1 0
hyperion-coordinator-mcp/storage/knowledge.go:62.2,65.16 2 0
hyperion-coordinator-mcp/storage/knowledge.go:65.16,67.3 1 0
hyperion-coordinator-mcp/storage/knowledge.go:70.2,73.16 2 0
hyperion-coordinator-mcp/storage/knowledge.go:73.16,75.3 1 0
hyperion-coordinator-mcp/storage/knowledge.go:77.2,77.21 1 0
hyperion-coordinator-mcp/storage/knowledge.go:81.123,93.16 4 0
hyperion-coordinator-mcp/storage/knowledge.go:93.16,95.3 1 0
hyperion-coordinator-mcp/storage/knowledge.go:97.2,97.19 1 0
hyperion-coordinator-mcp/storage/knowledge.go:101.100,115.15 4 0
hyperion-coordinator-mcp/storage/knowledge.go:115.15,117.3 1 0
hyperion-coordinator-mcp/storage/knowledge.go:119.2,120.16 2 0
hyperion-coordinator-mcp/storage/knowledge.go:120.16,122.3 1 0
hyperion-coordinator-mcp/storage/knowledge.go:123.2,126.50 3 0
hyperion-coordinator-mcp/storage/knowledge.go:126.50,128.3 1 0
hyperion-coordinator-mcp/storage/knowledge.go:131.2,131.23 1 0
hyperion-coordinator-mcp/storage/knowledge.go:131.23,133.3 1 0
hyperion-coordinator-mcp/storage/knowledge.go:136.2,137.32 2 0
hyperion-coordinator-mcp/storage/knowledge.go:137.32,144.3 2 0
hyperion-coordinator-mcp/storage/knowledge.go:146.2,146.21 1 0
hyperion-coordinator-mcp/storage/knowledge.go:150.129,153.16 3 0
hyperion-coordinator-mcp/storage/knowledge.go:153.16,155.3 1 0
hyperion-coordinator-mcp/storage/knowledge.go:156.2,159.50 3 0
hyperion-coordinator-mcp/storage/knowledge.go:159.50,161.3 1 0
hyperion-coordinator-mcp/storage/knowledge.go:164.2,167.32 3 0
hyperion-coordinator-mcp/storage/knowledge.go:167.32,171.16 2 0
hyperion-coordinator-mcp/storage/knowledge.go:171.16,176.4 1 0
hyperion-coordinator-mcp/storage/knowledge.go:180.2,180.42 1 0
hyperion-coordinator-mcp/storage/knowledge.go:180.42,182.3 1 0
hyperion-coordinator-mcp/storage/knowledge.go:185.2,185.39 1 0
hyperion-coordinator-mcp/storage/knowledge.go:185.39,187.3 1 0
hyperion-coordinator-mcp/storage/knowledge.go:189.2,189.21 1 0
hyperion-coordinator-mcp/storage/knowledge.go:193.60,197.16 3 0
hyperion-coordinator-mcp/storage/knowledge.go:197.16,199.3 1 0
hyperion-coordinator-mcp/storage/knowledge.go:202.2,203.32 2 0
hyperion-coordinator-mcp/storage/knowledge.go:203.32,204.32 1 0
hyperion-coordinator-mcp/storage/knowledge.go:204.32,206.4 1 0
hyperion-coordinator-mcp/storage/knowledge.go:209.2,210.15 2 0
hyperion-coordinator-mcp/storage/knowledge.go:218.54,220.19 1 0
hyperion-coordinator-mcp/storage/knowledge.go:220.19,222.3 1 0
hyperion-coordinator-mcp/storage/knowledge.go:225.2,225.35 1 0
hyperion-coordinator-mcp/storage/knowledge.go:225.35,227.3 1 0
hyperion-coordinator-mcp/storage/knowledge.go:230.2,233.26 3 0
hyperion-coordinator-mcp/storage/knowledge.go:233.26,235.3 1 0
hyperion-coordinator-mcp/storage/knowledge.go:237.2,238.32 2 0
hyperion-coordinator-mcp/storage/knowledge.go:238.32,239.32 1 0
hyperion-coordinator-mcp/storage/knowledge.go:239.32,240.16 1 0
hyperion-coordinator-mcp/storage/knowledge.go:240.16,242.10 2 0
hyperion-coordinator-mcp/storage/knowledge.go:248.2,248.61 1 0
hyperion-coordinator-mcp/storage/tasks.go:130.73,144.16 4 0
hyperion-coordinator-mcp/storage/tasks.go:144.16,146.3 1 0
hyperion-coordinator-mcp/storage/tasks.go:149.2,153.16 2 0
hyperion-coordinator-mcp/storage/tasks.go:153.16,155.3 1 0
hyperion-coordinator-mcp/storage/tasks.go:158.2,161.16 2 0
hyperion-coordinator-mcp/storage/tasks.go:161.16,163.3 1 0
hyperion-coordinator-mcp/storage/tasks.go:166.2,169.16 2 0
hyperion-coordinator-mcp/storage/tasks.go:169.16,171.3 1 0
hyperion-coordinator-mcp/storage/tasks.go:173.2,173.21 1 0
hyperion-coordinator-mcp/storage/tasks.go:177.79,190.16 5 0
hyperion-coordinator-mcp/storage/tasks.go:190.16,192.3 1 0
hyperion-coordinator-mcp/storage/tasks.go:194.2,194.18 1 0
hyperion-coordinator-mcp/storage/tasks.go:198.224,204.16 4 0
hyperion-coordinator-mcp/storage/tasks.go:204.16,205.34 1 0
hyperion-coordinator-mcp/storage/tasks.go:205.34,207.4 1 0
hyperion-coordinator-mcp/storage/tasks.go:208.3,208.67 1 0
hyperion-coordinator-mcp/storage/tasks.go:211.2,215.30 3 0
hyperion-coordinator-mcp/storage/tasks.go:215.30,226.3 1 0
hyperion-coordinator-mcp/storage/tasks.go:228.2,244.16 3 0
hyperion-coordinator-mcp/storage/tasks.go:244.16,246.3 1 0
hyperion-coordinator-mcp/storage/tasks.go:248.2,248.18 1 0
hyperion-coordinator-mcp/storage/tasks.go:252.76,257.16 4 0
hyperion-coordinator-mcp/storage/tasks.go:257.16,258.34 1 0
hyperion-coordinator-mcp/storage/tasks.go:258.34,260.4 1 0
hyperion-coordinator-mcp/storage/tasks.go:261.3,261.67 1 0
hyperion-coordinator-mcp/storage/tasks.go:264.2,264.19 1 0
hyperion-coordinator-mcp/storage/tasks.go:268.76,273.16 4 0
hyperion-coordinator-mcp/storage/tasks.go:273.16,274.34 1 0
hyperion-coordinator-mcp/storage/tasks.go:274.34,276.4 1 0
hyperion-coordinator-mcp/storage/tasks.go:277.3,277.67 1 0
hyperion-coordinator-mcp/storage/tasks.go:280.2,280.19 1 0
hyperion-coordinator-mcp/storage/tasks.go:284.88,288.16 3 0
hyperion-coordinator-mcp/storage/tasks.go:288.16,290.3 1 0
hyperion-coordinator-mcp/storage/tasks.go:291.2,294.48 3 0
hyperion-coordinator-mcp/storage/tasks.go:294.48,296.3 1 0
hyperion-coordinator-mcp/storage/tasks.go:298.2,298.19 1 0
hyperion-coordinator-mcp/storage/tasks.go:302.61,306.16 3 0
hyperion-coordinator-mcp/storage/tasks.go:306.16,308.3 1 0
hyperion-coordinator-mcp/storage/tasks.go:309.2,312.48 3 0
hyperion-coordinator-mcp/storage/tasks.go:312.48,314.3 1 0
hyperion-coordinator-mcp/storage/tasks.go:316.2,316.14 1 0
hyperion-coordinator-mcp/storage/tasks.go:320.61,324.16 3 0
hyperion-coordinator-mcp/storage/tasks.go:324.16,326.3 1 0
hyperion-coordinator-mcp/storage/tasks.go:327.2,330.48 3 0
hyperion-coordinator-mcp/storage/tasks.go:330.48,332.3 1 0
hyperion-coordinator-mcp/storage/tasks.go:334.2,334.14 1 0
hyperion-coordinator-mcp/storage/tasks.go:338.99,348.17 3 0
hyperion-coordinator-mcp/storage/tasks.go:348.17,350.3 1 0
hyperion-coordinator-mcp/storage/tasks.go:353.2,358.25 2 0
hyperion-coordinator-mcp/storage/tasks.go:358.25,360.3 1 0
hyperion-coordinator-mcp/storage/tasks.go:363.2,368.25 2 0
hyperion-coordinator-mcp/storage/tasks.go:368.25,369.43 1 0
hyperion-coordinator-mcp/storage/tasks.go:369.43,371.4 1 0
hyperion-coordinator-mcp/storage/tasks.go:372.3,372.70 1 0
hyperion-coordinator-mcp/storage/tasks.go:375.2,375.12 1 0
hyperion-coordinator-mcp/storage/tasks.go:379.112,385.16 4 0
hyperion-coordinator-mcp/storage/tasks.go:385.16,386.34 1 0
hyperion-coordinator-mcp/storage/tasks.go:386.34,388.4 1 0
hyperion-coordinator-mcp/storage/tasks.go:389.3,389.62 1 0
hyperion-coordinator-mcp/storage/tasks.go:393.2,394.39 2 0
hyperion-coordinator-mcp/storage/tasks.go:394.39,395.24 1 0
hyperion-coordinator-mcp/storage/tasks.go:395.24,397.9 2 0
hyperion-coordinator-mcp/storage/tasks.go:401.2,401.21 1 0
hyperion-coordinator-mcp/storage/tasks.go:401.21,403.3 1 0
hyperion-coordinator-mcp/storage/tasks.go:406.2,413.35 3 0
hyperion-coordinator-mcp/storage/tasks.go:413.35,415.3 1 0
hyperion-coordinator-mcp/storage/tasks.go:418.2,418.17 1 0
hyperion-coordinator-mcp/storage/tasks.go:418.17,420.3 1 0
hyperion-coordinator-mcp/storage/tasks.go:422.2,431.25 3 0
hyperion-coordinator-mcp/storage/tasks.go:431.25,433.3 1 0
hyperion-coordinator-mcp/storage/tasks.go:436.2,438.16 3 0
hyperion-coordinator-mcp/storage/tasks.go:438.16,440.42 2 0
hyperion-coordinator-mcp/storage/tasks.go:440.42,441.42 1 0
hyperion-coordinator-mcp/storage/tasks.go:441.42,443.10 2 0
hyperion-coordinator-mcp/storage/tasks.go:448.3,448.64 1 0
hyperion-coordinator-mcp/storage/tasks.go:448.64,450.4 1 0
hyperion-coordinator-mcp/storage/tasks.go:453.2,453.12 1 0
hyperion-coordinator-mcp/storage/tasks.go:457.87,476.25 5 0
hyperion-coordinator-mcp/storage/tasks.go:476.25,477.43 1 0
hyperion-coordinator-mcp/storage/tasks.go:477.43,479.4 1 0
hyperion-coordinator-mcp/storage/tasks.go:480.3,480.73 1 0
hyperion-coordinator-mcp/storage/tasks.go:483.2,483.12 1 0
hyperion-coordinator-mcp/storage/tasks.go:487.90,505.25 5 0
hyperion-coordinator-mcp/storage/tasks.go:505.25,506.43 1 0
hyperion-coordinator-mcp/storage/tasks.go:506.43,508.4 1 0
hyperion-coordinator-mcp/storage/tasks.go:509.3,509.76 1 0
hyperion-coordinator-mcp/storage/tasks.go:512.2,512.12 1 0
hyperion-coordinator-mcp/storage/tasks.go:516.75,537.25 5 0
hyperion-coordinator-mcp/storage/tasks.go:537.25,538.43 1 0
hyperion-coordinator-mcp/storage/tasks.go:538.43,540.4 1 0
hyperion-coordinator-mcp/storage/tasks.go:541.3,541.75 1 0
hyperion-coordinator-mcp/storage/tasks.go:544.2,544.12 1 0
hyperion-coordinator-mcp/storage/tasks.go:548.102,574.16 6 0
hyperion-coordinator-mcp/storage/tasks.go:574.16,576.3 1 0
hyperion-coordinator-mcp/storage/tasks.go:578.2,578.30 1 0
hyperion-coordinator-mcp/storage/tasks.go:578.30,580.3 1 0
hyperion-coordinator-mcp/storage/tasks.go:582.2,582.31 1 0
hyperion-coordinator-mcp/storage/tasks.go:582.31,584.3 1 0
hyperion-coordinator-mcp/storage/tasks.go:586.2,586.12 1 0
hyperion-coordinator-mcp/storage/tasks.go:590.105,615.16 6 0
hyperion-coordinator-mcp/storage/tasks.go:615.16,617.3 1 0
hyperion-coordinator-mcp/storage/tasks.go:619.2,619.30 1 0
hyperion-coordinator-mcp/storage/tasks.go:619.30,621.3 1 0
hyperion-coordinator-mcp/storage/tasks.go:623.2,623.31 1 0
hyperion-coordinator-mcp/storage/tasks.go:623.31,625.3 1 0
hyperion-coordinator-mcp/storage/tasks.go:627.2,627.12 1 0
hyperion-coordinator-mcp/storage/tasks.go:631.90,659.16 6 0
hyperion-coordinator-mcp/storage/tasks.go:659.16,661.3 1 0
hyperion-coordinator-mcp/storage/tasks.go:663.2,663.30 1 0
hyperion-coordinator-mcp/storage/tasks.go:663.30,665.3 1 0
hyperion-coordinator-mcp/storage/tasks.go:667.2,667.31 1 0
hyperion-coordinator-mcp/storage/tasks.go:667.31,669.3 1 0
hyperion-coordinator-mcp/storage/tasks.go:671.2,671.12 1 0
hyperion-coordinator-mcp/storage/tasks.go:675.66,683.16 4 0
hyperion-coordinator-mcp/storage/tasks.go:683.16,685.3 1 0
hyperion-coordinator-mcp/storage/tasks.go:686.2,690.16 3 0
hyperion-coordinator-mcp/storage/tasks.go:690.16,692.3 1 0
hyperion-coordinator-mcp/storage/tasks.go:693.2,695.20 2 0
hyperion-coordinator-mcp/storage/validation.go:10.56,11.23 1 1
hyperion-coordinator-mcp/storage/validation.go:11.23,13.3 1 1
hyperion-coordinator-mcp/storage/validation.go:15.2,16.31 2 1
hyperion-coordinator-mcp/handlers/resources.go:20.118,25.2 1 0
hyperion-coordinator-mcp/handlers/resources.go:28.78,31.34 2 0
hyperion-coordinator-mcp/handlers/resources.go:31.34,40.3 2 0
hyperion-coordinator-mcp/handlers/resources.go:43.2,44.34 2 0
hyperion-coordinator-mcp/handlers/resources.go:44.34,53.3 2 0
hyperion-coordinator-mcp/handlers/resources.go:55.2,55.12 1 0
hyperion-coordinator-mcp/handlers/resources.go:59.105,60.98 1 0
hyperion-coordinator-mcp/handlers/resources.go:60.98,65.19 4 0
hyperion-coordinator-mcp/handlers/resources.go:66.16,68.18 2 0
hyperion-coordinator-mcp/handlers/resources.go:68.18,70.5 1 0
hyperion-coordinator-mcp/handlers/resources.go:71.4,71.57 1 0
hyperion-coordinator-mcp/handlers/resources.go:73.16,75.18 2 0
hyperion-coordinator-mcp/handlers/resources.go:75.18,77.5 1 0
hyperion-coordinator-mcp/handlers/resources.go:80.4,80.40 1 0
hyperion-coordinator-mcp/handlers/resources.go:80.40,82.5 1 0
hyperion-coordinator-mcp/handlers/resources.go:84.4,85.71 2 0
hyperion-coordinator-mcp/handlers/resources.go:87.11,88.61 1 0
hyperion-coordinator-mcp/handlers/resources.go:91.3,92.17 2 0
hyperion-coordinator-mcp/handlers/resources.go:92.17,94.4 1 0
hyperion-coordinator-mcp/handlers/resources.go:96.3,104.9 1 0
hyperion-coordinator-mcp/handlers/resources.go:109.51,110.25 1 0
hyperion-coordinator-mcp/handlers/resources.go:110.25,112.3 1 0
hyperion-coordinator-mcp/handlers/resources.go:113.2,113.30 1 0
hyperion-coordinator-mcp/handlers/tools.go:21.110,26.2 1 0
hyperion-coordinator-mcp/handlers/tools.go:29.70,31.58 1 0
hyperion-coordinator-mcp/handlers/tools.go:31.58,33.3 1 0
hyperion-coordinator-mcp/handlers/tools.go:36.2,36.57 1 0
hyperion-coordinator-mcp/handlers/tools.go:36.57,38.3 1 0
hyperion-coordinator-mcp/handlers/tools.go:41.2,41.58 1 0
hyperion-coordinator-mcp/handlers/tools.go:41.58,43.3 1 0
hyperion-coordinator-mcp/handlers/tools.go:46.2,46.58 1 0
hyperion-coordinator-mcp/handlers/tools.go:46.58,48.3 1 0
hyperion-coordinator-mcp/handlers/tools.go:51.2,51.59 1 0
hyperion-coordinator-mcp/handlers/tools.go:51.59,53.3 1 0
hyperion-coordinator-mcp/handlers/tools.go:56.2,56.59 1 0
hyperion-coordinator-mcp/handlers/tools.go:56.59,58.3 1 0
hyperion-coordinator-mcp/handlers/tools.go:61.2,61.57 1 0
hyperion-coordinator-mcp/handlers/tools.go:61.57,63.3 1 0
hyperion-coordinator-mcp/handlers/tools.go:66.2,66.57 1 0
hyperion-coordinator-mcp/handlers/tools.go:66.57,68.3 1 0
hyperion-coordinator-mcp/handlers/tools.go:71.2,71.57 1 0
hyperion-coordinator-mcp/handlers/tools.go:71.57,73.3 1 0
hyperion-coordinator-mcp/handlers/tools.go:76.2,76.61 1 0
hyperion-coordinator-mcp/handlers/tools.go:76.61,78.3 1 0
hyperion-coordinator-mcp/handlers/tools.go:81.2,81.64 1 0
hyperion-coordinator-mcp/handlers/tools.go:81.64,83.3 1 0
hyperion-coordinator-mcp/handlers/tools.go:86.2,86.63 1 0
hyperion-coordinator-mcp/handlers/tools.go:86.63,88.3 1 0
hyperion-coordinator-mcp/handlers/tools.go:91.2,91.61 1 0
hyperion-coordinator-mcp/handlers/tools.go:91.61,93.3 1 0
hyperion-coordinator-mcp/handlers/tools.go:96.2,96.64 1 0
hyperion-coordinator-mcp/handlers/tools.go:96.64,98.3 1 0
hyperion-coordinator-mcp/handlers/tools.go:101.2,101.63 1 0
hyperion-coordinator-mcp/handlers/tools.go:101.63,103.3 1 0
hyperion-coordinator-mcp/handlers/tools.go:105.2,105.12 1 0
hyperion-coordinator-mcp/handlers/tools.go:109.73,133.104 2 0
hyperion-coordinator-mcp/handlers/tools.go:133.104,135.17 2 0
hyperion-coordinator-mcp/handlers/tools.go:135.17,137.4 1 0
hyperion-coordinator-mcp/handlers/tools.go:138.3,139.21 2 0
hyperion-coordinator-mcp/handlers/tools.go:142.2,142.12 1 0
hyperion-coordinator-mcp/handlers/tools.go:146.72,170.104 2 0
hyperion-coordinator-mcp/handlers/tools.go:170.104,172.17 2 0
hyperion-coordinator-mcp/handlers/tools.go:172.17,174.4 1 0
hyperion-coordinator-mcp/handlers/tools.go:175.3,176.21 2 0
hyperion-coordinator-mcp/handlers/tools.go:179.2,179.12 1 0
hyperion-coordinator-mcp/handlers/tools.go:183.73,199.104 2 0
hyperion-coordinator-mcp/handlers/tools.go:199.104,201.17 2 0
hyperion-coordinator-mcp/handlers/tools.go:201.17,203.4 1 0
hyperion-coordinator-mcp/handlers/tools.go:204.3,205.21 2 0
hyperion-coordinator-mcp/handlers/tools.go:208.2,208.12 1 0
hyperion-coordinator-mcp/handlers/tools.go:212.73,293.104 2 0
hyperion-coordinator-mcp/handlers/tools.go:293.104,295.17 2 0
hyperion-coordinator-mcp/handlers/tools.go:295.17,297.4 1 0
hyperion-coordinator-mcp/handlers/tools.go:298.3,299.21 2 0
hyperion-coordinator-mcp/handlers/tools.go:302.2,302.12 1 0
hyperion-coordinator-mcp/handlers/tools.go:306.74,331.104 2 0
hyperion-coordinator-mcp/handlers/tools.go:331.104,333.17 2 0
hyperion-coordinator-mcp/handlers/tools.go:333.17,335.4 1 0
hyperion-coordinator-mcp/handlers/tools.go:336.3,337.21 2 0
hyperion-coordinator-mcp/handlers/tools.go:340.2,340.12 1 0
hyperion-coordinator-mcp/handlers/tools.go:344.137,346.29 2 0
hyperion-coordinator-mcp/handlers/tools.go:346.29,348.3 1 0
hyperion-coordinator-mcp/handlers/tools.go:350.2,351.23 2 0
hyperion-coordinator-mcp/handlers/tools.go:351.23,353.3 1 0
hyperion-coordinator-mcp/handlers/tools.go:355.2,356.60 2 0
hyperion-coordinator-mcp/handlers/tools.go:356.60,358.3 1 0
hyperion-coordinator-mcp/handlers/tools.go:360.2,361.16 2 0
hyperion-coordinator-mcp/handlers/tools.go:361.16,363.3 1 0
hyperion-coordinator-mcp/handlers/tools.go:365.2,372.15 2 0
hyperion-coordinator-mcp/handlers/tools.go:376.136,378.29 2 0
hyperion-coordinator-mcp/handlers/tools.go:378.29,380.3 1 0
hyperion-coordinator-mcp/handlers/tools.go:382.2,383.24 2 0
hyperion-coordinator-mcp/handlers/tools.go:383.24,385.3 1 0
hyperion-coordinator-mcp/handlers/tools.go:387.2,388.42 2 0
hyperion-coordinator-mcp/handlers/tools.go:388.42,390.3 1 0
hyperion-coordinator-mcp/handlers/tools.go:392.2,393.16 2 0
hyperion-coordinator-mcp/handlers/tools.go:393.16,395.3 1 0
hyperion-coordinator-mcp/handlers/tools.go:397.2,397.23 1 0
hyperion-coordinator-mcp/handlers/tools.go:397.23,403.3 1 0
hyperion-coordinator-mcp/handlers/tools.go:406.2,407.33 2 0
hyperion-coordinator-mcp/handlers/tools.go:407.33,412.37 5 0
hyperion-coordinator-mcp/handlers/tools.go:412.37,415.4 2 0
hyperion-coordinator-mcp/handlers/tools.go:416.3,416.28 1 0
hyperion-coordinator-mcp/handlers/tools.go:419.2,423.17 1 0
hyperion-coordinator-mcp/handlers/tools.go:427.137,429.25 2 0
hyperion-coordinator-mcp/handlers/tools.go:429.25,431.3 1 0
hyperion-coordinator-mcp/handlers/tools.go:433.2,434.16 2 0
hyperion-coordinator-mcp/handlers/tools.go:434.16,436.3 1 0
hyperion-coordinator-mcp/handlers/tools.go:438.2,445.14 2 0
hyperion-coordinator-mcp/handlers/tools.go:449.137,451.30 2 0
hyperion-coordinator-mcp/handlers/tools.go:451.30,453.3 1 0
hyperion-coordinator-mcp/handlers/tools.go:455.2,456.28 2 0
hyperion-coordinator-mcp/handlers/tools.go:456.28,458.3 1 0
hyperion-coordinator-mcp/handlers/tools.go:460.2,461.23 2 0
hyperion-coordinator-mcp/handlers/tools.go:461.23,463.3 1 0
hyperion-coordinator-mcp/handlers/tools.go:466.2,467.37 2 0
hyperion-coordinator-mcp/handlers/tools.go:467.37,469.3 1 0
hyperion-coordinator-mcp/handlers/tools.go:471.2,472.35 2 0
hyperion-coordinator-mcp/handlers/tools.go:472.35,474.32 1 0
hyperion-coordinator-mcp/handlers/tools.go:474.32,478.4 1 0
hyperion-coordinator-mcp/handlers/tools.go:478.9,478.59 1 0
hyperion-coordinator-mcp/handlers/tools.go:478.59,481.25 2 0
hyperion-coordinator-mcp/handlers/tools.go:481.25,483.5 1 0
hyperion-coordinator-mcp/handlers/tools.go:484.4,488.56 2 0
hyperion-coordinator-mcp/handlers/tools.go:488.56,490.5 1 0
hyperion-coordinator-mcp/handlers/tools.go:491.4,491.64 1 0
hyperion-coordinator-mcp/handlers/tools.go:491.64,493.5 1 0
hyperion-coordinator-mcp/handlers/tools.go:494.4,494.62 1 0
hyperion-coordinator-mcp/handlers/tools.go:494.62,496.5 1 0
hyperion-coordinator-mcp/handlers/tools.go:497.4,497.50 1 0
hyperion-coordinator-mcp/handlers/tools.go:497.50,499.5 1 0
hyperion-coordinator-mcp/handlers/tools.go:500.9,502.4 1 0
hyperion-coordinator-mcp/handlers/tools.go:506.2,507.51 2 0
hyperion-coordinator-mcp/handlers/tools.go:507.51,509.3 1 0
hyperion-coordinator-mcp/handlers/tools.go:511.2,512.57 2 0
hyperion-coordinator-mcp/handlers/tools.go:512.57,514.24 2 0
hyperion-coordinator-mcp/handlers/tools.go:514.24,515.33 1 0
hyperion-coordinator-mcp/handlers/tools.go:515.33,517.5 1 0
hyperion-coordinator-mcp/handlers/tools.go:521.2,522.61 2 0
hyperion-coordinator-mcp/handlers/tools.go:522.61,524.24 2 0
hyperion-coordinator-mcp/handlers/tools.go:524.24,525.33 1 0
hyperion-coordinator-mcp/handlers/tools.go:525.33,527.5 1 0
hyperion-coordinator-mcp/handlers/tools.go:531.2,532.54 2 0
hyperion-coordinator-mcp/handlers/tools.go:532.54,534.3 1 0
hyperion-coordinator-mcp/handlers/tools.go:536.2,537.16 2 0
hyperion-coordinator-mcp/handlers/tools.go:537.16,539.3 1 0
hyperion-coordinator-mcp/handlers/tools.go:541.2,544.31 2 0
hyperion-coordinator-mcp/handlers/tools.go:544.31,546.3 1 0
hyperion-coordinator-mcp/handlers/tools.go:547.2,547.33 1 0
hyperion-coordinator-mcp/handlers/tools.go:547.33,549.3 1 0
hyperion-coordinator-mcp/handlers/tools.go:550.2,550.37 1 0
hyperion-coordinator-mcp/handlers/tools.go:550.37,552.3 1 0
hyperion-coordinator-mcp/handlers/tools.go:554.2,555.34 2 0
hyperion-coordinator-mcp/handlers/tools.go:555.34,557.26 2 0
hyperion-coordinator-mcp/handlers/tools.go:557.26,559.4 1 0
hyperion-coordinator-mcp/handlers/tools.go:560.3,560.30 1 0
hyperion-coordinator-mcp/handlers/tools.go:560.30,562.4 1 0
hyperion-coordinator-mcp/handlers/tools.go:563.3,564.29 2 0
hyperion-coordinator-mcp/handlers/tools.go:564.29,566.4 1 0
hyperion-coordinator-mcp/handlers/tools.go:569.2,573.14 1 0
hyperion-coordinator-mcp/handlers/tools.go:577.138,579.25 2 0
hyperion-coordinator-mcp/handlers/tools.go:579.25,581.3 1 0
hyperion-coordinator-mcp/handlers/tools.go:583.2,584.28 2 0
hyperion-coordinator-mcp/handlers/tools.go:584.28,586.3 1 0
hyperion-coordinator-mcp/handlers/tools.go:588.2,591.41 3 0
hyperion-coordinator-mcp/handlers/tools.go:591.41,593.3 1 0
hyperion-coordinator-mcp/handlers/tools.go:595.2,596.16 2 0
hyperion-coordinator-mcp/handlers/tools.go:596.16,598.3 1 0
hyperion-coordinator-mcp/handlers/tools.go:600.2,601.17 2 0
hyperion-coordinator-mcp/handlers/tools.go:601.17,603.3 1 0
hyperion-coordinator-mcp/handlers/tools.go:605.2,613.8 1 0
hyperion-coordinator-mcp/handlers/tools.go:617.74,646.104 2 0
hyperion-coordinator-mcp/handlers/tools.go:646.104,648.17 2 0
hyperion-coordinator-mcp/handlers/tools.go:648.17,650.4 1 0
hyperion-coordinator-mcp/handlers/tools.go:651.3,652.21 2 0
hyperion-coordinator-mcp/handlers/tools.go:655.2,655.12 1 0
hyperion-coordinator-mcp/handlers/tools.go:659.138,661.30 2 0
hyperion-coordinator-mcp/handlers/tools.go:661.30,663.3 1 0
hyperion-coordinator-mcp/handlers/tools.go:665.2,666.25 2 0
hyperion-coordinator-mcp/handlers/tools.go:666.25,668.3 1 0
hyperion-coordinator-mcp/handlers/tools.go:670.2,671.28 2 0
hyperion-coordinator-mcp/handlers/tools.go:671.28,673.3 1 0
hyperion-coordinator-mcp/handlers/tools.go:675.2,678.41 3 0
hyperion-coordinator-mcp/handlers/tools.go:678.41,680.3 1 0
hyperion-coordinator-mcp/handlers/tools.go:682.2,683.16 2 0
hyperion-coordinator-mcp/handlers/tools.go:683.16,685.3 1 0
hyperion-coordinator-mcp/handlers/tools.go:687.2,688.17 2 0
hyperion-coordinator-mcp/handlers/tools.go:688.17,690.3 1 0
hyperion-coordinator-mcp/handlers/tools.go:692.2,701.8 1 0
hyperion-coordinator-mcp/handlers/tools.go:705.72,715.104 2 0
hyperion-coordinator-mcp/handlers/tools.go:715.104,718.3 2 0
hyperion-coordinator-mcp/handlers/tools.go:720.2,720.12 1 0
hyperion-coordinator-mcp/handlers/tools.go:724.72,743.104 2 0
hyperion-coordinator-mcp/handlers/tools.go:743.104,745.17 2 0
hyperion-coordinator-mcp/handlers/tools.go:745.17,747.4 1 0
hyperion-coordinator-mcp/handlers/tools.go:748.3,749.21 2 0
hyperion-coordinator-mcp/handlers/tools.go:752.2,752.12 1 0
hyperion-coordinator-mcp/handlers/tools.go:756.118,760.16 3 0
hyperion-coordinator-mcp/handlers/tools.go:760.16,762.3 1 0
hyperion-coordinator-mcp/handlers/tools.go:764.2,773.8 2 0
hyperion-coordinator-mcp/handlers/tools.go:777.147,785.32 5 0
hyperion-coordinator-mcp/handlers/tools.go:785.32,786.59 1 0
hyperion-coordinator-mcp/handlers/tools.go:786.59,787.12 1 0
hyperion-coordinator-mcp/handlers/tools.go:789.3,789.53 1 0
hyperion-coordinator-mcp/handlers/tools.go:789.53,790.12 1 0
hyperion-coordinator-mcp/handlers/tools.go:792.3,792.46 1 0
hyperion-coordinator-mcp/handlers/tools.go:795.2,796.16 2 0
hyperion-coordinator-mcp/handlers/tools.go:796.16,798.3 1 0
hyperion-coordinator-mcp/handlers/tools.go:800.2,801.23 2 0
hyperion-coordinator-mcp/handlers/tools.go:801.23,803.3 1 0
hyperion-coordinator-mcp/handlers/tools.go:804.2,804.21 1 0
hyperion-coordinator-mcp/handlers/tools.go:804.21,806.3 1 0
hyperion-coordinator-mcp/handlers/tools.go:807.2,816.8 2 0
hyperion-coordinator-mcp/handlers/tools.go:820.98,821.67 1 0
hyperion-coordinator-mcp/handlers/tools.go:821.67,823.3 1 0
hyperion-coordinator-mcp/handlers/tools.go:826.2,827.70 2 0
hyperion-coordinator-mcp/handlers/tools.go:827.70,829.3 1 0
hyperion-coordinator-mcp/handlers/tools.go:831.2,831.20 1 0
hyperion-coordinator-mcp/handlers/tools.go:835.60,842.2 1 0
hyperion-coordinator-mcp/handlers/tools.go:845.72,861.104 2 0
hyperion-coordinator-mcp/handlers/tools.go:861.104,863.17 2 0
hyperion-coordinator-mcp/handlers/tools.go:863.17,865.4 1 0
hyperion-coordinator-mcp/handlers/tools.go:867.3,868.21 2 0
hyperion-coordinator-mcp/handlers/tools.go:871.2,871.12 1 0
hyperion-coordinator-mcp/handlers/tools.go:875.147,878.21 2 0
hyperion-coordinator-mcp/handlers/tools.go:878.21,880.3 1 0
hyperion-coordinator-mcp/handlers/tools.go:883.2,884.16 2 0
hyperion-coordinator-mcp/handlers/tools.go:884.16,886.3 1 0
hyperion-coordinator-mcp/handlers/tools.go:889.2,901.8 2 0
hyperion-coordinator-mcp/handlers/tools.go:905.76,925.104 2 0
hyperion-coordinator-mcp/handlers/tools.go:925.104,927.17 2 0
hyperion-coordinator-mcp/handlers/tools.go:927.17,929.4 1 0
hyperion-coordinator-mcp/handlers/tools.go:930.3,931.21 2 0
hyperion-coordinator-mcp/handlers/tools.go:934.2,934.12 1 0
hyperion-coordinator-mcp/handlers/tools.go:938.79,958.104 2 0
hyperion-coordinator-mcp/handlers/tools.go:958.104,960.17 2 0
hyperion-coordinator-mcp/handlers/tools.go:960.17,962.4 1 0
hyperion-coordinator-mcp/handlers/tools.go:963.3,964.21 2 0
hyperion-coordinator-mcp/handlers/tools.go:967.2,967.12 1 0
hyperion-coordinator-mcp/handlers/tools.go:971.78,987.104 2 0
hyperion-coordinator-mcp/handlers/tools.go:987.104,989.17 2 0
hyperion-coordinator-mcp/handlers/tools.go:989.17,991.4 1 0
hyperion-coordinator-mcp/handlers/tools.go:992.3,993.21 2 0
hyperion-coordinator-mcp/handlers/tools.go:996.2,996.12 1 0
hyperion-coordinator-mcp/handlers/tools.go:1000.76,1024.104 2 0
hyperion-coordinator-mcp/handlers/tools.go:1024.104,1026.17 2 0
hyperion-coordinator-mcp/handlers/tools.go:1026.17,1028.4 1 0
hyperion-coordinator-mcp/handlers/tools.go:1029.3,1030.21 2 0
hyperion-coordinator-mcp/handlers/tools.go:1033.2,1033.12 1 0
hyperion-coordinator-mcp/handlers/tools.go:1037.79,1061.104 2 0
hyperion-coordinator-mcp/handlers/tools.go:1061.104,1063.17 2 0
hyperion-coordinator-mcp/handlers/tools.go:1063.17,1065.4 1 0
hyperion-coordinator-mcp/handlers/tools.go:1066.3,1067.21 2 0
hyperion-coordinator-mcp/handlers/tools.go:1070.2,1070.12 1 0
hyperion-coordinator-mcp/handlers/tools.go:1074.78,1094.104 2 0
hyperion-coordinator-mcp/handlers/tools.go:1094.104,1096.17 2 0
hyperion-coordinator-mcp/handlers/tools.go:1096.17,1098.4 1 0
hyperion-coordinator-mcp/handlers/tools.go:1099.3,1100.21 2 0
hyperion-coordinator-mcp/handlers/tools.go:1103.2,1103.12 1 0
hyperion-coordinator-mcp/handlers/tools.go:1107.140,1109.30 2 0
hyperion-coordinator-mcp/handlers/tools.go:1109.30,1111.3 1 0
hyperion-coordinator-mcp/handlers/tools.go:1113.2,1114.30 2 0
hyperion-coordinator-mcp/handlers/tools.go:1114.30,1116.3 1 0
hyperion-coordinator-mcp/handlers/tools.go:1119.2,1120.16 2 0
hyperion-coordinator-mcp/handlers/tools.go:1120.16,1122.3 1 0
hyperion-coordinator-mcp/handlers/tools.go:1125.2,1126.16 2 0
hyperion-coordinator-mcp/handlers/tools.go:1126.16,1128.3 1 0
hyperion-coordinator-mcp/handlers/tools.go:1130.2,1136.13 1 0
hyperion-coordinator-mcp/handlers/tools.go:1140.143,1142.30 2 0
hyperion-coordinator-mcp/handlers/tools.go:1142.30,1144.3 1 0
hyperion-coordinator-mcp/handlers/tools.go:1146.2,1147.30 2 0
hyperion-coordinator-mcp/handlers/tools.go:1147.30,1149.3 1 0
hyperion-coordinator-mcp/handlers/tools.go:1152.2,1153.16 2 0
hyperion-coordinator-mcp/handlers/tools.go:1153.16,1155.3 1 0
hyperion-coordinator-mcp/handlers/tools.go:1158.2,1159.16 2 0
hyperion-coordinator-mcp/handlers/tools.go:1159.16,1161.3 1 0
hyperion-coordinator-mcp/handlers/tools.go:1163.2,1169.13 1 0
hyperion-coordinator-mcp/handlers/tools.go:1173.142,1175.30 2 0
hyperion-coordinator-mcp/handlers/tools.go:1175.30,1177.3 1 0
hyperion-coordinator-mcp/handlers/tools.go:1180.2,1181.16 2 0
hyperion-coordinator-mcp/handlers/tools.go:1181.16,1183.3 1 0
hyperion-coordinator-mcp/handlers/tools.go:1185.2,1191.13 1 0
hyperion-coordinator-mcp/handlers/tools.go:1195.140,1197.30 2 0
hyperion-coordinator-mcp/handlers/tools.go:1197.30,1199.3 1 0
hyperion-coordinator-mcp/handlers/tools.go:1201.2,1202.25 2 0
hyperion-coordinator-mcp/handlers/tools.go:1202.25,1204.3 1 0
hyperion-coordinator-mcp/handlers/tools.go:1206.2,1207.30 2 0
hyperion-coordinator-mcp/handlers/tools.go:1207.30,1209.3 1 0
hyperion-coordinator-mcp/handlers/tools.go:1212.2,1213.16 2 0
hyperion-coordinator-mcp/handlers/tools.go:1213.16,1215.3 1 0
hyperion-coordinator-mcp/handlers/tools.go:1218.2,1219.16 2 0
hyperion-coordinator-mcp/handlers/tools.go:1219.16,1221.3 1 0
hyperion-coordinator-mcp/handlers/tools.go:1223.2,1229.13 1 0
hyperion-coordinator-mcp/handlers/tools.go:1233.143,1235.30 2 0
hyperion-coordinator-mcp/handlers/tools.go:1235.30,1237.3 1 0
hyperion-coordinator-mcp/handlers/tools.go:1239.2,1240.25 2 0
hyperion-coordinator-mcp/handlers/tools.go:1240.25,1242.3 1 0
hyperion-coordinator-mcp/handlers/tools.go:1244.2,1245.30 2 0
hyperion-coordinator-mcp/handlers/tools.go:1245.30,1247.3 1 0
hyperion-coordinator-mcp/handlers/tools.go:1250.2,1251.16 2 0
hyperion-coordinator-mcp/handlers/tools.go:1251.16,1253.3 1 0
hyperion-coordinator-mcp/handlers/tools.go:1256.2,1257.16 2 0
hyperion-coordinator-mcp/handlers/tools.go:1257.16,1259.3 1 0
hyperion-coordinator-mcp/handlers/tools.go:1261.2,1267.13 1 0
hyperion-coordinator-mcp/handlers/tools.go:1271.142,1273.30 2 0
hyperion-coordinator-mcp/handlers/tools.go:1273.30,1275.3 1 0
hyperion-coordinator-mcp/handlers/tools.go:1277.2,1278.25 2 0
hyperion-coordinator-mcp/handlers/tools.go:1278.25,1280.3 1 0
hyperion-coordinator-mcp/handlers/tools.go:1283.2,1284.16 2 0
hyperion-coordinator-mcp/handlers/tools.go:1284.16,1286.3 1 0
hyperion-coordinator-mcp/handlers/tools.go:1288.2,1294.13 1 0
